cated                                   8 8.00 kb
2025-06-16 15:39:00.96 spid9s       MSR-40
CACHESTORE_STACKFRAMES (Total)                   KB
---------------------------------------- ----------
VM Reserved                                       0 0.00 bytes
VM Committed                                      0 0.00 bytes
Locked Pages Allocated                            0 0.00 bytes
SM Reserved                                       0 0.00 bytes
SM Committed                                      0 0.00 bytes
Pages Allocated                                  16 16.00 kb
2025-06-16 15:39:00.96 spid9s       MSR-40
CACHESTORE_OBJCP (node 0)                        KB
---------------------------------------- ----------
VM Reserved                                       0 0.00 bytes
VM Committed                                      0 0.00 bytes
Locked Pages Allocated                            0 0.00 bytes
SM Reserved                                       0 0.00 bytes
SM Committed                                      0 0.00 bytes
Pages Allocated                                   8 8.00 kb
2025-06-16 15:39:00.97 spid9s       MSR-40
CACHESTORE_SQLCP (node 0)                        KB
---------------------------------------- ----------
VM Reserved                                       0 0.00 bytes
VM Committed                                      0 0.00 bytes
Locked Pages Allocated                            0 0.00 bytes
SM Reserved                                       0 0.00 bytes
SM Committed                                      0 0.00 bytes
Pages Allocated                                1712 1.67 mb
2025-06-16 15:39:00.97 spid9s       MSR-40
CACHESTORE_PHDR (node 0)                         KB
---------------------------------------- ----------
VM Reserved                                       0 0.00 bytes
VM Committed                                      0 0.00 bytes
Locked Pages Allocated                            0 0.00 bytes
SM Reserved                                       0 0.00 bytes
SM Committed                                      0 0.00 bytes
Pages Allocated                                   8 8.00 kb
2025-06-16 15:39:00.98 spid9s       MSR-40
CACHESTORE_XPROC (node 0)                        KB
---------------------------------------- ----------
VM Reserved                                       0 0.00 bytes
VM Committed                                      0 0.00 bytes
Locked Pages Allocated                            0 0.00 bytes
SM Reserved                                       0 0.00 bytes
SM Committed                                      0 0.00 bytes
Pages Allocated                                  16 16.00 kb
2025-06-16 15:39:00.98 spid9s       MSR-40
CACHESTORE_TEMPTABLES (node 0)                   KB
---------------------------------------- ----------
VM Reserved                                       0 0.00 bytes
VM Committed                                      0 0.00 bytes
Locked Pages Allocated                            0 0.00 bytes
SM Reserved                                       0 0.00 bytes
SM Committed                                      0 0.00 bytes
Pages Allocated                                 104 104.00 kb
2025-06-16 15:39:00.99 spid9s       MSR-40
CACHESTORE_NOTIF (node 0)                        KB
---------------------------------------- ----------
VM Reserved                                       0 0.00 bytes
VM Committed                                      0 0.00 bytes
Locked Pages Allocated                            0 0.00 bytes
SM Reserved                                       0 0.00 bytes
SM Committed                                      0 0.00 bytes
Pages Allocated                                  16 16.00 kb
2025-06-16 15:39:00.99 spid9s       MSR-40
CACHESTORE_VIEWDEFINITIONS (node 0)              KB
---------------------------------------- ----------
VM Reserved                                       0 0.00 bytes
VM Committed                                      0 0.00 bytes
Locked Pages Allocated                            0 0.00 bytes
SM Reserved                                       0 0.00 bytes
SM Committed                                      0 0.00 bytes
Pages Allocated                                  16 16.00 kb
2025-06-16 15:39:00.99 spid9s       MSR-40
CACHESTORE_XMLDBTYPE (node 0)                    KB
---------------------------------------- ----------
VM Reserved                                       0 0.00 bytes
VM Committed                                      0 0.00 bytes
Locked Pages Allocated                            0 0.00 bytes
SM Reserved                                       0 0.00 bytes
SM Committed                                      0 0.00 bytes
Pages Allocated                                   8 8.00 kb
2025-06-16 15:39:01.00 spid9s       MSR-40
CACHESTORE_XMLDBELEMENT (node 0)                 KB
---------------------------------------- ----------
VM Reserved                                       0 0.00 bytes
VM Committed                                      0 0.00 bytes
Locked Pages Allocated                            0 0.00 bytes
SM Reserved                                       0 0.00 bytes
SM Committed                                      0 0.00 bytes
Pages Allocated                                   8 8.00 kb
2025-06-16 15:39:01.00 spid9s       MSR-40
CACHESTORE_XMLDBATTRIBUTE (node 0)               KB
---------------------------------------- ----------
VM Reserved                                       0 0.00 bytes
VM Committed                                      0 0.00 bytes
Locked Pages Allocated                            0 0.00 bytes
SM Reserved                                       0 0.00 bytes
SM Committed                                      0 0.00 bytes
Pages Allocated                                   8 8.00 kb
2025-06-16 15:39:01.01 spid9s       MSR-40
CACHESTORE_BROKERTBLACS (node 0)                 KB
---------------------------------------- ----------
VM Reserved                                       0 0.00 bytes
VM Committed                                      0 0.00 bytes
Locked Pages Allocated                            0 0.00 bytes
SM Reserved                                       0 0.00 bytes
SM Committed                                      0 0.00 bytes
Pages Allocated                                  40 40.00 kb
2025-06-16 15:39:01.01 spid9s       MSR-40
CACHESTORE_BROKERKEK (node 0)                    KB
---------------------------------------- ----------
VM Reserved                                       0 0.00 bytes
VM Committed                                      0 0.00 bytes
Locked Pages Allocated                            0 0.00 bytes
SM Reserved                                       0 0.00 bytes
SM Committed                                      0 0.00 bytes
Pages Allocated                                   8 8.00 kb
2025-06-16 15:39:01.01 spid9s       MSR-40
CACHESTORE_BROKERDSH (node 0)                    KB
---------------------------------------- ----------
VM Reserved                                       0 0.00 bytes
VM Committed                                      0 0.00 bytes
Locked Pages Allocated                            0 0.00 bytes
SM Reserved                                       0 0.00 bytes
SM Committed                                      0 0.00 bytes
Pages Allocated                                   8 8.00 kb
2025-06-16 15:39:01.02 spid9s       MSR-40
CACHESTORE_BROKERUSERCERTLOOKUP (node 0)         KB
---------------------------------------- ----------
VM Reserved                                       0 0.00 bytes
VM Committed                                      0 0.00 bytes
Locked Pages Allocated                            0 0.00 bytes
SM Reserved                                       0 0.00 bytes
SM Committed                                      0 0.00 bytes
Pages Allocated                                   8 8.00 kb
2025-06-16 15:39:01.02 spid9s       MSR-40
CACHESTORE_BROKERRSB (node 0)                    KB
---------------------------------------- ----------
VM Reserved                                       0 0.00 bytes
VM Committed                                      0 0.00 bytes
Locked Pages Allocated                            0 0.00 bytes
SM Reserved                                       0 0.00 bytes
SM Committed                                      0 0.00 bytes
Pages Allocated                                   8 8.00 kb
2025-06-16 15:39:01.03 spid9s       MSR-40
CACHESTORE_BROKERREADONLY (node 0)               KB
---------------------------------------- ----------
VM Reserved                                       0 0.00 bytes
VM Committed                                      0 0.00 bytes
Locked Pages Allocated                            0 0.00 bytes
SM Reserved                                       0 0.00 bytes
SM Committed                                      0 0.00 bytes
Pages Allocated                                  32 32.00 kb
2025-06-16 15:39:01.03 spid9s       MSR-40
CACHESTORE_BROKERTO (node 0)                     KB
---------------------------------------- ----------
VM Reserved                                       0 0.00 bytes
VM Committed                                      0 0.00 bytes
Locked Pages Allocated                            0 0.00 bytes
SM Reserved                                       0 0.00 bytes
SM Committed                                      0 0.00 bytes
Pages Allocated                                   8 8.00 kb
2025-06-16 15:39:01.03 spid9s       MSR-40
CACHESTORE_EVENTS (node 0)                       KB
---------------------------------------- ----------
VM Reserved                                       0 0.00 bytes
VM Committed                                      0 0.00 bytes
Locked Pages Allocated                            0 0.00 bytes
SM Reserved                                       0 0.00 bytes
SM Committed                                      0 0.00 bytes
Pages Allocated                                  16 16.00 kb
2025-06-16 15:39:01.04 spid9s       MSR-40
CACHESTORE_SEHOBTCOLUMNATTRIBUTE (node 0)         KB
---------------------------------------- ----------
VM Reserved                                       0 0.00 bytes
VM Committed                                      0 0.00 bytes
Locked Pages Allocated                            0 0.00 bytes
SM Reserved                                       0 0.00 bytes
SM Committed                                      0 0.00 bytes
Pages Allocated                                 168 168.00 kb
2025-06-16 15:39:01.04 spid9s       MSR-40
CACHESTORE_SYSTEMROWSET (node 0)                 KB
---------------------------------------- ----------
VM Reserved                                       0 0.00 bytes
VM Committed                                      0 0.00 bytes
Locked Pages Allocated                            0 0.00 bytes
SM Reserved                                       0 0.00 bytes
SM Committed                                      0 0.00 bytes
Pages Allocated                                 800 800.00 kb
2025-06-16 15:39:01.05 spid9s       MSR-40
CACHESTORE_CONVPRI (node 0)                      KB
---------------------------------------- ----------
VM Reserved                                       0 0.00 bytes
VM Committed                                      0 0.00 bytes
Locked Pages Allocated                            0 0.00 bytes
SM Reserved                                       0 0.00 bytes
SM Committed                                      0 0.00 bytes
Pages Allocated                                  32 32.00 kb
2025-06-16 15:39:01.05 spid9s       MSR-40
CACHESTORE_FULLTEXTSTOPLIST (node 0)             KB
---------------------------------------- ----------
VM Reserved                                       0 0.00 bytes
VM Committed                                      0 0.00 bytes
Locked Pages Allocated                            0 0.00 bytes
SM Reserved                                       0 0.00 bytes
SM Committed                                      0 0.00 bytes
Pages Allocated                                  32 32.00 kb
2025-06-16 15:39:01.05 spid9s       MSR-40
CACHESTORE_SEARCHPROPERTYLIST (node 0)           KB
---------------------------------------- ----------
VM Reserved                                       0 0.00 bytes
VM Committed                                      0 0.00 bytes
Locked Pages Allocated                            0 0.00 bytes
SM Reserved                                       0 0.00 bytes
SM Committed                                      0 0.00 bytes
Pages Allocated                                  16 16.00 kb
2025-06-16 15:39:01.06 spid9s       MSR-40
CACHESTORE_COLUMNSTOREOBJECTPOOL (node 0)         KB
---------------------------------------- ----------
VM Reserved                                       0 0.00 bytes
VM Committed                                      0 0.00 bytes
Locked Pages Allocated                            0 0.00 bytes
SM Reserved                                       0 0.00 bytes
SM Committed                                      0 0.00 bytes
Pages Allocated                                  96 96.00 kb
2025-06-16 15:39:01.06 spid9s       MSR-40
CACHESTORE_QDSCONTEXTSETTINGS (node 0)           KB
---------------------------------------- ----------
VM Reserved                                       0 0.00 bytes
VM Committed                                      0 0.00 bytes
Locked Pages Allocated                            0 0.00 bytes
SM Reserved                                       0 0.00 bytes
SM Committed                                      0 0.00 bytes
Pages Allocated                                  16 16.00 kb
2025-06-16 15:39:01.07 spid9s       MSR-40
CACHESTORE_QDSRUNTIMESTATS (node 0)              KB
---------------------------------------- ----------
VM Reserved                                       0 0.00 bytes
VM Committed                                      0 0.00 bytes
Locked Pages Allocated                            0 0.00 bytes
SM Reserved                                       0 0.00 bytes
SM Committed                                      0 0.00 bytes
Pages Allocated                                  16 16.00 kb
2025-06-16 15:39:01.07 spid9s       MSR-40
CACHESTORE_XML_SELECTIVE_DG (node 0)             KB
---------------------------------------- ----------
VM Reserved                                       0 0.00 bytes
VM Committed                                      0 0.00 bytes
Locked Pages Allocated                            0 0.00 bytes
SM Reserved                                       0 0.00 bytes
SM Committed                                      0 0.00 bytes
Pages Allocated                                   8 8.00 kb
2025-06-16 15:39:01.08 spid9s       MSR-40
CACHESTORE_XSTORE_AADTOKEN (node 0)              KB
---------------------------------------- ----------
VM Reserved                                       0 0.00 bytes
VM Committed                                      0 0.00 bytes
Locked Pages Allocated                            0 0.00 bytes
SM Reserved                                       0 0.00 bytes
SM Committed                                      0 0.00 bytes
Pages Allocated                                 544 544.00 kb
2025-06-16 15:39:01.08 spid9s       MSR-40
CACHESTORE_S3_TEMP_CREDENTIAL (node 0)           KB
---------------------------------------- ----------
VM Reserved                                       0 0.00 bytes
VM Committed                                      0 0.00 bytes
Locked Pages Allocated                            0 0.00 bytes
SM Reserved                                       0 0.00 bytes
SM Committed                                      0 0.00 bytes
Pages Allocated                                  24 24.00 kb
2025-06-16 15:39:01.08 spid9s       MSR-40
USERSTORE_SCHEMAMGR (node 0)                     KB
---------------------------------------- ----------
VM Reserved                                       0 0.00 bytes
VM Committed                                      0 0.00 bytes
Locked Pages Allocated                            0 0.00 bytes
SM Reserved                                       0 0.00 bytes
SM Committed                                      0 0.00 bytes
Pages Allocated                                3544 3.46 mb
2025-06-16 15:39:01.09 spid9s       MSR-40
USERSTORE_DBMETADATA (node 0)                    KB
---------------------------------------- ----------
VM Reserved                                       0 0.00 bytes
VM Committed                                      0 0.00 bytes
Locked Pages Allocated                            0 0.00 bytes
SM Reserved                                       0 0.00 bytes
SM Committed                                      0 0.00 bytes
Pages Allocated                                 128 128.00 kb
2025-06-16 15:39:01.09 spid9s       MSR-40
USERSTORE_TOKENPERM (node 0)                     KB
---------------------------------------- ----------
VM Reserved                                       0 0.00 bytes
VM Committed                                      0 0.00 bytes
Locked Pages Allocated                            0 0.00 bytes
SM Reserved                                       0 0.00 bytes
SM Committed                                      0 0.00 bytes
Pages Allocated                                1120 1.09 mb
2025-06-16 15:39:01.10 spid9s       MSR-40
USERSTORE_OBJPERM (node 0)                       KB
---------------------------------------- ----------
VM Reserved                                       0 0.00 bytes
VM Committed                                      0 0.00 bytes
Locked Pages Allocated                            0 0.00 bytes
SM Reserved                                       0 0.00 bytes
SM Committed                                      0 0.00 bytes
Pages Allocated                                 912 912.00 kb
2025-06-16 15:39:01.10 spid9s       MSR-40
USERSTORE_SXC (node 0)                           KB
---------------------------------------- ----------
VM Reserved                                       0 0.00 bytes
VM Committed                                      0 0.00 bytes
Locked Pages Allocated                            0 0.00 bytes
SM Reserved                                       0 0.00 bytes
SM Committed                                      0 0.00 bytes
Pages Allocated                                   8 8.00 kb
2025-06-16 15:39:01.11 spid9s       MSR-40
USERSTORE_SXC (node 64)                          KB
---------------------------------------- ----------
VM Reserved                                       0 0.00 bytes
VM Committed                                      0 0.00 bytes
Locked Pages Allocated                            0 0.00 bytes
SM Reserved                                       0 0.00 bytes
SM Committed                                      0 0.00 bytes
Pages Allocated                                   8 8.00 kb
2025-06-16 15:39:01.11 spid9s       MSR-40
USERSTORE_SXC (Total)                            KB
---------------------------------------- ----------
VM Reserved                                       0 0.00 bytes
VM Committed                                      0 0.00 bytes
Locked Pages Allocated                            0 0.00 bytes
SM Reserved                                       0 0.00 bytes
SM Committed                                      0 0.00 bytes
Pages Allocated                                  16 16.00 kb
2025-06-16 15:39:01.11 spid9s       MSR-40
USERSTORE_QDSSTMT (node 0)                       KB
---------------------------------------- ----------
VM Reserved                                       0 0.00 bytes
VM Committed                                      0 0.00 bytes
Locked Pages Allocated                            0 0.00 bytes
SM Reserved                                       0 0.00 bytes
SM Committed                                      0 0.00 bytes
Pages Allocated                                  48 48.00 kb
2025-06-16 15:39:01.12 spid9s       MSR-40
OBJECTSTORE_SOSTASK (node 0)                     KB
---------------------------------------- ----------
VM Reserved                                       0 0.00 bytes
VM Committed                                      0 0.00 bytes
Locked Pages Allocated                            0 0.00 bytes
SM Reserved                                       0 0.00 bytes
SM Committed                                      0 0.00 bytes
Pages Allocated                                 248 248.00 kb
2025-06-16 15:39:01.12 spid9s       MSR-40
OBJECTSTORE_LBSS (node 0)                        KB
---------------------------------------- ----------
VM Reserved                                       0 0.00 bytes
VM Committed                                      0 0.00 bytes
Locked Pages Allocated                            0 0.00 bytes
SM Reserved                                       0 0.00 bytes
SM Committed                                      0 0.00 bytes
Pages Allocated                                 128 128.00 kb
2025-06-16 15:39:01.13 spid9s       MSR-40
OBJECTSTORE_SNI_PACKET (node 0)                  KB
---------------------------------------- ----------
VM Reserved                                       0 0.00 bytes
VM Committed                                      0 0.00 bytes
Locked Pages Allocated                            0 0.00 bytes
SM Reserved                                       0 0.00 bytes
SM Committed                                      0 0.00 bytes
Pages Allocated                                  80 80.00 kb
2025-06-16 15:39:01.13 spid9s       MSR-40
OBJECTSTORE_SNI_PACKET (node 64)                 KB
---------------------------------------- ----------
VM Reserved                                       0 0.00 bytes
VM Committed                                      0 0.00 bytes
Locked Pages Allocated                            0 0.00 bytes
SM Reserved                                       0 0.00 bytes
SM Committed                                      0 0.00 bytes
Pages Allocated                                  64 64.00 kb
2025-06-16 15:39:01.14 spid9s       MSR-40
OBJECTSTORE_SNI_PACKET (Total)                   KB
---------------------------------------- ----------
VM Reserved                                       0 0.00 bytes
VM Committed                                      0 0.00 bytes
Locked Pages Allocated                            0 0.00 bytes
SM Reserved                                       0 0.00 bytes
SM Committed                                      0 0.00 bytes
Pages Allocated                                 144 144.00 kb
2025-06-16 15:39:01.14 spid9s       MSR-40
OBJECTSTORE_SERVICE_BROKER (node 0)              KB
---------------------------------------- ----------
VM Reserved                                       0 0.00 bytes
VM Committed                                      0 0.00 bytes
Locked Pages Allocated                            0 0.00 bytes
SM Reserved                                       0 0.00 bytes
SM Committed                                      0 0.00 bytes
Pages Allocated                                 656 656.00 kb
2025-06-16 15:39:01.15 spid9s       MSR-40
OBJECTSTORE_LOCK_MANAGER (node 0)                KB
---------------------------------------- ----------
VM Reserved                                    2048 2.00 mb
VM Committed                                   2048 2.00 mb
Locked Pages Allocated                            0 0.00 bytes
SM Reserved                                       0 0.00 bytes
SM Committed                                      0 0.00 bytes
Pages Allocated                                 744 744.00 kb
2025-06-16 15:39:01.15 spid9s       MSR-40
OBJECTSTORE_LOCK_MANAGER (node 64)               KB
---------------------------------------- ----------
VM Reserved                                       0 0.00 bytes
VM Committed                                      0 0.00 bytes
Locked Pages Allocated                            0 0.00 bytes
SM Reserved                                       0 0.00 bytes
SM Committed                                      0 0.00 bytes
Pages Allocated                                  24 24.00 kb
2025-06-16 15:39:01.15 spid9s       MSR-40
OBJECTSTORE_LOCK_MANAGER (Total)                 KB
---------------------------------------- ----------
VM Reserved                                    2048 2.00 mb
VM Committed                                   2048 2.00 mb
Locked Pages Allocated                            0 0.00 bytes
SM Reserved                                       0 0.00 bytes
SM Committed                                      0 0.00 bytes
Pages Allocated                                 768 768.00 kb
2025-06-16 15:39:01.16 spid9s       MSR-40
OBJECTSTORE_SECAUDIT_EVENT_BUFFER (node 0)         KB
---------------------------------------- ----------
VM Reserved                                       0 0.00 bytes
VM Committed                                      0 0.00 bytes
Locked Pages Allocated                            0 0.00 bytes
SM Reserved                                       0 0.00 bytes
SM Committed                                      0 0.00 bytes
Pages Allocated                                  16 16.00 kb
2025-06-16 15:39:01.16 spid9s       MSR-40
OBJECTSTORE_XACT_CACHE (node 0)                  KB
---------------------------------------- ----------
VM Reserved                                       0 0.00 bytes
VM Committed                                      0 0.00 bytes
Locked Pages Allocated                            0 0.00 bytes
SM Reserved                                       0 0.00 bytes
SM Committed                                      0 0.00 bytes
Pages Allocated                                 208 208.00 kb
2025-06-16 15:39:01.17 spid9s       MSR-40
Buffer Pool                                   Pages
---------------------------------------- ----------
Database                                          7 56.00 kb
Simulated                                         0 0.00 bytes
Target                                       196608 1.50 gb
Dirty                                             0 0.00 bytes
In IO                                             0 0.00 bytes
Latched                                           2 16.00 kb
IO error                                          0 0.00 bytes
In Internal Pool                                  0 
Page Life Expectancy                             65 
2025-06-16 15:39:01.18 spid9s       MSR-40
Buffer Pool Current Clock Stats               Count
---------------------------------------- ----------
Never Used                                       66 528.00 kb
Stolen or Free                                  274 2.14 mb
Above Cutoff (HOT)                                0 0.00 bytes
Not on LRU                                        0 0.00 bytes
Single Use                                        0 0.00 bytes
Long IO Queue                                     0 0.00 bytes
In IO                                             0 0.00 bytes
In Allocation                                     0 0.00 bytes
Preemptive                                        0 0.00 bytes
Skip Pool                                         0 0.00 bytes
Moved to L2                                       0 0.00 bytes
Evicted                                           1 8.00 kb
Evicted Mapped                                    0 0.00 bytes
2025-06-16 15:39:01.19 spid9s       MSR-40
Buffer Pool Previous Clock Stats              Count
---------------------------------------- ----------
Never Used                                     1671 13.05 mb
Stolen or Free                                 5165 40.35 mb
Above Cutoff (HOT)                                0 0.00 bytes
Not on LRU                                        0 0.00 bytes
Single Use                                        0 0.00 bytes
Long IO Queue                                     0 0.00 bytes
In IO                                             0 0.00 bytes
In Allocation                                     0 0.00 bytes
Preemptive                                        0 0.00 bytes
Skip Pool                                         0 0.00 bytes
Moved to L2                                       0 0.00 bytes
Evicted                                           5 40.00 kb
Evicted Mapped                                    0 0.00 bytes
2025-06-16 15:39:01.19 spid9s       MSR-40
Procedure Cache                               Value
---------------------------------------- ----------
TotalProcs                                        0 
TotalPages                                      218 1.70 mb
InUsePages                                        0 0.00 bytes
2025-06-16 15:39:01.20 spid9s       MSR-40
Global Memory Objects                         Pages
---------------------------------------- ----------
Resource                                        585 4.57 mb
Locks                                            96 768.00 kb
XDES                                             48 384.00 kb
DirtyPageTracking                                66 528.00 kb
SETLS                                            12 96.00 kb
SubpDesc Allocators                              12 96.00 kb
SE SchemaManager                                168 1.31 mb
SE Column Metadata Cache                        262 2.05 mb
SE Column Metadata Cache Store                    3 24.00 kb
SE Column Store Metadata Cache                   12 96.00 kb
SQLCache                                        202 1.58 mb
Replication                                       2 16.00 kb
ServerGlobal                                    155 1.21 mb
XP Global                                         2 16.00 kb
SortTables                                        3 24.00 kb
2025-06-16 15:39:01.21 spid9s       MSR-40
Query Memory Objects (internal)               Value
---------------------------------------- ----------
Grants                                            0 
Waiting                                           0 
Available                                       480 3.75 kb
Current Max                                     480 3.75 kb
Future Max                                      480 3.75 kb
Physical Max                                  15495 121.05 kb
Next Request                                      0 0.00 bytes
Waiting For                                       0 0.00 bytes
Cost                                              0 
Timeout                                           0 0.00 secs
Wait Time                                         0 0.00 secs
2025-06-16 15:39:01.21 spid9s       MSR-40
Small Query Memory Objects (internal)         Value
---------------------------------------- ----------
Grants                                            0 
Waiting                                           0 
Available                                         0 0.00 bytes
Current Max                                       0 0.00 bytes
Future Max                                        0 0.00 bytes
2025-06-16 15:39:01.22 spid9s       MSR-40
Query Memory Objects (default)                Value
---------------------------------------- ----------
Grants                                            0 
Waiting                                           0 
Available                                       480 3.75 kb
Current Max                                     480 3.75 kb
Future Max                                      480 3.75 kb
Physical Max                                  15495 121.05 kb
Next Request                                      0 0.00 bytes
Waiting For                                       0 0.00 bytes
Cost                                              0 
Timeout                                           0 0.00 secs
Wait Time                                         0 0.00 secs
2025-06-16 15:39:01.22 spid9s       MSR-40
Small Query Memory Objects (default)          Value
---------------------------------------- ----------
Grants                                            0 
Waiting                                           0 
Available                                         0 0.00 bytes
Current Max                                       0 0.00 bytes
Future Max                                        0 0.00 bytes
2025-06-16 15:39:01.23 spid9s       MSR-40
Optimization Queue (internal)                 Value
---------------------------------------- ----------
Overall Memory                            135454720 129.18 mb
Target Memory                              67223552 64.11 mb
Last Notification                                 2 SHRINK
Timeout                                           6 6.00 secs
Early Termination Factor                          5 
2025-06-16 15:39:01.23 spid9s       MSR-40
Small Gateway (internal)                      Value
---------------------------------------- ----------
Configured Units                                 48 
Available Units                                  48 
Acquires                                          0 
Waiters                                           0 
Threshold Factor                             380000 
Threshold                                    380000 
2025-06-16 15:39:01.23 spid9s       MSR-40
Medium Gateway (internal)                     Value
---------------------------------------- ----------
Configured Units                                 12 
Available Units                                  12 
Acquires                                          0 
Waiters                                           0 
Threshold Factor                                 12 
Threshold                                        -1 
2025-06-16 15:39:01.24 spid9s       MSR-40
Big Gateway (internal)                        Value
---------------------------------------- ----------
Configured Units                                  1 
Available Units                                   1 
Acquires                                          0 
Waiters                                           0 
Threshold Factor                                  8 
Threshold                                        -1 
2025-06-16 15:39:01.24 spid9s       MSR-40
Optimization Queue (default)                  Value
---------------------------------------- ----------
Overall Memory                            135454720 129.18 mb
Target Memory                               4227072 4.03 mb
Last Notification                                 0 STABLE
Timeout                                           6 6.00 secs
Early Termination Factor                          5 
2025-06-16 15:39:01.25 spid9s       MSR-40
Small Gateway (default)                       Value
---------------------------------------- ----------
Configured Units                                 48 
Available Units                                  48 
Acquires                                          0 
Waiters                                           0 
Threshold Factor                             380000 
Threshold                                    380000 
2025-06-16 15:39:01.25 spid9s       MSR-40
Medium Gateway (default)                      Value
---------------------------------------- ----------
Configured Units                                 12 
Available Units                                  12 
Acquires                                          0 
Waiters                                           0 
Threshold Factor                                 12 
Threshold                                        -1 
2025-06-16 15:39:01.25 spid9s       MSR-40
Big Gateway (default)                         Value
---------------------------------------- ----------
Configured Units                                  1 
Available Units                                   1 
Acquires                                          0 
Waiters                                           0 
Threshold Factor                                  8 
Threshold                                        -1 
2025-06-16 15:39:01.25 spid9s       MSR-40
Memory Pool Manager                              KB
---------------------------------------- ----------
Reserved Current                                  0 0.00 bytes
Reserved Limit                               120800 117.97 mb
2025-06-16 15:39:01.26 spid9s       MSR-40
Memory Pool (internal)                           KB
---------------------------------------- ----------
Allocations                                  152080 148.52 mb
Predicted                                    152112 148.55 mb
Private Target                                    0 0.00 bytes
Private Limit                                     0 0.00 bytes
Total Target                                 156784 153.11 mb
Total Limit                                  275488 269.03 mb
OOM Count                                         0 
2025-06-16 15:39:01.26 spid9s       MSR-40
MEMORYBROKER_FOR_CACHE (internal)                KB
---------------------------------------- ----------
Allocations                                   11296 11.03 mb
Rate                                             32 32.00 kb
Target Allocations                             8064 7.88 mb
Future Allocations                                0 0.00 bytes
Overall                                      132280 129.18 mb
Last Notification                                 2 SHRINK
2025-06-16 15:39:01.26 spid9s       MSR-40
MEMORYBROKER_FOR_STEAL (internal)                KB
---------------------------------------- ----------
Allocations                                   92112 89.95 mb
Rate                                            -16 -16.00 kb
Target Allocations                            65600 64.06 mb
Future Allocations                                0 0.00 bytes
Overall                                      132280 129.18 mb
Last Notification                                 2 SHRINK
2025-06-16 15:39:01.27 spid9s       MSR-40
MEMORYBROKER_FOR_RESERVE (internal)              KB
---------------------------------------- ----------
Allocations                                       0 0.00 bytes
Rate                                              0 0.00 bytes
Target Allocations                             4128 4.03 mb
Future Allocations                                0 0.00 bytes
Overall                                      132280 129.18 mb
Last Notification                                 0 STABLE
2025-06-16 15:39:01.27 spid9s       MSR-40
MEMORYBROKER_FOR_COMMITTED (internal)            KB
---------------------------------------- ----------
Allocations                                   45968 44.89 mb
Rate                                              0 0.00 bytes
Target Allocations                            32736 31.97 mb
Future Allocations                                0 0.00 bytes
Overall                                      132280 129.18 mb
Last Notification                                 2 SHRINK
2025-06-16 15:39:01.28 spid9s       MSR-40
MEMORYBROKER_FOR_HASHED_DATA_PAGES (internal)         KB
---------------------------------------- ----------
Allocations                                       0 0.00 bytes
Rate                                              0 0.00 bytes
Target Allocations                             4128 4.03 mb
Future Allocations                                0 0.00 bytes
Overall                                      132280 129.18 mb
Last Notification                                 0 STABLE
2025-06-16 15:39:01.28 spid9s       MSR-40
MEMORYBROKER_FOR_XTP (internal)                  KB
---------------------------------------- ----------
Allocations                                    2704 2.64 mb
Rate                                              0 0.00 bytes
Target Allocations                             4128 4.03 mb
Future Allocations                                0 0.00 bytes
Overall                                      132280 129.18 mb
Last Notification                                 0 STABLE
2025-06-16 15:39:01.28 spid9s       MSR-40
Memory Pool (default)                            KB
---------------------------------------- ----------
Allocations                                    2608 2.55 mb
Predicted                                     33616 32.83 mb
Private Target                                    0 0.00 bytes
Private Limit                                     0 0.00 bytes
Total Target                                 156784 153.11 mb
Total Limit                                  275488 269.03 mb
OOM Count                                         0 
2025-06-16 15:39:01.29 spid9s       MSR-40
MEMORYBROKER_FOR_CACHE (default)                 KB
---------------------------------------- ----------
Allocations                                     960 960.00 kb
Rate                                             24 24.00 kb
Target Allocations                             4128 4.03 mb
Future Allocations                                0 0.00 bytes
Overall                                      132280 129.18 mb
Last Notification                                 0 STABLE
2025-06-16 15:39:01.29 spid9s       MSR-40
MEMORYBROKER_FOR_STEAL (default)                 KB
---------------------------------------- ----------
Allocations                                    1584 1.55 mb
Rate                                              0 0.00 bytes
Target Allocations                             4128 4.03 mb
Future Allocations                                0 0.00 bytes
Overall                                      132280 129.18 mb
Last Notification                                 0 STABLE
2025-06-16 15:39:01.30 spid9s       MSR-40
MEMORYBROKER_FOR_RESERVE (default)               KB
---------------------------------------- ----------
Allocations                                       0 0.00 bytes
Rate                                              0 0.00 bytes
Target Allocations                             4128 4.03 mb
Future Allocations                            30984 30.26 mb
Overall                                      132280 129.18 mb
Last Notification                                 0 STABLE
2025-06-16 15:39:01.30 spid9s       MSR-40
MEMORYBROKER_FOR_HASHED_DATA_PAGES (default)         KB
---------------------------------------- ----------
Allocations                                       0 0.00 bytes
Rate                                              0 0.00 bytes
Target Allocations                             4128 4.03 mb
Future Allocations                                0 0.00 bytes
Overall                                      132280 129.18 mb
Last Notification                                 0 STABLE
2025-06-16 15:39:01.31 spid9s       MSR-40
MEMORYBROKER_FOR_XTP (default)                   KB
---------------------------------------- ----------
Allocations                                      64 64.00 kb
Rate                                              0 0.00 bytes
Target Allocations                             4128 4.03 mb
Future Allocations                                0 0.00 bytes
Overall                                      132280 129.18 mb
Last Notification                                 0 STABLE
2025-06-16 15:39:01.31 spid9s       MSR-40
Memory Broker Clerk (Buffer Pool)             Pages
---------------------------------------- ----------
Total                                             7 56.00 kb
Simulated                                         0 0.00 bytes
Simulation Benefit                                0 
Internal Benefit                                  0 
External Benefit                                  0 
Value Of Memory                                   0 
Periodic Freed                                    0 0.00 bytes
Internal Freed                                    0 0.00 bytes
2025-06-16 15:41:35.79 spid15s     Error: 701, Severity: 17, State: 123.
2025-06-16 15:41:35.79 spid15s     There is insufficient system memory in resource pool 'internal' to run this query.
2025-06-16 15:43:50.84 spid9s      [INFO]  MSExtra-40
XTP_MEMORY_CONSUMER (29, VARHEAP, Lookaside heap)
---------------------------------------- ----------
Database Id                                       0
Object Id                                         0
XTP Object Id                                  -501
Index Id                                          0
Allocated (KB)                                    0
Used (KB)                                         0
Allocation Count                                  0
SizeClass Count                                  73
MinSizeClass                                      8
MaxSizeClass                                   3096
2025-06-16 15:43:50.85 spid7s      Error: 701, Severity: 17, State: 123.
2025-06-16 15:43:50.85 spid7s      There is insufficient system memory in resource pool 'internal' to run this query.
2025-06-16 15:43:50.88 spid37s     Error: 701, Severity: 17, State: 123.
2025-06-16 15:43:50.88 spid37s     There is insufficient system memory in resource pool 'internal' to run this query.
2025-06-16 15:45:50.90 spid7s      SQL Ledger: Block generation or digest upload failed for database 5 due to error 701 and state 123.
2025-06-16 15:45:50.92 spid19s     Error: 701, Severity: 17, State: 123.
2025-06-16 15:45:50.92 spid19s     There is insufficient system memory in resource pool 'internal' to run this query.
2025-06-16 15:45:51.79 Server      Error: 17300, Severity: 16, State: 1. (Params:). The error is printed in terse mode because there was error during formatting. Tracing, ETW, notifications etc are skipped.
2025-06-16 15:47:31.05 Server      Error: 17300, Severity: 16, State: 1. (Params:). The error is printed in terse mode because there was error during formatting. Tracing, ETW, notifications etc are skipped.
2025-06-16 15:47:51.39 spid7s      Error: 701, Severity: 17, State: 123.
2025-06-16 15:47:51.39 spid7s      There is insufficient system memory in resource pool 'internal' to run this query.
2025-06-16 15:48:25.97 Server      Error: 17300, Severity: 16, State: 1. (Params:). The error is printed in terse mode because there was error during formatting. Tracing, ETW, notifications etc are skipped.
2025-06-16 15:48:51.24 Server      Error: 17300, Severity: 16, State: 1. (Params:). The error is printed in terse mode because there was error during formatting. Tracing, ETW, notifications etc are skipped.
2025-06-16 15:49:50.94 Server      Error: 17300, Severity: 16, State: 1. (Params:). The error is printed in terse mode because there was error during formatting. Tracing, ETW, notifications etc are skipped.
2025-06-16 15:49:50.94 Server      Error: 17300, Severity: 16, State: 1. (Params:). The error is printed in terse mode because there was error during formatting. Tracing, ETW, notifications etc are skipped.
2025-06-16 15:49:50.95 spid9s      [INFO]  MSExtra-40
XTP_MEMORY_CONSUMER (28, PGPOOL, 256K page pool)
---------------------------------------- ----------
Database Id                                       0
Object Id                                         0
XTP Object Id                                  -501
Index Id                                          0
Allocated (KB)                                    0
Used (KB)                                         0
Allocation Count                                  0
SizeClass Count                                   1
MinSizeClass                                 262144
MaxSizeClass                                 262144
2025-06-16 15:49:01.15 spid5s      Error: 701, Severity: 17, State: 123.
2025-06-16 15:49:01.15 spid5s      There is insufficient system memory in resource pool 'internal' to run this query.
2025-06-16 15:49:21.71 spid2s      Error: 701, Severity: 17, State: 123.
2025-06-16 15:49:21.71 spid2s      There is insufficient system memory in resource pool 'internal' to run this query.
2025-06-16 15:49:51.01 spid19s     Error: 701, Severity: 17, State: 123.
2025-06-16 15:49:51.01 spid19s     There is insufficient system memory in resource pool 'internal' to run this query.
2025-06-16 15:49:51.58 Server      Error: 17300, Severity: 16, State: 1. (Params:). The error is printed in terse mode because there was error during formatting. Tracing, ETW, notifications etc are skipped.
2025-06-16 15:50:26.02 Server      Error: 17300, Severity: 16, State: 1. (Params:). The error is printed in terse mode because there was error during formatting. Tracing, ETW, notifications etc are skipped.
2025-06-16 15:50:26.02 Server      Error: 17300, Severity: 16, State: 1. (Params:). The error is printed in terse mode because there was error during formatting. Tracing, ETW, notifications etc are skipped.
2025-06-16 15:50:50.93 Server      Error: 17300, Severity: 16, State: 1. (Params:). The error is printed in terse mode because there was error during formatting. Tracing, ETW, notifications etc are skipped.
2025-06-16 15:51:25.97 Server      Error: 17300, Severity: 16, State: 1. (Params:). The error is printed in terse mode because there was error during formatting. Tracing, ETW, notifications etc are skipped.
2025-06-16 15:51:51.05 Server      Error: 17300, Severity: 16, State: 1. (Params:). The error is printed in terse mode because there was error during formatting. Tracing, ETW, notifications etc are skipped.
2025-06-16 15:51:51.62 spid37s     Error: 17312, Severity: 16, State: 1. (Params:). The error is printed in terse mode because there was error during formatting. Tracing, ETW, notifications etc are skipped.
2025-06-16 15:51:51.96 Server      Error: 17300, Severity: 16, State: 1. (Params:). The error is printed in terse mode because there was error during formatting. Tracing, ETW, notifications etc are skipped.
2025-06-16 15:51:51.98 spid7s      SQL Ledger: Block generation or digest upload failed for this server due to error 701 and state 123.
2025-06-16 15:51:51.62 spid26s     Error: 701, Severity: 17, State: 123.
2025-06-16 15:51:51.62 spid26s     There is insufficient system memory in resource pool 'internal' to run this query.
2025-06-16 15:51:56.06 Server      Error: 17300, Severity: 16, State: 1. (Params:). The error is printed in terse mode because there was error during formatting. Tracing, ETW, notifications etc are skipped.
2025-06-16 15:52:26.62 Server      Error: 17300, Severity: 16, State: 1. (Params:). The error is printed in terse mode because there was error during formatting. Tracing, ETW, notifications etc are skipped.
2025-06-16 15:52:51.73 Server      Error: 17312, Severity: 16, State: 1. (Params:). The error is printed in terse mode because there was error during formatting. Tracing, ETW, notifications etc are skipped.
2025-06-16 15:53:03.66 Server      **Dump thread - spid = 0, EC = 0x0000000000000000 Connection = 0x0000000000000000
2025-06-16 15:53:04.27 Server      ***Stack Dump being sent to /var/opt/mssql/log/SQLDump0003.txt
2025-06-16 15:53:04.49 Server      * *******************************************************************************
2025-06-16 15:53:04.88 Server      *
2025-06-16 15:53:05.53 Server      * BEGIN STACK DUMP:
2025-06-16 15:53:05.62 Server      *   06/16/25 15:53:04 spid 516
2025-06-16 15:53:05.71 Server      *
2025-06-16 15:53:06.02 Server      * Stalled Dispatcher
2025-06-16 15:53:07.01 Server      *
2025-06-16 15:53:08.00 Server      * *******************************************************************************
2025-06-16 15:53:08.37 Server      * -------------------------------------------------------------------------------
2025-06-16 15:53:08.46 Server      * Short Stack Dump
2025-06-16 15:53:08.60 Server      <frame id="00" address="0x781A9E3F9" pdb="kernelbase.pdb" age="1" guid="5CD0BCC4-1628-5E40-3EB5-4DFE56CBF899" module="kernelbase" rva="0x3E3F9" />
2025-06-16 15:53:08.93 Server      <frame id="00" address="0x7866FE82E" pdb="sqllang.pdb" age="2" guid="77A4EE9E-51E3-4460-88B9-36B93670AB76" module="sqllang" rva="0x134E82E" />
2025-06-16 15:53:09.05 Server      <frame id="00" address="0x786702855" pdb="sqllang.pdb" age="2" guid="77A4EE9E-51E3-4460-88B9-36B93670AB76" module="sqllang" rva="0x1352855" />
2025-06-16 15:53:09.64 Server      <frame id="00" address="0x780217131" pdb="sqlservr.pdb" age="2" guid="B4D9B74B-1BAE-43C3-BF94-F62107FC9716" module="sqlservr" rva="0x7131" />
2025-06-16 15:53:10.58 Server      <frame id="00" address="0x788E6FCB5" pdb="SqlDK.pdb" age="2" guid="F350BA8B-6AE6-4460-83D9-76CE8B12EC27" module="SqlDK" rva="0x18FCB5" />
2025-06-16 15:53:11.51 Server      <frame id="00" address="0x788CF7B57" pdb="SqlDK.pdb" age="2" guid="F350BA8B-6AE6-4460-83D9-76CE8B12EC27" module="SqlDK" rva="0x17B57" />
2025-06-16 15:53:14.62 Server      <frame id="00" address="0x788E6D549" pdb="SqlDK.pdb" age="2" guid="F350BA8B-6AE6-4460-83D9-76CE8B12EC27" module="SqlDK" rva="0x18D549" />
2025-06-16 15:53:18.92 Server      <frame id="00" address="0x788CE87AB" pdb="SqlDK.pdb" age="2" guid="F350BA8B-6AE6-4460-83D9-76CE8B12EC27" module="SqlDK" rva="0x87AB" />
2025-06-16 15:53:26.48 Server      Error: 17300, Severity: 16, State: 1. (Params:). The error is printed in terse mode because there was error during formatting. Tracing, ETW, notifications etc are skipped.
2025-06-16 15:53:26.48 Server      Error: 17300, Severity: 16, State: 1. (Params:). The error is printed in terse mode because there was error during formatting. Tracing, ETW, notifications etc are skipped.
2025-06-16 15:53:26.90 Server      <frame id="00" address="0x788CE8DB5" pdb="SqlDK.pdb" age="2" guid="F350BA8B-6AE6-4460-83D9-76CE8B12EC27" module="SqlDK" rva="0x8DB5" />
2025-06-16 15:53:35.32 Server      <frame id="00" address="0x788CE8914" pdb="SqlDK.pdb" age="2" guid="F350BA8B-6AE6-4460-83D9-76CE8B12EC27" module="SqlDK" rva="0x8914" />
2025-06-16 15:53:39.05 Server      <frame id="00" address="0x788D08353" pdb="SqlDK.pdb" age="2" guid="F350BA8B-6AE6-4460-83D9-76CE8B12EC27" module="SqlDK" rva="0x28353" />
2025-06-16 15:53:40.34 Server      <frame id="00" address="0x788D086CC" pdb="SqlDK.pdb" age="2" guid="F350BA8B-6AE6-4460-83D9-76CE8B12EC27" module="SqlDK" rva="0x286CC" />
2025-06-16 15:53:41.54 Server      <frame id="00" address="0x788D08BC2" pdb="SqlDK.pdb" age="2" guid="F350BA8B-6AE6-4460-83D9-76CE8B12EC27" module="SqlDK" rva="0x28BC2" />
2025-06-16 15:53:41.93 Server      <frame id="00" address="0x788D08976" pdb="SqlDK.pdb" age="2" guid="F350BA8B-6AE6-4460-83D9-76CE8B12EC27" module="SqlDK" rva="0x28976" />
2025-06-16 15:53:42.19 Server      <frame id="00" address="0x7815E7AF4" pdb="kernel32.pdb" age="1" guid="E4CC0E21-BDDF-68A6-8D56-D644BB74B131" module="kernel32" rva="0x17AF4" />
2025-06-16 15:53:42.29 Server      <frame id="00" address="0x7800644A1" pdb="ntdll.pdb" age="1" guid="7CF052A3-2E1E-8ED4-0593-CC2297317058" module="ntdll" rva="0x244A1" />
2025-06-16 15:53:42.42 Server      Stack Signature for the dump is 0x00000000000001F6
2025-06-16 15:53:42.62 Server      SaveNumaNodeRelationShip : 0 of 1 numa nodes info saved to pDump.
2025-06-16 15:53:42.75 Server      CDmpClient::ExecuteAllCallbacks started.
2025-06-16 15:53:42.82 Server      XE_DumpCallbacks is executing...
2025-06-16 15:53:42.89 Server      DumpCallbackSOS is executing...
2025-06-16 15:53:43.12 Server      DumpCallbackEE is executing...
2025-06-16 15:53:43.24 Server      DumpCallbackSE is executing...
2025-06-16 15:53:43.34 Server      DumpCallbackSEAM is executing...
2025-06-16 15:53:43.47 Server      DumpCallbackSSB is executing...
2025-06-16 15:53:43.81 Server      DumpCallbackQE is executing...
2025-06-16 15:53:43.91 Server      DumpCallbackFullText is executing...
2025-06-16 15:53:43.92 Server      DumpCallbackSQLCLR is executing...
2025-06-16 15:53:43.94 Server      DumpCallbackHk is executing...
2025-06-16 15:53:43.98 Server      DumpCallbackRepl is executing...
2025-06-16 15:53:43.99 Server      DumpCallbackPolyBase is executing...
2025-06-16 15:53:44.00 Server      CDmpClient::ExecuteAllCallbacks completed. Time elapsed: 1 seconds.
2025-06-16 15:56:09.24 Server      Timeout waiting for external dump process 1280.
2025-06-16 15:56:09.27 Server      Error: 17300, Severity: 16, State: 1. (Params:). The error is printed in terse mode because there was error during formatting. Tracing, ETW, notifications etc are skipped.
2025-06-16 15:56:09.27 Server      Error: 17300, Severity: 16, State: 1. (Params:). The error is printed in terse mode because there was error during formatting. Tracing, ETW, notifications etc are skipped.
2025-06-16 15:56:09.27 Server      Error: 17300, Severity: 16, State: 1. (Params:). The error is printed in terse mode because there was error during formatting. Tracing, ETW, notifications etc are skipped.
2025-06-16 15:56:09.27 Server      Error: 17300, Severity: 16, State: 1. (Params:). The error is printed in terse mode because there was error during formatting. Tracing, ETW, notifications etc are skipped.
2025-06-16 15:56:09.28 Server      Error: 17300, Severity: 16, State: 1. (Params:). The error is printed in terse mode because there was error during formatting. Tracing, ETW, notifications etc are skipped.
2025-06-16 15:56:09.28 Server      Error: 17300, Severity: 16, State: 1. (Params:). The error is printed in terse mode because there was error during formatting. Tracing, ETW, notifications etc are skipped.
2025-06-16 15:56:09.28 Server      Error: 17300, Severity: 16, State: 1. (Params:). The error is printed in terse mode because there was error during formatting. Tracing, ETW, notifications etc are skipped.
2025-06-16 15:56:09.28 Server      Error: 17300, Severity: 16, State: 1. (Params:). The error is printed in terse mode because there was error during formatting. Tracing, ETW, notifications etc are skipped.
2025-06-16 15:56:09.28 Server      Error: 17300, Severity: 16, State: 1. (Params:). The error is printed in terse mode because there was error during formatting. Tracing, ETW, notifications etc are skipped.
2025-06-16 15:56:09.28 Server      Copied stack
2025-06-16 15:56:09.29 Server      Error: 17300, Severity: 16, State: 1. (Params:). The error is printed in terse mode because there was error during formatting. Tracing, ETW, notifications etc are skipped.
2025-06-16 15:56:09.29 Logon       Error: 17189, Severity: 16, State: 1.
2025-06-16 15:56:09.29 Logon       SQL Server failed with error code 0xc0000000 to spawn a thread to process a new login or connection. Check the SQL Server error log and the operating system error log for information about possible related problems. [CLIENT: 127.0.0.1]
2025-06-16 15:56:09.30 Server      <frame id="00" address="0x3FFFA33A069F" pdb="sqlpal.pdb" age="1" guid="74A5B4D5-52D6-7F96-F48E-10DF21F990D0" module="sqlpal" rva="0x3A069F" />
2025-06-16 15:56:09.30 spid1s      Error: 701, Severity: 17, State: 123.
2025-06-16 15:56:09.30 spid1s      There is insufficient system memory in resource pool 'internal' to run this query.
2025-06-16 15:56:09.31 Server      Error: 17300, Severity: 16, State: 1. (Params:). The error is printed in terse mode because there was error during formatting. Tracing, ETW, notifications etc are skipped.
2025-06-16 15:56:09.31 Server      <frame id="01" address="0x3FFFA32536EF" pdb="sqlpal.pdb" age="1" guid="74A5B4D5-52D6-7F96-F48E-10DF21F990D0" module="sqlpal" rva="0x2536EF" />
2025-06-16 15:56:09.32 Server      <frame id="02" address="0x3FFFA325317F" pdb="sqlpal.pdb" age="1" guid="74A5B4D5-52D6-7F96-F48E-10DF21F990D0" module="sqlpal" rva="0x25317F" />
2025-06-16 15:56:09.32 Server      <frame id="03" address="0x3FFFA3201F6E" pdb="sqlpal.pdb" age="1" guid="74A5B4D5-52D6-7F96-F48E-10DF21F990D0" module="sqlpal" rva="0x201F6E" />
2025-06-16 15:56:09.32 Logon       Error: 17803, Severity: 20, State: 15.
2025-06-16 15:56:09.32 Logon       There was a memory allocation failure during connection establishment. Reduce nonessential memory load, or increase system memory. The connection has been closed.
2025-06-16 15:56:09.33 Server      <frame id="04" address="0x3FFFA33A02FB" pdb="sqlpal.pdb" age="1" guid="74A5B4D5-52D6-7F96-F48E-10DF21F990D0" module="sqlpal" rva="0x3A02FB" />
2025-06-16 15:56:09.33 Server      <frame id="05" address="0x780135FAF" pdb="ntdll.pdb" age="1" guid="7CF052A3-2E1E-8ED4-0593-CC2297317058" module="ntdll" rva="0xF5FAF" />
2025-06-16 15:56:09.34 Server      <frame id="06" address="0x781A9D8B3" pdb="kernelbase.pdb" age="1" guid="5CD0BCC4-1628-5E40-3EB5-4DFE56CBF899" module="kernelbase" rva="0x3D8B3" />
2025-06-16 15:56:09.34 Server      <frame id="07" address="0x788CF037F" pdb="SqlDK.pdb" age="2" guid="F350BA8B-6AE6-4460-83D9-76CE8B12EC27" module="SqlDK" rva="0x1037F" />
2025-06-16 15:56:09.35 Server      <frame id="08" address="0x7821810EC" pdb="sqlmin.pdb" age="2" guid="BC8C7A86-66E1-451B-85B5-1AA1AF97324C" module="sqlmin" rva="0x10EC" />
2025-06-16 15:56:09.36 Server      <frame id="09" address="0x7834CB00E" pdb="sqlmin.pdb" age="2" guid="BC8C7A86-66E1-451B-85B5-1AA1AF97324C" module="sqlmin" rva="0x134B00E" />
2025-06-16 15:56:09.36 spid26s     HkCsTimerTask::TimerFunction:13948: DbId 0, Msg 701, Level 17, State 123, There is insufficient system memory in resource pool 'internal' to run this query.
2025-06-16 15:56:09.36 Server      <frame id="10" address="0x788D879D1" pdb="SqlDK.pdb" age="2" guid="F350BA8B-6AE6-4460-83D9-76CE8B12EC27" module="SqlDK" rva="0xA79D1" />
2025-06-16 15:56:09.37 Server      <frame id="11" address="0x788CEAF73" pdb="SqlDK.pdb" age="2" guid="F350BA8B-6AE6-4460-83D9-76CE8B12EC27" module="SqlDK" rva="0xAF73" />
2025-06-16 15:56:09.37 Server      <frame id="12" address="0x788CEAB49" pdb="SqlDK.pdb" age="2" guid="F350BA8B-6AE6-4460-83D9-76CE8B12EC27" module="SqlDK" rva="0xAB49" />
2025-06-16 15:56:09.37 Server      <frame id="13" address="0x788CEB11A" pdb="SqlDK.pdb" age="2" guid="F350BA8B-6AE6-4460-83D9-76CE8B12EC27" module="SqlDK" rva="0xB11A" />
2025-06-16 15:56:09.37 Server      <frame id="14" address="0x788CEB746" pdb="SqlDK.pdb" age="2" guid="F350BA8B-6AE6-4460-83D9-76CE8B12EC27" module="SqlDK" rva="0xB746" />
2025-06-16 15:56:09.38 Server      <frame id="15" address="0x788CEB4A3" pdb="SqlDK.pdb" age="2" guid="F350BA8B-6AE6-4460-83D9-76CE8B12EC27" module="SqlDK" rva="0xB4A3" />
2025-06-16 15:56:09.38 Server      <frame id="16" address="0x788CE78E6" pdb="SqlDK.pdb" age="2" guid="F350BA8B-6AE6-4460-83D9-76CE8B12EC27" module="SqlDK" rva="0x78E6" />
2025-06-16 15:56:09.39 Server      <frame id="17" address="0x788CE7F3F" pdb="SqlDK.pdb" age="2" guid="F350BA8B-6AE6-4460-83D9-76CE8B12EC27" module="SqlDK" rva="0x7F3F" />
2025-06-16 15:56:09.40 Server      <frame id="18" address="0x788CE9C07" pdb="SqlDK.pdb" age="2" guid="F350BA8B-6AE6-4460-83D9-76CE8B12EC27" module="SqlDK" rva="0x9C07" />
2025-06-16 15:56:09.41 Server      <frame id="19" address="0x788D14405" pdb="SqlDK.pdb" age="2" guid="F350BA8B-6AE6-4460-83D9-76CE8B12EC27" module="SqlDK" rva="0x34405" />
2025-06-16 15:56:09.41 Server      <frame id="20" address="0x788D14976" pdb="SqlDK.pdb" age="2" guid="F350BA8B-6AE6-4460-83D9-76CE8B12EC27" module="SqlDK" rva="0x34976" />
2025-06-16 15:56:09.42 Server      <frame id="21" address="0x788D14312" pdb="SqlDK.pdb" age="2" guid="F350BA8B-6AE6-4460-83D9-76CE8B12EC27" module="SqlDK" rva="0x34312" />
2025-06-16 15:56:09.42 Server      <frame id="22" address="0x788D1531E" pdb="SqlDK.pdb" age="2" guid="F350BA8B-6AE6-4460-83D9-76CE8B12EC27" module="SqlDK" rva="0x3531E" />
2025-06-16 15:56:09.43 Server      <frame id="23" address="0x788EBB07A" pdb="SqlDK.pdb" age="2" guid="F350BA8B-6AE6-4460-83D9-76CE8B12EC27" module="SqlDK" rva="0x1DB07A" />
2025-06-16 15:56:09.43 Server      <frame id="24" address="0x7859B16F0" pdb="sqllang.pdb" age="2" guid="77A4EE9E-51E3-4460-88B9-36B93670AB76" module="sqllang" rva="0x6016F0" />
2025-06-16 15:56:09.44 Server      <frame id="25" address="0x788EBAEC4" pdb="SqlDK.pdb" age="2" guid="F350BA8B-6AE6-4460-83D9-76CE8B12EC27" module="SqlDK" rva="0x1DAEC4" />
2025-06-16 15:56:09.44 Server      <frame id="26" address="0x788EBE0CC" pdb="SqlDK.pdb" age="2" guid="F350BA8B-6AE6-4460-83D9-76CE8B12EC27" module="SqlDK" rva="0x1DE0CC" />
2025-06-16 15:56:09.45 Server      <frame id="27" address="0x788CE87AB" pdb="SqlDK.pdb" age="2" guid="F350BA8B-6AE6-4460-83D9-76CE8B12EC27" module="SqlDK" rva="0x87AB" />
2025-06-16 15:56:09.45 Server      <frame id="28" address="0x788CE8DB5" pdb="SqlDK.pdb" age="2" guid="F350BA8B-6AE6-4460-83D9-76CE8B12EC27" module="SqlDK" rva="0x8DB5" />
2025-06-16 15:56:09.46 Server      <frame id="29" address="0x788CE8914" pdb="SqlDK.pdb" age="2" guid="F350BA8B-6AE6-4460-83D9-76CE8B12EC27" module="SqlDK" rva="0x8914" />
2025-06-16 15:56:09.46 Server      <frame id="30" address="0x788D08353" pdb="SqlDK.pdb" age="2" guid="F350BA8B-6AE6-4460-83D9-76CE8B12EC27" module="SqlDK" rva="0x28353" />
2025-06-16 15:56:09.47 Server      <frame id="31" address="0x788D086CC" pdb="SqlDK.pdb" age="2" guid="F350BA8B-6AE6-4460-83D9-76CE8B12EC27" module="SqlDK" rva="0x286CC" />
