-------------- ----------
Allocated (KB)                                    0
Used (KB)                                         0
Allocation Count                                  0
SizeClass Count                                   2
MinSizeClass                                    536
MaxSizeClass                                    536
2025-06-26 17:41:08.26 spid59s     [INFO]  MSExtra-6
XTP_MEMORY_CONSUMER (4, LOOKASIDE, Transaction write set)
---------------------------------------- ----------
Allocated (KB)                                    0
Used (KB)                                         0
Allocation Count                                  0
SizeClass Count                                   2
MinSizeClass                                   1304
MaxSizeClass                                   1304
2025-06-26 17:41:08.27 spid59s     [INFO]  MSExtra-6
XTP_MEMORY_CONSUMER (3, LOOKASIDE, Transaction scan set)
---------------------------------------- ----------
Allocated (KB)                                    0
Used (KB)                                         0
Allocation Count                                  0
SizeClass Count                                   2
MinSizeClass                                   2840
MaxSizeClass                                   2840
2025-06-26 17:41:08.27 spid59s     [INFO]  MSExtra-6
XTP_MEMORY_CONSUMER (2, LOOKASIDE, Transaction read set)
---------------------------------------- ----------
Allocated (KB)                                    0
Used (KB)                                         0
Allocation Count                                  0
SizeClass Count                                   2
MinSizeClass                                   3096
MaxSizeClass                                   3096
2025-06-26 17:41:08.28 spid59s     [INFO]  MSExtra-6
XTP_MEMORY_CONSUMER (1, LOOKASIDE, Transaction)
---------------------------------------- ----------
Allocated (KB)                                    0
Used (KB)                                         0
Allocation Count                                  0
SizeClass Count                                   2
MinSizeClass                                   1472
MaxSizeClass                                   1472
2025-06-26 17:41:08.29 spid59s     Error: 701, Severity: 17, State: 123.
2025-06-26 17:41:08.29 spid59s     There is insufficient system memory in resource pool 'internal' to run this query.
2025-06-26 17:41:27.70 spid2s      Error: 701, Severity: 17, State: 123.
2025-06-26 17:41:27.70 spid2s      There is insufficient system memory in resource pool 'internal' to run this query.
2025-06-26 17:41:27.72 spid3s      Error: 701, Severity: 17, State: 123.
2025-06-26 17:41:27.72 spid3s      There is insufficient system memory in resource pool 'internal' to run this query.
2025-06-26 17:41:37.83 spid1s      Error: 701, Severity: 17, State: 123.
2025-06-26 17:41:37.83 spid1s      There is insufficient system memory in resource pool 'internal' to run this query.
2025-06-26 17:41:37.83 spid50s     Error: 701, Severity: 17, State: 123.
2025-06-26 17:41:37.83 spid50s     There is insufficient system memory in resource pool 'internal' to run this query.
2025-06-26 17:41:45.48 spid11s     Error: 701, Severity: 17, State: 123.
2025-06-26 17:41:45.48 spid11s     There is insufficient system memory in resource pool 'internal' to run this query.
2025-06-26 17:41:50.77 spid55s     Error: 701, Severity: 17, State: 123.
2025-06-26 17:41:50.77 spid55s     There is insufficient system memory in resource pool 'internal' to run this query.
2025-06-26 17:41:50.78 spid66s     Error: 701, Severity: 17, State: 123.
2025-06-26 17:41:50.78 spid66s     There is insufficient system memory in resource pool 'internal' to run this query.
2025-06-26 17:41:50.90 spid55s     SQL Ledger: Block generation or digest upload failed for this server due to error 701 and state 123.
2025-06-26 17:42:01.66 spid51s     Error: 701, Severity: 17, State: 123.
2025-06-26 17:42:01.66 spid51s     There is insufficient system memory in resource pool 'internal' to run this query.
2025-06-26 17:42:06.67 spid5s      Error: 701, Severity: 17, State: 123.
2025-06-26 17:42:06.67 spid5s      There is insufficient system memory in resource pool 'internal' to run this query.
2025-06-26 18:28:14.30 spid16s     [DevOpsSnapshotTelemetryTask] Evaluating the background task.
2025-06-26 19:01:05.75 Server      Long Sync IO: Scheduler 0 had 1 Sync IOs in nonpreemptive mode longer than 1000 ms
2025-06-26 20:12:24.06 Server      Long Sync IO: Scheduler 1 had 1 Sync IOs in nonpreemptive mode longer than 1000 ms
2025-06-26 20:12:30.07 Server      Long Sync IO: Scheduler 1 had 1 Sync IOs in nonpreemptive mode longer than 1000 ms
2025-06-26 20:41:45.73 Server      Long Sync IO: Scheduler 1 had 1 Sync IOs in nonpreemptive mode longer than 1000 ms
2025-06-26 20:44:05.83 spid43s     A time-out occurred while waiting for buffer latch -- type 2, bp 0000000A64488280, page 1:362, stat 0x40d, database id: 1, allocation unit Id: 536870912/281475513581568, task 0x0000000A4F403C28 : 0, waittime 300 seconds, flags 0x3a, owning task 0x0000000A4F413848. Not continuing to wait.
2025-06-26 20:44:05.83 spid10s     A time-out occurred while waiting for buffer latch -- type 2, bp 0000000A64488280, page 1:362, stat 0x40d, database id: 1, allocation unit Id: 536870912/281475513581568, task 0x0000000A5EA53848 : 0, waittime 300 seconds, flags 0x3a, owning task 0x0000000A4F413848. Not continuing to wait.
2025-06-26 20:44:05.83 spid3s      A time-out occurred while waiting for buffer latch -- type 2, bp 0000000A64488280, page 1:362, stat 0x40d, database id: 1, allocation unit Id: 536870912/281475513581568, task 0x0000000A597C3088 : 0, waittime 300 seconds, flags 0x3a, owning task 0x0000000A4F413848. Not continuing to wait.
2025-06-26 20:44:05.83 spid5s      A time-out occurred while waiting for buffer latch -- type 2, bp 0000000A64488280, page 1:362, stat 0x40d, database id: 1, allocation unit Id: 536870912/281475513581568, task 0x0000000A4F44A8C8 : 0, waittime 300 seconds, flags 0x3a, owning task 0x0000000A4F413848. Not continuing to wait.
2025-06-26 20:44:05.83 spid9s      A time-out occurred while waiting for buffer latch -- type 2, bp 0000000A64488280, page 1:362, stat 0x40d, database id: 1, allocation unit Id: 536870912/281475513581568, task 0x0000000A4F453088 : 0, waittime 300 seconds, flags 0x1a, owning task 0x0000000A4F413848. Not continuing to wait.
2025-06-26 20:44:05.83 spid4s      A time-out occurred while waiting for buffer latch -- type 2, bp 0000000A64488280, page 1:362, stat 0x40d, database id: 1, allocation unit Id: 536870912/281475513581568, task 0x0000000A4F43B848 : 0, waittime 300 seconds, flags 0x3a, owning task 0x0000000A4F413848. Not continuing to wait.
2025-06-26 20:44:18.40 spid17s     A time-out occurred while waiting for buffer latch -- type 2, bp 0000000A64488280, page 1:362, stat 0x40d, database id: 1, allocation unit Id: 536870912/281475513581568, task 0x0000000A4F42B848 : 0, waittime 300 seconds, flags 0x3a, owning task 0x0000000A4F413848. Not continuing to wait.
2025-06-26 20:45:02.30 spid55s     A time-out occurred while waiting for buffer latch -- type 2, bp 0000000A64488280, page 1:362, stat 0x40d, database id: 1, allocation unit Id: 536870912/281475513581568, task 0x0000000A4F422CA8 : 0, waittime 300 seconds, flags 0x3a, owning task 0x0000000A4F413848. Not continuing to wait.
2025-06-26 20:49:59.76 Server      Long Sync IO: Scheduler 2 had 1 Sync IOs in nonpreemptive mode longer than 1000 ms
2025-06-26 20:49:59.93 Server      Long Sync IO: Scheduler 3 had 1 Sync IOs in nonpreemptive mode longer than 1000 ms
2025-06-26 20:49:59.98 Server      Long Sync IO: Scheduler 4 had 2 Sync IOs in nonpreemptive mode longer than 1000 ms
2025-06-26 20:49:59.99 Server      Long Sync IO: Scheduler 5 had 2 Sync IOs in nonpreemptive mode longer than 1000 ms
2025-06-26 20:49:59.99 Server      Long Sync IO: Scheduler 6 had 2 Sync IOs in nonpreemptive mode longer than 1000 ms
2025-06-26 20:50:00.26 Server      Long Sync IO: Scheduler 7 had 4 Sync IOs in nonpreemptive mode longer than 1000 ms
2025-06-26 20:50:00.58 spid5s      Latch Waiter
2025-06-26 20:50:00.58 spid4s      Latch Waiter
2025-06-26 20:50:00.58 spid10s     Latch Waiter
2025-06-26 20:50:00.58 spid43s     Latch Waiter
2025-06-26 20:50:00.58 spid17s     Latch Waiter
2025-06-26 20:50:00.58 spid55s     Latch Waiter
2025-06-26 20:50:00.58 spid9s      Latch Waiter
2025-06-26 20:50:00.58 spid3s      Latch Waiter
2025-06-26 20:50:00.64 Server      Long Sync IO: Scheduler 8 had 2 Sync IOs in nonpreemptive mode longer than 1000 ms
2025-06-26 20:50:01.23 spid5s      <frame id="00" address="0xA036637A5" pdb="sqlmin.pdb" age="2" guid="BC8C7A86-66E1-451B-85B5-1AA1AF97324C" module="sqlmin" rva="0x14E37A5" />
2025-06-26 20:50:01.50 spid4s      <frame id="00" address="0xA036637A5" pdb="sqlmin.pdb" age="2" guid="BC8C7A86-66E1-451B-85B5-1AA1AF97324C" module="sqlmin" rva="0x14E37A5" />
2025-06-26 20:50:01.73 spid10s     <frame id="00" address="0xA036637A5" pdb="sqlmin.pdb" age="2" guid="BC8C7A86-66E1-451B-85B5-1AA1AF97324C" module="sqlmin" rva="0x14E37A5" />
2025-06-26 20:50:01.76 spid17s     <frame id="00" address="0xA036637A5" pdb="sqlmin.pdb" age="2" guid="BC8C7A86-66E1-451B-85B5-1AA1AF97324C" module="sqlmin" rva="0x14E37A5" />
2025-06-26 20:50:01.76 spid55s     <frame id="00" address="0xA036637A5" pdb="sqlmin.pdb" age="2" guid="BC8C7A86-66E1-451B-85B5-1AA1AF97324C" module="sqlmin" rva="0x14E37A5" />
2025-06-26 20:50:01.76 spid43s     <frame id="00" address="0xA036637A5" pdb="sqlmin.pdb" age="2" guid="BC8C7A86-66E1-451B-85B5-1AA1AF97324C" module="sqlmin" rva="0x14E37A5" />
2025-06-26 20:50:01.76 spid9s      <frame id="00" address="0xA036637A5" pdb="sqlmin.pdb" age="2" guid="BC8C7A86-66E1-451B-85B5-1AA1AF97324C" module="sqlmin" rva="0x14E37A5" />
2025-06-26 20:50:01.76 spid3s      <frame id="00" address="0xA036637A5" pdb="sqlmin.pdb" age="2" guid="BC8C7A86-66E1-451B-85B5-1AA1AF97324C" module="sqlmin" rva="0x14E37A5" />
2025-06-26 20:50:01.77 spid5s      <frame id="01" address="0xA03662C9D" pdb="sqlmin.pdb" age="2" guid="BC8C7A86-66E1-451B-85B5-1AA1AF97324C" module="sqlmin" rva="0x14E2C9D" />
2025-06-26 20:50:01.77 spid4s      <frame id="01" address="0xA03662C9D" pdb="sqlmin.pdb" age="2" guid="BC8C7A86-66E1-451B-85B5-1AA1AF97324C" module="sqlmin" rva="0x14E2C9D" />
2025-06-26 20:50:01.77 spid10s     <frame id="01" address="0xA03662C9D" pdb="sqlmin.pdb" age="2" guid="BC8C7A86-66E1-451B-85B5-1AA1AF97324C" module="sqlmin" rva="0x14E2C9D" />
2025-06-26 20:50:01.77 spid17s     <frame id="01" address="0xA03662C9D" pdb="sqlmin.pdb" age="2" guid="BC8C7A86-66E1-451B-85B5-1AA1AF97324C" module="sqlmin" rva="0x14E2C9D" />
2025-06-26 20:50:01.78 spid55s     <frame id="01" address="0xA03662C9D" pdb="sqlmin.pdb" age="2" guid="BC8C7A86-66E1-451B-85B5-1AA1AF97324C" module="sqlmin" rva="0x14E2C9D" />
2025-06-26 20:50:01.78 spid43s     <frame id="01" address="0xA03662C9D" pdb="sqlmin.pdb" age="2" guid="BC8C7A86-66E1-451B-85B5-1AA1AF97324C" module="sqlmin" rva="0x14E2C9D" />
2025-06-26 20:50:01.78 spid9s      <frame id="01" address="0xA03662C9D" pdb="sqlmin.pdb" age="2" guid="BC8C7A86-66E1-451B-85B5-1AA1AF97324C" module="sqlmin" rva="0x14E2C9D" />
2025-06-26 20:50:01.78 spid3s      <frame id="01" address="0xA03662C9D" pdb="sqlmin.pdb" age="2" guid="BC8C7A86-66E1-451B-85B5-1AA1AF97324C" module="sqlmin" rva="0x14E2C9D" />
2025-06-26 20:50:01.78 spid5s      <frame id="02" address="0xA021F9084" pdb="sqlmin.pdb" age="2" guid="BC8C7A86-66E1-451B-85B5-1AA1AF97324C" module="sqlmin" rva="0x79084" />
2025-06-26 20:50:01.78 spid4s      <frame id="02" address="0xA021F9084" pdb="sqlmin.pdb" age="2" guid="BC8C7A86-66E1-451B-85B5-1AA1AF97324C" module="sqlmin" rva="0x79084" />
2025-06-26 20:50:01.78 spid10s     <frame id="02" address="0xA021F9084" pdb="sqlmin.pdb" age="2" guid="BC8C7A86-66E1-451B-85B5-1AA1AF97324C" module="sqlmin" rva="0x79084" />
2025-06-26 20:50:01.79 spid17s     <frame id="02" address="0xA021F9084" pdb="sqlmin.pdb" age="2" guid="BC8C7A86-66E1-451B-85B5-1AA1AF97324C" module="sqlmin" rva="0x79084" />
2025-06-26 20:50:01.79 spid55s     <frame id="02" address="0xA021F9084" pdb="sqlmin.pdb" age="2" guid="BC8C7A86-66E1-451B-85B5-1AA1AF97324C" module="sqlmin" rva="0x79084" />
2025-06-26 20:50:01.79 spid43s     <frame id="02" address="0xA021F9084" pdb="sqlmin.pdb" age="2" guid="BC8C7A86-66E1-451B-85B5-1AA1AF97324C" module="sqlmin" rva="0x79084" />
2025-06-26 20:50:01.82 spid9s      <frame id="02" address="0xA021F9084" pdb="sqlmin.pdb" age="2" guid="BC8C7A86-66E1-451B-85B5-1AA1AF97324C" module="sqlmin" rva="0x79084" />
2025-06-26 20:50:01.82 Server      Long Sync IO: Scheduler 9 had 3 Sync IOs in nonpreemptive mode longer than 1000 ms
2025-06-26 20:50:01.83 spid3s      <frame id="02" address="0xA021F9084" pdb="sqlmin.pdb" age="2" guid="BC8C7A86-66E1-451B-85B5-1AA1AF97324C" module="sqlmin" rva="0x79084" />
2025-06-26 20:50:01.87 spid9s      <frame id="03" address="0xA0218EF57" pdb="sqlmin.pdb" age="2" guid="BC8C7A86-66E1-451B-85B5-1AA1AF97324C" module="sqlmin" rva="0xEF57" />
2025-06-26 20:50:01.84 spid4s      <frame id="03" address="0xA0218EF57" pdb="sqlmin.pdb" age="2" guid="BC8C7A86-66E1-451B-85B5-1AA1AF97324C" module="sqlmin" rva="0xEF57" />
2025-06-26 20:50:01.85 spid10s     <frame id="03" address="0xA0218EF57" pdb="sqlmin.pdb" age="2" guid="BC8C7A86-66E1-451B-85B5-1AA1AF97324C" module="sqlmin" rva="0xEF57" />
2025-06-26 20:50:01.86 spid17s     <frame id="03" address="0xA0218EF57" pdb="sqlmin.pdb" age="2" guid="BC8C7A86-66E1-451B-85B5-1AA1AF97324C" module="sqlmin" rva="0xEF57" />
2025-06-26 20:50:01.86 spid55s     <frame id="03" address="0xA0218EF57" pdb="sqlmin.pdb" age="2" guid="BC8C7A86-66E1-451B-85B5-1AA1AF97324C" module="sqlmin" rva="0xEF57" />
2025-06-26 20:50:01.87 spid43s     <frame id="03" address="0xA0218EF57" pdb="sqlmin.pdb" age="2" guid="BC8C7A86-66E1-451B-85B5-1AA1AF97324C" module="sqlmin" rva="0xEF57" />
2025-06-26 20:50:01.83 spid5s      <frame id="03" address="0xA0218EF57" pdb="sqlmin.pdb" age="2" guid="BC8C7A86-66E1-451B-85B5-1AA1AF97324C" module="sqlmin" rva="0xEF57" />
2025-06-26 20:50:01.87 Server      Long Sync IO: Scheduler 10 had 3 Sync IOs in nonpreemptive mode longer than 1000 ms
2025-06-26 20:50:01.88 spid3s      <frame id="03" address="0xA0218EF57" pdb="sqlmin.pdb" age="2" guid="BC8C7A86-66E1-451B-85B5-1AA1AF97324C" module="sqlmin" rva="0xEF57" />
2025-06-26 20:50:01.88 spid9s      <frame id="04" address="0xA0218F115" pdb="sqlmin.pdb" age="2" guid="BC8C7A86-66E1-451B-85B5-1AA1AF97324C" module="sqlmin" rva="0xF115" />
2025-06-26 20:50:01.88 spid4s      <frame id="04" address="0xA0218F115" pdb="sqlmin.pdb" age="2" guid="BC8C7A86-66E1-451B-85B5-1AA1AF97324C" module="sqlmin" rva="0xF115" />
2025-06-26 20:50:01.89 spid5s      <frame id="04" address="0xA0218F115" pdb="sqlmin.pdb" age="2" guid="BC8C7A86-66E1-451B-85B5-1AA1AF97324C" module="sqlmin" rva="0xF115" />
2025-06-26 20:50:01.89 spid17s     <frame id="04" address="0xA0218F115" pdb="sqlmin.pdb" age="2" guid="BC8C7A86-66E1-451B-85B5-1AA1AF97324C" module="sqlmin" rva="0xF115" />
2025-06-26 20:50:01.89 spid55s     <frame id="04" address="0xA0218F115" pdb="sqlmin.pdb" age="2" guid="BC8C7A86-66E1-451B-85B5-1AA1AF97324C" module="sqlmin" rva="0xF115" />
2025-06-26 20:50:01.89 spid43s     <frame id="04" address="0xA0218F115" pdb="sqlmin.pdb" age="2" guid="BC8C7A86-66E1-451B-85B5-1AA1AF97324C" module="sqlmin" rva="0xF115" />
2025-06-26 20:50:01.89 spid10s     <frame id="04" address="0xA0218F115" pdb="sqlmin.pdb" age="2" guid="BC8C7A86-66E1-451B-85B5-1AA1AF97324C" module="sqlmin" rva="0xF115" />
2025-06-26 20:50:01.90 Server      Long Sync IO: Scheduler 11 had 3 Sync IOs in nonpreemptive mode longer than 1000 ms
2025-06-26 20:50:01.90 spid3s      <frame id="04" address="0xA0218F115" pdb="sqlmin.pdb" age="2" guid="BC8C7A86-66E1-451B-85B5-1AA1AF97324C" module="sqlmin" rva="0xF115" />
2025-06-26 20:50:01.90 spid9s      <frame id="05" address="0xA021942F0" pdb="sqlmin.pdb" age="2" guid="BC8C7A86-66E1-451B-85B5-1AA1AF97324C" module="sqlmin" rva="0x142F0" />
2025-06-26 20:50:01.91 spid4s      <frame id="05" address="0xA021942F0" pdb="sqlmin.pdb" age="2" guid="BC8C7A86-66E1-451B-85B5-1AA1AF97324C" module="sqlmin" rva="0x142F0" />
2025-06-26 20:50:01.91 spid5s      <frame id="05" address="0xA021942F0" pdb="sqlmin.pdb" age="2" guid="BC8C7A86-66E1-451B-85B5-1AA1AF97324C" module="sqlmin" rva="0x142F0" />
2025-06-26 20:50:01.91 spid17s     <frame id="05" address="0xA021942F0" pdb="sqlmin.pdb" age="2" guid="BC8C7A86-66E1-451B-85B5-1AA1AF97324C" module="sqlmin" rva="0x142F0" />
2025-06-26 20:50:01.91 spid55s     <frame id="05" address="0xA021942F0" pdb="sqlmin.pdb" age="2" guid="BC8C7A86-66E1-451B-85B5-1AA1AF97324C" module="sqlmin" rva="0x142F0" />
2025-06-26 20:50:01.92 spid43s     <frame id="05" address="0xA021942F0" pdb="sqlmin.pdb" age="2" guid="BC8C7A86-66E1-451B-85B5-1AA1AF97324C" module="sqlmin" rva="0x142F0" />
2025-06-26 20:50:01.92 spid10s     <frame id="05" address="0xA021942F0" pdb="sqlmin.pdb" age="2" guid="BC8C7A86-66E1-451B-85B5-1AA1AF97324C" module="sqlmin" rva="0x142F0" />
2025-06-26 20:50:01.92 spid3s      <frame id="05" address="0xA021942F0" pdb="sqlmin.pdb" age="2" guid="BC8C7A86-66E1-451B-85B5-1AA1AF97324C" module="sqlmin" rva="0x142F0" />
2025-06-26 20:50:01.92 spid9s      <frame id="06" address="0xA02193CBA" pdb="sqlmin.pdb" age="2" guid="BC8C7A86-66E1-451B-85B5-1AA1AF97324C" module="sqlmin" rva="0x13CBA" />
2025-06-26 20:50:01.93 spid4s      <frame id="06" address="0xA02193CBA" pdb="sqlmin.pdb" age="2" guid="BC8C7A86-66E1-451B-85B5-1AA1AF97324C" module="sqlmin" rva="0x13CBA" />
2025-06-26 20:50:01.93 spid5s      <frame id="06" address="0xA02193CBA" pdb="sqlmin.pdb" age="2" guid="BC8C7A86-66E1-451B-85B5-1AA1AF97324C" module="sqlmin" rva="0x13CBA" />
2025-06-26 20:50:01.93 spid17s     <frame id="06" address="0xA02193CBA" pdb="sqlmin.pdb" age="2" guid="BC8C7A86-66E1-451B-85B5-1AA1AF97324C" module="sqlmin" rva="0x13CBA" />
2025-06-26 20:50:01.94 spid55s     <frame id="06" address="0xA02193CBA" pdb="sqlmin.pdb" age="2" guid="BC8C7A86-66E1-451B-85B5-1AA1AF97324C" module="sqlmin" rva="0x13CBA" />
2025-06-26 20:50:01.94 spid43s     <frame id="06" address="0xA02193CBA" pdb="sqlmin.pdb" age="2" guid="BC8C7A86-66E1-451B-85B5-1AA1AF97324C" module="sqlmin" rva="0x13CBA" />
2025-06-26 20:50:01.94 spid10s     <frame id="06" address="0xA02193CBA" pdb="sqlmin.pdb" age="2" guid="BC8C7A86-66E1-451B-85B5-1AA1AF97324C" module="sqlmin" rva="0x13CBA" />
2025-06-26 20:50:01.94 spid3s      <frame id="06" address="0xA02193CBA" pdb="sqlmin.pdb" age="2" guid="BC8C7A86-66E1-451B-85B5-1AA1AF97324C" module="sqlmin" rva="0x13CBA" />
2025-06-26 20:50:01.95 spid9s      <frame id="07" address="0xA021936C4" pdb="sqlmin.pdb" age="2" guid="BC8C7A86-66E1-451B-85B5-1AA1AF97324C" module="sqlmin" rva="0x136C4" />
2025-06-26 20:50:01.95 spid4s      <frame id="07" address="0xA021936C4" pdb="sqlmin.pdb" age="2" guid="BC8C7A86-66E1-451B-85B5-1AA1AF97324C" module="sqlmin" rva="0x136C4" />
2025-06-26 20:50:01.96 spid5s      <frame id="07" address="0xA021936C4" pdb="sqlmin.pdb" age="2" guid="BC8C7A86-66E1-451B-85B5-1AA1AF97324C" module="sqlmin" rva="0x136C4" />
2025-06-26 20:50:01.96 spid17s     <frame id="07" address="0xA021936C4" pdb="sqlmin.pdb" age="2" guid="BC8C7A86-66E1-451B-85B5-1AA1AF97324C" module="sqlmin" rva="0x136C4" />
2025-06-26 20:50:01.97 spid55s     <frame id="07" address="0xA021936C4" pdb="sqlmin.pdb" age="2" guid="BC8C7A86-66E1-451B-85B5-1AA1AF97324C" module="sqlmin" rva="0x136C4" />
2025-06-26 20:50:01.97 spid43s     <frame id="07" address="0xA021936C4" pdb="sqlmin.pdb" age="2" guid="BC8C7A86-66E1-451B-85B5-1AA1AF97324C" module="sqlmin" rva="0x136C4" />
2025-06-26 20:50:01.97 spid10s     <frame id="07" address="0xA021936C4" pdb="sqlmin.pdb" age="2" guid="BC8C7A86-66E1-451B-85B5-1AA1AF97324C" module="sqlmin" rva="0x136C4" />
2025-06-26 20:50:01.97 spid3s      <frame id="07" address="0xA021936C4" pdb="sqlmin.pdb" age="2" guid="BC8C7A86-66E1-451B-85B5-1AA1AF97324C" module="sqlmin" rva="0x136C4" />
2025-06-26 20:50:01.98 spid9s      <frame id="08" address="0xA02192DA4" pdb="sqlmin.pdb" age="2" guid="BC8C7A86-66E1-451B-85B5-1AA1AF97324C" module="sqlmin" rva="0x12DA4" />
2025-06-26 20:50:01.98 spid4s      <frame id="08" address="0xA02192DA4" pdb="sqlmin.pdb" age="2" guid="BC8C7A86-66E1-451B-85B5-1AA1AF97324C" module="sqlmin" rva="0x12DA4" />
2025-06-26 20:50:01.98 spid5s      <frame id="08" address="0xA02192DA4" pdb="sqlmin.pdb" age="2" guid="BC8C7A86-66E1-451B-85B5-1AA1AF97324C" module="sqlmin" rva="0x12DA4" />
2025-06-26 20:50:01.98 spid17s     <frame id="08" address="0xA02192DA4" pdb="sqlmin.pdb" age="2" guid="BC8C7A86-66E1-451B-85B5-1AA1AF97324C" module="sqlmin" rva="0x12DA4" />
2025-06-26 20:50:01.99 spid55s     <frame id="08" address="0xA02192DA4" pdb="sqlmin.pdb" age="2" guid="BC8C7A86-66E1-451B-85B5-1AA1AF97324C" module="sqlmin" rva="0x12DA4" />
2025-06-26 20:50:01.99 spid43s     <frame id="08" address="0xA02192DA4" pdb="sqlmin.pdb" age="2" guid="BC8C7A86-66E1-451B-85B5-1AA1AF97324C" module="sqlmin" rva="0x12DA4" />
2025-06-26 20:50:01.99 spid10s     <frame id="08" address="0xA02192DA4" pdb="sqlmin.pdb" age="2" guid="BC8C7A86-66E1-451B-85B5-1AA1AF97324C" module="sqlmin" rva="0x12DA4" />
2025-06-26 20:50:02.00 spid3s      <frame id="08" address="0xA02192DA4" pdb="sqlmin.pdb" age="2" guid="BC8C7A86-66E1-451B-85B5-1AA1AF97324C" module="sqlmin" rva="0x12DA4" />
2025-06-26 20:50:02.00 spid9s      <frame id="09" address="0xA021938E8" pdb="sqlmin.pdb" age="2" guid="BC8C7A86-66E1-451B-85B5-1AA1AF97324C" module="sqlmin" rva="0x138E8" />
2025-06-26 20:50:02.00 spid4s      <frame id="09" address="0xA021938E8" pdb="sqlmin.pdb" age="2" guid="BC8C7A86-66E1-451B-85B5-1AA1AF97324C" module="sqlmin" rva="0x138E8" />
2025-06-26 20:50:02.00 spid5s      <frame id="09" address="0xA021938E8" pdb="sqlmin.pdb" age="2" guid="BC8C7A86-66E1-451B-85B5-1AA1AF97324C" module="sqlmin" rva="0x138E8" />
2025-06-26 20:50:02.01 spid17s     <frame id="09" address="0xA021938E8" pdb="sqlmin.pdb" age="2" guid="BC8C7A86-66E1-451B-85B5-1AA1AF97324C" module="sqlmin" rva="0x138E8" />
2025-06-26 20:50:02.03 spid5s      <frame id="10" address="0xA02194A30" pdb="sqlmin.pdb" age="2" guid="BC8C7A86-66E1-451B-85B5-1AA1AF97324C" module="sqlmin" rva="0x14A30" />
2025-06-26 20:50:02.01 spid43s     <frame id="09" address="0xA021938E8" pdb="sqlmin.pdb" age="2" guid="BC8C7A86-66E1-451B-85B5-1AA1AF97324C" module="sqlmin" rva="0x138E8" />
2025-06-26 20:50:02.01 spid10s     <frame id="09" address="0xA021938E8" pdb="sqlmin.pdb" age="2" guid="BC8C7A86-66E1-451B-85B5-1AA1AF97324C" module="sqlmin" rva="0x138E8" />
2025-06-26 20:50:02.02 spid3s      <frame id="09" address="0xA021938E8" pdb="sqlmin.pdb" age="2" guid="BC8C7A86-66E1-451B-85B5-1AA1AF97324C" module="sqlmin" rva="0x138E8" />
2025-06-26 20:50:02.02 spid9s      <frame id="10" address="0xA02194A30" pdb="sqlmin.pdb" age="2" guid="BC8C7A86-66E1-451B-85B5-1AA1AF97324C" module="sqlmin" rva="0x14A30" />
2025-06-26 20:50:02.02 spid4s      <frame id="10" address="0xA02194A30" pdb="sqlmin.pdb" age="2" guid="BC8C7A86-66E1-451B-85B5-1AA1AF97324C" module="sqlmin" rva="0x14A30" />
2025-06-26 20:50:02.01 spid55s     <frame id="09" address="0xA021938E8" pdb="sqlmin.pdb" age="2" guid="BC8C7A86-66E1-451B-85B5-1AA1AF97324C" module="sqlmin" rva="0x138E8" />
2025-06-26 20:50:02.03 spid17s     <frame id="10" address="0xA02194A30" pdb="sqlmin.pdb" age="2" guid="BC8C7A86-66E1-451B-85B5-1AA1AF97324C" module="sqlmin" rva="0x14A30" />
2025-06-26 20:50:02.03 spid5s      <frame id="11" address="0xA021910CD" pdb="sqlmin.pdb" age="2" guid="BC8C7A86-66E1-451B-85B5-1AA1AF97324C" module="sqlmin" rva="0x110CD" />
2025-06-26 20:50:02.04 spid43s     <frame id="10" address="0xA02194A30" pdb="sqlmin.pdb" age="2" guid="BC8C7A86-66E1-451B-85B5-1AA1AF97324C" module="sqlmin" rva="0x14A30" />
2025-06-26 20:50:02.04 spid10s     <frame id="10" address="0xA02194A30" pdb="sqlmin.pdb" age="2" guid="BC8C7A86-66E1-451B-85B5-1AA1AF97324C" module="sqlmin" rva="0x14A30" />
2025-06-26 20:50:02.04 spid3s      <frame id="10" address="0xA02194A30" pdb="sqlmin.pdb" age="2" guid="BC8C7A86-66E1-451B-85B5-1AA1AF97324C" module="sqlmin" rva="0x14A30" />
2025-06-26 20:50:02.04 spid9s      <frame id="11" address="0xA021910CD" pdb="sqlmin.pdb" age="2" guid="BC8C7A86-66E1-451B-85B5-1AA1AF97324C" module="sqlmin" rva="0x110CD" />
2025-06-26 20:50:02.04 spid4s      <frame id="11" address="0xA021910CD" pdb="sqlmin.pdb" age="2" guid="BC8C7A86-66E1-451B-85B5-1AA1AF97324C" module="sqlmin" rva="0x110CD" />
2025-06-26 20:50:02.05 spid55s     <frame id="10" address="0xA02194A30" pdb="sqlmin.pdb" age="2" guid="BC8C7A86-66E1-451B-85B5-1AA1AF97324C" module="sqlmin" rva="0x14A30" />
2025-06-26 20:50:02.06 spid3s      <frame id="11" address="0xA021910CD" pdb="sqlmin.pdb" age="2" guid="BC8C7A86-66E1-451B-85B5-1AA1AF97324C" module="sqlmin" rva="0x110CD" />
2025-06-26 20:50:02.05 spid5s      <frame id="12" address="0xA02190260" pdb="sqlmin.pdb" age="2" guid="BC8C7A86-66E1-451B-85B5-1AA1AF97324C" module="sqlmin" rva="0x10260" />
2025-06-26 20:50:02.05 spid43s     <frame id="11" address="0xA021910CD" pdb="sqlmin.pdb" age="2" guid="BC8C7A86-66E1-451B-85B5-1AA1AF97324C" module="sqlmin" rva="0x110CD" />
2025-06-26 20:50:02.05 spid10s     <frame id="11" address="0xA021910CD" pdb="sqlmin.pdb" age="2" guid="BC8C7A86-66E1-451B-85B5-1AA1AF97324C" module="sqlmin" rva="0x110CD" />
2025-06-26 20:50:02.05 spid17s     <frame id="11" address="0xA021910CD" pdb="sqlmin.pdb" age="2" guid="BC8C7A86-66E1-451B-85B5-1AA1AF97324C" module="sqlmin" rva="0x110CD" />
2025-06-26 20:50:02.06 spid9s      <frame id="12" address="0xA02190260" pdb="sqlmin.pdb" age="2" guid="BC8C7A86-66E1-451B-85B5-1AA1AF97324C" module="sqlmin" rva="0x10260" />
2025-06-26 20:50:02.07 spid4s      <frame id="12" address="0xA02190260" pdb="sqlmin.pdb" age="2" guid="BC8C7A86-66E1-451B-85B5-1AA1AF97324C" module="sqlmin" rva="0x10260" />
2025-06-26 20:50:02.07 spid55s     <frame id="11" address="0xA021910CD" pdb="sqlmin.pdb" age="2" guid="BC8C7A86-66E1-451B-85B5-1AA1AF97324C" module="sqlmin" rva="0x110CD" />
2025-06-26 20:50:02.08 spid10s     <frame id="12" address="0xA02190260" pdb="sqlmin.pdb" age="2" guid="BC8C7A86-66E1-451B-85B5-1AA1AF97324C" module="sqlmin" rva="0x10260" />
2025-06-26 20:50:02.07 spid5s      <frame id="13" address="0xA021A10D1" pdb="sqlmin.pdb" age="2" guid="BC8C7A86-66E1-451B-85B5-1AA1AF97324C" module="sqlmin" rva="0x210D1" />
2025-06-26 20:50:02.08 spid43s     <frame id="12" address="0xA02190260" pdb="sqlmin.pdb" age="2" guid="BC8C7A86-66E1-451B-85B5-1AA1AF97324C" module="sqlmin" rva="0x10260" />
2025-06-26 20:50:02.07 spid3s      <frame id="12" address="0xA02190260" pdb="sqlmin.pdb" age="2" guid="BC8C7A86-66E1-451B-85B5-1AA1AF97324C" module="sqlmin" rva="0x10260" />
2025-06-26 20:50:02.08 spid17s     <frame id="12" address="0xA02190260" pdb="sqlmin.pdb" age="2" guid="BC8C7A86-66E1-451B-85B5-1AA1AF97324C" module="sqlmin" rva="0x10260" />
2025-06-26 20:50:02.08 spid9s      <frame id="13" address="0xA021A10D1" pdb="sqlmin.pdb" age="2" guid="BC8C7A86-66E1-451B-85B5-1AA1AF97324C" module="sqlmin" rva="0x210D1" />
2025-06-26 20:50:02.08 spid4s      <frame id="13" address="0xA021A10D1" pdb="sqlmin.pdb" age="2" guid="BC8C7A86-66E1-451B-85B5-1AA1AF97324C" module="sqlmin" rva="0x210D1" />
2025-06-26 20:50:02.09 spid55s     <frame id="12" address="0xA02190260" pdb="sqlmin.pdb" age="2" guid="BC8C7A86-66E1-451B-85B5-1AA1AF97324C" module="sqlmin" rva="0x10260" />
2025-06-26 20:50:02.09 spid10s     <frame id="13" address="0xA021A10D1" pdb="sqlmin.pdb" age="2" guid="BC8C7A86-66E1-451B-85B5-1AA1AF97324C" module="sqlmin" rva="0x210D1" />
2025-06-26 20:50:02.09 spid5s      <frame id="14" address="0xA021A5A0E" pdb="sqlmin.pdb" age="2" guid="BC8C7A86-66E1-451B-85B5-1AA1AF97324C" module="sqlmin" rva="0x25A0E" />
2025-06-26 20:50:02.09 spid43s     <frame id="13" address="0xA021A10D1" pdb="sqlmin.pdb" age="2" guid="BC8C7A86-66E1-451B-85B5-1AA1AF97324C" module="sqlmin" rva="0x210D1" />
2025-06-26 20:50:02.10 spid3s      <frame id="13" address="0xA021A10D1" pdb="sqlmin.pdb" age="2" guid="BC8C7A86-66E1-451B-85B5-1AA1AF97324C" module="sqlmin" rva="0x210D1" />
2025-06-26 20:50:02.10 spid17s     <frame id="13" address="0xA021A10D1" pdb="sqlmin.pdb" age="2" guid="BC8C7A86-66E1-451B-85B5-1AA1AF97324C" module="sqlmin" rva="0x210D1" />
2025-06-26 20:50:02.10 spid9s      <frame id="14" address="0xA021A5A0E" pdb="sqlmin.pdb" age="2" guid="BC8C7A86-66E1-451B-85B5-1AA1AF97324C" module="sqlmin" rva="0x25A0E" />
2025-06-26 20:50:02.10 spid4s      <frame id="14" address="0xA021A5A0E" pdb="sqlmin.pdb" age="2" guid="BC8C7A86-66E1-451B-85B5-1AA1AF97324C" module="sqlmin" rva="0x25A0E" />
2025-06-26 20:50:02.10 spid55s     <frame id="13" address="0xA021A10D1" pdb="sqlmin.pdb" age="2" guid="BC8C7A86-66E1-451B-85B5-1AA1AF97324C" module="sqlmin" rva="0x210D1" />
2025-06-26 20:50:02.10 spid10s     <frame id="14" address="0xA021A5A0E" pdb="sqlmin.pdb" age="2" guid="BC8C7A86-66E1-451B-85B5-1AA1AF97324C" module="sqlmin" rva="0x25A0E" />
2025-06-26 20:50:02.11 spid5s      <frame id="15" address="0xA021A5F72" pdb="sqlmin.pdb" age="2" guid="BC8C7A86-66E1-451B-85B5-1AA1AF97324C" module="sqlmin" rva="0x25F72" />
2025-06-26 20:50:02.11 spid43s     <frame id="14" address="0xA021A5A0E" pdb="sqlmin.pdb" age="2" guid="BC8C7A86-66E1-451B-85B5-1AA1AF97324C" module="sqlmin" rva="0x25A0E" />
2025-06-26 20:50:02.14 spid5s      <frame id="16" address="0xA023586E2" pdb="sqlmin.pdb" age="2" guid="BC8C7A86-66E1-451B-85B5-1AA1AF97324C" module="sqlmin" rva="0x1D86E2" />
2025-06-26 20:50:02.13 spid17s     <frame id="14" address="0xA021A5A0E" pdb="sqlmin.pdb" age="2" guid="BC8C7A86-66E1-451B-85B5-1AA1AF97324C" module="sqlmin" rva="0x25A0E" />
2025-06-26 20:50:02.13 spid9s      <frame id="15" address="0xA021A5F72" pdb="sqlmin.pdb" age="2" guid="BC8C7A86-66E1-451B-85B5-1AA1AF97324C" module="sqlmin" rva="0x25F72" />
2025-06-26 20:50:02.13 spid4s      <frame id="15" address="0xA021A5F72" pdb="sqlmin.pdb" age="2" guid="BC8C7A86-66E1-451B-85B5-1AA1AF97324C" module="sqlmin" rva="0x25F72" />
2025-06-26 20:50:02.14 spid55s     <frame id="14" address="0xA021A5A0E" pdb="sqlmin.pdb" age="2" guid="BC8C7A86-66E1-451B-85B5-1AA1AF97324C" module="sqlmin" rva="0x25A0E" />
2025-06-26 20:50:02.14 spid10s     <frame id="15" address="0xA021A5F72" pdb="sqlmin.pdb" age="2" guid="BC8C7A86-66E1-451B-85B5-1AA1AF97324C" module="sqlmin" rva="0x25F72" />
2025-06-26 20:50:02.12 spid3s      <frame id="14" address="0xA021A5A0E" pdb="sqlmin.pdb" age="2" guid="BC8C7A86-66E1-451B-85B5-1AA1AF97324C" module="sqlmin" rva="0x25A0E" />
2025-06-26 20:50:02.14 spid43s     <frame id="15" address="0xA021A5F72" pdb="sqlmin.pdb" age="2" guid="BC8C7A86-66E1-451B-85B5-1AA1AF97324C" module="sqlmin" rva="0x25F72" />
2025-06-26 20:50:02.14 spid5s      <frame id="17" address="0xA021A475B" pdb="sqlmin.pdb" age="2" guid="BC8C7A86-66E1-451B-85B5-1AA1AF97324C" module="sqlmin" rva="0x2475B" />
2025-06-26 20:50:02.15 spid17s     <frame id="15" address="0xA021A5F72" pdb="sqlmin.pdb" age="2" guid="BC8C7A86-66E1-451B-85B5-1AA1AF97324C" module="sqlmin" rva="0x25F72" />
2025-06-26 20:50:02.15 spid9s      <frame id="16" address="0xA023552F2" pdb="sqlmin.pdb" age="2" guid="BC8C7A86-66E1-451B-85B5-1AA1AF97324C" module="sqlmin" rva="0x1D52F2" />
2025-06-26 20:50:02.16 spid4s      <frame id="16" address="0xA023561D2" pdb="sqlmin.pdb" age="2" guid="BC8C7A86-66E1-451B-85B5-1AA1AF97324C" module="sqlmin" rva="0x1D61D2" />
2025-06-26 20:50:02.16 spid55s     <frame id="15" address="0xA021A5F72" pdb="sqlmin.pdb" age="2" guid="BC8C7A86-66E1-451B-85B5-1AA1AF97324C" module="sqlmin" rva="0x25F72" />
2025-06-26 20:50:02.16 spid10s     <frame id="16" address="0xA021A6E16" pdb="sqlmin.pdb" age="2" guid="BC8C7A86-66E1-451B-85B5-1AA1AF97324C" module="sqlmin" rva="0x26E16" />
2025-06-26 20:50:02.17 spid43s     <frame id="16" address="0xA0574A7D8" pdb="sqllang.pdb" age="2" guid="77A4EE9E-51E3-4460-88B9-36B93670AB76" module="sqllang" rva="0x39A7D8" />
2025-06-26 20:50:02.17 spid3s      <frame id="15" address="0xA021A5F72" pdb="sqlmin.pdb" age="2" guid="BC8C7A86-66E1-451B-85B5-1AA1AF97324C" module="sqlmin" rva="0x25F72" />
2025-06-26 20:50:02.18 spid5s      <frame id="18" address="0xA021A4446" pdb="sqlmin.pdb" age="2" guid="BC8C7A86-66E1-451B-85B5-1AA1AF97324C" module="sqlmin" rva="0x24446" />
2025-06-26 20:50:02.18 spid17s     <frame id="16" address="0xA02350277" pdb="sqlmin.pdb" age="2" guid="BC8C7A86-66E1-451B-85B5-1AA1AF97324C" module="sqlmin" rva="0x1D0277" />
2025-06-26 20:50:02.18 spid9s      <frame id="17" address="0xA023551D9" pdb="sqlmin.pdb" age="2" guid="BC8C7A86-66E1-451B-85B5-1AA1AF97324C" module="sqlmin" rva="0x1D51D9" />
2025-06-26 20:50:02.18 spid4s      <frame id="17" address="0xA02356098" pdb="sqlmin.pdb" age="2" guid="BC8C7A86-66E1-451B-85B5-1AA1AF97324C" module="sqlmin" rva="0x1D6098" />
2025-06-26 20:50:02.18 spid55s     <frame id="16" address="0xA02356812" pdb="sqlmin.pdb" age="2" guid="BC8C7A86-66E1-451B-85B5-1AA1AF97324C" module="sqlmin" rva="0x1D6812" />
2025-06-26 20:50:02.18 spid10s     <frame id="17" address="0xA021A492A" pdb="sqlmin.pdb" age="2" guid="BC8C7A86-66E1-451B-85B5-1AA1AF97324C" module="sqlmin" rva="0x2492A" />
2025-06-26 20:50:02.19 spid43s     <frame id="17" address="0xA0574A6A0" pdb="sqllang.pdb" age="2" guid="77A4EE9E-51E3-4460-88B9-36B93670AB76" module="sqllang" rva="0x39A6A0" />
2025-06-26 20:50:02.19 spid3s      <frame id="16" address="0xA0238D940" pdb="sqlmin.pdb" age="2" guid="BC8C7A86-66E1-451B-85B5-1AA1AF97324C" module="sqlmin" rva="0x20D940" />
2025-06-26 20:50:02.19 spid5s      <frame id="19" address="0xA053B53E4" pdb="sqllang.pdb" age="2" guid="77A4EE9E-51E3-4460-88B9-36B93670AB76" module="sqllang" rva="0x53E4" />
2025-06-26 20:50:02.20 spid3s      <frame id="17" address="0xA0238D57B" pdb="sqlmin.pdb" age="2" guid="BC8C7A86-66E1-451B-85B5-1AA1AF97324C" module="sqlmin" rva="0x20D57B" />
2025-06-26 20:50:02.19 spid9s      <frame id="18" address="0xA021A475B" pdb="sqlmin.pdb" age="2" guid="BC8C7A86-66E1-451B-85B5-1AA1AF97324C" module="sqlmin" rva="0x2475B" />
2025-06-26 20:50:02.19 spid4s      <frame id="18" address="0xA021A475B" pdb="sqlmin.pdb" age="2" guid="BC8C7A86-66E1-451B-85B5-1AA1AF97324C" module="sqlmin" rva="0x2475B" />
2025-06-26 20:50:02.20 spid55s     <frame id="17" address="0xA02356695" pdb="sqlmin.pdb" age="2" guid="BC8C7A86-66E1-451B-85B5-1AA1AF97324C" module="sqlmin" rva="0x1D6695" />
2025-06-26 20:50:02.20 spid10s     <frame id="18" address="0xA021A475B" pdb="sqlmin.pdb" age="2" guid="BC8C7A86-66E1-451B-85B5-1AA1AF97324C" module="sqlmin" rva="0x2475B" />
2025-06-26 20:50:02.20 spid43s     <frame id="18" address="0xA0574B271" pdb="sqllang.pdb" age="2" guid="77A4EE9E-51E3-4460-88B9-36B93670AB76" module="sqllang" rva="0x39B271" />
2025-06-26 20:50:02.19 spid17s     <frame id="17" address="0xA0234FFA7" pdb="sqlmin.pdb" age="2" guid="BC8C7A86-66E1-451B-85B5-1AA1AF97324C" module="sqlmin" rva="0x1CFFA7" />
2025-06-26 20:50:02.20 spid5s      <frame id="20" address="0xA021A4145" pdb="sqlmin.pdb" age="2" guid="BC8C7A86-66E1-451B-85B5-1AA1AF97324C" module="sqlmin" rva="0x24145" />
2025-06-26 20:50:02.20 spid3s      <frame id="18" address="0xA021A475B" pdb="sqlmin.pdb" age="2" guid="BC8C7A86-66E1-451B-85B5-1AA1AF97324C" module="sqlmin" rva="0x2475B" />
2025-06-26 20:50:02.21 spid9s      <frame id="19" address="0xA021A4446" pdb="sqlmin.pdb" age="2" guid="BC8C7A86-66E1-451B-85B5-1AA1AF97324C" module="sqlmin" rva="0x24446" />
2025-06-26 20:50:02.21 spid4s      <frame id="19" address="0xA021A4446" pdb="sqlmin.pdb" age="2" guid="BC8C7A86-66E1-451B-85B5-1AA1AF97324C" module="sqlmin" rva="0x24446" />
2025-06-26 20:50:02.21 spid55s     <frame id="18" address="0xA021A475B" pdb="sqlmin.pdb" age="2" guid="BC8C7A86-66E1-451B-85B5-1AA1AF97324C" module="sqlmin" rva="0x2475B" />
2025-06-26 20:50:02.21 spid10s     <frame id="19" address="0xA021A4446" pdb="sqlmin.pdb" age="2" guid="BC8C7A86-66E1-451B-85B5-1AA1AF97324C" module="sqlmin" rva="0x24446" />
2025-06-26 20:50:02.22 spid43s     <frame id="19" address="0xA021A475B" pdb="sqlmin.pdb" age="2" guid="BC8C7A86-66E1-451B-85B5-1AA1AF97324C" module="sqlmin" rva="0x2475B" />
2025-06-26 20:50:02.23 spid17s     <frame id="18" address="0xA021A475B" pdb="sqlmin.pdb" age="2" guid="BC8C7A86-66E1-451B-85B5-1AA1AF97324C" module="sqlmin" rva="0x2475B" />
2025-06-26 20:50:02.23 spid9s      <frame id="20" address="0xA053B53E4" pdb="sqllang.pdb" age="2" guid="77A4EE9E-51E3-4460-88B9-36B93670AB76" module="sqllang" rva="0x53E4" />
2025-06-26 20:50:02.23 spid5s      <frame id="21" address="0xA08CE87AB" pdb="SqlDK.pdb" age="2" guid="F350BA8B-6AE6-4460-83D9-76CE8B12EC27" module="SqlDK" rva="0x87AB" />
2025-06-26 20:50:02.23 spid3s      <frame id="19" address="0xA021A4446" pdb="sqlmin.pdb" age="2" guid="BC8C7A86-66E1-451B-85B5-1AA1AF97324C" module="sqlmin" rva="0x24446" />
2025-06-26 20:50:02.23 spid4s      <frame id="20" address="0xA053B53E4" pdb="sqllang.pdb" age="2" guid="77A4EE9E-51E3-4460-88B9-36B93670AB76" module="sqllang" rva="0x53E4" />
2025-06-26 20:50:02.24 spid55s     <frame id="19" address="0xA021A4446" pdb="sqlmin.pdb" age="2" guid="BC8C7A86-66E1-451B-85B5-1AA1AF97324C" module="sqlmin" rva="0x24446" />
2025-06-26 20:50:02.24 spid10s     <frame id="20" address="0xA053B53E4" pdb="sqllang.pdb" age="2" guid="77A4EE9E-51E3-4460-88B9-36B93670AB76" module="sqllang" rva="0x53E4" />
2025-06-26 20:50:02.24 spid43s     <frame id="20" address="0xA021A4446" pdb="sqlmin.pdb" age="2" guid="BC8C7A86-66E1-451B-85B5-1AA1AF97324C" module="sqlmin" rva="0x24446" />
2025-06-26 20:50:02.24 spid17s     <frame id="19" address="0xA021A4446" pdb="sqlmin.pdb" age="2" guid="BC8C7A86-66E1-451B-85B5-1AA1AF97324C" module="sqlmin" rva="0x24446" />
2025-06-26 20:50:02.24 spid9s      <frame id="21" address="0xA021A4145" pdb="sqlmin.pdb" age="2" guid="BC8C7A86-66E1-451B-85B5-1AA1AF97324C" module="sqlmin" rva="0x24145" />
2025-06-26 20:50:02.24 spid5s      <frame id="22" address="0xA08CE8DB5" pdb="SqlDK.pdb" age="2" guid="F350BA8B-6AE6-4460-83D9-76CE8B12EC27" module="SqlDK" rva="0x8DB5" />
2025-06-26 20:50:02.25 spid4s      <frame id="21" address="0xA021A4145" pdb="sqlmin.pdb" age="2" guid="BC8C7A86-66E1-451B-85B5-1AA1AF97324C" module="sqlmin" rva="0x24145" />
2025-06-26 20:50:02.25 spid3s      <frame id="20" address="0xA053B53E4" pdb="sqllang.pdb" age="2" guid="77A4EE9E-51E3-4460-88B9-36B93670AB76" module="sqllang" rva="0x53E4" />
2025-06-26 20:50:02.25 spid55s     <frame id="20" address="0xA053B53E4" pdb="sqllang.pdb" age="2" guid="77A4EE9E-51E3-4460-88B9-36B93670AB76" module="sqllang" rva="0x53E4" />
2025-06-26 20:50:02.25 spid10s     <frame id="21" address="0xA021A4145" pdb="sqlmin.pdb" age="2" guid="BC8C7A86-66E1-451B-85B5-1AA1AF97324C" module="sqlmin" rva="0x24145" />
2025-06-26 20:50:02.25 spid43s     <frame id="21" address="0xA053B53E4" pdb="sqllang.pdb" age="2" guid="77A4EE9E-51E3-4460-88B9-36B93670AB76" module="sqllang" rva="0x53E4" />
2025-06-26 20:50:02.25 spid17s     <frame id="20" address="0xA053B53E4" pdb="sqllang.pdb" age="2" guid="77A4EE9E-51E3-4460-88B9-36B93670AB76" module="sqllang" rva="0x53E4" />
2025-06-26 20:50:02.26 spid9s      <frame id="22" address="0xA08CE87AB" pdb="SqlDK.pdb" age="2" guid="F350BA8B-6AE6-4460-83D9-76CE8B12EC27" module="SqlDK" rva="0x87AB" />
2025-06-26 20:50:02.26 spid5s      <frame id="23" address="0xA08CE8914" pdb="SqlDK.pdb" age="2" guid="F350BA8B-6AE6-4460-83D9-76CE8B12EC27" module="SqlDK" rva="0x8914" />
2025-06-26 20:50:02.27 spid9s      <frame id="23" address="0xA08CE8DB5" pdb="SqlDK.pdb" age="2" guid="F350BA8B-6AE6-4460-83D9-76CE8B12EC27" module="SqlDK" rva="0x8DB5" />
2025-06-26 20:50:02.26 spid3s      <frame id="21" address="0xA021A4145" pdb="sqlmin.pdb" age="2" guid="BC8C7A86-66E1-451B-85B5-1AA1AF97324C" module="sqlmin" rva="0x24145" />
2025-06-26 20:50:02.26 spid55s     <frame id="21" address="0xA021A4145" pdb="sqlmin.pdb" age="2" guid="BC8C7A86-66E1-451B-85B5-1AA1AF97324C" module="sqlmin" rva="0x24145" />
2025-06-26 20:50:02.27 spid10s     <frame id="22" address="0xA08CE87AB" pdb="SqlDK.pdb" age="2" guid="F350BA8B-6AE6-4460-83D9-76CE8B12EC27" module="SqlDK" rva="0x87AB" />
2025-06-26 20:50:02.27 spid43s     <frame id="22" address="0xA021A4145" pdb="sqlmin.pdb" age="2" guid="BC8C7A86-66E1-451B-85B5-1AA1AF97324C" module="sqlmin" rva="0x24145" />
2025-06-26 20:50:02.27 spid17s     <frame id="21" address="0xA021A4145" pdb="sqlmin.pdb" age="2" guid="BC8C7A86-66E1-451B-85B5-1AA1AF97324C" module="sqlmin" rva="0x24145" />
2025-06-26 20:50:02.26 spid4s      <frame id="22" address="0xA08CE87AB" pdb="SqlDK.pdb" age="2" guid="F350BA8B-6AE6-4460-83D9-76CE8B12EC27" module="SqlDK" rva="0x87AB" />
2025-06-26 20:50:02.28 spid5s      <frame id="24" address="0xA08D08353" pdb="SqlDK.pdb" age="2" guid="F350BA8B-6AE6-4460-83D9-76CE8B12EC27" module="SqlDK" rva="0x28353" />
2025-06-26 20:50:02.28 spid9s      <frame id="24" address="0xA08CE8914" pdb="SqlDK.pdb" age="2" guid="F350BA8B-6AE6-4460-83D9-76CE8B12EC27" module="SqlDK" rva="0x8914" />
2025-06-26 20:50:02.28 spid3s      <frame id="22" address="0xA08CE87AB" pdb="SqlDK.pdb" age="2" guid="F350BA8B-6AE6-4460-83D9-76CE8B12EC27" module="SqlDK" rva="0x87AB" />
2025-06-26 20:50:02.29 spid55s     <frame id="22" address="0xA08CE87AB" pdb="SqlDK.pdb" age="2" guid="F350BA8B-6AE6-4460-83D9-76CE8B12EC27" module="SqlDK" rva="0x87AB" />
2025-06-26 20:50:02.29 spid10s     <frame id="23" address="0xA08CE8DB5" pdb="SqlDK.pdb" age="2" guid="F350BA8B-6AE6-4460-83D9-76CE8B12EC27" module="SqlDK" rva="0x8DB5" />
2025-06-26 20:50:02.29 spid43s     <frame id="23" address="0xA08CE87AB" pdb="SqlDK.pdb" age="2" guid="F350BA8B-6AE6-4460-83D9-76CE8B12EC27" module="SqlDK" rva="0x87AB" />
2025-06-26 20:50:02.30 spid17s     <frame id="22" address="0xA08CE87AB" pdb="SqlDK.pdb" age="2" guid="F350BA8B-6AE6-4460-83D9-76CE8B12EC27" module="SqlDK" rva="0x87AB" />
2025-06-26 20:50:02.30 spid4s      <frame id="23" address="0xA08CE8DB5" pdb="SqlDK.pdb" age="2" guid="F350BA8B-6AE6-4460-83D9-76CE8B12EC27" module="SqlDK" rva="0x8DB5" />
2025-06-26 20:50:02.30 spid5s      <frame id="25" address="0xA08D086CC" pdb="SqlDK.pdb" age="2" guid="F350BA8B-6AE6-4460-83D9-76CE8B12EC27" module="SqlDK" rva="0x286CC" />
2025-06-26 20:50:02.30 spid9s      <frame id="25" address="0xA08D08353" pdb="SqlDK.pdb" age="2" guid="F350BA8B-6AE6-4460-83D9-76CE8B12EC27" module="SqlDK" rva="0x28353" />
2025-06-26 20:50:02.31 spid3s      <frame id="23" address="0xA08CE8DB5" pdb="SqlDK.pdb" age="2" guid="F350BA8B-6AE6-4460-83D9-76CE8B12EC27" module="SqlDK" rva="0x8DB5" />
2025-06-26 20:50:02.31 spid55s     <frame id="23" address="0xA08CE8DB5" pdb="SqlDK.pdb" age="2" guid="F350BA8B-6AE6-4460-83D9-76CE8B12EC27" module="SqlDK" rva="0x8DB5" />
2025-06-26 20:50:02.31 spid10s     <frame id="24" address="0xA08CE8914" pdb="SqlDK.pdb" age="2" guid="F350BA8B-6AE6-4460-83D9-76CE8B12EC27" module="SqlDK" rva="0x8914" />
2025-06-26 20:50:02.32 spid43s     <frame id="24" address="0xA08CE8DB5" pdb="SqlDK.pdb" age="2" guid="F350BA8B-6AE6-4460-83D9-76CE8B12EC27" module="SqlDK" rva="0x8DB5" />
2025-06-26 20:50:02.32 spid17s     <frame id="23" address="0xA08CE8DB5" pdb="SqlDK.pdb" age="2" guid="F350BA8B-6AE6-4460-83D9-76CE8B12EC27" module="SqlDK" rva="0x8DB5" />
2025-06-26 20:50:02.33 spid4s      <frame id="24" address="0xA08CE8914" pdb="SqlDK.pdb" age="2" guid="F350BA8B-6AE6-4460-83D9-76CE8B12EC27" module="SqlDK" rva="0x8914" />
2025-06-26 20:50:02.33 spid5s      <frame id="26" address="0xA08D08BC2" pdb="SqlDK.pdb" age="2" guid="F350BA8B-6AE6-4460-83D9-76CE8B12EC27" module="SqlDK" rva="0x28BC2" />
2025-06-26 20:50:02.33 spid9s      <frame id="26" address="0xA08D086CC" pdb="SqlDK.pdb" age="2" guid="F350BA8B-6AE6-4460-83D9-76CE8B12EC27" module="SqlDK" rva="0x286CC" />
2025-06-26 20:50:02.33 spid3s      <frame id="24" address="0xA08CE8914" pdb="SqlDK.pdb" age="2" guid="F350BA8B-6AE6-4460-83D9-76CE8B12EC27" module="SqlDK" rva="0x8914" />
2025-06-26 20:50:02.33 spid55s     <frame id="24" address="0xA08CE8914" pdb="SqlDK.pdb" age="2" guid="F350BA8B-6AE6-4460-83D9-76CE8B12EC27" module="SqlDK" rva="0x8914" />
2025-06-26 20:50:02.34 spid10s     <frame id="25" address="0xA08D08353" pdb="SqlDK.pdb" age="2" guid="F350BA8B-6AE6-4460-83D9-76CE8B12EC27" module="SqlDK" rva="0x28353" />
2025-06-26 20:50:02.34 spid43s     <frame id="25" address="0xA08CE8914" pdb="SqlDK.pdb" age="2" guid="F350BA8B-6AE6-4460-83D9-76CE8B12EC27" module="SqlDK" rva="0x8914" />
2025-06-26 20:50:02.34 spid17s     <frame id="24" address="0xA08CE8914" pdb="SqlDK.pdb" age="2" guid="F350BA8B-6AE6-4460-83D9-76CE8B12EC27" module="SqlDK" rva="0x8914" />
2025-06-26 20:50:02.34 spid4s      <frame id="25" address="0xA08D08353" pdb="SqlDK.pdb" age="2" guid="F350BA8B-6AE6-4460-83D9-76CE8B12EC27" module="SqlDK" rva="0x28353" />
2025-06-26 20:50:02.35 spid5s      <frame id="27" address="0xA08D08976" pdb="SqlDK.pdb" age="2" guid="F350BA8B-6AE6-4460-83D9-76CE8B12EC27" module="SqlDK" rva="0x28976" />
2025-06-26 20:50:02.35 spid9s      <frame id="27" address="0xA08D08BC2" pdb="SqlDK.pdb" age="2" guid="F350BA8B-6AE6-4460-83D9-76CE8B12EC27" module="SqlDK" rva="0x28BC2" />
2025-06-26 20:50:02.35 spid3s      <frame id="25" address="0xA08D08353" pdb="SqlDK.pdb" age="2" guid="F350BA8B-6AE6-4460-83D9-76CE8B12EC27" module="SqlDK" rva="0x28353" />
2025-06-26 20:50:02.35 spid55s     <frame id="25" address="0xA08D08353" pdb="SqlDK.pdb" age="2" guid="F350BA8B-6AE6-4460-83D9-76CE8B12EC27" module="SqlDK" rva="0x28353" />
2025-06-26 20:50:02.35 spid10s     <frame id="26" address="0xA08D086CC" pdb="SqlDK.pdb" age="2" guid="F350BA8B-6AE6-4460-83D9-76CE8B12EC27" module="SqlDK" rva="0x286CC" />
2025-06-26 20:50:02.35 spid43s     <frame id="26" address="0xA08D08353" pdb="SqlDK.pdb" age="2" guid="F350BA8B-6AE6-4460-83D9-76CE8B12EC27" module="SqlDK" rva="0x28353" />
2025-06-26 20:50:02.36 spid17s     <frame id="25" address="0xA08D08353" pdb="SqlDK.pdb" age="2" guid="F350BA8B-6AE6-4460-83D9-76CE8B12EC27" module="SqlDK" rva="0x28353" />
2025-06-26 20:50:02.36 spid4s      <frame id="26" address="0xA08D086CC" pdb="SqlDK.pdb" age="2" guid="F350BA8B-6AE6-4460-83D9-76CE8B12EC27" module="SqlDK" rva="0x286CC" />
2025-06-26 20:50:02.36 spid5s      <frame id="28" address="0xA015E7AF4" pdb="kernel32.pdb" age="1" guid="E4CC0E21-BDDF-68A6-8D56-D644BB74B131" module="kernel32" rva="0x17AF4" />
2025-06-26 20:50:02.36 spid9s      <frame id="28" address="0xA08D08976" pdb="SqlDK.pdb" age="2" guid="F350BA8B-6AE6-4460-83D9-76CE8B12EC27" module="SqlDK" rva="0x28976" />
2025-06-26 20:50:02.36 spid3s      <frame id="26" address="0xA08D086CC" pdb="SqlDK.pdb" age="2" guid="F350BA8B-6AE6-4460-83D9-76CE8B12EC27" module="SqlDK" rva="0x286CC" />
2025-06-26 20:50:02.37 spid55s     <frame id="26" address="0xA08D086CC" pdb="SqlDK.pdb" age="2" guid="F350BA8B-6AE6-4460-83D9-76CE8B12EC27" module="SqlDK" rva="0x286CC" />
2025-06-26 20:50:02.37 spid10s     <frame id="27" address="0xA08D08BC2" pdb="SqlDK.pdb" age="2" guid="F350BA8B-6AE6-4460-83D9-76CE8B12EC27" module="SqlDK" rva="0x28BC2" />
2025-06-26 20:50:02.37 spid43s     <frame id="27" address="0xA08D086CC" pdb="SqlDK.pdb" age="2" guid="F350BA8B-6AE6-4460-83D9-76CE8B12EC27" module="SqlDK" rva="0x286CC" />
2025-06-26 20:50:02.37 spid17s     <frame id="26" address="0xA08D086CC" pdb="SqlDK.pdb" age="2" guid="F350BA8B-6AE6-4460-83D9-76CE8B12EC27" module="SqlDK" rva="0x286CC" />
2025-06-26 20:50:02.37 spid4s      <frame id="27" address="0xA08D08BC2" pdb="SqlDK.pdb" age="2" guid="F350BA8B-6AE6-4460-83D9-76CE8B12EC27" module="SqlDK" rva="0x28BC2" />
2025-06-26 20:50:02.37 spid5s      <frame id="29" address="0xA000644A1" pdb="ntdll.pdb" age="1" guid="7CF052A3-2E1E-8ED4-0593-CC2297317058" module="ntdll" rva="0x244A1" />
2025-06-26 20:50:02.38 spid9s      <frame id="29" address="0xA015E7AF4" pdb="kernel32.pdb" age="1" guid="E4CC0E21-BDDF-68A6-8D56-D644BB74B131" module="kernel32" rva="0x17AF4" />
2025-06-26 20:50:02.38 spid3s      <frame id="27" address="0xA08D08BC2" pdb="SqlDK.pdb" age="2" guid="F350BA8B-6AE6-4460-83D9-76CE8B12EC27" module="SqlDK" rva="0x28BC2" />
2025-06-26 20:50:02.38 spid55s     <frame id="27" address="0xA08D08BC2" pdb="SqlDK.pdb" age="2" guid="F350BA8B-6AE6-4460-83D9-76CE8B12EC27" module="SqlDK" rva="0x28BC2" />
2025-06-26 20:50:02.39 spid10s     <frame id="28" address="0xA08D08976" pdb="SqlDK.pdb" age="2" guid="F350BA8B-6AE6-4460-83D9-76CE8B12EC27" module="SqlDK" rva="0x28976" />
2025-06-26 20:50:02.39 spid43s     <frame id="28" address="0xA08D08BC2" pdb="SqlDK.pdb" age="2" guid="F350BA8B-6AE6-4460-83D9-76CE8B12EC27" module="SqlDK" rva="0x28BC2" />
2025-06-26 20:50:02.39 spid17s     <frame id="27" address="0xA08D08BC2" pdb="SqlDK.pdb" age="2" guid="F350BA8B-6AE6-4460-83D9-76CE8B12EC27" module="SqlDK" rva="0x28BC2" />
2025-06-26 20:50:02.39 spid4s      <frame id="28" address="0xA08D08976" pdb="SqlDK.pdb" age="2" guid="F350BA8B-6AE6-4460-83D9-76CE8B12EC27" module="SqlDK" rva="0x28976" />
2025-06-26 20:50:02.40 spid9s      <frame id="30" address="0xA000644A1" pdb="ntdll.pdb" age="1" guid="7CF052A3-2E1E-8ED4-0593-CC2297317058" module="ntdll" rva="0x244A1" />
2025-06-26 20:50:02.40 spid3s      <frame id="28" address="0xA08D08976" pdb="SqlDK.pdb" age="2" guid="F350BA8B-6AE6-4460-83D9-76CE8B12EC27" module="SqlDK" rva="0x28976" />
2025-06-26 20:50:02.40 spid55s     <frame id="28" address="0xA08D08976" pdb="SqlDK.pdb" age="2" guid="F350BA8B-6AE6-4460-83D9-76CE8B12EC27" module="SqlDK" rva="0x28976" />
2025-06-26 20:50:02.41 spid10s     <frame id="29" address="0xA015E7AF4" pdb="kernel32.pdb" age="1" guid="E4CC0E21-BDDF-68A6-8D56-D644BB74B131" module="kernel32" rva="0x17AF4" />
2025-06-26 20:50:02.40 spid5s      Latch Owner (No frames may indicate task has exited.)
2025-06-26 20:50:02.41 spid43s     <frame id="29" address="0xA08D08976" pdb="SqlDK.pdb" age="2" guid="F350BA8B-6AE6-4460-83D9-76CE8B12EC27" module="SqlDK" rva="0x28976" />
2025-06-26 20:50:02.41 spid17s     <frame id="28" address="0xA08D08976" pdb="SqlDK.pdb" age="2" guid="F350BA8B-6AE6-4460-83D9-76CE8B12EC27" module="SqlDK" rva="0x28976" />
2025-06-26 20:50:02.41 spid4s      <frame id="29" address="0xA015E7AF4" pdb="kernel32.pdb" age="1" guid="E4CC0E21-BDDF-68A6-8D56-D644BB74B131" module="kernel32" rva="0x17AF4" />
2025-06-26 20:50:02.41 spid9s      Latch Owner (No frames may indicate task has exited.)
2025-06-26 20:50:02.42 spid3s      <frame id="29" address="0xA015E7AF4" pdb="kernel32.pdb" age="1" guid="E4CC0E21-BDDF-68A6-8D56-D644BB74B131" module="kernel32" rva="0x17AF4" />
2025-06-26 20:50:02.42 spid55s     <frame id="29" address="0xA015E7AF4" pdb="kernel32.pdb" age="1" guid="E4CC0E21-BDDF-68A6-8D56-D644BB74B131" module="kernel32" rva="0x17AF4" />
2025-06-26 20:50:02.42 spid10s     <frame id="30" address="0xA000644A1" pdb="ntdll.pdb" age="1" guid="7CF052A3-2E1E-8ED4-0593-CC2297317058" module="ntdll" rva="0x244A1" />
2025-06-26 20:50:02.43 spid43s     <frame id="30" address="0xA015E7AF4" pdb="kernel32.pdb" age="1" guid="E4CC0E21-BDDF-68A6-8D56-D644BB74B131" module="kernel32" rva="0x17AF4" />
2025-06-26 20:50:02.43 spid17s     <frame id="29" address="0xA015E7AF4" pdb="kernel32.pdb" age="1" guid="E4CC0E21-BDDF-68A6-8D56-D644BB74B131" module="kernel32" rva="0x17AF4" />
2025-06-26 20:50:02.43 spid4s      <frame id="30" address="0xA000644A1" pdb="ntdll.pdb" age="1" guid="7CF052A3-2E1E-8ED4-0593-CC2297317058" module="ntdll" rva="0x244A1" />
2025-06-26 20:50:02.43 spid3s      <frame id="30" address="0xA000644A1" pdb="ntdll.pdb" age="1" guid="7CF052A3-2E1E-8ED4-0593-CC2297317058" module="ntdll" rva="0x244A1" />
2025-06-26 20:50:02.43 spid55s     <frame id="30" address="0xA000644A1" pdb="ntdll.pdb" age="1" guid="7CF052A3-2E1E-8ED4-0593-CC2297317058" module="ntdll" rva="0x244A1" />
2025-06-26 20:50:02.43 spid10s     Latch Owner (No frames may indicate task has exited.)
2025-06-26 20:50:02.44 spid43s     <frame id="31" address="0xA000644A1" pdb="ntdll.pdb" age="1" guid="7CF052A3-2E1E-8ED4-0593-CC2297317058" module="ntdll" rva="0x244A1" />
2025-06-26 20:50:02.44 spid17s     <frame id="30" address="0xA000644A1" pdb="ntdll.pdb" age="1" guid="7CF052A3-2E1E-8ED4-0593-CC2297317058" module="ntdll" rva="0x244A1" />
2025-06-26 20:50:02.44 spid4s      Latch Owner (No frames may indicate task has exited.)
2025-06-26 20:50:02.44 spid3s      Latch Owner (No frames may indicate task has exited.)
2025-06-26 20:50:02.44 spid55s     Latch Owner (No frames may indicate task has exited.)
2025-06-26 20:50:02.45 spid43s     Latch Owner (No frames may indicate task has exited.)
2025-06-26 20:50:02.45 spid17s     Latch Owner (No frames may indicate task has exited.)
2025-06-26 20:50:02.52 spid9s      Error: 845, Severity: 17, State: 1.
2025-06-26 20:50:02.52 spid9s      Time-out occurred while waiting for buffer latch type 2 for page (1:362), database ID 1. (LATCH 0x0000000A64488318: Class: BUFFER KP: 0 SH: 2 UP: 0 EX: 0 DT: 0 Sublatch: 0 HasWaiters: 0 Task: 0x0000000000000000 AnyReleasor: 0)
2025-06-26 20:50:02.52 spid5s      Error: 845, Severity: 17, State: 1.
2025-06-26 20:50:02.52 spid5s      Time-out occurred while waiting for buffer latch type 2 for page (1:362), database ID 1. (LATCH 0x0000000A64488318: Class: BUFFER KP: 0 SH: 2 UP: 0 EX: 0 DT: 0 Sublatch: 0 HasWaiters: 0 Task: 0x0000000000000000 AnyReleasor: 0)
2025-06-26 20:50:02.52 spid43s     Error: 845, Severity: 17, State: 1.
2025-06-26 20:50:02.52 spid43s     Time-out occurred while waiting for buffer latch type 2 for page (1:362), database ID 1. (LATCH 0x0000000A64488318: Class: BUFFER KP: 0 SH: 2 UP: 0 EX: 0 DT: 0 Sublatch: 0 HasWaiters: 0 Task: 0x0000000000000000 AnyReleasor: 0)
2025-06-26 20:50:02.53 spid55s     Error: 845, Severity: 17, State: 1.
2025-06-26 20:50:02.53 spid55s     Time-out occurred while waiting for buffer latch type 2 for page (1:362), database ID 1. (LATCH 0x0000000A64488318: Class: BUFFER KP: 0 SH: 2 UP: 0 EX: 0 DT: 0 Sublatch: 0 HasWaiters: 0 Task: 0x0000000000000000 AnyReleasor: 0)
2025-06-26 20:50:02.52 spid4s      Error: 845, Severity: 17, State: 1.
2025-06-26 20:50:02.52 spid4s      Time-out occurred while waiting for buffer latch type 2 for page (1:362), database ID 1. (LATCH 0x0000000A64488318: Class: BUFFER KP: 0 SH: 2 UP: 0 EX: 0 DT: 0 Sublatch: 0 HasWaiters: 0 Task: 0x0000000000000000 AnyReleasor: 0)
2025-06-26 20:50:02.58 spid3s      HkCsTimerTask::TimerFunction:13948: DbId 0, Msg 845, Level 17, State 1, Time-out occurred while waiting for buffer latch type 2 for page (1:362), database ID 1. (LATCH 0x0000000A64488318: Class: BUFFER KP: 0 SH: 2 UP: 0 EX: 0 DT: 0 Sublatch: 0 HasWaiters: 0 Task: 0x0000000000000000 AnyReleasor: 0)
2025-06-26 20:50:02.59 spid5s      SQL Ledger: Block generation or digest upload failed for this server due to error 845 and state 1.
2025-06-26 20:50:05.78 spid10s     **Dump thread - spid = 0, EC = 0x0000000237741D50 Connection = 0x0000000237741CE0
2025-06-26 20:50:06.97 Server      Long Sync IO: Scheduler 0 had 2 Sync IOs in nonpreemptive mode longer than 1000 ms
2025-06-26 20:50:07.67 spid10s     ***Stack Dump being sent to /var/opt/mssql/log/SQLDump0006.txt
2025-06-26 20:50:07.67 Server      Long Sync IO: Scheduler 1 had 2 Sync IOs in nonpreemptive mode longer than 1000 ms
2025-06-26 20:50:11.37 Server      Long Sync IO: Scheduler 2 had 2 Sync IOs in nonpreemptive mode longer than 1000 ms
2025-06-26 20:50:18.97 Server      Long Sync IO: Scheduler 5 had 1 Sync IOs in nonpreemptive mode longer than 1000 ms
2025-06-26 20:50:27.30 spid10s     * *******************************************************************************
2025-06-26 20:50:29.39 Server      Long Sync IO: Scheduler 6 had 3 Sync IOs in nonpreemptive mode longer than 1000 ms
2025-06-26 20:51:04.24 Server      Long Sync IO: Scheduler 9 had 11 Sync IOs in nonpreemptive mode longer than 1000 ms
2025-06-26 20:51:08.75 Server      Long Sync IO: Scheduler 10 had 5 Sync IOs in nonpreemptive mode longer than 1000 ms
2025-06-26 20:51:11.36 spid10s     *
2025-06-26 20:51:20.56 Server      Long Sync IO: Scheduler 0 had 1 Sync IOs in nonpreemptive mode longer than 1000 ms
2025-06-26 20:51:34.14 Server      Long Sync IO: Scheduler 1 had 4 Sync IOs in nonpreemptive mode longer than 1000 ms
2025-06-26 20:51:42.62 Server      Long Sync IO: Scheduler 2 had 2 Sync IOs in nonpreemptive mode longer than 1000 ms
2025-06-26 20:51:59.79 spid10s     * BEGIN STACK DUMP:
2025-06-26 20:52:00.26 Server      Long Sync IO: Scheduler 3 had 8 Sync IOs in nonpreemptive mode longer than 1000 ms
2025-06-26 20:52:01.35 Server      Long Sync IO: Scheduler 9 had 8 Sync IOs in nonpreemptive mode longer than 1000 ms
2025-06-26 20:52:01.49 Server      Long Sync IO: Scheduler 10 had 4 Sync IOs in nonpreemptive mode longer than 1000 ms
2025-06-26 20:52:01.95 spid10s     *   06/26/25 20:50:09 spid 10
2025-06-26 20:52:02.07 spid10s     *
2025-06-26 20:52:02.17 spid10s     * Latch timeout
2025-06-26 20:52:02.23 spid10s     *
2025-06-26 20:52:02.31 spid10s     *  
2025-06-26 20:52:02.40 spid10s     * *******************************************************************************
2025-06-26 20:52:02.44 spid10s     * -------------------------------------------------------------------------------
2025-06-26 20:52:02.48 spid10s     * Short Stack Dump
2025-06-26 20:52:02.57 spid10s     <frame id="00" address="0xA01A9E3F9" pdb="kernelbase.pdb" age="1" guid="5CD0BCC4-1628-5E40-3EB5-4DFE56CBF899" module="kernelbase" rva="0x3E3F9" />
2025-06-26 20:52:02.62 spid10s     <frame id="00" address="0xA066FE82E" pdb="sqllang.pdb" age="2" guid="77A4EE9E-51E3-4460-88B9-36B93670AB76" module="sqllang" rva="0x134E82E" />
2025-06-26 20:52:02.66 spid10s     <frame id="00" address="0xA06702855" pdb="sqllang.pdb" age="2" guid="77A4EE9E-51E3-4460-88B9-36B93670AB76" module="sqllang" rva="0x1352855" />
2025-06-26 20:52:02.70 spid10s     <frame id="00" address="0xA03664C17" pdb="sqlmin.pdb" age="2" guid="BC8C7A86-66E1-451B-85B5-1AA1AF97324C" module="sqlmin" rva="0x14E4C17" />
2025-06-26 20:52:02.74 spid10s     <frame id="00" address="0xA036638DF" pdb="sqlmin.pdb" age="2" guid="BC8C7A86-66E1-451B-85B5-1AA1AF97324C" module="sqlmin" rva="0x14E38DF" />
2025-06-26 20:52:02.78 spid10s     <frame id="00" address="0xA03662C9D" pdb="sqlmin.pdb" age="2" guid="BC8C7A86-66E1-451B-85B5-1AA1AF97324C" module="sqlmin" rva="0x14E2C9D" />
2025-06-26 20:52:02.82 spid10s     <frame id="00" address="0xA021F9084" pdb="sqlmin.pdb" age="2" guid="BC8C7A86-66E1-451B-85B5-1AA1AF97324C" module="sqlmin" rva="0x79084" />
2025-06-26 20:52:02.86 spid10s     <frame id="00" address="0xA0218EF57" pdb="sqlmin.pdb" age="2" guid="BC8C7A86-66E1-451B-85B5-1AA1AF97324C" module="sqlmin" rva="0xEF57" />
2025-06-26 20:52:02.89 spid10s     <frame id="00" address="0xA0218F115" pdb="sqlmin.pdb" age="2" guid="BC8C7A86-66E1-451B-85B5-1AA1AF97324C" module="sqlmin" rva="0xF115" />
2025-06-26 20:52:02.92 spid10s     <frame id="00" address="0xA021942F0" pdb="sqlmin.pdb" age="2" guid="BC8C7A86-66E1-451B-85B5-1AA1AF97324C" module="sqlmin" rva="0x142F0" />
2025-06-26 20:52:02.96 spid10s     <frame id="00" address="0xA02193CBA" pdb="sqlmin.pdb" age="2" guid="BC8C7A86-66E1-451B-85B5-1AA1AF97324C" module="sqlmin" rva="0x13CBA" />
2025-06-26 20:52:02.99 spid10s     <frame id="00" address="0xA021936C4" pdb="sqlmin.pdb" age="2" guid="BC8C7A86-66E1-451B-85B5-1AA1AF97324C" module="sqlmin" rva="0x136C4" />
2025-06-26 20:52:03.03 spid10s     <frame id="00" address="0xA02192DA4" pdb="sqlmin.pdb" age="2" guid="BC8C7A86-66E1-451B-85B5-1AA1AF97324C" module="sqlmin" rva="0x12DA4" />
2025-06-26 20:52:03.08 spid10s     <frame id="00" address="0xA021938E8" pdb="sqlmin.pdb" age="2" guid="BC8C7A86-66E1-451B-85B5-1AA1AF97324C" module="sqlmin" rva="0x138E8" />
2025-06-26 20:52:03.11 spid10s     <frame id="00" address="0xA02194A30" pdb="sqlmin.pdb" age="2" guid="BC8C7A86-66E1-451B-85B5-1AA1AF97324C" module="sqlmin" rva="0x14A30" />
2025-06-26 20:52:03.35 spid10s     <frame id="00" address="0xA021910CD" pdb="sqlmin.pdb" age="2" guid="BC8C7A86-66E1-451B-85B5-1AA1AF97324C" module="sqlmin" rva="0x110CD" />
2025-06-26 20:52:03.41 spid10s     <frame id="00" address="0xA02190260" pdb="sqlmin.pdb" age="2" guid="BC8C7A86-66E1-451B-85B5-1AA1AF97324C" module="sqlmin" rva="0x10260" />
2025-06-26 20:52:03.46 spid10s     <frame id="00" address="0xA021A10D1" pdb="sqlmin.pdb" age="2" guid="BC8C7A86-66E1-451B-85B5-1AA1AF97324C" module="sqlmin" rva="0x210D1" />
2025-06-26 20:52:03.50 spid10s     <frame id="00" address="0xA021A5A0E" pdb="sqlmin.pdb" age="2" guid="BC8C7A86-66E1-451B-85B5-1AA1AF97324C" module="sqlmin" rva="0x25A0E" />
2025-06-26 20:52:03.53 spid10s     <frame id="00" address="0xA021A5F72" pdb="sqlmin.pdb" age="2" guid="BC8C7A86-66E1-451B-85B5-1AA1AF97324C" module="sqlmin" rva="0x25F72" />
2025-06-26 20:52:03.57 spid10s     <frame id="00" address="0xA021A6E16" pdb="sqlmin.pdb" age="2" guid="BC8C7A86-66E1-451B-85B5-1AA1AF97324C" module="sqlmin" rva="0x26E16" />
2025-06-26 20:52:03.62 spid10s     <frame id="00" address="0xA021A492A" pdb="sqlmin.pdb" age="2" guid="BC8C7A86-66E1-451B-85B5-1AA1AF97324C" module="sqlmin" rva="0x2492A" />
2025-06-26 20:52:03.66 spid10s     <frame id="00" address="0xA021A475B" pdb="sqlmin.pdb" age="2" guid="BC8C7A86-66E1-451B-85B5-1AA1AF97324C" module="sqlmin" rva="0x2475B" />
2025-06-26 20:52:03.71 spid10s     <frame id="00" address="0xA021A4446" pdb="sqlmin.pdb" age="2" guid="BC8C7A86-66E1-451B-85B5-1AA1AF97324C" module="sqlmin" rva="0x24446" />
2025-06-26 20:52:03.74 spid10s     <frame id="00" address="0xA053B53E4" pdb="sqllang.pdb" age="2" guid="77A4EE9E-51E3-4460-88B9-36B93670AB76" module="sqllang" rva="0x53E4" />
2025-06-26 20:52:03.78 spid10s     <frame id="00" address="0xA021A4145" pdb="sqlmin.pdb" age="2" guid="BC8C7A86-66E1-451B-85B5-1AA1AF97324C" module="sqlmin" rva="0x24145" />
2025-06-26 20:52:03.82 spid10s     <frame id="00" address="0xA08CE87AB" pdb="SqlDK.pdb" age="2" guid="F350BA8B-6AE6-4460-83D9-76CE8B12EC27" module="SqlDK" rva="0x87AB" />
2025-06-26 20:52:03.86 spid10s     <frame id="00" address="0xA08CE8DB5" pdb="SqlDK.pdb" age="2" guid="F350BA8B-6AE6-4460-83D9-76CE8B12EC27" module="SqlDK" rva="0x8DB5" />
2025-06-26 20:52:03.90 spid10s     <frame id="00" address="0xA08CE8914" pdb="SqlDK.pdb" age="2" guid="F350BA8B-6AE6-4460-83D9-76CE8B12EC27" module="SqlDK" rva="0x8914" />
2025-06-26 20:52:03.93 spid10s     <frame id="00" address="0xA08D08353" pdb="SqlDK.pdb" age="2" guid="F350BA8B-6AE6-4460-83D9-76CE8B12EC27" module="SqlDK" rva="0x28353" />
2025-06-26 20:52:03.97 spid10s     <frame id="00" address="0xA08D086CC" pdb="SqlDK.pdb" age="2" guid="F350BA8B-6AE6-4460-83D9-76CE8B12EC27" module="SqlDK" rva="0x286CC" />
2025-06-26 20:52:04.01 spid10s     <frame id="00" address="0xA08D08BC2" pdb="SqlDK.pdb" age="2" guid="F350BA8B-6AE6-4460-83D9-76CE8B12EC27" module="SqlDK" rva="0x28BC2" />
2025-06-26 20:52:04.04 spid10s     <frame id="00" address="0xA08D08976" pdb="SqlDK.pdb" age="2" guid="F350BA8B-6AE6-4460-83D9-76CE8B12EC27" module="SqlDK" rva="0x28976" />
2025-06-26 20:52:04.08 spid10s     <frame id="00" address="0xA015E7AF4" pdb="kernel32.pdb" age="1" guid="E4CC0E21-BDDF-68A6-8D56-D644BB74B131" module="kernel32" rva="0x17AF4" />
2025-06-26 20:52:04.11 spid10s     <frame id="00" address="0xA000644A1" pdb="ntdll.pdb" age="1" guid="7CF052A3-2E1E-8ED4-0593-CC2297317058" module="ntdll" rva="0x244A1" />
2025-06-26 20:52:04.17 spid10s     Stack Signature for the dump is 0x0000000026B00248
2025-06-26 20:52:04.17 spid10s     SaveNumaNodeRelationShip : 0 of 1 numa nodes info saved to pDump.
2025-06-26 20:52:04.18 spid10s     CDmpClient::ExecuteAllCallbacks started.
2025-06-26 20:52:04.18 spid10s     XE_DumpCallbacks is executing...
2025-06-26 20:52:04.19 spid10s     DumpCallbackSOS is executing...
2025-06-26 20:52:04.20 spid10s     DumpCallbackEE is executing...
2025-06-26 20:52:04.20 spid10s     DumpCallbackSE is executing...
2025-06-26 20:52:04.23 spid10s     DumpCallbackSEAM is executing...
2025-06-26 20:52:04.23 spid10s     DumpCallbackSSB is executing...
2025-06-26 20:52:04.25 spid10s     DumpCallbackQE is executing...
2025-06-26 20:52:04.25 spid10s     DumpCallbackFullText is executing...
2025-06-26 20:52:04.25 spid10s     DumpCallbackSQLCLR is executing...
2025-06-26 20:52:04.25 spid10s     DumpCallbackHk is executing...
2025-06-26 20:52:04.27 spid10s     DumpCallbackRepl is executing...
2025-06-26 20:52:04.27 spid10s     DumpCallbackPolyBase is executing...
2025-06-26 20:52:04.27 spid10s     CDmpClient::ExecuteAllCallbacks completed. Time elapsed: 0 seconds.
2025-06-26 20:55:50.05 spid10s     Timeout waiting for external dump process 1084.
2025-06-26 20:55:50.20 spid10s     Error: 845, Severity: 17, State: 1.
2025-06-26 20:55:50.20 spid10s     Time-out occurred while waiting for buffer latch type 2 for page (1:362), database ID 0. (LATCH 0x0000000A64488318: Class: BUFFER KP: 0 SH: 0 UP: 0 EX: 0 DT: 0 Sublatch: 0 HasWaiters: 0 Task: 0x0000000000000000 AnyReleasor: 0)
