ing, ETW, notifications etc are skipped.
2025-06-12 09:45:11.03 spid21s     Error: 701, Severity: 17, State: 123.
2025-06-12 09:45:11.03 spid21s     There is insufficient system memory in resource pool 'internal' to run this query.
2025-06-12 09:45:19.54 spid1s      Error: 701, Severity: 17, State: 123.
2025-06-12 09:45:19.54 spid1s      There is insufficient system memory in resource pool 'internal' to run this query.
2025-06-12 09:45:42.22 Server      Error: 17300, Severity: 16, State: 1. (Params:). The error is printed in terse mode because there was error during formatting. Tracing, ETW, notifications etc are skipped.
2025-06-12 09:45:42.22 Server      Error: 17300, Severity: 16, State: 1. (Params:). The error is printed in terse mode because there was error during formatting. Tracing, ETW, notifications etc are skipped.
2025-06-12 09:45:42.22 spid3s      Error: 701, Severity: 17, State: 123.
2025-06-12 09:45:42.22 spid3s      There is insufficient system memory in resource pool 'internal' to run this query.
2025-06-12 09:45:42.22 spid4s      Error: 701, Severity: 17, State: 123.
2025-06-12 09:45:42.22 spid4s      There is insufficient system memory in resource pool 'internal' to run this query.
2025-06-12 09:45:42.22 spid13s     Error: 701, Severity: 17, State: 123.
2025-06-12 09:45:42.22 spid13s     There is insufficient system memory in resource pool 'internal' to run this query.
2025-06-12 09:45:48.36 spid2s      Error: 701, Severity: 17, State: 123.
2025-06-12 09:45:48.36 spid2s      There is insufficient system memory in resource pool 'internal' to run this query.
2025-06-12 09:45:48.37 spid10s     Error: 701, Severity: 17, State: 123.
2025-06-12 09:45:48.37 spid10s     There is insufficient system memory in resource pool 'internal' to run this query.
2025-06-12 09:45:48.82 spid2s      Error: 701, Severity: 17, State: 123.
2025-06-12 09:45:48.82 spid2s      There is insufficient system memory in resource pool 'internal' to run this query.
2025-06-12 09:45:49.64 spid6s      Error: 701, Severity: 17, State: 123.
2025-06-12 09:45:49.64 spid6s      There is insufficient system memory in resource pool 'internal' to run this query.
2025-06-12 09:46:03.70 spid21s     Error: 701, Severity: 17, State: 123.
2025-06-12 09:46:03.70 spid21s     There is insufficient system memory in resource pool 'internal' to run this query.
2025-06-12 09:46:20.93 spid2s      Error: 701, Severity: 17, State: 123.
2025-06-12 09:46:20.93 spid2s      There is insufficient system memory in resource pool 'internal' to run this query.
2025-06-12 09:46:26.66 spid21s     Error: 701, Severity: 17, State: 123.
2025-06-12 09:46:26.66 spid21s     There is insufficient system memory in resource pool 'internal' to run this query.
2025-06-12 09:46:26.71 spid21s     SQL Ledger: Block generation or digest upload failed for this server due to error 701 and state 123.
2025-06-12 09:47:09.10 Server      Long Sync IO: Scheduler 1 had 1 Sync IOs in nonpreemptive mode longer than 1000 ms
2025-06-12 09:47:14.85 Server      Long Sync IO: Scheduler 3 had 2 Sync IOs in nonpreemptive mode longer than 1000 ms
2025-06-12 09:47:16.86 Server      Long Sync IO: Scheduler 6 had 1 Sync IOs in nonpreemptive mode longer than 1000 ms
2025-06-12 09:47:24.33 Server      Long Sync IO: Scheduler 3 had 1 Sync IOs in nonpreemptive mode longer than 1000 ms
2025-06-12 09:47:30.05 Server      Long Sync IO: Scheduler 4 had 2 Sync IOs in nonpreemptive mode longer than 1000 ms
2025-06-12 09:52:26.00 Server      Long Sync IO: Scheduler 1 had 1 Sync IOs in nonpreemptive mode longer than 1000 ms
2025-06-12 10:13:17.26 Server      Long Sync IO: Scheduler 9 had 1 Sync IOs in nonpreemptive mode longer than 1000 ms
2025-06-12 10:13:52.05 Server      Long Sync IO: Scheduler 5 had 2 Sync IOs in nonpreemptive mode longer than 1000 ms
2025-06-12 10:13:53.93 Server      Long Sync IO: Scheduler 8 had 4 Sync IOs in nonpreemptive mode longer than 1000 ms
2025-06-12 10:13:55.32 Server      Long Sync IO: Scheduler 9 had 1 Sync IOs in nonpreemptive mode longer than 1000 ms
2025-06-12 10:15:17.06 Server      Long Sync IO: Scheduler 7 had 1 Sync IOs in nonpreemptive mode longer than 1000 ms
2025-06-12 10:16:21.68 Server      Long Sync IO: Scheduler 10 had 1 Sync IOs in nonpreemptive mode longer than 1000 ms
2025-06-12 10:16:28.47 Server      Long Sync IO: Scheduler 1 had 1 Sync IOs in nonpreemptive mode longer than 1000 ms
2025-06-12 10:16:30.18 Server      Long Sync IO: Scheduler 6 had 3 Sync IOs in nonpreemptive mode longer than 1000 ms
2025-06-12 10:16:32.73 Server      Long Sync IO: Scheduler 10 had 3 Sync IOs in nonpreemptive mode longer than 1000 ms
2025-06-12 10:17:54.87 Server      Long Sync IO: Scheduler 3 had 1 Sync IOs in nonpreemptive mode longer than 1000 ms
2025-06-12 10:18:01.59 Server      Long Sync IO: Scheduler 3 had 3 Sync IOs in nonpreemptive mode longer than 1000 ms
2025-06-12 10:37:18.75 Server      Long Sync IO: Scheduler 6 had 1 Sync IOs in nonpreemptive mode longer than 1000 ms
2025-06-12 10:37:29.21 Server      Long Sync IO: Scheduler 10 had 1 Sync IOs in nonpreemptive mode longer than 1000 ms
2025-06-12 10:40:44.55 Server      Long Sync IO: Scheduler 10 had 2 Sync IOs in nonpreemptive mode longer than 1000 ms
2025-06-12 10:40:51.68 Server      Long Sync IO: Scheduler 9 had 1 Sync IOs in nonpreemptive mode longer than 1000 ms
2025-06-12 10:40:52.23 Server      Long Sync IO: Scheduler 10 had 1 Sync IOs in nonpreemptive mode longer than 1000 ms
2025-06-12 10:42:42.78 Server      Long Sync IO: Scheduler 3 had 2 Sync IOs in nonpreemptive mode longer than 1000 ms
2025-06-12 10:42:48.44 Server      Long Sync IO: Scheduler 6 had 1 Sync IOs in nonpreemptive mode longer than 1000 ms
2025-06-12 10:45:04.63 Server      Long Sync IO: Scheduler 9 had 1 Sync IOs in nonpreemptive mode longer than 1000 ms
2025-06-12 10:48:16.00 Server      Long Sync IO: Scheduler 8 had 1 Sync IOs in nonpreemptive mode longer than 1000 ms
2025-06-12 10:48:21.69 Server      Long Sync IO: Scheduler 8 had 3 Sync IOs in nonpreemptive mode longer than 1000 ms
2025-06-12 10:48:27.76 Server      Long Sync IO: Scheduler 1 had 1 Sync IOs in nonpreemptive mode longer than 1000 ms
2025-06-12 10:48:29.21 Server      Long Sync IO: Scheduler 8 had 2 Sync IOs in nonpreemptive mode longer than 1000 ms
2025-06-12 10:51:45.13 Server      Long Sync IO: Scheduler 9 had 1 Sync IOs in nonpreemptive mode longer than 1000 ms
2025-06-12 10:51:50.31 Server      Long Sync IO: Scheduler 0 had 1 Sync IOs in nonpreemptive mode longer than 1000 ms
2025-06-12 10:52:01.35 Server      Long Sync IO: Scheduler 10 had 2 Sync IOs in nonpreemptive mode longer than 1000 ms
2025-06-12 10:54:47.36 Server      Long Sync IO: Scheduler 0 had 2 Sync IOs in nonpreemptive mode longer than 1000 ms
2025-06-12 10:54:48.76 Server      Long Sync IO: Scheduler 1 had 1 Sync IOs in nonpreemptive mode longer than 1000 ms
2025-06-12 11:06:09.85 Server      Long Sync IO: Scheduler 5 had 2 Sync IOs in nonpreemptive mode longer than 1000 ms
2025-06-12 11:08:16.44 Server      Long Sync IO: Scheduler 3 had 1 Sync IOs in nonpreemptive mode longer than 1000 ms
2025-06-12 11:08:22.78 Server      Long Sync IO: Scheduler 1 had 1 Sync IOs in nonpreemptive mode longer than 1000 ms
2025-06-12 11:08:23.22 Server      Long Sync IO: Scheduler 3 had 2 Sync IOs in nonpreemptive mode longer than 1000 ms
2025-06-12 11:11:13.87 Server      Long Sync IO: Scheduler 9 had 3 Sync IOs in nonpreemptive mode longer than 1000 ms
2025-06-12 11:12:20.14 Server      Long Sync IO: Scheduler 10 had 1 Sync IOs in nonpreemptive mode longer than 1000 ms
2025-06-12 11:12:35.25 Server      Long Sync IO: Scheduler 8 had 1 Sync IOs in nonpreemptive mode longer than 1000 ms
2025-06-12 11:12:37.34 Server      Long Sync IO: Scheduler 10 had 3 Sync IOs in nonpreemptive mode longer than 1000 ms
2025-06-12 11:12:44.24 Server      Long Sync IO: Scheduler 8 had 3 Sync IOs in nonpreemptive mode longer than 1000 ms
2025-06-12 11:12:45.92 Server      Long Sync IO: Scheduler 10 had 3 Sync IOs in nonpreemptive mode longer than 1000 ms
2025-06-12 11:12:51.84 Server      Long Sync IO: Scheduler 8 had 2 Sync IOs in nonpreemptive mode longer than 1000 ms
2025-06-12 11:12:51.92 Server      Long Sync IO: Scheduler 10 had 1 Sync IOs in nonpreemptive mode longer than 1000 ms
2025-06-12 11:13:42.16 Server      Long Sync IO: Scheduler 1 had 1 Sync IOs in nonpreemptive mode longer than 1000 ms
2025-06-12 11:13:43.91 Server      Long Sync IO: Scheduler 3 had 1 Sync IOs in nonpreemptive mode longer than 1000 ms
2025-06-12 11:13:46.46 Server      Long Sync IO: Scheduler 4 had 1 Sync IOs in nonpreemptive mode longer than 1000 ms
2025-06-12 11:13:47.70 Server      Long Sync IO: Scheduler 6 had 1 Sync IOs in nonpreemptive mode longer than 1000 ms
2025-06-12 11:13:49.65 Server      Long Sync IO: Scheduler 8 had 2 Sync IOs in nonpreemptive mode longer than 1000 ms
2025-06-12 11:13:56.95 Server      Long Sync IO: Scheduler 10 had 2 Sync IOs in nonpreemptive mode longer than 1000 ms
2025-06-12 11:14:03.83 Server      Long Sync IO: Scheduler 10 had 2 Sync IOs in nonpreemptive mode longer than 1000 ms
2025-06-12 11:14:12.25 Server      Long Sync IO: Scheduler 10 had 2 Sync IOs in nonpreemptive mode longer than 1000 ms
2025-06-12 11:18:54.86 Server      Long Sync IO: Scheduler 8 had 2 Sync IOs in nonpreemptive mode longer than 1000 ms
2025-06-12 11:19:01.37 Server      Long Sync IO: Scheduler 8 had 2 Sync IOs in nonpreemptive mode longer than 1000 ms
2025-06-12 11:24:53.30 Server      Long Sync IO: Scheduler 5 had 2 Sync IOs in nonpreemptive mode longer than 1000 ms
2025-06-12 11:25:00.04 Server      Long Sync IO: Scheduler 5 had 3 Sync IOs in nonpreemptive mode longer than 1000 ms
2025-06-12 11:28:26.47 Server      Long Sync IO: Scheduler 1 had 1 Sync IOs in nonpreemptive mode longer than 1000 ms
2025-06-12 11:28:41.79 Server      Long Sync IO: Scheduler 1 had 1 Sync IOs in nonpreemptive mode longer than 1000 ms
2025-06-12 11:28:45.89 Server      Long Sync IO: Scheduler 9 had 1 Sync IOs in nonpreemptive mode longer than 1000 ms
2025-06-12 11:28:52.49 Server      Long Sync IO: Scheduler 5 had 1 Sync IOs in nonpreemptive mode longer than 1000 ms
2025-06-12 11:28:52.90 Server      Long Sync IO: Scheduler 6 had 1 Sync IOs in nonpreemptive mode longer than 1000 ms
2025-06-12 11:28:53.69 Server      Long Sync IO: Scheduler 9 had 1 Sync IOs in nonpreemptive mode longer than 1000 ms
2025-06-12 11:35:04.41 Server      Long Sync IO: Scheduler 8 had 1 Sync IOs in nonpreemptive mode longer than 1000 ms
2025-06-12 11:35:05.35 Server      Long Sync IO: Scheduler 10 had 4 Sync IOs in nonpreemptive mode longer than 1000 ms
2025-06-12 11:41:27.38 Server      Long Sync IO: Scheduler 1 had 1 Sync IOs in nonpreemptive mode longer than 1000 ms
2025-06-12 11:41:32.70 Server      Long Sync IO: Scheduler 6 had 1 Sync IOs in nonpreemptive mode longer than 1000 ms
2025-06-12 11:41:53.43 Server      Long Sync IO: Scheduler 1 had 1 Sync IOs in nonpreemptive mode longer than 1000 ms
2025-06-12 11:41:55.91 Server      Long Sync IO: Scheduler 6 had 2 Sync IOs in nonpreemptive mode longer than 1000 ms
2025-06-12 11:42:02.74 Server      Long Sync IO: Scheduler 6 had 1 Sync IOs in nonpreemptive mode longer than 1000 ms
2025-06-12 11:43:18.54 Server      Long Sync IO: Scheduler 8 had 1 Sync IOs in nonpreemptive mode longer than 1000 ms
2025-06-12 11:43:23.22 Server      Long Sync IO: Scheduler 9 had 2 Sync IOs in nonpreemptive mode longer than 1000 ms
2025-06-12 11:43:24.18 Server      Long Sync IO: Scheduler 10 had 1 Sync IOs in nonpreemptive mode longer than 1000 ms
2025-06-12 11:43:34.32 Server      Long Sync IO: Scheduler 0 had 2 Sync IOs in nonpreemptive mode longer than 1000 ms
2025-06-12 11:43:34.77 Server      Long Sync IO: Scheduler 3 had 1 Sync IOs in nonpreemptive mode longer than 1000 ms
2025-06-12 11:43:44.94 Server      Long Sync IO: Scheduler 5 had 1 Sync IOs in nonpreemptive mode longer than 1000 ms
2025-06-12 11:43:47.58 Server      Long Sync IO: Scheduler 11 had 4 Sync IOs in nonpreemptive mode longer than 1000 ms
2025-06-12 11:43:53.54 Server      Long Sync IO: Scheduler 1 had 1 Sync IOs in nonpreemptive mode longer than 1000 ms
2025-06-12 11:43:55.04 Server      Long Sync IO: Scheduler 3 had 1 Sync IOs in nonpreemptive mode longer than 1000 ms
2025-06-12 11:43:57.20 Server      Long Sync IO: Scheduler 6 had 1 Sync IOs in nonpreemptive mode longer than 1000 ms
2025-06-12 11:43:58.41 Server      Long Sync IO: Scheduler 9 had 1 Sync IOs in nonpreemptive mode longer than 1000 ms
2025-06-12 11:44:08.23 Server      Long Sync IO: Scheduler 1 had 1 Sync IOs in nonpreemptive mode longer than 1000 ms
2025-06-12 11:44:09.51 Server      Long Sync IO: Scheduler 4 had 1 Sync IOs in nonpreemptive mode longer than 1000 ms
2025-06-12 11:44:15.57 Server      Long Sync IO: Scheduler 1 had 1 Sync IOs in nonpreemptive mode longer than 1000 ms
2025-06-12 11:44:26.07 Server      Long Sync IO: Scheduler 1 had 1 Sync IOs in nonpreemptive mode longer than 1000 ms
2025-06-12 11:44:28.30 Server      Long Sync IO: Scheduler 8 had 3 Sync IOs in nonpreemptive mode longer than 1000 ms
2025-06-12 11:44:33.46 Server      Long Sync IO: Scheduler 9 had 1 Sync IOs in nonpreemptive mode longer than 1000 ms
2025-06-12 11:44:34.68 Server      Long Sync IO: Scheduler 10 had 2 Sync IOs in nonpreemptive mode longer than 1000 ms
2025-06-12 11:44:40.71 Server      Long Sync IO: Scheduler 6 had 1 Sync IOs in nonpreemptive mode longer than 1000 ms
2025-06-12 11:45:01.93 Server      Long Sync IO: Scheduler 8 had 1 Sync IOs in nonpreemptive mode longer than 1000 ms
2025-06-12 11:45:28.28 Server      Long Sync IO: Scheduler 1 had 1 Sync IOs in nonpreemptive mode longer than 1000 ms
2025-06-12 11:45:28.85 Server      Long Sync IO: Scheduler 9 had 1 Sync IOs in nonpreemptive mode longer than 1000 ms
2025-06-12 11:45:39.35 Server      Long Sync IO: Scheduler 8 had 1 Sync IOs in nonpreemptive mode longer than 1000 ms
2025-06-12 11:45:52.06 Server      Long Sync IO: Scheduler 10 had 1 Sync IOs in nonpreemptive mode longer than 1000 ms
2025-06-12 11:46:03.25 Server      Long Sync IO: Scheduler 3 had 1 Sync IOs in nonpreemptive mode longer than 1000 ms
2025-06-12 11:46:14.42 Server      Long Sync IO: Scheduler 8 had 1 Sync IOs in nonpreemptive mode longer than 1000 ms
2025-06-12 11:46:16.39 Server      Long Sync IO: Scheduler 10 had 1 Sync IOs in nonpreemptive mode longer than 1000 ms
2025-06-12 11:49:03.56 Server      Long Sync IO: Scheduler 6 had 1 Sync IOs in nonpreemptive mode longer than 1000 ms
2025-06-12 11:49:09.23 Server      Long Sync IO: Scheduler 1 had 1 Sync IOs in nonpreemptive mode longer than 1000 ms
2025-06-12 11:49:17.01 Server      Long Sync IO: Scheduler 10 had 2 Sync IOs in nonpreemptive mode longer than 1000 ms
2025-06-12 11:49:23.69 Server      Long Sync IO: Scheduler 10 had 3 Sync IOs in nonpreemptive mode longer than 1000 ms
2025-06-12 11:49:30.46 Server      Long Sync IO: Scheduler 10 had 2 Sync IOs in nonpreemptive mode longer than 1000 ms
2025-06-12 12:03:22.04 Server      Long Sync IO: Scheduler 5 had 1 Sync IOs in nonpreemptive mode longer than 1000 ms
2025-06-12 12:15:37.46 Server      Long Sync IO: Scheduler 9 had 3 Sync IOs in nonpreemptive mode longer than 1000 ms
2025-06-12 12:15:54.55 Server      Long Sync IO: Scheduler 6 had 2 Sync IOs in nonpreemptive mode longer than 1000 ms
2025-06-12 12:21:44.90 Server      Long Sync IO: Scheduler 9 had 1 Sync IOs in nonpreemptive mode longer than 1000 ms
2025-06-12 12:28:21.24 Server      Long Sync IO: Scheduler 3 had 1 Sync IOs in nonpreemptive mode longer than 1000 ms
2025-06-12 12:34:52.13 Server      Long Sync IO: Scheduler 9 had 2 Sync IOs in nonpreemptive mode longer than 1000 ms
2025-06-12 12:34:52.30 Server      Long Sync IO: Scheduler 10 had 2 Sync IOs in nonpreemptive mode longer than 1000 ms
2025-06-12 12:50:15.91 Server      Long Sync IO: Scheduler 9 had 3 Sync IOs in nonpreemptive mode longer than 1000 ms
2025-06-12 12:52:41.85 spid21s     A time-out occurred while waiting for buffer latch -- type 2, bp 00000008EE4C4BC0, page 1:362, stat 0x40d, database id: 1, allocation unit Id: 536870912/281475513581568, task 0x00000008CF44ACA8 : 0, waittime 300 seconds, flags 0x1a, owning task 0x00000008CF43A8C8. Not continuing to wait.
2025-06-12 12:53:10.44 spid15s     A time-out occurred while waiting for buffer latch -- type 2, bp 00000008EE4C4BC0, page 1:362, stat 0x40d, database id: 1, allocation unit Id: 536870912/281475513581568, task 0x00000008CF42BC28 : 0, waittime 300 seconds, flags 0x3a, owning task 0x00000008CF43A8C8. Not continuing to wait.
2025-06-12 12:53:10.44 spid18s     A time-out occurred while waiting for buffer latch -- type 2, bp 00000008EE4C4BC0, page 1:362, stat 0x40d, database id: 1, allocation unit Id: 536870912/281475513581568, task 0x00000008CF422CA8 : 0, waittime 300 seconds, flags 0x3a, owning task 0x00000008CF43A8C8. Not continuing to wait.
2025-06-12 12:53:29.93 spid6s      A time-out occurred while waiting for buffer latch -- type 2, bp 00000008EE4C4BC0, page 1:362, stat 0x40d, database id: 1, allocation unit Id: 536870912/281475513581568, task 0x00000008CF442CA8 : 0, waittime 300 seconds, flags 0x3a, owning task 0x00000008CF43A8C8. Not continuing to wait.
2025-06-12 12:55:48.25 spid4s      A time-out occurred while waiting for buffer latch -- type 2, bp 00000008EE4C4BC0, page 1:362, stat 0x40d, database id: 1, allocation unit Id: 536870912/281475513581568, task 0x00000008CF403C28 : 0, waittime 300 seconds, flags 0x3a, owning task 0x00000008CF43A8C8. Not continuing to wait.
2025-06-12 12:57:13.33 spid43s     A time-out occurred while waiting for buffer latch -- type 2, bp 00000008EE4C4BC0, page 1:362, stat 0x40d, database id: 1, allocation unit Id: 536870912/281475513581568, task 0x00000008CF41B848 : 0, waittime 300 seconds, flags 0x3a, owning task 0x00000008CF43A8C8. Not continuing to wait.
2025-06-12 13:26:53.98 spid72s     sp_server_diangostics encountered a long delay that was 2.5 times more than the repeat interval between two consecutive diagnostics result generations. The repeat interval: 300000000, the elapsed time of this diagnostics result generation: 2432451653, the elapsed time between the latest two diagnostics result generations: 2735190817.
2025-06-12 14:03:03.63 Server      Long Sync IO: Scheduler 10 had 2 Sync IOs in nonpreemptive mode longer than 1000 ms
2025-06-12 14:03:05.10 spid21s     Latch Waiter
2025-06-12 14:03:05.87 spid15s     Latch Waiter
2025-06-12 14:03:06.41 spid18s     Latch Waiter
2025-06-12 14:03:07.69 spid6s      Latch Waiter
2025-06-12 14:03:08.90 spid4s      Latch Waiter
2025-06-12 14:03:09.83 spid43s     Latch Waiter
2025-06-12 14:03:13.91 spid72s     sp_server_diangostics encountered a long delay that was 2.5 times more than the repeat interval between two consecutive diagnostics result generations. The repeat interval: 300000000, the elapsed time of this diagnostics result generation: 1177837, the elapsed time between the latest two diagnostics result generations: 2178888147.
2025-06-12 14:03:19.23 Server      Long Sync IO: Scheduler 11 had 16 Sync IOs in nonpreemptive mode longer than 1000 ms
2025-06-12 14:03:29.05 spid21s     <frame id="00" address="0x8836637A5" pdb="sqlmin.pdb" age="2" guid="BC8C7A86-66E1-451B-85B5-1AA1AF97324C" module="sqlmin" rva="0x14E37A5" />
2025-06-12 14:03:33.67 spid15s     <frame id="00" address="0x8836637A5" pdb="sqlmin.pdb" age="2" guid="BC8C7A86-66E1-451B-85B5-1AA1AF97324C" module="sqlmin" rva="0x14E37A5" />
2025-06-12 14:03:39.20 spid18s     <frame id="00" address="0x8836637A5" pdb="sqlmin.pdb" age="2" guid="BC8C7A86-66E1-451B-85B5-1AA1AF97324C" module="sqlmin" rva="0x14E37A5" />
2025-06-12 14:03:55.65 spid6s      <frame id="00" address="0x8836637A5" pdb="sqlmin.pdb" age="2" guid="BC8C7A86-66E1-451B-85B5-1AA1AF97324C" module="sqlmin" rva="0x14E37A5" />
2025-06-12 14:04:17.77 spid4s      <frame id="00" address="0x8836637A5" pdb="sqlmin.pdb" age="2" guid="BC8C7A86-66E1-451B-85B5-1AA1AF97324C" module="sqlmin" rva="0x14E37A5" />
2025-06-12 14:04:36.21 spid43s     <frame id="00" address="0x8836637A5" pdb="sqlmin.pdb" age="2" guid="BC8C7A86-66E1-451B-85B5-1AA1AF97324C" module="sqlmin" rva="0x14E37A5" />
2025-06-12 14:05:16.36 spid21s     <frame id="01" address="0x883662C9D" pdb="sqlmin.pdb" age="2" guid="BC8C7A86-66E1-451B-85B5-1AA1AF97324C" module="sqlmin" rva="0x14E2C9D" />
2025-06-12 14:05:16.77 spid15s     <frame id="01" address="0x883662C9D" pdb="sqlmin.pdb" age="2" guid="BC8C7A86-66E1-451B-85B5-1AA1AF97324C" module="sqlmin" rva="0x14E2C9D" />
2025-06-12 14:05:17.11 spid18s     <frame id="01" address="0x883662C9D" pdb="sqlmin.pdb" age="2" guid="BC8C7A86-66E1-451B-85B5-1AA1AF97324C" module="sqlmin" rva="0x14E2C9D" />
2025-06-12 14:05:17.44 spid6s      <frame id="01" address="0x883662C9D" pdb="sqlmin.pdb" age="2" guid="BC8C7A86-66E1-451B-85B5-1AA1AF97324C" module="sqlmin" rva="0x14E2C9D" />
2025-06-12 14:05:17.53 spid4s      <frame id="01" address="0x883662C9D" pdb="sqlmin.pdb" age="2" guid="BC8C7A86-66E1-451B-85B5-1AA1AF97324C" module="sqlmin" rva="0x14E2C9D" />
2025-06-12 14:05:17.54 spid43s     <frame id="01" address="0x883662C9D" pdb="sqlmin.pdb" age="2" guid="BC8C7A86-66E1-451B-85B5-1AA1AF97324C" module="sqlmin" rva="0x14E2C9D" />
2025-06-12 14:05:17.54 spid21s     <frame id="02" address="0x8821F9084" pdb="sqlmin.pdb" age="2" guid="BC8C7A86-66E1-451B-85B5-1AA1AF97324C" module="sqlmin" rva="0x79084" />
2025-06-12 14:05:17.54 spid15s     <frame id="02" address="0x8821F9084" pdb="sqlmin.pdb" age="2" guid="BC8C7A86-66E1-451B-85B5-1AA1AF97324C" module="sqlmin" rva="0x79084" />
2025-06-12 14:05:17.54 spid18s     <frame id="02" address="0x8821F9084" pdb="sqlmin.pdb" age="2" guid="BC8C7A86-66E1-451B-85B5-1AA1AF97324C" module="sqlmin" rva="0x79084" />
2025-06-12 14:05:17.55 spid6s      <frame id="02" address="0x8821F9084" pdb="sqlmin.pdb" age="2" guid="BC8C7A86-66E1-451B-85B5-1AA1AF97324C" module="sqlmin" rva="0x79084" />
2025-06-12 14:05:17.55 spid4s      <frame id="02" address="0x8821F9084" pdb="sqlmin.pdb" age="2" guid="BC8C7A86-66E1-451B-85B5-1AA1AF97324C" module="sqlmin" rva="0x79084" />
2025-06-12 14:05:17.55 spid43s     <frame id="02" address="0x8821F9084" pdb="sqlmin.pdb" age="2" guid="BC8C7A86-66E1-451B-85B5-1AA1AF97324C" module="sqlmin" rva="0x79084" />
2025-06-12 14:05:17.55 spid21s     <frame id="03" address="0x88218EF57" pdb="sqlmin.pdb" age="2" guid="BC8C7A86-66E1-451B-85B5-1AA1AF97324C" module="sqlmin" rva="0xEF57" />
2025-06-12 14:05:17.56 spid15s     <frame id="03" address="0x88218EF57" pdb="sqlmin.pdb" age="2" guid="BC8C7A86-66E1-451B-85B5-1AA1AF97324C" module="sqlmin" rva="0xEF57" />
2025-06-12 14:05:17.56 spid18s     <frame id="03" address="0x88218EF57" pdb="sqlmin.pdb" age="2" guid="BC8C7A86-66E1-451B-85B5-1AA1AF97324C" module="sqlmin" rva="0xEF57" />
2025-06-12 14:05:17.56 spid6s      <frame id="03" address="0x88218EF57" pdb="sqlmin.pdb" age="2" guid="BC8C7A86-66E1-451B-85B5-1AA1AF97324C" module="sqlmin" rva="0xEF57" />
2025-06-12 14:05:17.57 spid4s      <frame id="03" address="0x88218EF57" pdb="sqlmin.pdb" age="2" guid="BC8C7A86-66E1-451B-85B5-1AA1AF97324C" module="sqlmin" rva="0xEF57" />
2025-06-12 14:05:17.57 spid43s     <frame id="03" address="0x88218EF57" pdb="sqlmin.pdb" age="2" guid="BC8C7A86-66E1-451B-85B5-1AA1AF97324C" module="sqlmin" rva="0xEF57" />
2025-06-12 14:05:17.57 spid21s     <frame id="04" address="0x88218F115" pdb="sqlmin.pdb" age="2" guid="BC8C7A86-66E1-451B-85B5-1AA1AF97324C" module="sqlmin" rva="0xF115" />
2025-06-12 14:05:17.58 spid15s     <frame id="04" address="0x88218F115" pdb="sqlmin.pdb" age="2" guid="BC8C7A86-66E1-451B-85B5-1AA1AF97324C" module="sqlmin" rva="0xF115" />
2025-06-12 14:05:17.58 spid18s     <frame id="04" address="0x88218F115" pdb="sqlmin.pdb" age="2" guid="BC8C7A86-66E1-451B-85B5-1AA1AF97324C" module="sqlmin" rva="0xF115" />
2025-06-12 14:05:17.59 spid6s      <frame id="04" address="0x88218F115" pdb="sqlmin.pdb" age="2" guid="BC8C7A86-66E1-451B-85B5-1AA1AF97324C" module="sqlmin" rva="0xF115" />
2025-06-12 14:05:17.60 spid4s      <frame id="04" address="0x88218F115" pdb="sqlmin.pdb" age="2" guid="BC8C7A86-66E1-451B-85B5-1AA1AF97324C" module="sqlmin" rva="0xF115" />
2025-06-12 14:05:17.60 spid43s     <frame id="04" address="0x88218F115" pdb="sqlmin.pdb" age="2" guid="BC8C7A86-66E1-451B-85B5-1AA1AF97324C" module="sqlmin" rva="0xF115" />
2025-06-12 14:05:17.61 spid21s     <frame id="05" address="0x8821942F0" pdb="sqlmin.pdb" age="2" guid="BC8C7A86-66E1-451B-85B5-1AA1AF97324C" module="sqlmin" rva="0x142F0" />
2025-06-12 14:05:17.61 spid6s      <frame id="05" address="0x8821942F0" pdb="sqlmin.pdb" age="2" guid="BC8C7A86-66E1-451B-85B5-1AA1AF97324C" module="sqlmin" rva="0x142F0" />
2025-06-12 14:05:17.61 spid18s     <frame id="05" address="0x8821942F0" pdb="sqlmin.pdb" age="2" guid="BC8C7A86-66E1-451B-85B5-1AA1AF97324C" module="sqlmin" rva="0x142F0" />
2025-06-12 14:05:17.61 spid15s     <frame id="05" address="0x8821942F0" pdb="sqlmin.pdb" age="2" guid="BC8C7A86-66E1-451B-85B5-1AA1AF97324C" module="sqlmin" rva="0x142F0" />
2025-06-12 14:05:17.62 spid43s     <frame id="05" address="0x8821942F0" pdb="sqlmin.pdb" age="2" guid="BC8C7A86-66E1-451B-85B5-1AA1AF97324C" module="sqlmin" rva="0x142F0" />
2025-06-12 14:05:17.62 spid4s      <frame id="05" address="0x8821942F0" pdb="sqlmin.pdb" age="2" guid="BC8C7A86-66E1-451B-85B5-1AA1AF97324C" module="sqlmin" rva="0x142F0" />
2025-06-12 14:05:17.63 spid21s     <frame id="06" address="0x882193CBA" pdb="sqlmin.pdb" age="2" guid="BC8C7A86-66E1-451B-85B5-1AA1AF97324C" module="sqlmin" rva="0x13CBA" />
2025-06-12 14:05:17.63 spid6s      <frame id="06" address="0x882193CBA" pdb="sqlmin.pdb" age="2" guid="BC8C7A86-66E1-451B-85B5-1AA1AF97324C" module="sqlmin" rva="0x13CBA" />
2025-06-12 14:05:17.63 spid18s     <frame id="06" address="0x882193CBA" pdb="sqlmin.pdb" age="2" guid="BC8C7A86-66E1-451B-85B5-1AA1AF97324C" module="sqlmin" rva="0x13CBA" />
2025-06-12 14:05:17.63 spid15s     <frame id="06" address="0x882193CBA" pdb="sqlmin.pdb" age="2" guid="BC8C7A86-66E1-451B-85B5-1AA1AF97324C" module="sqlmin" rva="0x13CBA" />
2025-06-12 14:05:17.64 spid4s      <frame id="06" address="0x882193CBA" pdb="sqlmin.pdb" age="2" guid="BC8C7A86-66E1-451B-85B5-1AA1AF97324C" module="sqlmin" rva="0x13CBA" />
2025-06-12 14:05:17.64 spid43s     <frame id="06" address="0x882193CBA" pdb="sqlmin.pdb" age="2" guid="BC8C7A86-66E1-451B-85B5-1AA1AF97324C" module="sqlmin" rva="0x13CBA" />
2025-06-12 14:05:17.64 spid21s     <frame id="07" address="0x8821936C4" pdb="sqlmin.pdb" age="2" guid="BC8C7A86-66E1-451B-85B5-1AA1AF97324C" module="sqlmin" rva="0x136C4" />
2025-06-12 14:05:17.65 spid6s      <frame id="07" address="0x8821936C4" pdb="sqlmin.pdb" age="2" guid="BC8C7A86-66E1-451B-85B5-1AA1AF97324C" module="sqlmin" rva="0x136C4" />
2025-06-12 14:05:17.65 spid18s     <frame id="07" address="0x8821936C4" pdb="sqlmin.pdb" age="2" guid="BC8C7A86-66E1-451B-85B5-1AA1AF97324C" module="sqlmin" rva="0x136C4" />
2025-06-12 14:05:17.65 spid15s     <frame id="07" address="0x8821936C4" pdb="sqlmin.pdb" age="2" guid="BC8C7A86-66E1-451B-85B5-1AA1AF97324C" module="sqlmin" rva="0x136C4" />
2025-06-12 14:05:17.66 spid4s      <frame id="07" address="0x8821936C4" pdb="sqlmin.pdb" age="2" guid="BC8C7A86-66E1-451B-85B5-1AA1AF97324C" module="sqlmin" rva="0x136C4" />
2025-06-12 14:05:17.66 spid43s     <frame id="07" address="0x8821936C4" pdb="sqlmin.pdb" age="2" guid="BC8C7A86-66E1-451B-85B5-1AA1AF97324C" module="sqlmin" rva="0x136C4" />
2025-06-12 14:05:17.67 spid21s     <frame id="08" address="0x882192DA4" pdb="sqlmin.pdb" age="2" guid="BC8C7A86-66E1-451B-85B5-1AA1AF97324C" module="sqlmin" rva="0x12DA4" />
2025-06-12 14:05:17.67 spid6s      <frame id="08" address="0x882192DA4" pdb="sqlmin.pdb" age="2" guid="BC8C7A86-66E1-451B-85B5-1AA1AF97324C" module="sqlmin" rva="0x12DA4" />
2025-06-12 14:05:17.67 spid18s     <frame id="08" address="0x882192DA4" pdb="sqlmin.pdb" age="2" guid="BC8C7A86-66E1-451B-85B5-1AA1AF97324C" module="sqlmin" rva="0x12DA4" />
2025-06-12 14:05:17.67 spid15s     <frame id="08" address="0x882192DA4" pdb="sqlmin.pdb" age="2" guid="BC8C7A86-66E1-451B-85B5-1AA1AF97324C" module="sqlmin" rva="0x12DA4" />
2025-06-12 14:05:17.68 spid4s      <frame id="08" address="0x882192DA4" pdb="sqlmin.pdb" age="2" guid="BC8C7A86-66E1-451B-85B5-1AA1AF97324C" module="sqlmin" rva="0x12DA4" />
2025-06-12 14:05:17.68 spid43s     <frame id="08" address="0x882192DA4" pdb="sqlmin.pdb" age="2" guid="BC8C7A86-66E1-451B-85B5-1AA1AF97324C" module="sqlmin" rva="0x12DA4" />
2025-06-12 14:05:17.70 spid21s     <frame id="09" address="0x8821938E8" pdb="sqlmin.pdb" age="2" guid="BC8C7A86-66E1-451B-85B5-1AA1AF97324C" module="sqlmin" rva="0x138E8" />
2025-06-12 14:05:17.70 spid18s     <frame id="09" address="0x8821938E8" pdb="sqlmin.pdb" age="2" guid="BC8C7A86-66E1-451B-85B5-1AA1AF97324C" module="sqlmin" rva="0x138E8" />
2025-06-12 14:05:17.71 spid43s     <frame id="09" address="0x8821938E8" pdb="sqlmin.pdb" age="2" guid="BC8C7A86-66E1-451B-85B5-1AA1AF97324C" module="sqlmin" rva="0x138E8" />
2025-06-12 14:05:17.71 spid4s      <frame id="09" address="0x8821938E8" pdb="sqlmin.pdb" age="2" guid="BC8C7A86-66E1-451B-85B5-1AA1AF97324C" module="sqlmin" rva="0x138E8" />
2025-06-12 14:05:17.70 spid6s      <frame id="09" address="0x8821938E8" pdb="sqlmin.pdb" age="2" guid="BC8C7A86-66E1-451B-85B5-1AA1AF97324C" module="sqlmin" rva="0x138E8" />
2025-06-12 14:05:17.70 spid15s     <frame id="09" address="0x8821938E8" pdb="sqlmin.pdb" age="2" guid="BC8C7A86-66E1-451B-85B5-1AA1AF97324C" module="sqlmin" rva="0x138E8" />
2025-06-12 14:05:17.71 spid21s     <frame id="10" address="0x882194A30" pdb="sqlmin.pdb" age="2" guid="BC8C7A86-66E1-451B-85B5-1AA1AF97324C" module="sqlmin" rva="0x14A30" />
2025-06-12 14:05:17.71 spid18s     <frame id="10" address="0x882194A30" pdb="sqlmin.pdb" age="2" guid="BC8C7A86-66E1-451B-85B5-1AA1AF97324C" module="sqlmin" rva="0x14A30" />
2025-06-12 14:05:17.71 spid43s     <frame id="10" address="0x882194A30" pdb="sqlmin.pdb" age="2" guid="BC8C7A86-66E1-451B-85B5-1AA1AF97324C" module="sqlmin" rva="0x14A30" />
2025-06-12 14:05:17.72 spid4s      <frame id="10" address="0x882194A30" pdb="sqlmin.pdb" age="2" guid="BC8C7A86-66E1-451B-85B5-1AA1AF97324C" module="sqlmin" rva="0x14A30" />
2025-06-12 14:05:17.72 spid6s      <frame id="10" address="0x88219A94A" pdb="sqlmin.pdb" age="2" guid="BC8C7A86-66E1-451B-85B5-1AA1AF97324C" module="sqlmin" rva="0x1A94A" />
2025-06-12 14:05:17.73 spid15s     <frame id="10" address="0x882194A30" pdb="sqlmin.pdb" age="2" guid="BC8C7A86-66E1-451B-85B5-1AA1AF97324C" module="sqlmin" rva="0x14A30" />
2025-06-12 14:05:17.74 spid21s     <frame id="11" address="0x8821910CD" pdb="sqlmin.pdb" age="2" guid="BC8C7A86-66E1-451B-85B5-1AA1AF97324C" module="sqlmin" rva="0x110CD" />
2025-06-12 14:05:17.74 spid18s     <frame id="11" address="0x8821910CD" pdb="sqlmin.pdb" age="2" guid="BC8C7A86-66E1-451B-85B5-1AA1AF97324C" module="sqlmin" rva="0x110CD" />
2025-06-12 14:05:17.74 spid43s     <frame id="11" address="0x8821910CD" pdb="sqlmin.pdb" age="2" guid="BC8C7A86-66E1-451B-85B5-1AA1AF97324C" module="sqlmin" rva="0x110CD" />
2025-06-12 14:05:17.75 spid4s      <frame id="11" address="0x8821910CD" pdb="sqlmin.pdb" age="2" guid="BC8C7A86-66E1-451B-85B5-1AA1AF97324C" module="sqlmin" rva="0x110CD" />
2025-06-12 14:05:17.75 spid6s      <frame id="11" address="0x88219A48A" pdb="sqlmin.pdb" age="2" guid="BC8C7A86-66E1-451B-85B5-1AA1AF97324C" module="sqlmin" rva="0x1A48A" />
2025-06-12 14:05:17.76 spid15s     <frame id="11" address="0x8821910CD" pdb="sqlmin.pdb" age="2" guid="BC8C7A86-66E1-451B-85B5-1AA1AF97324C" module="sqlmin" rva="0x110CD" />
2025-06-12 14:05:17.76 spid21s     <frame id="12" address="0x882190260" pdb="sqlmin.pdb" age="2" guid="BC8C7A86-66E1-451B-85B5-1AA1AF97324C" module="sqlmin" rva="0x10260" />
2025-06-12 14:05:17.76 spid18s     <frame id="12" address="0x882190260" pdb="sqlmin.pdb" age="2" guid="BC8C7A86-66E1-451B-85B5-1AA1AF97324C" module="sqlmin" rva="0x10260" />
2025-06-12 14:05:17.77 spid43s     <frame id="12" address="0x882190260" pdb="sqlmin.pdb" age="2" guid="BC8C7A86-66E1-451B-85B5-1AA1AF97324C" module="sqlmin" rva="0x10260" />
2025-06-12 14:05:17.77 spid4s      <frame id="12" address="0x882190260" pdb="sqlmin.pdb" age="2" guid="BC8C7A86-66E1-451B-85B5-1AA1AF97324C" module="sqlmin" rva="0x10260" />
2025-06-12 14:05:17.78 spid6s      <frame id="12" address="0x88219A1AF" pdb="sqlmin.pdb" age="2" guid="BC8C7A86-66E1-451B-85B5-1AA1AF97324C" module="sqlmin" rva="0x1A1AF" />
2025-06-12 14:05:17.78 spid15s     <frame id="12" address="0x882190260" pdb="sqlmin.pdb" age="2" guid="BC8C7A86-66E1-451B-85B5-1AA1AF97324C" module="sqlmin" rva="0x10260" />
2025-06-12 14:05:17.79 spid21s     <frame id="13" address="0x8821A10D1" pdb="sqlmin.pdb" age="2" guid="BC8C7A86-66E1-451B-85B5-1AA1AF97324C" module="sqlmin" rva="0x210D1" />
2025-06-12 14:05:17.79 spid18s     <frame id="13" address="0x8821A10D1" pdb="sqlmin.pdb" age="2" guid="BC8C7A86-66E1-451B-85B5-1AA1AF97324C" module="sqlmin" rva="0x210D1" />
2025-06-12 14:05:17.80 spid43s     <frame id="13" address="0x8821A10D1" pdb="sqlmin.pdb" age="2" guid="BC8C7A86-66E1-451B-85B5-1AA1AF97324C" module="sqlmin" rva="0x210D1" />
2025-06-12 14:05:17.80 spid4s      <frame id="13" address="0x8821A10D1" pdb="sqlmin.pdb" age="2" guid="BC8C7A86-66E1-451B-85B5-1AA1AF97324C" module="sqlmin" rva="0x210D1" />
2025-06-12 14:05:17.80 spid6s      <frame id="13" address="0x88219A293" pdb="sqlmin.pdb" age="2" guid="BC8C7A86-66E1-451B-85B5-1AA1AF97324C" module="sqlmin" rva="0x1A293" />
2025-06-12 14:05:17.80 spid15s     <frame id="13" address="0x8821A10D1" pdb="sqlmin.pdb" age="2" guid="BC8C7A86-66E1-451B-85B5-1AA1AF97324C" module="sqlmin" rva="0x210D1" />
2025-06-12 14:05:17.80 spid21s     <frame id="14" address="0x8821A5A0E" pdb="sqlmin.pdb" age="2" guid="BC8C7A86-66E1-451B-85B5-1AA1AF97324C" module="sqlmin" rva="0x25A0E" />
2025-06-12 14:05:17.81 spid18s     <frame id="14" address="0x8821A5A0E" pdb="sqlmin.pdb" age="2" guid="BC8C7A86-66E1-451B-85B5-1AA1AF97324C" module="sqlmin" rva="0x25A0E" />
2025-06-12 14:05:17.81 spid43s     <frame id="14" address="0x8821A5A0E" pdb="sqlmin.pdb" age="2" guid="BC8C7A86-66E1-451B-85B5-1AA1AF97324C" module="sqlmin" rva="0x25A0E" />
2025-06-12 14:05:17.81 spid4s      <frame id="14" address="0x8821A5A0E" pdb="sqlmin.pdb" age="2" guid="BC8C7A86-66E1-451B-85B5-1AA1AF97324C" module="sqlmin" rva="0x25A0E" />
2025-06-12 14:05:17.82 spid6s      <frame id="14" address="0x8821A1E0A" pdb="sqlmin.pdb" age="2" guid="BC8C7A86-66E1-451B-85B5-1AA1AF97324C" module="sqlmin" rva="0x21E0A" />
2025-06-12 14:05:17.82 spid15s     <frame id="14" address="0x8821A5A0E" pdb="sqlmin.pdb" age="2" guid="BC8C7A86-66E1-451B-85B5-1AA1AF97324C" module="sqlmin" rva="0x25A0E" />
2025-06-12 14:05:17.82 spid21s     <frame id="15" address="0x8821A5F72" pdb="sqlmin.pdb" age="2" guid="BC8C7A86-66E1-451B-85B5-1AA1AF97324C" module="sqlmin" rva="0x25F72" />
2025-06-12 14:05:17.82 spid18s     <frame id="15" address="0x8821A5F72" pdb="sqlmin.pdb" age="2" guid="BC8C7A86-66E1-451B-85B5-1AA1AF97324C" module="sqlmin" rva="0x25F72" />
2025-06-12 14:05:17.83 spid43s     <frame id="15" address="0x8821A5F72" pdb="sqlmin.pdb" age="2" guid="BC8C7A86-66E1-451B-85B5-1AA1AF97324C" module="sqlmin" rva="0x25F72" />
2025-06-12 14:05:17.84 spid21s     <frame id="16" address="0x882356812" pdb="sqlmin.pdb" age="2" guid="BC8C7A86-66E1-451B-85B5-1AA1AF97324C" module="sqlmin" rva="0x1D6812" />
2025-06-12 14:05:17.83 spid6s      <frame id="15" address="0x8821A7370" pdb="sqlmin.pdb" age="2" guid="BC8C7A86-66E1-451B-85B5-1AA1AF97324C" module="sqlmin" rva="0x27370" />
2025-06-12 14:05:17.84 spid15s     <frame id="15" address="0x8821A5F72" pdb="sqlmin.pdb" age="2" guid="BC8C7A86-66E1-451B-85B5-1AA1AF97324C" module="sqlmin" rva="0x25F72" />
2025-06-12 14:05:17.83 spid4s      <frame id="15" address="0x8821A5F72" pdb="sqlmin.pdb" age="2" guid="BC8C7A86-66E1-451B-85B5-1AA1AF97324C" module="sqlmin" rva="0x25F72" />
2025-06-12 14:05:17.84 spid18s     <frame id="16" address="0x8823561D2" pdb="sqlmin.pdb" age="2" guid="BC8C7A86-66E1-451B-85B5-1AA1AF97324C" module="sqlmin" rva="0x1D61D2" />
2025-06-12 14:05:17.84 spid43s     <frame id="16" address="0x88238D940" pdb="sqlmin.pdb" age="2" guid="BC8C7A86-66E1-451B-85B5-1AA1AF97324C" module="sqlmin" rva="0x20D940" />
2025-06-12 14:05:17.85 spid21s     <frame id="17" address="0x882356695" pdb="sqlmin.pdb" age="2" guid="BC8C7A86-66E1-451B-85B5-1AA1AF97324C" module="sqlmin" rva="0x1D6695" />
2025-06-12 14:05:17.85 spid6s      <frame id="16" address="0x882356F85" pdb="sqlmin.pdb" age="2" guid="BC8C7A86-66E1-451B-85B5-1AA1AF97324C" module="sqlmin" rva="0x1D6F85" />
2025-06-12 14:05:17.85 spid15s     <frame id="16" address="0x8821A7B56" pdb="sqlmin.pdb" age="2" guid="BC8C7A86-66E1-451B-85B5-1AA1AF97324C" module="sqlmin" rva="0x27B56" />
2025-06-12 14:05:17.86 spid4s      <frame id="16" address="0x8823586E2" pdb="sqlmin.pdb" age="2" guid="BC8C7A86-66E1-451B-85B5-1AA1AF97324C" module="sqlmin" rva="0x1D86E2" />
2025-06-12 14:05:17.86 spid18s     <frame id="17" address="0x882356098" pdb="sqlmin.pdb" age="2" guid="BC8C7A86-66E1-451B-85B5-1AA1AF97324C" module="sqlmin" rva="0x1D6098" />
2025-06-12 14:05:17.87 spid43s     <frame id="17" address="0x88238D57B" pdb="sqlmin.pdb" age="2" guid="BC8C7A86-66E1-451B-85B5-1AA1AF97324C" module="sqlmin" rva="0x20D57B" />
2025-06-12 14:05:17.87 spid21s     <frame id="18" address="0x8821A475B" pdb="sqlmin.pdb" age="2" guid="BC8C7A86-66E1-451B-85B5-1AA1AF97324C" module="sqlmin" rva="0x2475B" />
2025-06-12 14:05:17.87 spid6s      <frame id="17" address="0x8821A475B" pdb="sqlmin.pdb" age="2" guid="BC8C7A86-66E1-451B-85B5-1AA1AF97324C" module="sqlmin" rva="0x2475B" />
2025-06-12 14:05:17.88 spid15s     <frame id="17" address="0x8821A475B" pdb="sqlmin.pdb" age="2" guid="BC8C7A86-66E1-451B-85B5-1AA1AF97324C" module="sqlmin" rva="0x2475B" />
2025-06-12 14:05:17.89 spid4s      <frame id="17" address="0x8821A475B" pdb="sqlmin.pdb" age="2" guid="BC8C7A86-66E1-451B-85B5-1AA1AF97324C" module="sqlmin" rva="0x2475B" />
2025-06-12 14:05:17.89 spid18s     <frame id="18" address="0x8821A475B" pdb="sqlmin.pdb" age="2" guid="BC8C7A86-66E1-451B-85B5-1AA1AF97324C" module="sqlmin" rva="0x2475B" />
2025-06-12 14:05:17.89 spid43s     <frame id="18" address="0x8821A475B" pdb="sqlmin.pdb" age="2" guid="BC8C7A86-66E1-451B-85B5-1AA1AF97324C" module="sqlmin" rva="0x2475B" />
2025-06-12 14:05:17.89 spid21s     <frame id="19" address="0x8821A4446" pdb="sqlmin.pdb" age="2" guid="BC8C7A86-66E1-451B-85B5-1AA1AF97324C" module="sqlmin" rva="0x24446" />
2025-06-12 14:05:17.90 spid6s      <frame id="18" address="0x8821A4446" pdb="sqlmin.pdb" age="2" guid="BC8C7A86-66E1-451B-85B5-1AA1AF97324C" module="sqlmin" rva="0x24446" />
2025-06-12 14:05:17.90 spid15s     <frame id="18" address="0x8821A4446" pdb="sqlmin.pdb" age="2" guid="BC8C7A86-66E1-451B-85B5-1AA1AF97324C" module="sqlmin" rva="0x24446" />
2025-06-12 14:05:17.90 spid4s      <frame id="18" address="0x8821A4446" pdb="sqlmin.pdb" age="2" guid="BC8C7A86-66E1-451B-85B5-1AA1AF97324C" module="sqlmin" rva="0x24446" />
2025-06-12 14:05:17.91 spid18s     <frame id="19" address="0x8821A4446" pdb="sqlmin.pdb" age="2" guid="BC8C7A86-66E1-451B-85B5-1AA1AF97324C" module="sqlmin" rva="0x24446" />
2025-06-12 14:05:17.92 spid43s     <frame id="19" address="0x8821A4446" pdb="sqlmin.pdb" age="2" guid="BC8C7A86-66E1-451B-85B5-1AA1AF97324C" module="sqlmin" rva="0x24446" />
2025-06-12 14:05:17.92 spid21s     <frame id="20" address="0x8853B53E4" pdb="sqllang.pdb" age="2" guid="77A4EE9E-51E3-4460-88B9-36B93670AB76" module="sqllang" rva="0x53E4" />
2025-06-12 14:05:17.93 spid6s      <frame id="19" address="0x8853B53E4" pdb="sqllang.pdb" age="2" guid="77A4EE9E-51E3-4460-88B9-36B93670AB76" module="sqllang" rva="0x53E4" />
2025-06-12 14:05:17.94 spid15s     <frame id="19" address="0x8853B53E4" pdb="sqllang.pdb" age="2" guid="77A4EE9E-51E3-4460-88B9-36B93670AB76" module="sqllang" rva="0x53E4" />
2025-06-12 14:05:17.94 spid4s      <frame id="19" address="0x8853B53E4" pdb="sqllang.pdb" age="2" guid="77A4EE9E-51E3-4460-88B9-36B93670AB76" module="sqllang" rva="0x53E4" />
2025-06-12 14:05:17.95 spid18s     <frame id="20" address="0x8853B53E4" pdb="sqllang.pdb" age="2" guid="77A4EE9E-51E3-4460-88B9-36B93670AB76" module="sqllang" rva="0x53E4" />
2025-06-12 14:05:17.95 spid43s     <frame id="20" address="0x8853B53E4" pdb="sqllang.pdb" age="2" guid="77A4EE9E-51E3-4460-88B9-36B93670AB76" module="sqllang" rva="0x53E4" />
2025-06-12 14:05:17.95 spid21s     <frame id="21" address="0x8821A4145" pdb="sqlmin.pdb" age="2" guid="BC8C7A86-66E1-451B-85B5-1AA1AF97324C" module="sqlmin" rva="0x24145" />
2025-06-12 14:05:17.96 spid6s      <frame id="20" address="0x8821A4145" pdb="sqlmin.pdb" age="2" guid="BC8C7A86-66E1-451B-85B5-1AA1AF97324C" module="sqlmin" rva="0x24145" />
2025-06-12 14:05:17.96 spid15s     <frame id="20" address="0x8821A4145" pdb="sqlmin.pdb" age="2" guid="BC8C7A86-66E1-451B-85B5-1AA1AF97324C" module="sqlmin" rva="0x24145" />
2025-06-12 14:05:17.99 spid21s     <frame id="22" address="0x888CE87AB" pdb="SqlDK.pdb" age="2" guid="F350BA8B-6AE6-4460-83D9-76CE8B12EC27" module="SqlDK" rva="0x87AB" />
2025-06-12 14:05:17.98 spid18s     <frame id="21" address="0x8821A4145" pdb="sqlmin.pdb" age="2" guid="BC8C7A86-66E1-451B-85B5-1AA1AF97324C" module="sqlmin" rva="0x24145" />
2025-06-12 14:05:17.98 spid43s     <frame id="21" address="0x8821A4145" pdb="sqlmin.pdb" age="2" guid="BC8C7A86-66E1-451B-85B5-1AA1AF97324C" module="sqlmin" rva="0x24145" />
2025-06-12 14:05:17.99 spid6s      <frame id="21" address="0x888CE87AB" pdb="SqlDK.pdb" age="2" guid="F350BA8B-6AE6-4460-83D9-76CE8B12EC27" module="SqlDK" rva="0x87AB" />
2025-06-12 14:05:17.97 spid4s      <frame id="20" address="0x8821A4145" pdb="sqlmin.pdb" age="2" guid="BC8C7A86-66E1-451B-85B5-1AA1AF97324C" module="sqlmin" rva="0x24145" />
2025-06-12 14:05:17.99 spid15s     <frame id="21" address="0x888CE87AB" pdb="SqlDK.pdb" age="2" guid="F350BA8B-6AE6-4460-83D9-76CE8B12EC27" module="SqlDK" rva="0x87AB" />
2025-06-12 14:05:18.01 spid4s      <frame id="21" address="0x888CE87AB" pdb="SqlDK.pdb" age="2" guid="F350BA8B-6AE6-4460-83D9-76CE8B12EC27" module="SqlDK" rva="0x87AB" />
2025-06-12 14:05:17.99 spid18s     <frame id="22" address="0x888CE87AB" pdb="SqlDK.pdb" age="2" guid="F350BA8B-6AE6-4460-83D9-76CE8B12EC27" module="SqlDK" rva="0x87AB" />
2025-06-12 14:05:18.00 spid43s     <frame id="22" address="0x882324A66" pdb="sqlmin.pdb" age="2" guid="BC8C7A86-66E1-451B-85B5-1AA1AF97324C" module="sqlmin" rva="0x1A4A66" />
2025-06-12 14:05:18.00 spid6s      <frame id="22" address="0x888CE8DB5" pdb="SqlDK.pdb" age="2" guid="F350BA8B-6AE6-4460-83D9-76CE8B12EC27" module="SqlDK" rva="0x8DB5" />
2025-06-12 14:05:17.99 spid21s     <frame id="23" address="0x888CE8DB5" pdb="SqlDK.pdb" age="2" guid="F350BA8B-6AE6-4460-83D9-76CE8B12EC27" module="SqlDK" rva="0x8DB5" />
2025-06-12 14:05:18.01 spid15s     <frame id="22" address="0x888CE8DB5" pdb="SqlDK.pdb" age="2" guid="F350BA8B-6AE6-4460-83D9-76CE8B12EC27" module="SqlDK" rva="0x8DB5" />
2025-06-12 14:05:18.01 spid4s      <frame id="22" address="0x888CE8DB5" pdb="SqlDK.pdb" age="2" guid="F350BA8B-6AE6-4460-83D9-76CE8B12EC27" module="SqlDK" rva="0x8DB5" />
2025-06-12 14:05:18.02 spid18s     <frame id="23" address="0x888CE8DB5" pdb="SqlDK.pdb" age="2" guid="F350BA8B-6AE6-4460-83D9-76CE8B12EC27" module="SqlDK" rva="0x8DB5" />
2025-06-12 14:05:18.02 spid43s     <frame id="23" address="0x888CE87AB" pdb="SqlDK.pdb" age="2" guid="F350BA8B-6AE6-4460-83D9-76CE8B12EC27" module="SqlDK" rva="0x87AB" />
2025-06-12 14:05:18.03 spid6s      <frame id="23" address="0x888CE8914" pdb="SqlDK.pdb" age="2" guid="F350BA8B-6AE6-4460-83D9-76CE8B12EC27" module="SqlDK" rva="0x8914" />
2025-06-12 14:05:18.04 spid21s     <frame id="24" address="0x888CE8914" pdb="SqlDK.pdb" age="2" guid="F350BA8B-6AE6-4460-83D9-76CE8B12EC27" module="SqlDK" rva="0x8914" />
2025-06-12 14:05:18.05 spid15s     <frame id="23" address="0x888CE8914" pdb="SqlDK.pdb" age="2" guid="F350BA8B-6AE6-4460-83D9-76CE8B12EC27" module="SqlDK" rva="0x8914" />
2025-06-12 14:05:18.11 spid6s      <frame id="24" address="0x888D08353" pdb="SqlDK.pdb" age="2" guid="F350BA8B-6AE6-4460-83D9-76CE8B12EC27" module="SqlDK" rva="0x28353" />
2025-06-12 14:05:18.07 spid18s     <frame id="24" address="0x888CE8914" pdb="SqlDK.pdb" age="2" guid="F350BA8B-6AE6-4460-83D9-76CE8B12EC27" module="SqlDK" rva="0x8914" />
2025-06-12 14:05:18.06 spid4s      <frame id="23" address="0x888CE8914" pdb="SqlDK.pdb" age="2" guid="F350BA8B-6AE6-4460-83D9-76CE8B12EC27" module="SqlDK" rva="0x8914" />
2025-06-12 14:05:18.11 spid21s     <frame id="25" address="0x888D08353" pdb="SqlDK.pdb" age="2" guid="F350BA8B-6AE6-4460-83D9-76CE8B12EC27" module="SqlDK" rva="0x28353" />
2025-06-12 14:05:18.11 spid43s     <frame id="24" address="0x888CE8DB5" pdb="SqlDK.pdb" age="2" guid="F350BA8B-6AE6-4460-83D9-76CE8B12EC27" module="SqlDK" rva="0x8DB5" />
2025-06-12 14:05:18.12 spid15s     <frame id="24" address="0x888D08353" pdb="SqlDK.pdb" age="2" guid="F350BA8B-6AE6-4460-83D9-76CE8B12EC27" module="SqlDK" rva="0x28353" />
2025-06-12 14:05:18.12 spid6s      <frame id="25" address="0x888D086CC" pdb="SqlDK.pdb" age="2" guid="F350BA8B-6AE6-4460-83D9-76CE8B12EC27" module="SqlDK" rva="0x286CC" />
2025-06-12 14:05:18.12 spid18s     <frame id="25" address="0x888D08353" pdb="SqlDK.pdb" age="2" guid="F350BA8B-6AE6-4460-83D9-76CE8B12EC27" module="SqlDK" rva="0x28353" />
2025-06-12 14:05:18.13 spid4s      <frame id="24" address="0x888D08353" pdb="SqlDK.pdb" age="2" guid="F350BA8B-6AE6-4460-83D9-76CE8B12EC27" module="SqlDK" rva="0x28353" />
2025-06-12 14:05:18.13 spid21s     <frame id="26" address="0x888D086CC" pdb="SqlDK.pdb" age="2" guid="F350BA8B-6AE6-4460-83D9-76CE8B12EC27" module="SqlDK" rva="0x286CC" />
2025-06-12 14:05:18.15 spid43s     <frame id="25" address="0x888CE8914" pdb="SqlDK.pdb" age="2" guid="F350BA8B-6AE6-4460-83D9-76CE8B12EC27" module="SqlDK" rva="0x8914" />
2025-06-12 14:05:18.15 spid15s     <frame id="25" address="0x888D086CC" pdb="SqlDK.pdb" age="2" guid="F350BA8B-6AE6-4460-83D9-76CE8B12EC27" module="SqlDK" rva="0x286CC" />
2025-06-12 14:05:18.16 spid6s      <frame id="26" address="0x888D08BC2" pdb="SqlDK.pdb" age="2" guid="F350BA8B-6AE6-4460-83D9-76CE8B12EC27" module="SqlDK" rva="0x28BC2" />
2025-06-12 14:05:18.16 spid18s     <frame id="26" address="0x888D086CC" pdb="SqlDK.pdb" age="2" guid="F350BA8B-6AE6-4460-83D9-76CE8B12EC27" module="SqlDK" rva="0x286CC" />
2025-06-12 14:05:18.17 spid4s      <frame id="25" address="0x888D086CC" pdb="SqlDK.pdb" age="2" guid="F350BA8B-6AE6-4460-83D9-76CE8B12EC27" module="SqlDK" rva="0x286CC" />
2025-06-12 14:05:18.17 spid21s     <frame id="27" address="0x888D08BC2" pdb="SqlDK.pdb" age="2" guid="F350BA8B-6AE6-4460-83D9-76CE8B12EC27" module="SqlDK" rva="0x28BC2" />
2025-06-12 14:05:18.18 spid43s     <frame id="26" address="0x888D08353" pdb="SqlDK.pdb" age="2" guid="F350BA8B-6AE6-4460-83D9-76CE8B12EC27" module="SqlDK" rva="0x28353" />
2025-06-12 14:05:18.18 spid15s     <frame id="26" address="0x888D08BC2" pdb="SqlDK.pdb" age="2" guid="F350BA8B-6AE6-4460-83D9-76CE8B12EC27" module="SqlDK" rva="0x28BC2" />
2025-06-12 14:05:18.18 spid6s      <frame id="27" address="0x888D08976" pdb="SqlDK.pdb" age="2" guid="F350BA8B-6AE6-4460-83D9-76CE8B12EC27" module="SqlDK" rva="0x28976" />
2025-06-12 14:05:18.22 spid18s     <frame id="27" address="0x888D08BC2" pdb="SqlDK.pdb" age="2" guid="F350BA8B-6AE6-4460-83D9-76CE8B12EC27" module="SqlDK" rva="0x28BC2" />
2025-06-12 14:05:18.25 spid6s      <frame id="28" address="0x8815E7AF4" pdb="kernel32.pdb" age="1" guid="E4CC0E21-BDDF-68A6-8D56-D644BB74B131" module="kernel32" rva="0x17AF4" />
2025-06-12 14:05:18.23 spid21s     <frame id="28" address="0x888D08976" pdb="SqlDK.pdb" age="2" guid="F350BA8B-6AE6-4460-83D9-76CE8B12EC27" module="SqlDK" rva="0x28976" />
2025-06-12 14:05:18.23 spid43s     <frame id="27" address="0x888D086CC" pdb="SqlDK.pdb" age="2" guid="F350BA8B-6AE6-4460-83D9-76CE8B12EC27" module="SqlDK" rva="0x286CC" />
2025-06-12 14:05:18.24 spid15s     <frame id="27" address="0x888D08976" pdb="SqlDK.pdb" age="2" guid="F350BA8B-6AE6-4460-83D9-76CE8B12EC27" module="SqlDK" rva="0x28976" />
2025-06-12 14:05:18.22 spid4s      <frame id="26" address="0x888D08BC2" pdb="SqlDK.pdb" age="2" guid="F350BA8B-6AE6-4460-83D9-76CE8B12EC27" module="SqlDK" rva="0x28BC2" />
2025-06-12 14:05:18.25 spid18s     <frame id="28" address="0x888D08976" pdb="SqlDK.pdb" age="2" guid="F350BA8B-6AE6-4460-83D9-76CE8B12EC27" module="SqlDK" rva="0x28976" />
2025-06-12 14:05:18.26 spid6s      <frame id="29" address="0x8800644A1" pdb="ntdll.pdb" age="1" guid="7CF052A3-2E1E-8ED4-0593-CC2297317058" module="ntdll" rva="0x244A1" />
2025-06-12 14:05:18.26 spid21s     <frame id="29" address="0x8815E7AF4" pdb="kernel32.pdb" age="1" guid="E4CC0E21-BDDF-68A6-8D56-D644BB74B131" module="kernel32" rva="0x17AF4" />
2025-06-12 14:05:18.26 spid43s     <frame id="28" address="0x888D08BC2" pdb="SqlDK.pdb" age="2" guid="F350BA8B-6AE6-4460-83D9-76CE8B12EC27" module="SqlDK" rva="0x28BC2" />
2025-06-12 14:05:18.27 spid15s     <frame id="28" address="0x8815E7AF4" pdb="kernel32.pdb" age="1" guid="E4CC0E21-BDDF-68A6-8D56-D644BB74B131" module="kernel32" rva="0x17AF4" />
2025-06-12 14:05:18.27 spid4s      <frame id="27" address="0x888D08976" pdb="SqlDK.pdb" age="2" guid="F350BA8B-6AE6-4460-83D9-76CE8B12EC27" module="SqlDK" rva="0x28976" />
2025-06-12 14:05:18.27 spid18s     <frame id="29" address="0x8815E7AF4" pdb="kernel32.pdb" age="1" guid="E4CC0E21-BDDF-68A6-8D56-D644BB74B131" module="kernel32" rva="0x17AF4" />
2025-06-12 14:05:18.29 spid21s     <frame id="30" address="0x8800644A1" pdb="ntdll.pdb" age="1" guid="7CF052A3-2E1E-8ED4-0593-CC2297317058" module="ntdll" rva="0x244A1" />
2025-06-12 14:05:18.29 spid6s      Latch Owner (No frames may indicate task has exited.)
2025-06-12 14:05:18.30 spid43s     <frame id="29" address="0x888D08976" pdb="SqlDK.pdb" age="2" guid="F350BA8B-6AE6-4460-83D9-76CE8B12EC27" module="SqlDK" rva="0x28976" />
2025-06-12 14:05:18.34 spid4s      <frame id="28" address="0x8815E7AF4" pdb="kernel32.pdb" age="1" guid="E4CC0E21-BDDF-68A6-8D56-D644BB74B131" module="kernel32" rva="0x17AF4" />
2025-06-12 14:05:18.34 spid15s     <frame id="29" address="0x8800644A1" pdb="ntdll.pdb" age="1" guid="7CF052A3-2E1E-8ED4-0593-CC2297317058" module="ntdll" rva="0x244A1" />
2025-06-12 14:05:18.34 spid18s     <frame id="30" address="0x8800644A1" pdb="ntdll.pdb" age="1" guid="7CF052A3-2E1E-8ED4-0593-CC2297317058" module="ntdll" rva="0x244A1" />
2025-06-12 14:05:18.35 spid21s     Latch Owner (No frames may indicate task has exited.)
2025-06-12 14:05:18.40 spid43s     <frame id="30" address="0x8815E7AF4" pdb="kernel32.pdb" age="1" guid="E4CC0E21-BDDF-68A6-8D56-D644BB74B131" module="kernel32" rva="0x17AF4" />
2025-06-12 14:05:18.42 spid15s     Latch Owner (No frames may indicate task has exited.)
2025-06-12 14:05:18.41 spid4s      <frame id="29" address="0x8800644A1" pdb="ntdll.pdb" age="1" guid="7CF052A3-2E1E-8ED4-0593-CC2297317058" module="ntdll" rva="0x244A1" />
2025-06-12 14:05:18.42 spid18s     Latch Owner (No frames may indicate task has exited.)
2025-06-12 14:05:18.44 spid4s      Latch Owner (No frames may indicate task has exited.)
2025-06-12 14:05:18.43 spid43s     <frame id="31" address="0x8800644A1" pdb="ntdll.pdb" age="1" guid="7CF052A3-2E1E-8ED4-0593-CC2297317058" module="ntdll" rva="0x244A1" />
2025-06-12 14:05:18.45 spid43s     Latch Owner (No frames may indicate task has exited.)
2025-06-12 14:05:18.48 spid4s      Error: 845, Severity: 17, State: 1.
2025-06-12 14:05:18.48 spid4s      Time-out occurred while waiting for buffer latch type 2 for page (1:362), database ID 1. (LATCH 0x00000008EE4C4C58: Class: BUFFER KP: 0 SH: 5 UP: 0 EX: 0 DT: 0 Sublatch: 0 HasWaiters: 0 Task: 0x0000000000000000 AnyReleasor: 0)
2025-06-12 14:05:18.49 spid21s     Error: 845, Severity: 17, State: 1.
2025-06-12 14:05:18.49 spid21s     Time-out occurred while waiting for buffer latch type 2 for page (1:362), database ID 1. (LATCH 0x00000008EE4C4C58: Class: BUFFER KP: 0 SH: 5 UP: 0 EX: 0 DT: 0 Sublatch: 0 HasWaiters: 0 Task: 0x0000000000000000 AnyReleasor: 0)
2025-06-12 14:05:18.48 spid18s     Error: 845, Severity: 17, State: 1.
2025-06-12 14:05:18.48 spid18s     Time-out occurred while waiting for buffer latch type 2 for page (1:362), database ID 1. (LATCH 0x00000008EE4C4C58: Class: BUFFER KP: 0 SH: 5 UP: 0 EX: 0 DT: 0 Sublatch: 0 HasWaiters: 0 Task: 0x0000000000000000 AnyReleasor: 0)
2025-06-12 14:05:18.63 spid4s      SQL Ledger: Block generation or digest upload failed for this server due to error 845 and state 1.
2025-06-12 14:05:18.63 spid43s     HkCsTimerTask::TimerFunction:13948: DbId 0, Msg 845, Level 17, State 1, Time-out occurred while waiting for buffer latch type 2 for page (1:362), database ID 1. (LATCH 0x00000008EE4C4C58: Class: BUFFER KP: 0 SH: 5 UP: 0 EX: 0 DT: 0 Sublatch: 0 HasWaiters: 0 Task: 0x0000000000000000 AnyReleasor: 0)
2025-06-12 14:05:20.70 Server      Long Sync IO: Scheduler 0 had 1 Sync IOs in nonpreemptive mode longer than 1000 ms
2025-06-12 14:05:20.73 Server      Long Sync IO: Scheduler 1 had 8 Sync IOs in nonpreemptive mode longer than 1000 ms
2025-06-12 14:05:20.73 Server      Long Sync IO: Scheduler 2 had 8 Sync IOs in nonpreemptive mode longer than 1000 ms
2025-06-12 14:05:20.74 Server      Long Sync IO: Scheduler 3 had 15 Sync IOs in nonpreemptive mode longer than 1000 ms
2025-06-12 14:05:20.74 Server      Long Sync IO: Scheduler 4 had 8 Sync IOs in nonpreemptive mode longer than 1000 ms
2025-06-12 14:05:20.74 Server      Long Sync IO: Scheduler 5 had 4 Sync IOs in nonpreemptive mode longer than 1000 ms
2025-06-12 14:05:20.75 Server      Long Sync IO: Scheduler 6 had 8 Sync IOs in nonpreemptive mode longer than 1000 ms
2025-06-12 14:05:20.75 Server      Long Sync IO: Scheduler 7 had 12 Sync IOs in nonpreemptive mode longer than 1000 ms
2025-06-12 14:05:20.75 Server      Long Sync IO: Scheduler 8 had 1 Sync IOs in nonpreemptive mode longer than 1000 ms
2025-06-12 14:05:20.76 Server      Long Sync IO: Scheduler 9 had 3 Sync IOs in nonpreemptive mode longer than 1000 ms
2025-06-12 14:05:20.76 Server      Long Sync IO: Scheduler 10 had 3 Sync IOs in nonpreemptive mode longer than 1000 ms
2025-06-12 14:05:22.82 spid15s     **Dump thread - spid = 0, EC = 0x0000000D367DFD50 Connection = 0x0000000D367DFCE0
2025-06-12 14:05:23.63 spid15s     ***Stack Dump being sent to /var/opt/mssql/log/SQLDump0002.txt
2025-06-12 14:05:23.75 spid15s     * *******************************************************************************
2025-06-12 14:05:23.87 spid15s     *
2025-06-12 14:05:24.07 spid15s     * BEGIN STACK DUMP:
2025-06-12 14:05:25.22 spid15s     *   06/12/25 14:05:23 spid 15
2025-06-12 14:05:28.52 spid15s     *
2025-06-12 14:05:31.50 spid15s     * Latch timeout
2025-06-12 14:05:33.47 spid15s     *
2025-06-12 14:05:35.99 spid15s     *  
2025-06-12 14:05:37.98 spid15s     * *******************************************************************************
2025-06-12 14:05:40.79 spid15s     * -------------------------------------------------------------------------------
2025-06-12 14:05:43.31 spid15s     * Short Stack Dump
2025-06-12 14:05:51.78 spid15s     <frame id="00" address="0x881A9E3F9" pdb="kernelbase.pdb" age="1" guid="5CD0BCC4-1628-5E40-3EB5-4DFE56CBF899" module="kernelbase" rva="0x3E3F9" />
2025-06-12 14:05:55.83 spid15s     <frame id="00" address="0x8866FE82E" pdb="sqllang.pdb" age="2" guid="77A4EE9E-51E3-4460-88B9-36B93670AB76" module="sqllang" rva="0x134E82E" />
2025-06-12 14:05:58.94 spid15s     <frame id="00" address="0x886702855" pdb="sqllang.pdb" age="2" guid="77A4EE9E-51E3-4460-88B9-36B93670AB76" module="sqllang" rva="0x1352855" />
2025-06-12 14:06:00.94 Server      Long Sync IO: Scheduler 10 had 2 Sync IOs in nonpreemptive mode longer than 1000 ms
2025-06-12 14:06:03.56 spid15s     <frame id="00" address="0x883664C17" pdb="sqlmin.pdb" age="2" guid="BC8C7A86-66E1-451B-85B5-1AA1AF97324C" module="sqlmin" rva="0x14E4C17" />
2025-06-12 14:06:06.63 spid15s     <frame id="00" address="0x8836638DF" pdb="sqlmin.pdb" age="2" guid="BC8C7A86-66E1-451B-85B5-1AA1AF97324C" module="sqlmin" rva="0x14E38DF" />
2025-06-12 14:06:08.65 spid15s     <frame id="00" address="0x883662C9D" pdb="sqlmin.pdb" age="2" guid="BC8C7A86-66E1-451B-85B5-1AA1AF97324C" module="sqlmin" rva="0x14E2C9D" />
2025-06-12 14:06:10.59 spid15s     <frame id="00" address="0x8821F9084" pdb="sqlmin.pdb" age="2" guid="BC8C7A86-66E1-451B-85B5-1AA1AF97324C" module="sqlmin" rva="0x79084" />
2025-06-12 14:06:11.86 Server      Long Sync IO: Scheduler 6 had 1 Sync IOs in nonpreemptive mode longer than 1000 ms
2025-06-12 14:06:12.16 spid15s     <frame id="00" address="0x88218EF57" pdb="sqlmin.pdb" age="2" guid="BC8C7A86-66E1-451B-85B5-1AA1AF97324C" module="sqlmin" rva="0xEF57" />
2025-06-12 14:06:13.05 spid15s     <frame id="00" address="0x88218F115" pdb="sqlmin.pdb" age="2" guid="BC8C7A86-66E1-451B-85B5-1AA1AF97324C" module="sqlmin" rva="0xF115" />
2025-06-12 14:06:13.57 spid15s     <frame id="00" address="0x8821942F0" pdb="sqlmin.pdb" age="2" guid="BC8C7A86-66E1-451B-85B5-1AA1AF97324C" module="sqlmin" rva="0x142F0" />
2025-06-12 14:06:14.54 spid15s     <frame id="00" address="0x882193CBA" pdb="sqlmin.pdb" age="2" guid="BC8C7A86-66E1-451B-85B5-1AA1AF97324C" module="sqlmin" rva="0x13CBA" />
2025-06-12 14:06:15.15 spid15s     <frame id="00" address="0x8821936C4" pdb="sqlmin.pdb" age="2" guid="BC8C7A86-66E1-451B-85B5-1AA1AF97324C" module="sqlmin" rva="0x136C4" />
2025-06-12 14:06:16.18 spid15s     <frame id="00" address="0x882192DA4" pdb="sqlmin.pdb" age="2" guid="BC8C7A86-66E1-451B-85B5-1AA1AF97324C" module="sqlmin" rva="0x12DA4" />
2025-06-12 14:06:22.20 spid15s     <frame id="00" address="0x8821938E8" pdb="sqlmin.pdb" age="2" guid="BC8C7A86-66E1-451B-85B5-1AA1AF97324C" module="sqlmin" rva="0x138E8" />
2025-06-12 14:06:27.12 Server      Long Sync IO: Scheduler 6 had 1 Sync IOs in nonpreemptive mode longer than 1000 ms
2025-06-12 14:06:29.93 Server      Long Sync IO: Scheduler 10 had 3 Sync IOs in nonpreemptive mode longer than 1000 ms
2025-06-12 14:06:33.96 spid15s     <frame id="00" address="0x882194A30" pdb="sqlmin.pdb" age="2" guid="BC8C7A86-66E1-451B-85B5-1AA1AF97324C" module="sqlmin" rva="0x14A30" />
2025-06-12 14:06:36.73 Server      Long Sync IO: Scheduler 10 had 2 Sync IOs in nonpreemptive mode longer than 1000 ms
2025-06-12 14:06:42.73 spid15s     <frame id="00" address="0x8821910CD" pdb="sqlmin.pdb" age="2" guid="BC8C7A86-66E1-451B-85B5-1AA1AF97324C" module="sqlmin" rva="0x110CD" />
2025-06-12 14:06:45.26 Server      Long Sync IO: Scheduler 6 had 1 Sync IOs in nonpreemptive mode longer than 1000 ms
2025-06-12 14:06:51.75 Server      Long Sync IO: Scheduler 10 had 4 Sync IOs in nonpreemptive mode longer than 1000 ms
2025-06-12 14:06:58.81 spid15s     <frame id="00" address="0x882190260" pdb="sqlmin.pdb" age="2" guid="BC8C7A86-66E1-451B-85B5-1AA1AF97324C" module="sqlmin" rva="0x10260" />
2025-06-12 14:07:01.07 Server      Long Sync IO: Scheduler 10 had 2 Sync IOs in nonpreemptive mode longer than 1000 ms
2025-06-12 14:07:12.85 Server      Long Sync IO: Scheduler 6 had 1 Sync IOs in nonpreemptive mode longer than 1000 ms
2025-06-12 14:07:14.32 spid15s     <frame id="00" address="0x8821A10D1" pdb="sqlmin.pdb" age="2" guid="BC8C7A86-66E1-451B-85B5-1AA1AF97324C" module="sqlmin" rva="0x210D1" />
2025-06-12 14:07:16.47 Server      Long Sync IO: Scheduler 10 had 2 Sync IOs in nonpreemptive mode longer than 1000 ms
2025-06-12 14:07:30.50 Server      Long Sync IO: Scheduler 6 had 1 Sync IOs in nonpreemptive mode longer than 1000 ms
2025-06-12 14:07:32.56 spid15s     <frame id="00" address="0x8821A5A0E" pdb="sqlmin.pdb" age="2" guid="BC8C7A86-66E1-451B-85B5-1AA1AF97324C" module="sqlmin" rva="0x25A0E" />
2025-06-12 14:07:35.25 Server      Long Sync IO: Scheduler 10 had 2 Sync IOs in nonpreemptive mode longer than 1000 ms
2025-06-12 14:07:46.87 spid15s     <frame id="00" address="0x8821A5F72" pdb="sqlmin.pdb" age="2" guid="BC8C7A86-66E1-451B-85B5-1AA1AF97324C" module="sqlmin" rva="0x25F72" />
2025-06-12 14:07:47.08 Server      Long Sync IO: Scheduler 6 had 1 Sync IOs in nonpreemptive mode longer than 1000 ms
2025-06-12 14:07:55.86 Server      Long Sync IO: Scheduler 10 had 3 Sync IOs in nonpreemptive mode longer than 1000 ms
2025-06-12 14:07:59.54 spid15s     <frame id="00" address="0x8821A7B56" pdb="sqlmin.pdb" age="2" guid="BC8C7A86-66E1-451B-85B5-1AA1AF97324C" module="sqlmin" rva="0x27B56" />
2025-06-12 14:08:06.15 Server      Long Sync IO: Scheduler 6 had 1 Sync IOs in nonpreemptive mode longer than 1000 ms
2025-06-12 14:08:13.81 Server      Long Sync IO: Scheduler 10 had 3 Sync IOs in nonpreemptive mode longer than 1000 ms
2025-06-12 14:08:17.02 spid15s     <frame id="00" address="0x8821A475B" pdb="sqlmin.pdb" age="2" guid="BC8C7A86-66E1-451B-85B5-1AA1AF97324C" module="sqlmin" rva="0x2475B" />
2025-06-12 14:08:23.32 Server      Long Sync IO: Scheduler 6 had 1 Sync IOs in nonpreemptive mode longer than 1000 ms
2025-06-12 14:08:32.21 Server      Long Sync IO: Scheduler 10 had 1 Sync IOs in nonpreemptive mode longer than 1000 ms
2025-06-12 14:08:40.49 spid15s     <frame id="00" address="0x8821A4446" pdb="sqlmin.pdb" age="2" guid="BC8C7A86-66E1-451B-85B5-1AA1AF97324C" module="sqlmin" rva="0x24446" />
2025-06-12 14:08:45.89 Server      Long Sync IO: Scheduler 10 had 1 Sync IOs in nonpreemptive mode longer than 1000 ms
2025-06-12 14:09:18.91 spid15s     <frame id="00" address="0x8853B53E4" pdb="sqllang.pdb" age="2" guid="77A4EE9E-51E3-4460-88B9-36B93670AB76" module="sqllang" rva="0x53E4" />
2025-06-12 14:09:20.51 Server      Long Sync IO: Scheduler 6 had 1 Sync IOs in nonpreemptive mode longer than 1000 ms
2025-06-12 14:09:22.34 spid15s     <frame id="00" address="0x8821A4145" pdb="sqlmin.pdb" age="2" guid="BC8C7A86-66E1-451B-85B5-1AA1AF97324C" module="sqlmin" rva="0x24145" />
2025-06-12 14:09:24.25 spid15s     <frame id="00" address="0x888CE87AB" pdb="SqlDK.pdb" age="2" guid="F350BA8B-6AE6-4460-83D9-76CE8B12EC27" module="SqlDK" rva="0x87AB" />
2025-06-12 14:09:25.14 spid15s     <frame id="00" address="0x888CE8DB5" pdb="SqlDK.pdb" age="2" guid="F350BA8B-6AE6-4460-83D9-76CE8B12EC27" module="SqlDK" rva="0x8DB5" />
2025-06-12 14:09:26.47 spid15s     <frame id="00" address="0x888CE8914" pdb="SqlDK.pdb" age="2" guid="F350BA8B-6AE6-4460-83D9-76CE8B12EC27" module="SqlDK" rva="0x8914" />
2025-06-12 14:09:27.14 spid15s     <frame id="00" address="0x888D08353" pdb="SqlDK.pdb" age="2" guid="F350BA8B-6AE6-4460-83D9-76CE8B12EC27" module="SqlDK" rva="0x28353" />
2025-06-12 14:09:27.51 spid15s     <frame id="00" address="0x888D086CC" pdb="SqlDK.pdb" age="2" guid="F350BA8B-6AE6-4460-83D9-76CE8B12EC27" module="SqlDK" rva="0x286CC" />
2025-06-12 14:09:28.19 spid15s     <frame id="00" address="0x888D08BC2" pdb="SqlDK.pdb" age="2" guid="F350BA8B-6AE6-4460-83D9-76CE8B12EC27" module="SqlDK" rva="0x28BC2" />
2025-06-12 14:09:28.81 spid15s     <frame id="00" address="0x888D08976" pdb="SqlDK.pdb" age="2" guid="F350BA8B-6AE6-4460-83D9-76CE8B12EC27" module="SqlDK" rva="0x28976" />
2025-06-12 14:09:29.19 spid15s     <frame id="00" address="0x8815E7AF4" pdb="kernel32.pdb" age="1" guid="E4CC0E21-BDDF-68A6-8D56-D644BB74B131" module="kernel32" rva="0x17AF4" />
2025-06-12 14:09:29.28 spid15s     <frame id="00" address="0x8800644A1" pdb="ntdll.pdb" age="1" guid="7CF052A3-2E1E-8ED4-0593-CC2297317058" module="ntdll" rva="0x244A1" />
2025-06-12 14:09:29.38 spid15s     Stack Signature for the dump is 0x0000000026B00248
2025-06-12 14:09:29.42 spid15s     SaveNumaNodeRelationShip : 0 of 1 numa nodes info saved to pDump.
2025-06-12 14:09:29.43 spid15s     CDmpClient::ExecuteAllCallbacks started.
2025-06-12 14:09:29.43 spid15s     XE_DumpCallbacks is executing...
2025-06-12 14:09:29.49 spid15s     DumpCallbackSOS is executing...
2025-06-12 14:09:29.50 spid15s     DumpCallbackEE is executing...
2025-06-12 14:09:29.52 spid15s     DumpCallbackSE is executing...
2025-06-12 14:09:29.60 spid15s     DumpCallbackSEAM is executing...
2025-06-12 14:09:29.64 spid15s     DumpCallbackSSB is executing...
2025-06-12 14:09:29.68 spid15s     DumpCallbackQE is executing...
2025-06-12 14:09:29.69 spid15s     DumpCallbackFullText is executing...
2025-06-12 14:09:29.69 spid15s     DumpCallbackSQLCLR is executing...
2025-06-12 14:09:29.70 spid15s     DumpCallbackHk is executing...
2025-06-12 14:09:29.73 spid15s     DumpCallbackRepl is executing...
2025-06-12 14:09:29.73 spid15s     DumpCallbackPolyBase is executing...
2025-06-12 14:09:29.73 spid15s     CDmpClient::ExecuteAllCallbacks completed. Time elapsed: 0 seconds.
2025-06-12 14:09:49.82 spid15s     Timeout waiting for external dump process 1120.
2025-06-12 14:09:56.39 Server      Long Sync IO: Scheduler 6 had 1 Sync IOs in nonpreemptive mode longer than 1000 ms
