                     0 0.00 bytes
VM Committed                                      0 0.00 bytes
Locked Pages Allocated                            0 0.00 bytes
SM Reserved                                       0 0.00 bytes
SM Committed                                      0 0.00 bytes
Pages Allocated                                 232 232.00 kb
2025-06-19 13:47:27.04 spid51       MSR-53
OBJECTSTORE_LBSS (node 0)                        KB
---------------------------------------- ----------
VM Reserved                                       0 0.00 bytes
VM Committed                                      0 0.00 bytes
Locked Pages Allocated                            0 0.00 bytes
SM Reserved                                       0 0.00 bytes
SM Committed                                      0 0.00 bytes
Pages Allocated                                 128 128.00 kb
2025-06-19 13:47:27.07 spid51       MSR-53
OBJECTSTORE_SNI_PACKET (node 0)                  KB
---------------------------------------- ----------
VM Reserved                                       0 0.00 bytes
VM Committed                                      0 0.00 bytes
Locked Pages Allocated                            0 0.00 bytes
SM Reserved                                       0 0.00 bytes
SM Committed                                      0 0.00 bytes
Pages Allocated                                  96 96.00 kb
2025-06-19 13:47:27.08 spid51       MSR-53
OBJECTSTORE_SNI_PACKET (node 64)                 KB
---------------------------------------- ----------
VM Reserved                                       0 0.00 bytes
VM Committed                                      0 0.00 bytes
Locked Pages Allocated                            0 0.00 bytes
SM Reserved                                       0 0.00 bytes
SM Committed                                      0 0.00 bytes
Pages Allocated                                  64 64.00 kb
2025-06-19 13:47:27.11 spid51       MSR-53
OBJECTSTORE_SNI_PACKET (Total)                   KB
---------------------------------------- ----------
VM Reserved                                       0 0.00 bytes
VM Committed                                      0 0.00 bytes
Locked Pages Allocated                            0 0.00 bytes
SM Reserved                                       0 0.00 bytes
SM Committed                                      0 0.00 bytes
Pages Allocated                                 160 160.00 kb
2025-06-19 13:47:27.13 spid51       MSR-53
OBJECTSTORE_SERVICE_BROKER (node 0)              KB
---------------------------------------- ----------
VM Reserved                                       0 0.00 bytes
VM Committed                                      0 0.00 bytes
Locked Pages Allocated                            0 0.00 bytes
SM Reserved                                       0 0.00 bytes
SM Committed                                      0 0.00 bytes
Pages Allocated                                 656 656.00 kb
2025-06-19 13:47:27.14 spid51       MSR-53
OBJECTSTORE_LOCK_MANAGER (node 0)                KB
---------------------------------------- ----------
VM Reserved                                    2048 2.00 mb
VM Committed                                   2048 2.00 mb
Locked Pages Allocated                            0 0.00 bytes
SM Reserved                                       0 0.00 bytes
SM Committed                                      0 0.00 bytes
Pages Allocated                                 744 744.00 kb
2025-06-19 13:47:27.16 spid51       MSR-53
OBJECTSTORE_LOCK_MANAGER (node 64)               KB
---------------------------------------- ----------
VM Reserved                                       0 0.00 bytes
VM Committed                                      0 0.00 bytes
Locked Pages Allocated                            0 0.00 bytes
SM Reserved                                       0 0.00 bytes
SM Committed                                      0 0.00 bytes
Pages Allocated                                  24 24.00 kb
2025-06-19 13:47:27.18 spid51       MSR-53
OBJECTSTORE_LOCK_MANAGER (Total)                 KB
---------------------------------------- ----------
VM Reserved                                    2048 2.00 mb
VM Committed                                   2048 2.00 mb
Locked Pages Allocated                            0 0.00 bytes
SM Reserved                                       0 0.00 bytes
SM Committed                                      0 0.00 bytes
Pages Allocated                                 768 768.00 kb
2025-06-19 13:47:27.20 spid51       MSR-53
OBJECTSTORE_SECAUDIT_EVENT_BUFFER (node 0)         KB
---------------------------------------- ----------
VM Reserved                                       0 0.00 bytes
VM Committed                                      0 0.00 bytes
Locked Pages Allocated                            0 0.00 bytes
SM Reserved                                       0 0.00 bytes
SM Committed                                      0 0.00 bytes
Pages Allocated                                  16 16.00 kb
2025-06-19 13:47:27.22 spid51       MSR-53
OBJECTSTORE_XACT_CACHE (node 0)                  KB
---------------------------------------- ----------
VM Reserved                                       0 0.00 bytes
VM Committed                                      0 0.00 bytes
Locked Pages Allocated                            0 0.00 bytes
SM Reserved                                       0 0.00 bytes
SM Committed                                      0 0.00 bytes
Pages Allocated                                 192 192.00 kb
2025-06-19 13:47:27.25 spid51       MSR-53
Buffer Pool                                   Pages
---------------------------------------- ----------
Database                                         23 184.00 kb
Simulated                                         1 8.00 kb
Target                                       196608 1.50 gb
Dirty                                             0 0.00 bytes
In IO                                             0 0.00 bytes
Latched                                           0 0.00 bytes
IO error                                          0 0.00 bytes
In Internal Pool                                  0 
Page Life Expectancy                              1 
2025-06-19 13:47:27.28 spid51       MSR-53
Buffer Pool Current Clock Stats               Count
---------------------------------------- ----------
Never Used                                     1316 10.28 mb
Stolen or Free                                 3439 26.87 mb
Above Cutoff (HOT)                                6 48.00 kb
Not on LRU                                        0 0.00 bytes
Single Use                                        0 0.00 bytes
Long IO Queue                                     0 0.00 bytes
In IO                                             0 0.00 bytes
In Allocation                                     0 0.00 bytes
Preemptive                                        0 0.00 bytes
Skip Pool                                         0 0.00 bytes
Moved to L2                                       0 0.00 bytes
Evicted                                          13 104.00 kb
Evicted Mapped                                    0 0.00 bytes
2025-06-19 13:47:27.32 spid51       MSR-53
Buffer Pool Previous Clock Stats              Count
---------------------------------------- ----------
Never Used                                     2033 15.88 mb
Stolen or Free                                 5419 42.34 mb
Above Cutoff (HOT)                               36 288.00 kb
Not on LRU                                        0 0.00 bytes
Single Use                                        0 0.00 bytes
Long IO Queue                                     0 0.00 bytes
In IO                                             0 0.00 bytes
In Allocation                                     0 0.00 bytes
Preemptive                                        0 0.00 bytes
Skip Pool                                         0 0.00 bytes
Moved to L2                                       0 0.00 bytes
Evicted                                          14 112.00 kb
Evicted Mapped                                    0 0.00 bytes
2025-06-19 13:47:27.35 spid51       MSR-53
Procedure Cache                               Value
---------------------------------------- ----------
TotalProcs                                        0 
TotalPages                                      547 4.27 mb
InUsePages                                        0 0.00 bytes
2025-06-19 13:47:27.36 spid51       MSR-53
Global Memory Objects                         Pages
---------------------------------------- ----------
Resource                                        585 4.57 mb
Locks                                            96 768.00 kb
XDES                                             48 384.00 kb
DirtyPageTracking                                66 528.00 kb
SETLS                                            12 96.00 kb
SubpDesc Allocators                              12 96.00 kb
SE SchemaManager                                168 1.31 mb
SE Column Metadata Cache                        250 1.95 mb
SE Column Metadata Cache Store                    1 8.00 kb
SE Column Store Metadata Cache                   12 96.00 kb
SQLCache                                        202 1.58 mb
Replication                                       2 16.00 kb
ServerGlobal                                    155 1.21 mb
XP Global                                         2 16.00 kb
SortTables                                        3 24.00 kb
2025-06-19 13:47:27.39 spid51       MSR-53
Query Memory Objects (internal)               Value
---------------------------------------- ----------
Grants                                            0 
Waiting                                           0 
Available                                       480 3.75 kb
Current Max                                     480 3.75 kb
Future Max                                      480 3.75 kb
Physical Max                                  15825 123.63 kb
Next Request                                      0 0.00 bytes
Waiting For                                       0 0.00 bytes
Cost                                              0 
Timeout                                           0 0.00 secs
Wait Time                                         0 0.00 secs
2025-06-19 13:47:27.41 spid51       MSR-53
Small Query Memory Objects (internal)         Value
---------------------------------------- ----------
Grants                                            0 
Waiting                                           0 
Available                                         0 0.00 bytes
Current Max                                       0 0.00 bytes
Future Max                                        0 0.00 bytes
2025-06-19 13:47:27.42 spid51       MSR-53
Query Memory Objects (default)                Value
---------------------------------------- ----------
Grants                                            0 
Waiting                                           0 
Available                                       480 3.75 kb
Current Max                                     480 3.75 kb
Future Max                                      480 3.75 kb
Physical Max                                  15825 123.63 kb
Next Request                                      0 0.00 bytes
Waiting For                                       0 0.00 bytes
Cost                                              0 
Timeout                                           0 0.00 secs
Wait Time                                         0 0.00 secs
2025-06-19 13:47:27.43 spid51       MSR-53
Small Query Memory Objects (default)          Value
---------------------------------------- ----------
Grants                                            0 
Waiting                                           0 
Available                                         0 0.00 bytes
Current Max                                       0 0.00 bytes
Future Max                                        0 0.00 bytes
2025-06-19 13:47:27.46 spid51       MSR-53
Optimization Queue (internal)                 Value
---------------------------------------- ----------
Overall Memory                            138313728 131.91 mb
Target Memory                              66265088 63.20 mb
Last Notification                                 2 SHRINK
Timeout                                           6 6.00 secs
Early Termination Factor                          5 
2025-06-19 13:47:27.47 spid51       MSR-53
Small Gateway (internal)                      Value
---------------------------------------- ----------
Configured Units                                 48 
Available Units                                  48 
Acquires                                          0 
Waiters                                           0 
Threshold Factor                             380000 
Threshold                                    380000 
2025-06-19 13:47:27.48 spid51       MSR-53
Medium Gateway (internal)                     Value
---------------------------------------- ----------
Configured Units                                 12 
Available Units                                  12 
Acquires                                          0 
Waiters                                           0 
Threshold Factor                                 12 
Threshold                                        -1 
2025-06-19 13:47:27.49 spid51       MSR-53
Big Gateway (internal)                        Value
---------------------------------------- ----------
Configured Units                                  1 
Available Units                                   1 
Acquires                                          0 
Waiters                                           0 
Threshold Factor                                  8 
Threshold                                        -1 
2025-06-19 13:47:27.50 spid51       MSR-53
Optimization Queue (default)                  Value
---------------------------------------- ----------
Overall Memory                            138313728 131.91 mb
Target Memory                               5373952 5.13 mb
Last Notification                                 2 SHRINK
Timeout                                           6 6.00 secs
Early Termination Factor                          5 
2025-06-19 13:47:27.51 spid51       MSR-53
Small Gateway (default)                       Value
---------------------------------------- ----------
Configured Units                                 48 
Available Units                                  47 
Acquires                                          1 
Waiters                                           0 
Threshold Factor                             380000 
Threshold                                    380000 
2025-06-19 13:47:27.53 spid51       MSR-53
Medium Gateway (default)                      Value
---------------------------------------- ----------
Configured Units                                 12 
Available Units                                  11 
Acquires                                          1 
Waiters                                           0 
Threshold Factor                                 12 
Threshold                                    447829 
2025-06-19 13:47:27.54 spid51       MSR-53
Big Gateway (default)                         Value
---------------------------------------- ----------
Configured Units                                  1 
Available Units                                   0 
Acquires                                          1 
Waiters                                           0 
Threshold Factor                                  8 
Threshold                                    671744 
2025-06-19 13:47:27.55 spid51       MSR-53
Memory Pool Manager                              KB
---------------------------------------- ----------
Reserved Current                                  0 0.00 bytes
Reserved Limit                               116800 114.06 mb
2025-06-19 13:47:27.56 spid51       MSR-53
Memory Pool (internal)                           KB
---------------------------------------- ----------
Allocations                                  151544 147.99 mb
Predicted                                    151544 147.99 mb
Private Target                                    0 0.00 bytes
Private Limit                                     0 0.00 bytes
Total Target                                 160088 156.34 mb
Total Limit                                  276976 270.48 mb
OOM Count                                         0 
2025-06-19 13:47:27.57 spid51       MSR-53
MEMORYBROKER_FOR_CACHE (internal)                KB
---------------------------------------- ----------
Allocations                                   11128 10.87 mb
Rate                                            -16 -16.00 kb
Target Allocations                             7832 7.65 mb
Future Allocations                                0 0.00 bytes
Overall                                      135072 131.91 mb
Last Notification                                 2 SHRINK
2025-06-19 13:47:27.58 spid51       MSR-53
MEMORYBROKER_FOR_STEAL (internal)                KB
---------------------------------------- ----------
Allocations                                   91912 89.76 mb
Rate                                            -80 -80.00 kb
Target Allocations                            64712 63.20 mb
Future Allocations                                0 0.00 bytes
Overall                                      135072 131.91 mb
Last Notification                                 2 SHRINK
2025-06-19 13:47:27.59 spid51       MSR-53
MEMORYBROKER_FOR_RESERVE (internal)              KB
---------------------------------------- ----------
Allocations                                       0 0.00 bytes
Rate                                              0 0.00 bytes
Target Allocations                             4216 4.12 mb
Future Allocations                                0 0.00 bytes
Overall                                      135072 131.91 mb
Last Notification                                 0 STABLE
2025-06-19 13:47:27.60 spid51       MSR-53
MEMORYBROKER_FOR_COMMITTED (internal)            KB
---------------------------------------- ----------
Allocations                                   45800 44.73 mb
Rate                                              0 0.00 bytes
Target Allocations                            32248 31.49 mb
Future Allocations                                0 0.00 bytes
Overall                                      135072 131.91 mb
Last Notification                                 2 SHRINK
2025-06-19 13:47:27.61 spid51       MSR-53
MEMORYBROKER_FOR_HASHED_DATA_PAGES (internal)         KB
---------------------------------------- ----------
Allocations                                       0 0.00 bytes
Rate                                              0 0.00 bytes
Target Allocations                             4216 4.12 mb
Future Allocations                                0 0.00 bytes
Overall                                      135072 131.91 mb
Last Notification                                 0 STABLE
2025-06-19 13:47:27.64 spid51       MSR-53
MEMORYBROKER_FOR_XTP (internal)                  KB
---------------------------------------- ----------
Allocations                                    2704 2.64 mb
Rate                                              0 0.00 bytes
Target Allocations                             4216 4.12 mb
Future Allocations                                0 0.00 bytes
Overall                                      135072 131.91 mb
Last Notification                                 0 STABLE
2025-06-19 13:47:27.65 spid51       MSR-53
Memory Pool (default)                            KB
---------------------------------------- ----------
Allocations                                    8632 8.43 mb
Predicted                                     40280 39.34 mb
Private Target                                    0 0.00 bytes
Private Limit                                     0 0.00 bytes
Total Target                                 160088 156.34 mb
Total Limit                                  276976 270.48 mb
OOM Count                                         0 
2025-06-19 13:47:27.67 spid51       MSR-53
MEMORYBROKER_FOR_CACHE (default)                 KB
---------------------------------------- ----------
Allocations                                    1120 1.09 mb
Rate                                           -104 -104.00 kb
Target Allocations                             4216 4.12 mb
Future Allocations                                0 0.00 bytes
Overall                                      135072 131.91 mb
Last Notification                                 0 STABLE
2025-06-19 13:47:27.68 spid51       MSR-53
MEMORYBROKER_FOR_STEAL (default)                 KB
---------------------------------------- ----------
Allocations                                    7456 7.28 mb
Rate                                              0 0.00 bytes
Target Allocations                             5248 5.13 mb
Future Allocations                                0 0.00 bytes
Overall                                      135072 131.91 mb
Last Notification                                 2 SHRINK
2025-06-19 13:47:27.69 spid51       MSR-53
MEMORYBROKER_FOR_RESERVE (default)               KB
---------------------------------------- ----------
Allocations                                       0 0.00 bytes
Rate                                              0 0.00 bytes
Target Allocations                             4216 4.12 mb
Future Allocations                            31648 30.91 mb
Overall                                      135072 131.91 mb
Last Notification                                 0 STABLE
2025-06-19 13:47:27.70 spid51       MSR-53
MEMORYBROKER_FOR_HASHED_DATA_PAGES (default)         KB
---------------------------------------- ----------
Allocations                                       0 0.00 bytes
Rate                                              0 0.00 bytes
Target Allocations                             4216 4.12 mb
Future Allocations                                0 0.00 bytes
Overall                                      135072 131.91 mb
Last Notification                                 0 STABLE
2025-06-19 13:47:27.73 spid51       MSR-53
MEMORYBROKER_FOR_XTP (default)                   KB
---------------------------------------- ----------
Allocations                                      56 56.00 kb
Rate                                              0 0.00 bytes
Target Allocations                             4216 4.12 mb
Future Allocations                                0 0.00 bytes
Overall                                      135072 131.91 mb
Last Notification                                 0 STABLE
2025-06-19 13:47:27.74 spid51       MSR-53
Memory Broker Clerk (Buffer Pool)             Pages
---------------------------------------- ----------
Total                                            23 184.00 kb
Simulated                                         1 8.00 kb
Simulation Benefit                                0 
Internal Benefit                                  0 
External Benefit                                  0 
Value Of Memory                                   0 
Periodic Freed                                    0 0.00 bytes
Internal Freed                                    0 0.00 bytes
2025-06-19 13:47:27.78 spid51      [INFO]  MSExtra-53
XTP_MEMORY_CONSUMER (29, VARHEAP, Lookaside heap)
---------------------------------------- ----------
Database Id                                       0
Object Id                                         0
XTP Object Id                                  -501
Index Id                                          0
Allocated (KB)                                    0
Used (KB)                                         0
Allocation Count                                  0
SizeClass Count                                  73
MinSizeClass                                      8
MaxSizeClass                                   3096
2025-06-19 13:47:27.80 spid51      [INFO]  MSExtra-53
XTP_MEMORY_CONSUMER (28, PGPOOL, 256K page pool)
---------------------------------------- ----------
Database Id                                       0
Object Id                                         0
XTP Object Id                                  -501
Index Id                                          0
Allocated (KB)                                    0
Used (KB)                                         0
Allocation Count                                  0
SizeClass Count                                   1
MinSizeClass                                 262144
MaxSizeClass                                 262144
2025-06-19 13:47:27.82 spid51      [INFO]  MSExtra-53
XTP_MEMORY_CONSUMER (27, PGPOOL, 4K page pool)
---------------------------------------- ----------
Database Id                                       0
Object Id                                         0
XTP Object Id                                  -501
Index Id                                          0
Allocated (KB)                                    0
Used (KB)                                         0
Allocation Count                                  0
SizeClass Count                                   1
MinSizeClass                                   4096
MaxSizeClass                                   4096
2025-06-19 13:47:27.84 spid51      [INFO]  MSExtra-53
XTP_MEMORY_CONSUMER (26, VARHEAP, System heap)
---------------------------------------- ----------
Database Id                                       0
Object Id                                         0
XTP Object Id                                  -501
Index Id                                          0
Allocated (KB)                                  448
Used (KB)                                       407
Allocation Count                               2512
SizeClass Count                                 112
MinSizeClass                                      1
MaxSizeClass                                  16384
2025-06-19 13:47:27.86 spid51      [INFO]  MSExtra-53
XTP_MEMORY_CONSUMER (25, LOOKASIDE, Transaction list element)
---------------------------------------- ----------
Allocated (KB)                                    0
Used (KB)                                         0
Allocation Count                                  0
SizeClass Count                                   2
MinSizeClass                                     24
MaxSizeClass                                     24
2025-06-19 13:47:27.89 spid51      [INFO]  MSExtra-53
XTP_MEMORY_CONSUMER (24, LOOKASIDE, Delta tracker cursor)
---------------------------------------- ----------
Allocated (KB)                                    0
Used (KB)                                         0
Allocation Count                                  0
SizeClass Count                                   2
MinSizeClass                                     64
MaxSizeClass                                     64
2025-06-19 13:47:27.91 spid51      [INFO]  MSExtra-53
XTP_MEMORY_CONSUMER (23, LOOKASIDE, Transaction delta tracker)
---------------------------------------- ----------
Allocated (KB)                                    0
Used (KB)                                         0
Allocation Count                                  0
SizeClass Count                                   2
MinSizeClass                                     48
MaxSizeClass                                     48
2025-06-19 13:47:27.92 spid51      [INFO]  MSExtra-53
XTP_MEMORY_CONSUMER (22, LOOKASIDE, Creation Statement Id Map Entry)
---------------------------------------- ----------
Allocated (KB)                                    0
Used (KB)                                         0
Allocation Count                                  0
SizeClass Count                                   2
MinSizeClass                                     32
MaxSizeClass                                     32
2025-06-19 13:47:27.93 spid51      [INFO]  MSExtra-53
XTP_MEMORY_CONSUMER (21, LOOKASIDE, Creation Statement Id Map)
---------------------------------------- ----------
Allocated (KB)                                    0
Used (KB)                                         0
Allocation Count                                  0
SizeClass Count                                   2
MinSizeClass                                     72
MaxSizeClass                                     72
2025-06-19 13:47:27.94 spid51      [INFO]  MSExtra-53
XTP_MEMORY_CONSUMER (20, LOOKASIDE, Log IO proxy)
---------------------------------------- ----------
Allocated (KB)                                    0
Used (KB)                                         0
Allocation Count                                  0
SizeClass Count                                   2
MinSizeClass                                    248
MaxSizeClass                                    248
2025-06-19 13:47:27.95 spid51      [INFO]  MSExtra-53
XTP_MEMORY_CONSUMER (19, LOOKASIDE, Log IO completion)
---------------------------------------- ----------
Allocated (KB)                                    0
Used (KB)                                         0
Allocation Count                                  0
SizeClass Count                                   2
MinSizeClass                                    104
MaxSizeClass                                    104
2025-06-19 13:47:27.97 spid51      [INFO]  MSExtra-53
XTP_MEMORY_CONSUMER (18, LOOKASIDE, Sequence object insert row)
---------------------------------------- ----------
Allocated (KB)                                    0
Used (KB)                                         0
Allocation Count                                  0
SizeClass Count                                   2
MinSizeClass                                     88
MaxSizeClass                                     88
2025-06-19 13:47:27.99 spid51      [INFO]  MSExtra-53
XTP_MEMORY_CONSUMER (17, LOOKASIDE, Sequence object map entry)
---------------------------------------- ----------
Allocated (KB)                                    0
Used (KB)                                         0
Allocation Count                                  0
SizeClass Count                                   2
MinSizeClass                                     32
MaxSizeClass                                     32
2025-06-19 13:47:28.02 spid51      [INFO]  MSExtra-53
XTP_MEMORY_CONSUMER (16, LOOKASIDE, Sequence object values map)
---------------------------------------- ----------
Allocated (KB)                                    0
Used (KB)                                         0
Allocation Count                                  0
SizeClass Count                                   2
MinSizeClass                                    192
MaxSizeClass                                    192
2025-06-19 13:47:28.05 spid51      [INFO]  MSExtra-53
XTP_MEMORY_CONSUMER (15, LOOKASIDE, Redo transaction map entry)
---------------------------------------- ----------
Allocated (KB)                                    0
Used (KB)                                         0
Allocation Count                                  0
SizeClass Count                                   2
MinSizeClass                                     72
MaxSizeClass                                     72
2025-06-19 13:47:28.08 spid51      [INFO]  MSExtra-53
XTP_MEMORY_CONSUMER (14, LOOKASIDE, Transaction recent rows)
---------------------------------------- ----------
Allocated (KB)                                    0
Used (KB)                                         0
Allocation Count                                  0
SizeClass Count                                   2
MinSizeClass                                    720
MaxSizeClass                                    720
2025-06-19 13:47:28.09 spid51      [INFO]  MSExtra-53
XTP_MEMORY_CONSUMER (13, LOOKASIDE, Heap cursor)
---------------------------------------- ----------
Allocated (KB)                                    0
Used (KB)                                         0
Allocation Count                                  0
SizeClass Count                                   2
MinSizeClass                                    472
MaxSizeClass                                    472
2025-06-19 13:47:28.11 spid51      [INFO]  MSExtra-53
XTP_MEMORY_CONSUMER (12, LOOKASIDE, Range cursor)
---------------------------------------- ----------
Allocated (KB)                                    0
Used (KB)                                         0
Allocation Count                                  0
SizeClass Count                                   2
MinSizeClass                                    832
MaxSizeClass                                    832
2025-06-19 13:47:28.12 spid51      [INFO]  MSExtra-53
XTP_MEMORY_CONSUMER (11, LOOKASIDE, Hash cursor)
---------------------------------------- ----------
Allocated (KB)                                    0
Used (KB)                                         0
Allocation Count                                  0
SizeClass Count                                   2
MinSizeClass                                    320
MaxSizeClass                                    320
2025-06-19 13:47:28.14 spid51      [INFO]  MSExtra-53
XTP_MEMORY_CONSUMER (10, LOOKASIDE, Transaction dependent ring buffer)
---------------------------------------- ----------
Allocated (KB)                                    0
Used (KB)                                         0
Allocation Count                                  0
SizeClass Count                                   2
MinSizeClass                                   1560
MaxSizeClass                                   1560
2025-06-19 13:47:28.15 spid51      [INFO]  MSExtra-53
XTP_MEMORY_CONSUMER (9, LOOKASIDE, Transaction save-point set entry)
---------------------------------------- ----------
Allocated (KB)                                    0
Used (KB)                                         0
Allocation Count                                  0
SizeClass Count                                   2
MinSizeClass                                    112
MaxSizeClass                                    112
2025-06-19 13:47:28.16 spid51      [INFO]  MSExtra-53
XTP_MEMORY_CONSUMER (8, LOOKASIDE, Transaction FK validation sets)
---------------------------------------- ----------
Allocated (KB)                                    0
Used (KB)                                         0
Allocation Count                                  0
SizeClass Count                                   2
MinSizeClass                                     96
MaxSizeClass                                     96
2025-06-19 13:47:28.18 spid51      [INFO]  MSExtra-53
XTP_MEMORY_CONSUMER (7, LOOKASIDE, Transaction partially-inserted rows set)
---------------------------------------- ----------
Allocated (KB)                                    0
Used (KB)                                         0
Allocation Count                                  0
SizeClass Count                                   2
MinSizeClass                                    536
MaxSizeClass                                    536
2025-06-19 13:47:28.19 spid51      [INFO]  MSExtra-53
XTP_MEMORY_CONSUMER (6, LOOKASIDE, Transaction constraint set)
---------------------------------------- ----------
Allocated (KB)                                    0
Used (KB)                                         0
Allocation Count                                  0
SizeClass Count                                   2
MinSizeClass                                   2584
MaxSizeClass                                   2584
2025-06-19 13:47:28.20 spid51      [INFO]  MSExtra-53
XTP_MEMORY_CONSUMER (5, LOOKASIDE, Transaction save-point set)
---------------------------------------- ----------
Allocated (KB)                                    0
Used (KB)                                         0
Allocation Count                                  0
SizeClass Count                                   2
MinSizeClass                                    536
MaxSizeClass                                    536
2025-06-19 13:47:28.21 spid51      [INFO]  MSExtra-53
XTP_MEMORY_CONSUMER (4, LOOKASIDE, Transaction write set)
---------------------------------------- ----------
Allocated (KB)                                    0
Used (KB)                                         0
Allocation Count                                  0
SizeClass Count                                   2
MinSizeClass                                   1304
MaxSizeClass                                   1304
2025-06-19 13:47:28.22 spid51      [INFO]  MSExtra-53
XTP_MEMORY_CONSUMER (3, LOOKASIDE, Transaction scan set)
---------------------------------------- ----------
Allocated (KB)                                    0
Used (KB)                                         0
Allocation Count                                  0
SizeClass Count                                   2
MinSizeClass                                   2840
MaxSizeClass                                   2840
2025-06-19 13:47:28.24 spid51      [INFO]  MSExtra-53
XTP_MEMORY_CONSUMER (2, LOOKASIDE, Transaction read set)
---------------------------------------- ----------
Allocated (KB)                                    0
Used (KB)                                         0
Allocation Count                                  0
SizeClass Count                                   2
MinSizeClass                                   3096
MaxSizeClass                                   3096
2025-06-19 13:47:28.25 spid51      [INFO]  MSExtra-53
XTP_MEMORY_CONSUMER (1, LOOKASIDE, Transaction)
---------------------------------------- ----------
Allocated (KB)                                    0
Used (KB)                                         0
Allocation Count                                  0
SizeClass Count                                   2
MinSizeClass                                   1472
MaxSizeClass                                   1472
2025-06-19 13:57:37.05 Server      Long Sync IO: Scheduler 8 had 1 Sync IOs in nonpreemptive mode longer than 1000 ms
2025-06-19 13:57:37.33 Server      Long Sync IO: Scheduler 10 had 1 Sync IOs in nonpreemptive mode longer than 1000 ms
2025-06-19 14:20:38.64 Server      Long Sync IO: Scheduler 11 had 1 Sync IOs in nonpreemptive mode longer than 1000 ms
2025-06-19 14:20:44.50 Server      Long Sync IO: Scheduler 3 had 1 Sync IOs in nonpreemptive mode longer than 1000 ms
2025-06-19 14:20:47.30 Server      Long Sync IO: Scheduler 6 had 1 Sync IOs in nonpreemptive mode longer than 1000 ms
2025-06-19 14:20:49.29 Server      Long Sync IO: Scheduler 7 had 2 Sync IOs in nonpreemptive mode longer than 1000 ms
2025-06-19 14:20:50.69 Server      Long Sync IO: Scheduler 9 had 4 Sync IOs in nonpreemptive mode longer than 1000 ms
2025-06-19 15:00:59.61 Server      Long Sync IO: Scheduler 3 had 1 Sync IOs in nonpreemptive mode longer than 1000 ms
2025-06-19 15:01:10.47 Server      Long Sync IO: Scheduler 1 had 1 Sync IOs in nonpreemptive mode longer than 1000 ms
2025-06-19 15:01:12.63 Server      Long Sync IO: Scheduler 2 had 1 Sync IOs in nonpreemptive mode longer than 1000 ms
2025-06-19 15:01:19.32 Server      Long Sync IO: Scheduler 2 had 1 Sync IOs in nonpreemptive mode longer than 1000 ms
2025-06-19 15:05:30.54 Server      Long Sync IO: Scheduler 10 had 1 Sync IOs in nonpreemptive mode longer than 1000 ms
2025-06-19 15:11:50.96 Server      Long Sync IO: Scheduler 0 had 1 Sync IOs in nonpreemptive mode longer than 1000 ms
2025-06-19 15:11:51.47 Server      Long Sync IO: Scheduler 10 had 1 Sync IOs in nonpreemptive mode longer than 1000 ms
2025-06-19 15:12:47.11 Server      Long Sync IO: Scheduler 9 had 1 Sync IOs in nonpreemptive mode longer than 1000 ms
2025-06-19 15:24:15.17 Server      Long Sync IO: Scheduler 0 had 1 Sync IOs in nonpreemptive mode longer than 1000 ms
2025-06-19 15:24:16.06 Server      Long Sync IO: Scheduler 1 had 1 Sync IOs in nonpreemptive mode longer than 1000 ms
2025-06-19 15:24:16.64 Server      Long Sync IO: Scheduler 6 had 1 Sync IOs in nonpreemptive mode longer than 1000 ms
2025-06-19 15:24:16.93 Server      Long Sync IO: Scheduler 8 had 1 Sync IOs in nonpreemptive mode longer than 1000 ms
2025-06-19 17:57:56.14 Server      Long Sync IO: Scheduler 5 had 1 Sync IOs in nonpreemptive mode longer than 1000 ms
2025-06-19 17:58:01.47 Server      Long Sync IO: Scheduler 7 had 2 Sync IOs in nonpreemptive mode longer than 1000 ms
2025-06-19 17:58:03.37 Server      Long Sync IO: Scheduler 10 had 2 Sync IOs in nonpreemptive mode longer than 1000 ms
2025-06-19 17:58:10.82 Server      Long Sync IO: Scheduler 3 had 4 Sync IOs in nonpreemptive mode longer than 1000 ms
2025-06-19 17:58:13.41 Server      Long Sync IO: Scheduler 7 had 5 Sync IOs in nonpreemptive mode longer than 1000 ms
2025-06-19 17:58:21.08 Server      Long Sync IO: Scheduler 7 had 3 Sync IOs in nonpreemptive mode longer than 1000 ms
2025-06-19 17:59:31.75 Server      Long Sync IO: Scheduler 10 had 1 Sync IOs in nonpreemptive mode longer than 1000 ms
2025-06-19 17:59:32.36 Server      Long Sync IO: Scheduler 11 had 1 Sync IOs in nonpreemptive mode longer than 1000 ms
2025-06-19 17:59:39.24 Server      Long Sync IO: Scheduler 9 had 2 Sync IOs in nonpreemptive mode longer than 1000 ms
2025-06-19 17:59:42.43 Server      Long Sync IO: Scheduler 10 had 3 Sync IOs in nonpreemptive mode longer than 1000 ms
2025-06-19 17:59:45.57 Server      Long Sync IO: Scheduler 11 had 4 Sync IOs in nonpreemptive mode longer than 1000 ms
2025-06-19 17:59:52.43 Server      Long Sync IO: Scheduler 10 had 3 Sync IOs in nonpreemptive mode longer than 1000 ms
2025-06-19 17:59:53.09 Server      Long Sync IO: Scheduler 11 had 2 Sync IOs in nonpreemptive mode longer than 1000 ms
2025-06-19 18:12:39.17 Server      Long Sync IO: Scheduler 2 had 1 Sync IOs in nonpreemptive mode longer than 1000 ms
2025-06-19 18:21:33.07 spid81s     sp_server_diangostics encountered a long delay that was 2.5 times more than the repeat interval between two consecutive diagnostics result generations. The repeat interval: 300000000, the elapsed time of this diagnostics result generation: 539588066, the elapsed time between the latest two diagnostics result generations: 841464599.
2025-06-19 18:16:21.87 spid20s     A time-out occurred while waiting for buffer latch -- type 2, bp 000000056D4B5F40, page 1:321, stat 0x40d, database id: 1, allocation unit Id: 536870912/281475513581568, task 0x000000054F539088 : 0, waittime 300 seconds, flags 0x1a, owning task 0x000000054F433C28. Not continuing to wait.
2025-06-19 18:23:09.71 spid8s      A time-out occurred while waiting for buffer latch -- type 2, bp 000000056D4B5F40, page 1:321, stat 0x40d, database id: 1, allocation unit Id: 536870912/281475513581568, task 0x000000054F40ACA8 : 0, waittime 300 seconds, flags 0x3a, owning task 0x000000054F433C28. Not continuing to wait.
2025-06-19 18:25:53.61 Server      Long Sync IO: Scheduler 3 had 3 Sync IOs in nonpreemptive mode longer than 1000 ms
2025-06-19 18:25:56.66 spid20s     Latch Waiter
2025-06-19 18:25:56.75 spid8s      Latch Waiter
2025-06-19 18:25:57.63 Server      Long Sync IO: Scheduler 4 had 3 Sync IOs in nonpreemptive mode longer than 1000 ms
2025-06-19 18:25:58.49 spid20s     <frame id="00" address="0x5036637A5" pdb="sqlmin.pdb" age="2" guid="BC8C7A86-66E1-451B-85B5-1AA1AF97324C" module="sqlmin" rva="0x14E37A5" />
2025-06-19 18:25:59.18 spid8s      <frame id="00" address="0x5036637A5" pdb="sqlmin.pdb" age="2" guid="BC8C7A86-66E1-451B-85B5-1AA1AF97324C" module="sqlmin" rva="0x14E37A5" />
2025-06-19 18:26:04.36 spid20s     <frame id="01" address="0x503662C9D" pdb="sqlmin.pdb" age="2" guid="BC8C7A86-66E1-451B-85B5-1AA1AF97324C" module="sqlmin" rva="0x14E2C9D" />
2025-06-19 18:26:00.32 Server      Long Sync IO: Scheduler 5 had 11 Sync IOs in nonpreemptive mode longer than 1000 ms
2025-06-19 18:26:08.63 spid8s      <frame id="01" address="0x503662C9D" pdb="sqlmin.pdb" age="2" guid="BC8C7A86-66E1-451B-85B5-1AA1AF97324C" module="sqlmin" rva="0x14E2C9D" />
2025-06-19 18:26:18.84 Server      Long Sync IO: Scheduler 6 had 8 Sync IOs in nonpreemptive mode longer than 1000 ms
2025-06-19 18:26:14.71 spid20s     <frame id="02" address="0x5021F9084" pdb="sqlmin.pdb" age="2" guid="BC8C7A86-66E1-451B-85B5-1AA1AF97324C" module="sqlmin" rva="0x79084" />
2025-06-19 18:26:31.65 Server      Long Sync IO: Scheduler 7 had 6 Sync IOs in nonpreemptive mode longer than 1000 ms
2025-06-19 18:26:23.00 spid8s      <frame id="02" address="0x5021F9084" pdb="sqlmin.pdb" age="2" guid="BC8C7A86-66E1-451B-85B5-1AA1AF97324C" module="sqlmin" rva="0x79084" />
2025-06-19 18:26:35.14 spid20s     <frame id="03" address="0x50218EF57" pdb="sqlmin.pdb" age="2" guid="BC8C7A86-66E1-451B-85B5-1AA1AF97324C" module="sqlmin" rva="0xEF57" />
2025-06-19 18:26:38.22 Server      Long Sync IO: Scheduler 8 had 5 Sync IOs in nonpreemptive mode longer than 1000 ms
2025-06-19 18:26:40.88 spid8s      <frame id="03" address="0x50218EF57" pdb="sqlmin.pdb" age="2" guid="BC8C7A86-66E1-451B-85B5-1AA1AF97324C" module="sqlmin" rva="0xEF57" />
2025-06-19 18:26:46.59 spid20s     <frame id="04" address="0x50218F115" pdb="sqlmin.pdb" age="2" guid="BC8C7A86-66E1-451B-85B5-1AA1AF97324C" module="sqlmin" rva="0xF115" />
2025-06-19 18:26:50.44 Server      Long Sync IO: Scheduler 9 had 6 Sync IOs in nonpreemptive mode longer than 1000 ms
2025-06-19 18:27:51.24 spid8s      <frame id="04" address="0x50218F115" pdb="sqlmin.pdb" age="2" guid="BC8C7A86-66E1-451B-85B5-1AA1AF97324C" module="sqlmin" rva="0xF115" />
2025-06-19 18:27:58.66 spid20s     <frame id="05" address="0x5021942F0" pdb="sqlmin.pdb" age="2" guid="BC8C7A86-66E1-451B-85B5-1AA1AF97324C" module="sqlmin" rva="0x142F0" />
2025-06-19 18:27:59.37 Server      Long Sync IO: Scheduler 10 had 1 Sync IOs in nonpreemptive mode longer than 1000 ms
2025-06-19 18:27:59.68 spid8s      <frame id="05" address="0x5021942F0" pdb="sqlmin.pdb" age="2" guid="BC8C7A86-66E1-451B-85B5-1AA1AF97324C" module="sqlmin" rva="0x142F0" />
2025-06-19 18:27:59.98 spid20s     <frame id="06" address="0x502193CBA" pdb="sqlmin.pdb" age="2" guid="BC8C7A86-66E1-451B-85B5-1AA1AF97324C" module="sqlmin" rva="0x13CBA" />
2025-06-19 18:28:00.03 spid8s      <frame id="06" address="0x502193CBA" pdb="sqlmin.pdb" age="2" guid="BC8C7A86-66E1-451B-85B5-1AA1AF97324C" module="sqlmin" rva="0x13CBA" />
2025-06-19 18:28:00.04 Server      Long Sync IO: Scheduler 11 had 6 Sync IOs in nonpreemptive mode longer than 1000 ms
2025-06-19 18:28:00.05 spid20s     <frame id="07" address="0x5021936C4" pdb="sqlmin.pdb" age="2" guid="BC8C7A86-66E1-451B-85B5-1AA1AF97324C" module="sqlmin" rva="0x136C4" />
2025-06-19 18:28:00.08 spid8s      <frame id="07" address="0x5021936C4" pdb="sqlmin.pdb" age="2" guid="BC8C7A86-66E1-451B-85B5-1AA1AF97324C" module="sqlmin" rva="0x136C4" />
2025-06-19 18:28:00.09 spid20s     <frame id="08" address="0x502192DA4" pdb="sqlmin.pdb" age="2" guid="BC8C7A86-66E1-451B-85B5-1AA1AF97324C" module="sqlmin" rva="0x12DA4" />
2025-06-19 18:28:00.11 spid8s      <frame id="08" address="0x502192DA4" pdb="sqlmin.pdb" age="2" guid="BC8C7A86-66E1-451B-85B5-1AA1AF97324C" module="sqlmin" rva="0x12DA4" />
2025-06-19 18:28:00.11 spid20s     <frame id="09" address="0x5021938E8" pdb="sqlmin.pdb" age="2" guid="BC8C7A86-66E1-451B-85B5-1AA1AF97324C" module="sqlmin" rva="0x138E8" />
2025-06-19 18:28:00.12 spid8s      <frame id="09" address="0x5021938E8" pdb="sqlmin.pdb" age="2" guid="BC8C7A86-66E1-451B-85B5-1AA1AF97324C" module="sqlmin" rva="0x138E8" />
2025-06-19 18:28:00.13 spid20s     <frame id="10" address="0x502194A30" pdb="sqlmin.pdb" age="2" guid="BC8C7A86-66E1-451B-85B5-1AA1AF97324C" module="sqlmin" rva="0x14A30" />
2025-06-19 18:28:00.13 spid8s      <frame id="10" address="0x502194A30" pdb="sqlmin.pdb" age="2" guid="BC8C7A86-66E1-451B-85B5-1AA1AF97324C" module="sqlmin" rva="0x14A30" />
2025-06-19 18:28:00.14 spid20s     <frame id="11" address="0x5021910CD" pdb="sqlmin.pdb" age="2" guid="BC8C7A86-66E1-451B-85B5-1AA1AF97324C" module="sqlmin" rva="0x110CD" />
2025-06-19 18:28:00.15 spid8s      <frame id="11" address="0x5021910CD" pdb="sqlmin.pdb" age="2" guid="BC8C7A86-66E1-451B-85B5-1AA1AF97324C" module="sqlmin" rva="0x110CD" />
2025-06-19 18:28:00.15 spid20s     <frame id="12" address="0x502190260" pdb="sqlmin.pdb" age="2" guid="BC8C7A86-66E1-451B-85B5-1AA1AF97324C" module="sqlmin" rva="0x10260" />
2025-06-19 18:28:00.16 spid8s      <frame id="12" address="0x502190260" pdb="sqlmin.pdb" age="2" guid="BC8C7A86-66E1-451B-85B5-1AA1AF97324C" module="sqlmin" rva="0x10260" />
2025-06-19 18:28:00.18 spid20s     <frame id="13" address="0x5021A10D1" pdb="sqlmin.pdb" age="2" guid="BC8C7A86-66E1-451B-85B5-1AA1AF97324C" module="sqlmin" rva="0x210D1" />
2025-06-19 18:28:00.18 spid8s      <frame id="13" address="0x5021A10D1" pdb="sqlmin.pdb" age="2" guid="BC8C7A86-66E1-451B-85B5-1AA1AF97324C" module="sqlmin" rva="0x210D1" />
2025-06-19 18:28:00.20 spid20s     <frame id="14" address="0x5021A5A0E" pdb="sqlmin.pdb" age="2" guid="BC8C7A86-66E1-451B-85B5-1AA1AF97324C" module="sqlmin" rva="0x25A0E" />
2025-06-19 18:28:00.20 spid8s      <frame id="14" address="0x5021A5A0E" pdb="sqlmin.pdb" age="2" guid="BC8C7A86-66E1-451B-85B5-1AA1AF97324C" module="sqlmin" rva="0x25A0E" />
2025-06-19 18:28:00.22 spid20s     <frame id="15" address="0x5021A75EE" pdb="sqlmin.pdb" age="2" guid="BC8C7A86-66E1-451B-85B5-1AA1AF97324C" module="sqlmin" rva="0x275EE" />
2025-06-19 18:28:00.24 spid8s      <frame id="15" address="0x5021A75EE" pdb="sqlmin.pdb" age="2" guid="BC8C7A86-66E1-451B-85B5-1AA1AF97324C" module="sqlmin" rva="0x275EE" />
2025-06-19 18:28:00.25 spid20s     <frame id="16" address="0x502356F85" pdb="sqlmin.pdb" age="2" guid="BC8C7A86-66E1-451B-85B5-1AA1AF97324C" module="sqlmin" rva="0x1D6F85" />
2025-06-19 18:28:00.25 spid8s      <frame id="16" address="0x502358482" pdb="sqlmin.pdb" age="2" guid="BC8C7A86-66E1-451B-85B5-1AA1AF97324C" module="sqlmin" rva="0x1D8482" />
2025-06-19 18:28:00.27 spid20s     <frame id="17" address="0x5021A475B" pdb="sqlmin.pdb" age="2" guid="BC8C7A86-66E1-451B-85B5-1AA1AF97324C" module="sqlmin" rva="0x2475B" />
2025-06-19 18:28:00.28 spid8s      <frame id="17" address="0x5023587D4" pdb="sqlmin.pdb" age="2" guid="BC8C7A86-66E1-451B-85B5-1AA1AF97324C" module="sqlmin" rva="0x1D87D4" />
2025-06-19 18:28:00.28 spid20s     <frame id="18" address="0x5021A4446" pdb="sqlmin.pdb" age="2" guid="BC8C7A86-66E1-451B-85B5-1AA1AF97324C" module="sqlmin" rva="0x24446" />
2025-06-19 18:28:00.29 spid8s      <frame id="18" address="0x5021A475B" pdb="sqlmin.pdb" age="2" guid="BC8C7A86-66E1-451B-85B5-1AA1AF97324C" module="sqlmin" rva="0x2475B" />
2025-06-19 18:28:00.30 spid20s     <frame id="19" address="0x5053B53E4" pdb="sqllang.pdb" age="2" guid="77A4EE9E-51E3-4460-88B9-36B93670AB76" module="sqllang" rva="0x53E4" />
2025-06-19 18:28:00.30 spid8s      <frame id="19" address="0x5021A4446" pdb="sqlmin.pdb" age="2" guid="BC8C7A86-66E1-451B-85B5-1AA1AF97324C" module="sqlmin" rva="0x24446" />
2025-06-19 18:28:00.31 spid20s     <frame id="20" address="0x5021A4145" pdb="sqlmin.pdb" age="2" guid="BC8C7A86-66E1-451B-85B5-1AA1AF97324C" module="sqlmin" rva="0x24145" />
2025-06-19 18:28:00.32 spid8s      <frame id="20" address="0x5053B53E4" pdb="sqllang.pdb" age="2" guid="77A4EE9E-51E3-4460-88B9-36B93670AB76" module="sqllang" rva="0x53E4" />
2025-06-19 18:28:00.34 spid8s      <frame id="21" address="0x5021A4145" pdb="sqlmin.pdb" age="2" guid="BC8C7A86-66E1-451B-85B5-1AA1AF97324C" module="sqlmin" rva="0x24145" />
2025-06-19 18:28:00.34 spid20s     <frame id="21" address="0x508CE87AB" pdb="SqlDK.pdb" age="2" guid="F350BA8B-6AE6-4460-83D9-76CE8B12EC27" module="SqlDK" rva="0x87AB" />
2025-06-19 18:28:00.36 spid8s      <frame id="22" address="0x508CE87AB" pdb="SqlDK.pdb" age="2" guid="F350BA8B-6AE6-4460-83D9-76CE8B12EC27" module="SqlDK" rva="0x87AB" />
2025-06-19 18:28:00.36 spid20s     <frame id="22" address="0x508CE8DB5" pdb="SqlDK.pdb" age="2" guid="F350BA8B-6AE6-4460-83D9-76CE8B12EC27" module="SqlDK" rva="0x8DB5" />
2025-06-19 18:28:00.37 spid8s      <frame id="23" address="0x508CE8DB5" pdb="SqlDK.pdb" age="2" guid="F350BA8B-6AE6-4460-83D9-76CE8B12EC27" module="SqlDK" rva="0x8DB5" />
2025-06-19 18:28:00.37 spid20s     <frame id="23" address="0x508CE8914" pdb="SqlDK.pdb" age="2" guid="F350BA8B-6AE6-4460-83D9-76CE8B12EC27" module="SqlDK" rva="0x8914" />
2025-06-19 18:28:00.37 spid8s      <frame id="24" address="0x508CE8914" pdb="SqlDK.pdb" age="2" guid="F350BA8B-6AE6-4460-83D9-76CE8B12EC27" module="SqlDK" rva="0x8914" />
2025-06-19 18:28:00.38 spid20s     <frame id="24" address="0x508D08353" pdb="SqlDK.pdb" age="2" guid="F350BA8B-6AE6-4460-83D9-76CE8B12EC27" module="SqlDK" rva="0x28353" />
2025-06-19 18:28:00.39 spid8s      <frame id="25" address="0x508D08353" pdb="SqlDK.pdb" age="2" guid="F350BA8B-6AE6-4460-83D9-76CE8B12EC27" module="SqlDK" rva="0x28353" />
2025-06-19 18:28:00.40 spid20s     <frame id="25" address="0x508D086CC" pdb="SqlDK.pdb" age="2" guid="F350BA8B-6AE6-4460-83D9-76CE8B12EC27" module="SqlDK" rva="0x286CC" />
2025-06-19 18:28:00.41 spid8s      <frame id="26" address="0x508D086CC" pdb="SqlDK.pdb" age="2" guid="F350BA8B-6AE6-4460-83D9-76CE8B12EC27" module="SqlDK" rva="0x286CC" />
2025-06-19 18:28:00.41 spid20s     <frame id="26" address="0x508D08BC2" pdb="SqlDK.pdb" age="2" guid="F350BA8B-6AE6-4460-83D9-76CE8B12EC27" module="SqlDK" rva="0x28BC2" />
2025-06-19 18:28:00.41 spid8s      <frame id="27" address="0x508D08BC2" pdb="SqlDK.pdb" age="2" guid="F350BA8B-6AE6-4460-83D9-76CE8B12EC27" module="SqlDK" rva="0x28BC2" />
2025-06-19 18:28:00.43 spid20s     <frame id="27" address="0x508D08976" pdb="SqlDK.pdb" age="2" guid="F350BA8B-6AE6-4460-83D9-76CE8B12EC27" module="SqlDK" rva="0x28976" />
2025-06-19 18:28:00.44 spid8s      <frame id="28" address="0x508D08976" pdb="SqlDK.pdb" age="2" guid="F350BA8B-6AE6-4460-83D9-76CE8B12EC27" module="SqlDK" rva="0x28976" />
2025-06-19 18:28:00.44 spid20s     <frame id="28" address="0x5015E7AF4" pdb="kernel32.pdb" age="1" guid="E4CC0E21-BDDF-68A6-8D56-D644BB74B131" module="kernel32" rva="0x17AF4" />
2025-06-19 18:28:00.45 spid8s      <frame id="29" address="0x5015E7AF4" pdb="kernel32.pdb" age="1" guid="E4CC0E21-BDDF-68A6-8D56-D644BB74B131" module="kernel32" rva="0x17AF4" />
2025-06-19 18:28:00.47 spid8s      <frame id="30" address="0x5000644A1" pdb="ntdll.pdb" age="1" guid="7CF052A3-2E1E-8ED4-0593-CC2297317058" module="ntdll" rva="0x244A1" />
2025-06-19 18:28:00.46 spid20s     <frame id="29" address="0x5000644A1" pdb="ntdll.pdb" age="1" guid="7CF052A3-2E1E-8ED4-0593-CC2297317058" module="ntdll" rva="0x244A1" />
2025-06-19 18:28:00.48 spid8s      Latch Owner (No frames may indicate task has exited.)
2025-06-19 18:28:00.48 spid20s     Latch Owner (No frames may indicate task has exited.)
2025-06-19 18:28:03.48 spid8s      **Dump thread - spid = 0, EC = 0x00000005B0251D50 Connection = 0x00000005B0251CE0
2025-06-19 18:28:03.77 spid8s      ***Stack Dump being sent to /var/opt/mssql/log/SQLDump0004.txt
2025-06-19 18:28:03.85 spid8s      * *******************************************************************************
2025-06-19 18:28:03.89 spid8s      *
2025-06-19 18:28:03.96 spid8s      * BEGIN STACK DUMP:
2025-06-19 18:28:04.03 spid8s      *   06/19/25 18:28:03 spid 8
2025-06-19 18:28:04.10 spid8s      *
2025-06-19 18:28:04.16 spid8s      * Latch timeout
2025-06-19 18:28:04.22 spid8s      *
2025-06-19 18:28:04.28 spid8s      *  
2025-06-19 18:28:04.33 spid8s      * *******************************************************************************
2025-06-19 18:28:04.37 spid8s      * -------------------------------------------------------------------------------
2025-06-19 18:28:04.40 spid8s      * Short Stack Dump
2025-06-19 18:28:04.47 spid8s      <frame id="00" address="0x501A9E3F9" pdb="kernelbase.pdb" age="1" guid="5CD0BCC4-1628-5E40-3EB5-4DFE56CBF899" module="kernelbase" rva="0x3E3F9" />
2025-06-19 18:28:04.51 spid8s      <frame id="00" address="0x5066FE82E" pdb="sqllang.pdb" age="2" guid="77A4EE9E-51E3-4460-88B9-36B93670AB76" module="sqllang" rva="0x134E82E" />
2025-06-19 18:28:04.54 spid8s      <frame id="00" address="0x506702855" pdb="sqllang.pdb" age="2" guid="77A4EE9E-51E3-4460-88B9-36B93670AB76" module="sqllang" rva="0x1352855" />
2025-06-19 18:28:04.59 spid8s      <frame id="00" address="0x503664C17" pdb="sqlmin.pdb" age="2" guid="BC8C7A86-66E1-451B-85B5-1AA1AF97324C" module="sqlmin" rva="0x14E4C17" />
2025-06-19 18:28:04.64 spid8s      <frame id="00" address="0x5036638DF" pdb="sqlmin.pdb" age="2" guid="BC8C7A86-66E1-451B-85B5-1AA1AF97324C" module="sqlmin" rva="0x14E38DF" />
2025-06-19 18:28:04.67 spid8s      <frame id="00" address="0x503662C9D" pdb="sqlmin.pdb" age="2" guid="BC8C7A86-66E1-451B-85B5-1AA1AF97324C" module="sqlmin" rva="0x14E2C9D" />
2025-06-19 18:28:04.71 spid8s      <frame id="00" address="0x5021F9084" pdb="sqlmin.pdb" age="2" guid="BC8C7A86-66E1-451B-85B5-1AA1AF97324C" module="sqlmin" rva="0x79084" />
2025-06-19 18:28:04.75 spid8s      <frame id="00" address="0x50218EF57" pdb="sqlmin.pdb" age="2" guid="BC8C7A86-66E1-451B-85B5-1AA1AF97324C" module="sqlmin" rva="0xEF57" />
2025-06-19 18:28:04.79 spid8s      <frame id="00" address="0x50218F115" pdb="sqlmin.pdb" age="2" guid="BC8C7A86-66E1-451B-85B5-1AA1AF97324C" module="sqlmin" rva="0xF115" />
2025-06-19 18:28:04.83 spid8s      <frame id="00" address="0x5021942F0" pdb="sqlmin.pdb" age="2" guid="BC8C7A86-66E1-451B-85B5-1AA1AF97324C" module="sqlmin" rva="0x142F0" />
2025-06-19 18:28:04.86 spid8s      <frame id="00" address="0x502193CBA" pdb="sqlmin.pdb" age="2" guid="BC8C7A86-66E1-451B-85B5-1AA1AF97324C" module="sqlmin" rva="0x13CBA" />
2025-06-19 18:28:04.90 spid8s      <frame id="00" address="0x5021936C4" pdb="sqlmin.pdb" age="2" guid="BC8C7A86-66E1-451B-85B5-1AA1AF97324C" module="sqlmin" rva="0x136C4" />
2025-06-19 18:28:04.94 spid8s      <frame id="00" address="0x502192DA4" pdb="sqlmin.pdb" age="2" guid="BC8C7A86-66E1-451B-85B5-1AA1AF97324C" module="sqlmin" rva="0x12DA4" />
2025-06-19 18:28:04.99 spid8s      <frame id="00" address="0x5021938E8" pdb="sqlmin.pdb" age="2" guid="BC8C7A86-66E1-451B-85B5-1AA1AF97324C" module="sqlmin" rva="0x138E8" />
2025-06-19 18:28:05.04 spid8s      <frame id="00" address="0x502194A30" pdb="sqlmin.pdb" age="2" guid="BC8C7A86-66E1-451B-85B5-1AA1AF97324C" module="sqlmin" rva="0x14A30" />
2025-06-19 18:28:05.09 spid8s      <frame id="00" address="0x5021910CD" pdb="sqlmin.pdb" age="2" guid="BC8C7A86-66E1-451B-85B5-1AA1AF97324C" module="sqlmin" rva="0x110CD" />
2025-06-19 18:28:05.09 Server      Long Sync IO: Scheduler 0 had 21 Sync IOs in nonpreemptive mode longer than 1000 ms
2025-06-19 18:28:05.10 Server      Long Sync IO: Scheduler 1 had 22 Sync IOs in nonpreemptive mode longer than 1000 ms
2025-06-19 18:28:05.10 Server      Long Sync IO: Scheduler 2 had 7 Sync IOs in nonpreemptive mode longer than 1000 ms
2025-06-19 18:28:05.10 Server      Long Sync IO: Scheduler 3 had 7 Sync IOs in nonpreemptive mode longer than 1000 ms
2025-06-19 18:28:05.10 Server      Long Sync IO: Scheduler 4 had 8 Sync IOs in nonpreemptive mode longer than 1000 ms
2025-06-19 18:28:05.13 spid8s      <frame id="00" address="0x502190260" pdb="sqlmin.pdb" age="2" guid="BC8C7A86-66E1-451B-85B5-1AA1AF97324C" module="sqlmin" rva="0x10260" />
2025-06-19 18:28:05.17 spid8s      <frame id="00" address="0x5021A10D1" pdb="sqlmin.pdb" age="2" guid="BC8C7A86-66E1-451B-85B5-1AA1AF97324C" module="sqlmin" rva="0x210D1" />
2025-06-19 18:28:05.21 spid8s      <frame id="00" address="0x5021A5A0E" pdb="sqlmin.pdb" age="2" guid="BC8C7A86-66E1-451B-85B5-1AA1AF97324C" module="sqlmin" rva="0x25A0E" />
2025-06-19 18:28:05.27 spid8s      <frame id="00" address="0x5021A75EE" pdb="sqlmin.pdb" age="2" guid="BC8C7A86-66E1-451B-85B5-1AA1AF97324C" module="sqlmin" rva="0x275EE" />
2025-06-19 18:28:05.30 spid8s      <frame id="00" address="0x502358482" pdb="sqlmin.pdb" age="2" guid="BC8C7A86-66E1-451B-85B5-1AA1AF97324C" module="sqlmin" rva="0x1D8482" />
2025-06-19 18:28:05.33 spid8s      <frame id="00" address="0x5023587D4" pdb="sqlmin.pdb" age="2" guid="BC8C7A86-66E1-451B-85B5-1AA1AF97324C" module="sqlmin" rva="0x1D87D4" />
2025-06-19 18:28:05.36 spid8s      <frame id="00" address="0x5021A475B" pdb="sqlmin.pdb" age="2" guid="BC8C7A86-66E1-451B-85B5-1AA1AF97324C" module="sqlmin" rva="0x2475B" />
2025-06-19 18:28:05.39 spid8s      <frame id="00" address="0x5021A4446" pdb="sqlmin.pdb" age="2" guid="BC8C7A86-66E1-451B-85B5-1AA1AF97324C" module="sqlmin" rva="0x24446" />
2025-06-19 18:28:05.42 spid8s      <frame id="00" address="0x5053B53E4" pdb="sqllang.pdb" age="2" guid="77A4EE9E-51E3-4460-88B9-36B93670AB76" module="sqllang" rva="0x53E4" />
2025-06-19 18:28:05.45 spid8s      <frame id="00" address="0x5021A4145" pdb="sqlmin.pdb" age="2" guid="BC8C7A86-66E1-451B-85B5-1AA1AF97324C" module="sqlmin" rva="0x24145" />
2025-06-19 18:28:05.49 spid8s      <frame id="00" address="0x508CE87AB" pdb="SqlDK.pdb" age="2" guid="F350BA8B-6AE6-4460-83D9-76CE8B12EC27" module="SqlDK" rva="0x87AB" />
2025-06-19 18:28:05.53 spid8s      <frame id="00" address="0x508CE8DB5" pdb="SqlDK.pdb" age="2" guid="F350BA8B-6AE6-4460-83D9-76CE8B12EC27" module="SqlDK" rva="0x8DB5" />
2025-06-19 18:28:05.56 spid8s      <frame id="00" address="0x508CE8914" pdb="SqlDK.pdb" age="2" guid="F350BA8B-6AE6-4460-83D9-76CE8B12EC27" module="SqlDK" rva="0x8914" />
2025-06-19 18:28:05.59 spid8s      <frame id="00" address="0x508D08353" pdb="SqlDK.pdb" age="2" guid="F350BA8B-6AE6-4460-83D9-76CE8B12EC27" module="SqlDK" rva="0x28353" />
2025-06-19 18:28:05.63 spid8s      <frame id="00" address="0x508D086CC" pdb="SqlDK.pdb" age="2" guid="F350BA8B-6AE6-4460-83D9-76CE8B12EC27" module="SqlDK" rva="0x286CC" />
2025-06-19 18:28:05.66 spid8s      <frame id="00" address="0x508D08BC2" pdb="SqlDK.pdb" age="2" guid="F350BA8B-6AE6-4460-83D9-76CE8B12EC27" module="SqlDK" rva="0x28BC2" />
2025-06-19 18:28:05.70 spid8s      <frame id="00" address="0x508D08976" pdb="SqlDK.pdb" age="2" guid="F350BA8B-6AE6-4460-83D9-76CE8B12EC27" module="SqlDK" rva="0x28976" />
2025-06-19 18:28:05.73 spid8s      <frame id="00" address="0x5015E7AF4" pdb="kernel32.pdb" age="1" guid="E4CC0E21-BDDF-68A6-8D56-D644BB74B131" module="kernel32" rva="0x17AF4" />
2025-06-19 18:28:05.75 spid8s      <frame id="00" address="0x5000644A1" pdb="ntdll.pdb" age="1" guid="7CF052A3-2E1E-8ED4-0593-CC2297317058" module="ntdll" rva="0x244A1" />
2025-06-19 18:28:05.80 spid8s      Stack Signature for the dump is 0x0000000026B00248
2025-06-19 18:28:05.80 spid8s      SaveNumaNodeRelationShip : 0 of 1 numa nodes info saved to pDump.
2025-06-19 18:28:05.81 spid8s      CDmpClient::ExecuteAllCallbacks started.
2025-06-19 18:28:05.81 spid8s      XE_DumpCallbacks is executing...
2025-06-19 18:28:05.83 spid8s      DumpCallbackSOS is executing...
2025-06-19 18:28:05.84 spid8s      DumpCallbackEE is executing...
2025-06-19 18:28:05.84 spid8s      DumpCallbackSE is executing...
2025-06-19 18:28:05.87 spid8s      DumpCallbackSEAM is executing...
2025-06-19 18:28:05.87 spid8s      DumpCallbackSSB is executing...
2025-06-19 18:28:05.89 spid8s      DumpCallbackQE is executing...
2025-06-19 18:28:05.89 spid8s      DumpCallbackFullText is executing...
2025-06-19 18:28:05.90 spid8s      DumpCallbackSQLCLR is executing...
2025-06-19 18:28:05.90 spid8s      DumpCallbackHk is executing...
2025-06-19 18:28:05.91 spid8s      DumpCallbackRepl is executing...
2025-06-19 18:28:05.91 spid8s      DumpCallbackPolyBase is executing...
2025-06-19 18:28:05.91 spid8s      CDmpClient::ExecuteAllCallbacks completed. Time elapsed: 0 seconds.
2025-06-19 18:46:33.53 spid8s      Timeout waiting for external dump process 1016.
2025-06-19 18:46:33.56 spid81s     sp_server_diangostics encountered a long delay that was 2.5 times more than the repeat interval between two consecutive diagnostics result generations. The repeat interval: 300000000, the elapsed time of this diagnostics result generation: 33232, the elapsed time between the latest two diagnostics result generations: 1238720383.
2025-06-19 18:46:33.78 spid8s      Error: 845, Severity: 17, State: 1.
2025-06-19 18:46:33.78 spid8s      Time-out occurred while waiting for buffer latch type 2 for page (1:321), database ID 1. (LATCH 0x000000056D4B5FD8: Class: BUFFER KP: 0 SH: 0 UP: 0 EX: 0 DT: 0 Sublatch: 0 HasWaiters: 0 Task: 0x0000000000000000 AnyReleasor: 0)
2025-06-19 18:46:33.88 spid8s      SQL Ledger: Block generation or digest upload failed for database 4 due to error 845 and state 1.
