                                         6 6.00 secs
Early Termination Factor                          5 
2025-06-07 21:33:22.62 spid57       MSR-9
Small Gateway (default)                       Value
---------------------------------------- ----------
Configured Units                                 48 
Available Units                                  47 
Acquires                                          1 
Waiters                                           0 
Threshold Factor                             380000 
Threshold                                    380000 
2025-06-07 21:33:22.63 spid57       MSR-9
Medium Gateway (default)                      Value
---------------------------------------- ----------
Configured Units                                 12 
Available Units                                  11 
Acquires                                          1 
Waiters                                           0 
Threshold Factor                                 12 
Threshold                                    350208 
2025-06-07 21:33:22.63 spid57       MSR-9
Big Gateway (default)                         Value
---------------------------------------- ----------
Configured Units                                  1 
Available Units                                   1 
Acquires                                          0 
Waiters                                           0 
Threshold Factor                                  8 
Threshold                                    525312 
2025-06-07 21:33:22.64 spid57       MSR-9
Memory Pool Manager                              KB
---------------------------------------- ----------
Reserved Current                                  0 0.00 bytes
Reserved Limit                               119096 116.30 mb
2025-06-07 21:33:22.64 spid57       MSR-9
Memory Pool (internal)                           KB
---------------------------------------- ----------
Allocations                                  153840 150.23 mb
Predicted                                    153944 150.34 mb
Private Target                                    0 0.00 bytes
Private Limit                                     0 0.00 bytes
Total Target                                 155784 152.13 mb
Total Limit                                  274472 268.04 mb
OOM Count                                         0 
2025-06-07 21:33:22.65 spid57       MSR-9
MEMORYBROKER_FOR_CACHE (internal)                KB
---------------------------------------- ----------
Allocations                                   11536 11.27 mb
Rate                                           -176 -176.00 kb
Target Allocations                             8136 7.95 mb
Future Allocations                                0 0.00 bytes
Overall                                      131440 128.36 mb
Last Notification                                 2 SHRINK
2025-06-07 21:33:22.66 spid57       MSR-9
MEMORYBROKER_FOR_STEAL (internal)                KB
---------------------------------------- ----------
Allocations                                   96328 94.07 mb
Rate                                            104 104.00 kb
Target Allocations                            68048 66.45 mb
Future Allocations                                0 0.00 bytes
Overall                                      131440 128.36 mb
Last Notification                                 2 SHRINK
2025-06-07 21:33:22.68 spid57       MSR-9
MEMORYBROKER_FOR_RESERVE (internal)              KB
---------------------------------------- ----------
Allocations                                       0 0.00 bytes
Rate                                              0 0.00 bytes
Target Allocations                             4104 4.01 mb
Future Allocations                                0 0.00 bytes
Overall                                      131440 128.36 mb
Last Notification                                 0 STABLE
2025-06-07 21:33:22.69 spid57       MSR-9
MEMORYBROKER_FOR_COMMITTED (internal)            KB
---------------------------------------- ----------
Allocations                                   43272 42.26 mb
Rate                                              0 0.00 bytes
Target Allocations                            30536 29.82 mb
Future Allocations                                0 0.00 bytes
Overall                                      131440 128.36 mb
Last Notification                                 2 SHRINK
2025-06-07 21:33:22.70 spid57       MSR-9
MEMORYBROKER_FOR_HASHED_DATA_PAGES (internal)         KB
---------------------------------------- ----------
Allocations                                       0 0.00 bytes
Rate                                              0 0.00 bytes
Target Allocations                             4104 4.01 mb
Future Allocations                                0 0.00 bytes
Overall                                      131440 128.36 mb
Last Notification                                 0 STABLE
2025-06-07 21:33:22.72 spid57       MSR-9
MEMORYBROKER_FOR_XTP (internal)                  KB
---------------------------------------- ----------
Allocations                                    2704 2.64 mb
Rate                                              0 0.00 bytes
Target Allocations                             4104 4.01 mb
Future Allocations                                0 0.00 bytes
Overall                                      131440 128.36 mb
Last Notification                                 0 STABLE
2025-06-07 21:33:22.73 spid57       MSR-9
Memory Pool (default)                            KB
---------------------------------------- ----------
Allocations                                    1536 1.50 mb
Predicted                                     32312 31.55 mb
Private Target                                    0 0.00 bytes
Private Limit                                     0 0.00 bytes
Total Target                                 155784 152.13 mb
Total Limit                                  274472 268.04 mb
OOM Count                                         0 
2025-06-07 21:33:22.76 spid57       MSR-9
MEMORYBROKER_FOR_CACHE (default)                 KB
---------------------------------------- ----------
Allocations                                     640 640.00 kb
Rate                                              0 0.00 bytes
Target Allocations                             4104 4.01 mb
Future Allocations                                0 0.00 bytes
Overall                                      131440 128.36 mb
Last Notification                                 0 STABLE
2025-06-07 21:33:22.78 spid57       MSR-9
MEMORYBROKER_FOR_STEAL (default)                 KB
---------------------------------------- ----------
Allocations                                     840 840.00 kb
Rate                                              0 0.00 bytes
Target Allocations                             4104 4.01 mb
Future Allocations                                0 0.00 bytes
Overall                                      131440 128.36 mb
Last Notification                                 0 STABLE
2025-06-07 21:33:22.79 spid57       MSR-9
MEMORYBROKER_FOR_RESERVE (default)               KB
---------------------------------------- ----------
Allocations                                       0 0.00 bytes
Rate                                              0 0.00 bytes
Target Allocations                             4104 4.01 mb
Future Allocations                            30776 30.05 mb
Overall                                      131440 128.36 mb
Last Notification                                 0 STABLE
2025-06-07 21:33:22.81 spid57       MSR-9
MEMORYBROKER_FOR_HASHED_DATA_PAGES (default)         KB
---------------------------------------- ----------
Allocations                                       0 0.00 bytes
Rate                                              0 0.00 bytes
Target Allocations                             4104 4.01 mb
Future Allocations                                0 0.00 bytes
Overall                                      131440 128.36 mb
Last Notification                                 0 STABLE
2025-06-07 21:33:22.82 spid57       MSR-9
MEMORYBROKER_FOR_XTP (default)                   KB
---------------------------------------- ----------
Allocations                                      56 56.00 kb
Rate                                              0 0.00 bytes
Target Allocations                             4104 4.01 mb
Future Allocations                                0 0.00 bytes
Overall                                      131440 128.36 mb
Last Notification                                 0 STABLE
2025-06-07 21:33:22.83 spid57       MSR-9
Memory Broker Clerk (Buffer Pool)             Pages
---------------------------------------- ----------
Total                                             6 48.00 kb
Simulated                                         0 0.00 bytes
Simulation Benefit                                0 
Internal Benefit                                  0 
External Benefit                                  0 
Value Of Memory                                   0 
Periodic Freed                                    0 0.00 bytes
Internal Freed                                    0 0.00 bytes
2025-06-07 21:36:00.03 spid7s      Error: 701, Severity: 17, State: 89.
2025-06-07 21:36:00.03 spid7s      There is insufficient system memory in resource pool 'internal' to run this query.
2025-06-07 21:35:45.00 spid20s     Error: 701, Severity: 17, State: 123.
2025-06-07 21:35:45.00 spid20s     There is insufficient system memory in resource pool 'internal' to run this query.
2025-06-07 21:36:00.06 spid67s     Error: 701, Severity: 17, State: 123.
2025-06-07 21:36:00.06 spid67s     There is insufficient system memory in resource pool 'internal' to run this query.
2025-06-07 21:36:00.23 spid22s     Error: 701, Severity: 17, State: 123.
2025-06-07 21:36:00.23 spid22s     There is insufficient system memory in resource pool 'internal' to run this query.
2025-06-07 21:36:00.24 spid5s      Error: 701, Severity: 17, State: 89.
2025-06-07 21:36:00.24 spid5s      There is insufficient system memory in resource pool 'internal' to run this query.
2025-06-07 21:36:00.25 Server      Error: 17300, Severity: 16, State: 1.
2025-06-07 21:36:00.25 Server      SQL Server was unable to run a new system task, either because there is insufficient memory or the number of configured sessions exceeds the maximum allowed in the server. Verify that the server has adequate memory. Use sp_configure with option 'user connections' to check the maximum number of user connections allowed. Use sys.dm_exec_sessions to check the current number of sessions, including user processes.
2025-06-07 21:36:00.25 Server      Error: 17300, Severity: 16, State: 1.
2025-06-07 21:36:00.25 Server      SQL Server was unable to run a new system task, either because there is insufficient memory or the number of configured sessions exceeds the maximum allowed in the server. Verify that the server has adequate memory. Use sp_configure with option 'user connections' to check the maximum number of user connections allowed. Use sys.dm_exec_sessions to check the current number of sessions, including user processes.
2025-06-07 21:36:00.25 Server      Error: 17300, Severity: 16, State: 1.
2025-06-07 21:36:00.25 Server      SQL Server was unable to run a new system task, either because there is insufficient memory or the number of configured sessions exceeds the maximum allowed in the server. Verify that the server has adequate memory. Use sp_configure with option 'user connections' to check the maximum number of user connections allowed. Use sys.dm_exec_sessions to check the current number of sessions, including user processes.
2025-06-07 21:36:00.25 Server      Error: 17300, Severity: 16, State: 1.
2025-06-07 21:36:00.25 Server      SQL Server was unable to run a new system task, either because there is insufficient memory or the number of configured sessions exceeds the maximum allowed in the server. Verify that the server has adequate memory. Use sp_configure with option 'user connections' to check the maximum number of user connections allowed. Use sys.dm_exec_sessions to check the current number of sessions, including user processes.
2025-06-07 21:36:00.26 Server      Error: 17300, Severity: 16, State: 1.
2025-06-07 21:36:00.26 Server      SQL Server was unable to run a new system task, either because there is insufficient memory or the number of configured sessions exceeds the maximum allowed in the server. Verify that the server has adequate memory. Use sp_configure with option 'user connections' to check the maximum number of user connections allowed. Use sys.dm_exec_sessions to check the current number of sessions, including user processes.
2025-06-07 21:36:00.26 Server      Error: 17300, Severity: 16, State: 1.
2025-06-07 21:36:00.26 Server      SQL Server was unable to run a new system task, either because there is insufficient memory or the number of configured sessions exceeds the maximum allowed in the server. Verify that the server has adequate memory. Use sp_configure with option 'user connections' to check the maximum number of user connections allowed. Use sys.dm_exec_sessions to check the current number of sessions, including user processes.
2025-06-07 21:36:00.26 Server      Error: 17300, Severity: 16, State: 1.
2025-06-07 21:36:00.26 Server      SQL Server was unable to run a new system task, either because there is insufficient memory or the number of configured sessions exceeds the maximum allowed in the server. Verify that the server has adequate memory. Use sp_configure with option 'user connections' to check the maximum number of user connections allowed. Use sys.dm_exec_sessions to check the current number of sessions, including user processes.
2025-06-07 21:36:00.26 Server      Error: 17300, Severity: 16, State: 1.
2025-06-07 21:36:00.26 Server      SQL Server was unable to run a new system task, either because there is insufficient memory or the number of configured sessions exceeds the maximum allowed in the server. Verify that the server has adequate memory. Use sp_configure with option 'user connections' to check the maximum number of user connections allowed. Use sys.dm_exec_sessions to check the current number of sessions, including user processes.
2025-06-07 21:36:00.26 Server      Error: 17300, Severity: 16, State: 1.
2025-06-07 21:36:00.26 Server      SQL Server was unable to run a new system task, either because there is insufficient memory or the number of configured sessions exceeds the maximum allowed in the server. Verify that the server has adequate memory. Use sp_configure with option 'user connections' to check the maximum number of user connections allowed. Use sys.dm_exec_sessions to check the current number of sessions, including user processes.
2025-06-07 21:36:00.27 Server      Error: 17300, Severity: 16, State: 1.
2025-06-07 21:36:00.27 Server      SQL Server was unable to run a new system task, either because there is insufficient memory or the number of configured sessions exceeds the maximum allowed in the server. Verify that the server has adequate memory. Use sp_configure with option 'user connections' to check the maximum number of user connections allowed. Use sys.dm_exec_sessions to check the current number of sessions, including user processes.
2025-06-07 21:36:00.30 Logon       Error: 17803, Severity: 20, State: 13.
2025-06-07 21:36:00.30 Logon       There was a memory allocation failure during connection establishment. Reduce nonessential memory load, or increase system memory. The connection has been closed. [CLIENT: 192.168.65.1]
2025-06-07 21:36:00.30 Server      Error: 17300, Severity: 16, State: 1.
2025-06-07 21:36:00.30 Server      SQL Server was unable to run a new system task, either because there is insufficient memory or the number of configured sessions exceeds the maximum allowed in the server. Verify that the server has adequate memory. Use sp_configure with option 'user connections' to check the maximum number of user connections allowed. Use sys.dm_exec_sessions to check the current number of sessions, including user processes.
2025-06-07 21:36:00.31 Server      Error: 17300, Severity: 16, State: 1.
2025-06-07 21:36:00.31 Server      SQL Server was unable to run a new system task, either because there is insufficient memory or the number of configured sessions exceeds the maximum allowed in the server. Verify that the server has adequate memory. Use sp_configure with option 'user connections' to check the maximum number of user connections allowed. Use sys.dm_exec_sessions to check the current number of sessions, including user processes.
2025-06-07 21:36:00.32 spid49s     Error: 802, Severity: 17, State: 2. (Params:). The error is printed in terse mode because there was error during formatting. Tracing, ETW, notifications etc are skipped.
2025-06-07 21:36:00.33 Server      Error: 17300, Severity: 16, State: 1.
2025-06-07 21:36:00.33 Server      SQL Server was unable to run a new system task, either because there is insufficient memory or the number of configured sessions exceeds the maximum allowed in the server. Verify that the server has adequate memory. Use sp_configure with option 'user connections' to check the maximum number of user connections allowed. Use sys.dm_exec_sessions to check the current number of sessions, including user processes.
2025-06-07 21:36:00.33 spid49s     SQL Ledger: Block generation or digest upload failed for database 4 due to error 802 and state 2.
2025-06-07 21:36:00.33 Server      Error: 17300, Severity: 16, State: 1.
2025-06-07 21:36:00.33 Server      SQL Server was unable to run a new system task, either because there is insufficient memory or the number of configured sessions exceeds the maximum allowed in the server. Verify that the server has adequate memory. Use sp_configure with option 'user connections' to check the maximum number of user connections allowed. Use sys.dm_exec_sessions to check the current number of sessions, including user processes.
2025-06-07 21:36:00.33 Logon       Error: 17803, Severity: 20, State: 15.
2025-06-07 21:36:00.33 Logon       There was a memory allocation failure during connection establishment. Reduce nonessential memory load, or increase system memory. The connection has been closed. [CLIENT: 127.0.0.1]
2025-06-07 21:36:00.33 Logon       Error: 17803, Severity: 20, State: 13.
2025-06-07 21:36:00.33 Logon       There was a memory allocation failure during connection establishment. Reduce nonessential memory load, or increase system memory. The connection has been closed. [CLIENT: 127.0.0.1]
2025-06-07 21:36:00.33 Server      Error: 17300, Severity: 16, State: 1.
2025-06-07 21:36:00.33 Server      SQL Server was unable to run a new system task, either because there is insufficient memory or the number of configured sessions exceeds the maximum allowed in the server. Verify that the server has adequate memory. Use sp_configure with option 'user connections' to check the maximum number of user connections allowed. Use sys.dm_exec_sessions to check the current number of sessions, including user processes.
2025-06-07 21:36:00.33 Server      Error: 17300, Severity: 16, State: 1.
2025-06-07 21:36:00.33 Server      SQL Server was unable to run a new system task, either because there is insufficient memory or the number of configured sessions exceeds the maximum allowed in the server. Verify that the server has adequate memory. Use sp_configure with option 'user connections' to check the maximum number of user connections allowed. Use sys.dm_exec_sessions to check the current number of sessions, including user processes.
2025-06-07 21:36:00.30 Logon       Error: 17803, Severity: 20, State: 13.
2025-06-07 21:36:00.30 Logon       There was a memory allocation failure during connection establishment. Reduce nonessential memory load, or increase system memory. The connection has been closed. [CLIENT: 192.168.65.1]
2025-06-07 21:36:00.29 Logon       Error: 17803, Severity: 20, State: 13.
2025-06-07 21:36:00.29 Logon       There was a memory allocation failure during connection establishment. Reduce nonessential memory load, or increase system memory. The connection has been closed. [CLIENT: 127.0.0.1]
2025-06-07 21:36:00.34 Server      Error: 17300, Severity: 16, State: 1.
2025-06-07 21:36:00.34 Server      SQL Server was unable to run a new system task, either because there is insufficient memory or the number of configured sessions exceeds the maximum allowed in the server. Verify that the server has adequate memory. Use sp_configure with option 'user connections' to check the maximum number of user connections allowed. Use sys.dm_exec_sessions to check the current number of sessions, including user processes.
2025-06-07 21:36:00.37 Server      Error: 17300, Severity: 16, State: 1.
2025-06-07 21:36:00.37 Server      SQL Server was unable to run a new system task, either because there is insufficient memory or the number of configured sessions exceeds the maximum allowed in the server. Verify that the server has adequate memory. Use sp_configure with option 'user connections' to check the maximum number of user connections allowed. Use sys.dm_exec_sessions to check the current number of sessions, including user processes.
2025-06-07 21:36:00.25 Server      Error: 17300, Severity: 16, State: 1.
2025-06-07 21:36:00.25 Server      SQL Server was unable to run a new system task, either because there is insufficient memory or the number of configured sessions exceeds the maximum allowed in the server. Verify that the server has adequate memory. Use sp_configure with option 'user connections' to check the maximum number of user connections allowed. Use sys.dm_exec_sessions to check the current number of sessions, including user processes.
2025-06-07 21:36:00.38 Server      Error: 17300, Severity: 16, State: 1.
2025-06-07 21:36:00.38 Server      SQL Server was unable to run a new system task, either because there is insufficient memory or the number of configured sessions exceeds the maximum allowed in the server. Verify that the server has adequate memory. Use sp_configure with option 'user connections' to check the maximum number of user connections allowed. Use sys.dm_exec_sessions to check the current number of sessions, including user processes.
2025-06-07 21:36:00.38 Server      Error: 17300, Severity: 16, State: 1.
2025-06-07 21:36:00.38 Server      SQL Server was unable to run a new system task, either because there is insufficient memory or the number of configured sessions exceeds the maximum allowed in the server. Verify that the server has adequate memory. Use sp_configure with option 'user connections' to check the maximum number of user connections allowed. Use sys.dm_exec_sessions to check the current number of sessions, including user processes.
2025-06-07 21:36:00.38 Logon       Error: 17803, Severity: 20, State: 15.
2025-06-07 21:36:00.38 Logon       There was a memory allocation failure during connection establishment. Reduce nonessential memory load, or increase system memory. The connection has been closed. [CLIENT: 127.0.0.1]
2025-06-07 21:36:00.38 Logon       Error: 17803, Severity: 20, State: 13.
2025-06-07 21:36:00.38 Logon       There was a memory allocation failure during connection establishment. Reduce nonessential memory load, or increase system memory. The connection has been closed. [CLIENT: 192.168.65.1]
2025-06-07 21:36:00.38 Server      Error: 17300, Severity: 16, State: 1.
2025-06-07 21:36:00.38 Server      SQL Server was unable to run a new system task, either because there is insufficient memory or the number of configured sessions exceeds the maximum allowed in the server. Verify that the server has adequate memory. Use sp_configure with option 'user connections' to check the maximum number of user connections allowed. Use sys.dm_exec_sessions to check the current number of sessions, including user processes.
2025-06-07 21:36:00.34 Server      Error: 17300, Severity: 16, State: 1.
2025-06-07 21:36:00.34 Server      SQL Server was unable to run a new system task, either because there is insufficient memory or the number of configured sessions exceeds the maximum allowed in the server. Verify that the server has adequate memory. Use sp_configure with option 'user connections' to check the maximum number of user connections allowed. Use sys.dm_exec_sessions to check the current number of sessions, including user processes.
2025-06-07 21:36:00.39 Server      Error: 17300, Severity: 16, State: 1.
2025-06-07 21:36:00.39 Server      SQL Server was unable to run a new system task, either because there is insufficient memory or the number of configured sessions exceeds the maximum allowed in the server. Verify that the server has adequate memory. Use sp_configure with option 'user connections' to check the maximum number of user connections allowed. Use sys.dm_exec_sessions to check the current number of sessions, including user processes.
2025-06-07 21:36:00.41 Logon       Error: 17803, Severity: 20, State: 15.
2025-06-07 21:36:00.41 Logon       There was a memory allocation failure during connection establishment. Reduce nonessential memory load, or increase system memory. The connection has been closed.
2025-06-07 21:36:00.41 spid57      [INFO]  MSExtra-9
XTP_MEMORY_CONSUMER (29, VARHEAP, Lookaside heap)
---------------------------------------- ----------
Database Id                                       0
Object Id                                         0
XTP Object Id                                  -501
Index Id                                          0
Allocated (KB)                                    0
Used (KB)                                         0
Allocation Count                                  0
SizeClass Count                                  73
MinSizeClass                                      8
MaxSizeClass                                   3096
2025-06-07 21:36:00.42 spid20s     [VersionCleaner][DbId:0][CleanupVersionsFromDbTask] Multithreaded VersionCleanup cannot be done due to an exception 701. This is not fatal. Cleanup will happen in the next cycle.
2025-06-07 21:36:00.43 Server      Error: 17300, Severity: 16, State: 1.
2025-06-07 21:36:00.43 Server      SQL Server was unable to run a new system task, either because there is insufficient memory or the number of configured sessions exceeds the maximum allowed in the server. Verify that the server has adequate memory. Use sp_configure with option 'user connections' to check the maximum number of user connections allowed. Use sys.dm_exec_sessions to check the current number of sessions, including user processes.
2025-06-07 21:36:00.32 Logon       Error: 18052, Severity: -1, State: 0. (Params:). The error is printed in terse mode because there was error during formatting. Tracing, ETW, notifications etc are skipped.

2025-06-07 21:36:00.32 Logon       There was a memory allocation failure during connection establishment. Reduce nonessential memory load, or increase system memory. The connection has been closed. [CLIENT: 127.0.0.1]
2025-06-07 21:36:00.41 Server      Error: 18052, Severity: -1, State: 0. (Params:). The error is printed in terse mode because there was error during formatting. Tracing, ETW, notifications etc are skipped.

2025-06-07 21:36:00.41 Server      SQL Server is terminating a system or background task QDS Data Persist Task due to errors in starting up the task (setup state 3).
2025-06-07 21:38:00.55 Logon       Error: 17803, Severity: 20, State: 15.
2025-06-07 21:38:00.55 Logon       There was a memory allocation failure during connection establishment. Reduce nonessential memory load, or increase system memory. The connection has been closed. [CLIENT: 127.0.0.1]
2025-06-07 21:38:00.58 spid57      [INFO]  MSExtra-9
XTP_MEMORY_CONSUMER (27, PGPOOL, 4K page pool)
---------------------------------------- ----------
Database Id                                       0
Object Id                                         0
XTP Object Id                                  -501
Index Id                                          0
Allocated (KB)                                    0
Used (KB)                                         0
Allocation Count                                  0
SizeClass Count                                   1
MinSizeClass                                   4096
MaxSizeClass                                   4096
2025-06-07 21:38:00.58 Server      Error: 17300, Severity: 16, State: 1.
2025-06-07 21:38:00.58 Server      SQL Server was unable to run a new system task, either because there is insufficient memory or the number of configured sessions exceeds the maximum allowed in the server. Verify that the server has adequate memory. Use sp_configure with option 'user connections' to check the maximum number of user connections allowed. Use sys.dm_exec_sessions to check the current number of sessions, including user processes.
2025-06-07 21:38:00.62 Server      Error: 17300, Severity: 16, State: 1.
2025-06-07 21:38:00.62 Server      SQL Server was unable to run a new system task, either because there is insufficient memory or the number of configured sessions exceeds the maximum allowed in the server. Verify that the server has adequate memory. Use sp_configure with option 'user connections' to check the maximum number of user connections allowed. Use sys.dm_exec_sessions to check the current number of sessions, including user processes.
2025-06-07 21:36:00.43 Server      Error: 18052, Severity: -1, State: 0. (Params:). The error is printed in terse mode because there was error during formatting. Tracing, ETW, notifications etc are skipped.

2025-06-07 21:36:00.43 Server      SQL Server was unable to run a new system task, either because there is insufficient memory or the number of configured sessions exceeds the maximum allowed in the server. Verify that the server has adequate memory. Use sp_configure with option 'user connections' to check the maximum number of user connections allowed. Use sys.dm_exec_sessions to check the current number of sessions, including user processes.
2025-06-07 21:38:00.65 Server      Error: 17300, Severity: 16, State: 1. (Params:). The error is printed in terse mode because there was error during formatting. Tracing, ETW, notifications etc are skipped.
2025-06-07 21:40:00.63 spid57      [INFO]  MSExtra-9
XTP_MEMORY_CONSUMER (26, VARHEAP, System heap)
---------------------------------------- ----------
Database Id                                       0
Object Id                                         0
XTP Object Id                                  -501
Index Id                                          0
Allocated (KB)                                  448
Used (KB)                                       378
Allocation Count                               2063
SizeClass Count                                 112
MinSizeClass                                      1
MaxSizeClass                                  16384
2025-06-07 21:42:00.53 Server      Error: 17300, Severity: 16, State: 1. (Params:). The error is printed in terse mode because there was error during formatting. Tracing, ETW, notifications etc are skipped.
2025-06-07 21:42:00.65 Server      Error: 17300, Severity: 16, State: 1. (Params:). The error is printed in terse mode because there was error during formatting. Tracing, ETW, notifications etc are skipped.
2025-06-07 21:42:05.61 Server      Error: 17300, Severity: 16, State: 1. (Params:). The error is printed in terse mode because there was error during formatting. Tracing, ETW, notifications etc are skipped.
2025-06-07 21:42:05.61 spid4s      Error: 701, Severity: 17, State: 123.
2025-06-07 21:42:05.61 spid4s      There is insufficient system memory in resource pool 'internal' to run this query.
2025-06-07 21:42:01.52 spid17s     Error: 701, Severity: 17, State: 123.
2025-06-07 21:42:01.52 spid17s     There is insufficient system memory in resource pool 'internal' to run this query.
2025-06-07 21:42:01.53 spid18s     Error: 701, Severity: 17, State: 123.
2025-06-07 21:42:01.53 spid18s     There is insufficient system memory in resource pool 'internal' to run this query.
2025-06-07 21:42:05.91 spid3s      Error: 701, Severity: 17, State: 123.
2025-06-07 21:42:05.91 spid3s      There is insufficient system memory in resource pool 'internal' to run this query.
2025-06-07 21:42:05.90 spid11s     Error: 701, Severity: 17, State: 123.
2025-06-07 21:42:05.90 spid11s     There is insufficient system memory in resource pool 'internal' to run this query.
2025-06-07 21:42:53.63 spid23s     Error: 701, Severity: 17, State: 123.
2025-06-07 21:42:53.63 spid23s     There is insufficient system memory in resource pool 'internal' to run this query.
2025-06-07 21:42:53.63 Server      Error: 17300, Severity: 16, State: 1. (Params:). The error is printed in terse mode because there was error during formatting. Tracing, ETW, notifications etc are skipped.
2025-06-07 21:42:53.64 Server      Error: 17300, Severity: 16, State: 1. (Params:). The error is printed in terse mode because there was error during formatting. Tracing, ETW, notifications etc are skipped.
2025-06-07 21:42:53.64 Server      Error: 17300, Severity: 16, State: 1. (Params:). The error is printed in terse mode because there was error during formatting. Tracing, ETW, notifications etc are skipped.
2025-06-07 21:42:53.64 Server      Error: 17300, Severity: 16, State: 1. (Params:). The error is printed in terse mode because there was error during formatting. Tracing, ETW, notifications etc are skipped.
2025-06-07 21:42:53.64 spid53s     Error: 701, Severity: 17, State: 123.
2025-06-07 21:42:53.64 spid53s     There is insufficient system memory in resource pool 'internal' to run this query.
2025-06-07 21:42:53.64 Server      Error: 17300, Severity: 16, State: 1. (Params:). The error is printed in terse mode because there was error during formatting. Tracing, ETW, notifications etc are skipped.
2025-06-07 21:42:53.65 Server      Error: 17300, Severity: 16, State: 1. (Params:). The error is printed in terse mode because there was error during formatting. Tracing, ETW, notifications etc are skipped.
2025-06-07 21:42:53.65 Server      Error: 17300, Severity: 16, State: 1. (Params:). The error is printed in terse mode because there was error during formatting. Tracing, ETW, notifications etc are skipped.
2025-06-07 21:42:53.65 Server      Error: 17300, Severity: 16, State: 1. (Params:). The error is printed in terse mode because there was error during formatting. Tracing, ETW, notifications etc are skipped.
2025-06-07 21:42:53.66 Server      Error: 17300, Severity: 16, State: 1. (Params:). The error is printed in terse mode because there was error during formatting. Tracing, ETW, notifications etc are skipped.
2025-06-07 21:42:53.66 Server      Error: 17300, Severity: 16, State: 1. (Params:). The error is printed in terse mode because there was error during formatting. Tracing, ETW, notifications etc are skipped.
2025-06-07 21:42:53.66 Server      Error: 17300, Severity: 16, State: 1. (Params:). The error is printed in terse mode because there was error during formatting. Tracing, ETW, notifications etc are skipped.
2025-06-07 21:42:53.67 Server      Error: 17300, Severity: 16, State: 1. (Params:). The error is printed in terse mode because there was error during formatting. Tracing, ETW, notifications etc are skipped.
2025-06-07 21:40:00.69 Logon       Error: 18052, Severity: -1, State: 0. (Params:). The error is printed in terse mode because there was error during formatting. Tracing, ETW, notifications etc are skipped.

2025-06-07 21:40:00.69 Logon       There was a memory allocation failure during connection establishment. Reduce nonessential memory load, or increase system memory. The connection has been closed.
2025-06-07 21:42:53.67 spid18s     SQL Ledger: Block generation or digest upload failed for this server due to error 701 and state 123.
2025-06-07 21:42:53.68 Server      Error: 17300, Severity: 16, State: 1. (Params:). The error is printed in terse mode because there was error during formatting. Tracing, ETW, notifications etc are skipped.
2025-06-07 21:42:53.68 Server      Error: 17300, Severity: 16, State: 1. (Params:). The error is printed in terse mode because there was error during formatting. Tracing, ETW, notifications etc are skipped.
2025-06-07 21:42:53.68 Server      Error: 17300, Severity: 16, State: 1. (Params:). The error is printed in terse mode because there was error during formatting. Tracing, ETW, notifications etc are skipped.
2025-06-07 21:44:00.64 Server      Error: 28709, Severity: 16, State: 19. (Params:). The error is printed in terse mode because there was error during formatting. Tracing, ETW, notifications etc are skipped.
2025-06-07 21:44:00.72 Server      Error: 17300, Severity: 16, State: 1. (Params:). The error is printed in terse mode because there was error during formatting. Tracing, ETW, notifications etc are skipped.
2025-06-07 21:44:00.73 Server      Error: 17300, Severity: 16, State: 1. (Params:). The error is printed in terse mode because there was error during formatting. Tracing, ETW, notifications etc are skipped.
2025-06-07 21:44:01.60 Server      Error: 17300, Severity: 16, State: 1. (Params:). The error is printed in terse mode because there was error during formatting. Tracing, ETW, notifications etc are skipped.
2025-06-07 21:44:01.60 Server      Error: 17300, Severity: 16, State: 1. (Params:). The error is printed in terse mode because there was error during formatting. Tracing, ETW, notifications etc are skipped.
2025-06-07 21:44:01.67 Server      Error: 17300, Severity: 16, State: 1. (Params:). The error is printed in terse mode because there was error during formatting. Tracing, ETW, notifications etc are skipped.
2025-06-07 21:42:05.61 Server      Error: 17300, Severity: 16, State: 1.
2025-06-07 21:42:05.61 Server      SQL Server was unable to run a new system task, either because there is insufficient memory or the number of configured sessions exceeds the maximum allowed in the server. Verify that the server has adequate memory. Use sp_configure with option 'user connections' to check the maximum number of user connections allowed. Use sys.dm_exec_sessions to check the current number of sessions, including user processes.
2025-06-07 21:44:01.70 Server      Error: 17300, Severity: 16, State: 1. (Params:). The error is printed in terse mode because there was error during formatting. Tracing, ETW, notifications etc are skipped.
2025-06-07 21:44:06.57 Server      Error: 17300, Severity: 16, State: 1. (Params:). The error is printed in terse mode because there was error during formatting. Tracing, ETW, notifications etc are skipped.
2025-06-07 21:44:53.74 Server      Error: 17300, Severity: 16, State: 1. (Params:). The error is printed in terse mode because there was error during formatting. Tracing, ETW, notifications etc are skipped.
2025-06-07 21:44:58.65 Server      Long Sync IO: Scheduler 10 had 1 Sync IOs in nonpreemptive mode longer than 1000 ms
2025-06-07 21:45:01.49 Server      **Dump thread - spid = 0, EC = 0x0000000000000000 Connection = 0x0000000000000000
2025-06-07 21:45:03.64 Server      ***Stack Dump being sent to /var/opt/mssql/log/SQLDump0001.txt
2025-06-07 21:45:05.09 Server      * *******************************************************************************
2025-06-07 21:45:05.75 Server      *
2025-06-07 21:45:06.87 Server      * BEGIN STACK DUMP:
2025-06-07 21:45:08.48 Server      *   06/07/25 21:45:03 spid 512
2025-06-07 21:45:12.04 Server      *
2025-06-07 21:45:14.94 Server      * Stalled Dispatcher
2025-06-07 21:45:16.11 Server      *
2025-06-07 21:45:17.57 Server      * *******************************************************************************
2025-06-07 21:45:22.61 Server      * -------------------------------------------------------------------------------
2025-06-07 21:45:32.45 Server      * Short Stack Dump
2025-06-07 21:45:34.79 Server      <frame id="00" address="0xA81A9E3F9" pdb="kernelbase.pdb" age="1" guid="5CD0BCC4-1628-5E40-3EB5-4DFE56CBF899" module="kernelbase" rva="0x3E3F9" />
2025-06-07 21:45:34.90 Server      <frame id="00" address="0xA866FE82E" pdb="sqllang.pdb" age="2" guid="77A4EE9E-51E3-4460-88B9-36B93670AB76" module="sqllang" rva="0x134E82E" />
2025-06-07 21:45:34.95 Server      <frame id="00" address="0xA86702855" pdb="sqllang.pdb" age="2" guid="77A4EE9E-51E3-4460-88B9-36B93670AB76" module="sqllang" rva="0x1352855" />
2025-06-07 21:45:34.99 Server      <frame id="00" address="0xA80217131" pdb="sqlservr.pdb" age="2" guid="B4D9B74B-1BAE-43C3-BF94-F62107FC9716" module="sqlservr" rva="0x7131" />
2025-06-07 21:45:35.04 Server      <frame id="00" address="0xA88E6FCB5" pdb="SqlDK.pdb" age="2" guid="F350BA8B-6AE6-4460-83D9-76CE8B12EC27" module="SqlDK" rva="0x18FCB5" />
2025-06-07 21:45:35.10 Server      <frame id="00" address="0xA88CF7B57" pdb="SqlDK.pdb" age="2" guid="F350BA8B-6AE6-4460-83D9-76CE8B12EC27" module="SqlDK" rva="0x17B57" />
2025-06-07 21:45:35.14 Server      <frame id="00" address="0xA88E6D549" pdb="SqlDK.pdb" age="2" guid="F350BA8B-6AE6-4460-83D9-76CE8B12EC27" module="SqlDK" rva="0x18D549" />
2025-06-07 21:45:35.19 Server      <frame id="00" address="0xA88CE87AB" pdb="SqlDK.pdb" age="2" guid="F350BA8B-6AE6-4460-83D9-76CE8B12EC27" module="SqlDK" rva="0x87AB" />
2025-06-07 21:45:35.23 Server      <frame id="00" address="0xA88CE8DB5" pdb="SqlDK.pdb" age="2" guid="F350BA8B-6AE6-4460-83D9-76CE8B12EC27" module="SqlDK" rva="0x8DB5" />
2025-06-07 21:45:35.28 Server      <frame id="00" address="0xA88CE8914" pdb="SqlDK.pdb" age="2" guid="F350BA8B-6AE6-4460-83D9-76CE8B12EC27" module="SqlDK" rva="0x8914" />
2025-06-07 21:45:35.32 Server      <frame id="00" address="0xA88D08353" pdb="SqlDK.pdb" age="2" guid="F350BA8B-6AE6-4460-83D9-76CE8B12EC27" module="SqlDK" rva="0x28353" />
2025-06-07 21:45:35.39 Server      <frame id="00" address="0xA88D086CC" pdb="SqlDK.pdb" age="2" guid="F350BA8B-6AE6-4460-83D9-76CE8B12EC27" module="SqlDK" rva="0x286CC" />
2025-06-07 21:45:35.44 Server      <frame id="00" address="0xA88D08BC2" pdb="SqlDK.pdb" age="2" guid="F350BA8B-6AE6-4460-83D9-76CE8B12EC27" module="SqlDK" rva="0x28BC2" />
2025-06-07 21:45:35.51 Server      <frame id="00" address="0xA88D08976" pdb="SqlDK.pdb" age="2" guid="F350BA8B-6AE6-4460-83D9-76CE8B12EC27" module="SqlDK" rva="0x28976" />
2025-06-07 21:45:35.55 Server      <frame id="00" address="0xA815E7AF4" pdb="kernel32.pdb" age="1" guid="E4CC0E21-BDDF-68A6-8D56-D644BB74B131" module="kernel32" rva="0x17AF4" />
2025-06-07 21:45:35.61 Server      <frame id="00" address="0xA800644A1" pdb="ntdll.pdb" age="1" guid="7CF052A3-2E1E-8ED4-0593-CC2297317058" module="ntdll" rva="0x244A1" />
2025-06-07 21:45:35.70 Server      Stack Signature for the dump is 0x00000000000001F6
2025-06-07 21:45:35.72 Server      SaveNumaNodeRelationShip : 0 of 1 numa nodes info saved to pDump.
2025-06-07 21:45:35.73 Server      CDmpClient::ExecuteAllCallbacks started.
2025-06-07 21:45:35.74 Server      XE_DumpCallbacks is executing...
2025-06-07 21:45:35.78 Server      DumpCallbackSOS is executing...
2025-06-07 21:45:35.79 Server      DumpCallbackEE is executing...
2025-06-07 21:45:35.80 Server      DumpCallbackSE is executing...
2025-06-07 21:45:35.86 Server      DumpCallbackSEAM is executing...
2025-06-07 21:45:35.88 Server      DumpCallbackSSB is executing...
2025-06-07 21:45:36.09 Server      DumpCallbackQE is executing...
2025-06-07 21:45:36.25 Server      DumpCallbackFullText is executing...
2025-06-07 21:45:36.28 Server      DumpCallbackSQLCLR is executing...
2025-06-07 21:45:36.29 Server      DumpCallbackHk is executing...
2025-06-07 21:45:36.34 Server      DumpCallbackRepl is executing...
2025-06-07 21:45:36.35 Server      DumpCallbackPolyBase is executing...
2025-06-07 21:45:36.35 Server      CDmpClient::ExecuteAllCallbacks completed. Time elapsed: 0 seconds.
2025-06-07 21:49:20.58 Server      Timeout waiting for external dump process 1932.
2025-06-07 21:49:20.61 Server      Error: 17300, Severity: 16, State: 1. (Params:). The error is printed in terse mode because there was error during formatting. Tracing, ETW, notifications etc are skipped.
2025-06-07 21:49:20.61 Server      Error: 17300, Severity: 16, State: 1. (Params:). The error is printed in terse mode because there was error during formatting. Tracing, ETW, notifications etc are skipped.
2025-06-07 21:49:20.61 Server      Error: 17300, Severity: 16, State: 1. (Params:). The error is printed in terse mode because there was error during formatting. Tracing, ETW, notifications etc are skipped.
2025-06-07 21:49:20.62 Server      Error: 17300, Severity: 16, State: 1. (Params:). The error is printed in terse mode because there was error during formatting. Tracing, ETW, notifications etc are skipped.
2025-06-07 21:49:20.62 spid57      [INFO]  MSExtra-9
XTP_MEMORY_CONSUMER (25, LOOKASIDE, Transaction list element)
---------------------------------------- ----------
Allocated (KB)                                    0
Used (KB)                                         0
Allocation Count                                  0
SizeClass Count                                   2
MinSizeClass                                     24
MaxSizeClass                                     24
2025-06-07 21:49:20.62 spid20s     Error: 701, Severity: 17, State: 123.
2025-06-07 21:49:20.62 spid20s     There is insufficient system memory in resource pool 'internal' to run this query.
2025-06-07 21:49:20.63 spid48s     Error: 701, Severity: 17, State: 123.
2025-06-07 21:49:20.63 spid48s     There is insufficient system memory in resource pool 'internal' to run this query.
2025-06-07 21:49:20.65 Server      Error: 17300, Severity: 16, State: 1.
2025-06-07 21:49:20.65 Server      SQL Server was unable to run a new system task, either because there is insufficient memory or the number of configured sessions exceeds the maximum allowed in the server. Verify that the server has adequate memory. Use sp_configure with option 'user connections' to check the maximum number of user connections allowed. Use sys.dm_exec_sessions to check the current number of sessions, including user processes.
2025-06-07 21:49:20.65 Server      Copied stack
2025-06-07 21:49:20.60 spid5s      Error: 701, Severity: 17, State: 89.
2025-06-07 21:49:20.60 spid5s      There is insufficient system memory in resource pool 'internal' to run this query.
2025-06-07 21:44:53.68 Logon       Error: 18052, Severity: -1, State: 0. (Params:). The error is printed in terse mode because there was error during formatting. Tracing, ETW, notifications etc are skipped.

2025-06-07 21:44:53.68 Logon       There was a memory allocation failure during connection establishment. Reduce nonessential memory load, or increase system memory. The connection has been closed.
2025-06-07 21:49:20.65 Server      Error: 17300, Severity: 16, State: 1.
2025-06-07 21:49:20.65 Server      SQL Server was unable to run a new system task, either because there is insufficient memory or the number of configured sessions exceeds the maximum allowed in the server. Verify that the server has adequate memory. Use sp_configure with option 'user connections' to check the maximum number of user connections allowed. Use sys.dm_exec_sessions to check the current number of sessions, including user processes.
2025-06-07 21:49:20.65 spid8s      Error: 701, Severity: 17, State: 89.
2025-06-07 21:49:20.65 spid8s      There is insufficient system memory in resource pool 'internal' to run this query.
2025-06-07 21:44:01.71 Logon       Error: 18052, Severity: -1, State: 0. (Params:). The error is printed in terse mode because there was error during formatting. Tracing, ETW, notifications etc are skipped.

2025-06-07 21:44:01.71 Logon       There was a memory allocation failure during connection establishment. Reduce nonessential memory load, or increase system memory. The connection has been closed.
2025-06-07 21:49:20.66 Server      Error: 17300, Severity: 16, State: 1.
2025-06-07 21:49:20.66 Server      SQL Server was unable to run a new system task, either because there is insufficient memory or the number of configured sessions exceeds the maximum allowed in the server. Verify that the server has adequate memory. Use sp_configure with option 'user connections' to check the maximum number of user connections allowed. Use sys.dm_exec_sessions to check the current number of sessions, including user processes.
2025-06-07 21:44:53.67 Server      Error: 18052, Severity: -1, State: 0. (Params:). The error is printed in terse mode because there was error during formatting. Tracing, ETW, notifications etc are skipped.

2025-06-07 21:44:53.67 Server      SQL Server was unable to run a new system task, either because there is insufficient memory or the number of configured sessions exceeds the maximum allowed in the server. Verify that the server has adequate memory. Use sp_configure with option 'user connections' to check the maximum number of user connections allowed. Use sys.dm_exec_sessions to check the current number of sessions, including user processes.
2025-06-07 21:49:20.66 Server      <frame id="00" address="0x3FFFBF1A069F" pdb="sqlpal.pdb" age="1" guid="74A5B4D5-52D6-7F96-F48E-10DF21F990D0" module="sqlpal" rva="0x3A069F" />
2025-06-07 21:49:20.67 spid81s     Error: 701, Severity: 17, State: 123.
2025-06-07 21:49:20.67 spid81s     There is insufficient system memory in resource pool 'internal' to run this query.
2025-06-07 21:49:20.67 Server      Error: 17300, Severity: 16, State: 1.
2025-06-07 21:49:20.67 Server      SQL Server was unable to run a new system task, either because there is insufficient memory or the number of configured sessions exceeds the maximum allowed in the server. Verify that the server has adequate memory. Use sp_configure with option 'user connections' to check the maximum number of user connections allowed. Use sys.dm_exec_sessions to check the current number of sessions, including user processes.
2025-06-07 21:49:20.69 Server      Error: 17300, Severity: 16, State: 1. (Params:). The error is printed in terse mode because there was error during formatting. Tracing, ETW, notifications etc are skipped.
2025-06-07 21:49:20.71 Server      Error: 17300, Severity: 16, State: 1. (Params:). The error is printed in terse mode because there was error during formatting. Tracing, ETW, notifications etc are skipped.
2025-06-07 21:49:20.72 Server      <frame id="01" address="0x3FFFBF0536EF" pdb="sqlpal.pdb" age="1" guid="74A5B4D5-52D6-7F96-F48E-10DF21F990D0" module="sqlpal" rva="0x2536EF" />
2025-06-07 21:49:20.72 spid13s     Error: 802, Severity: 17, State: 2.
2025-06-07 21:49:20.72 spid13s     There is insufficient memory available in the buffer pool.
2025-06-07 21:49:20.72 Server      Error: 17300, Severity: 16, State: 1. (Params:). The error is printed in terse mode because there was error during formatting. Tracing, ETW, notifications etc are skipped.
2025-06-07 21:49:20.73 Server      Error: 17300, Severity: 16, State: 1.
2025-06-07 21:49:20.73 Server      SQL Server was unable to run a new system task, either because there is insufficient memory or the number of configured sessions exceeds the maximum allowed in the server. Verify that the server has adequate memory. Use sp_configure with option 'user connections' to check the maximum number of user connections allowed. Use sys.dm_exec_sessions to check the current number of sessions, including user processes.
2025-06-07 21:49:20.73 Server      <frame id="02" address="0x3FFFBF05317F" pdb="sqlpal.pdb" age="1" guid="74A5B4D5-52D6-7F96-F48E-10DF21F990D0" module="sqlpal" rva="0x25317F" />
2025-06-07 21:49:20.72 spid3s      Error: 701, Severity: 17, State: 123.
2025-06-07 21:49:20.72 spid3s      There is insufficient system memory in resource pool 'internal' to run this query.
2025-06-07 21:49:20.73 Server      Error: 17300, Severity: 16, State: 1.
2025-06-07 21:49:20.73 Server      SQL Server was unable to run a new system task, either because there is insufficient memory or the number of configured sessions exceeds the maximum allowed in the server. Verify that the server has adequate memory. Use sp_configure with option 'user connections' to check the maximum number of user connections allowed. Use sys.dm_exec_sessions to check the current number of sessions, including user processes.
2025-06-07 21:49:20.71 Logon       Error: 17803, Severity: 20, State: 13.
2025-06-07 21:49:20.71 Logon       There was a memory allocation failure during connection establishment. Reduce nonessential memory load, or increase system memory. The connection has been closed.
2025-06-07 21:49:20.74 Server      <frame id="03" address="0x3FFFBF001F6E" pdb="sqlpal.pdb" age="1" guid="74A5B4D5-52D6-7F96-F48E-10DF21F990D0" module="sqlpal" rva="0x201F6E" />
2025-06-07 21:49:20.74 Logon       Error: 17803, Severity: 20, State: 13.
2025-06-07 21:49:20.74 Logon       There was a memory allocation failure during connection establishment. Reduce nonessential memory load, or increase system memory. The connection has been closed.
2025-06-07 21:49:20.75 Server      Error: 17300, Severity: 16, State: 1. (Params:). The error is printed in terse mode because there was error during formatting. Tracing, ETW, notifications etc are skipped.
2025-06-07 21:49:20.75 Logon       Error: 17803, Severity: 20, State: 15.
2025-06-07 21:49:20.75 Logon       There was a memory allocation failure during connection establishment. Reduce nonessential memory load, or increase system memory. The connection has been closed.
2025-06-07 21:49:20.75 Server      Error: 17300, Severity: 16, State: 1.
2025-06-07 21:49:20.75 Server      SQL Server was unable to run a new system task, either because there is insufficient memory or the number of configured sessions exceeds the maximum allowed in the server. Verify that the server has adequate memory. Use sp_configure with option 'user connections' to check the maximum number of user connections allowed. Use sys.dm_exec_sessions to check the current number of sessions, including user processes.
2025-06-07 21:49:20.75 Server      <frame id="04" address="0x3FFFBF1A02FB" pdb="sqlpal.pdb" age="1" guid="74A5B4D5-52D6-7F96-F48E-10DF21F990D0" module="sqlpal" rva="0x3A02FB" />
2025-06-07 21:49:20.58 spid10s     Error: 701, Severity: 17, State: 123.
2025-06-07 21:49:20.58 spid10s     There is insufficient system memory in resource pool 'internal' to run this query.
2025-06-07 21:49:20.76 Server      Error: 17300, Severity: 16, State: 1.
2025-06-07 21:49:20.76 Server      SQL Server was unable to run a new system task, either because there is insufficient memory or the number of configured sessions exceeds the maximum allowed in the server. Verify that the server has adequate memory. Use sp_configure with option 'user connections' to check the maximum number of user connections allowed. Use sys.dm_exec_sessions to check the current number of sessions, including user processes.
2025-06-07 21:49:20.76 Logon       Error: 17803, Severity: 20, State: 13.
2025-06-07 21:49:20.76 Logon       There was a memory allocation failure during connection establishment. Reduce nonessential memory load, or increase system memory. The connection has been closed. [CLIENT: 127.0.0.1]
2025-06-07 21:49:20.77 Server      <frame id="05" address="0xA80135FAF" pdb="ntdll.pdb" age="1" guid="7CF052A3-2E1E-8ED4-0593-CC2297317058" module="ntdll" rva="0xF5FAF" />
2025-06-07 21:49:20.77 spid20s     [VersionCleaner][DbId:32762][CleanupVersionsFromDbTask] VersionCleanup cannot be done to an exception. This is not fatal. Cleanup will happen in the next cycle.
2025-06-07 21:49:20.77 Logon       Error: 17803, Severity: 20, State: 15.
2025-06-07 21:49:20.77 Logon       There was a memory allocation failure during connection establishment. Reduce nonessential memory load, or increase system memory. The connection has been closed.
2025-06-07 21:49:20.77 spid57      [INFO]  MSExtra-9
XTP_MEMORY_CONSUMER (24, LOOKASIDE, Delta tracker cursor)
---------------------------------------- ----------
Allocated (KB)                                    0
Used (KB)                                         0
Allocation Count                                  0
SizeClass Count                                   2
MinSizeClass                                     64
MaxSizeClass                                     64
2025-06-07 21:49:20.77 Logon       Error: 17803, Severity: 20, State: 15.
2025-06-07 21:49:20.77 Logon       There was a memory allocation failure during connection establishment. Reduce nonessential memory load, or increase system memory. The connection has been closed.
2025-06-07 21:49:20.77 Logon       Error: 17803, Severity: 20, State: 13.
2025-06-07 21:49:20.77 Logon       There was a memory allocation failure during connection establishment. Reduce nonessential memory load, or increase system memory. The connection has been closed. [CLIENT: 127.0.0.1]
2025-06-07 21:49:20.78 Logon       Error: 17803, Severity: 20, State: 13.
2025-06-07 21:49:20.78 Logon       There was a memory allocation failure during connection establishment. Reduce nonessential memory load, or increase system memory. The connection has been closed.
2025-06-07 21:49:20.78 Server      <frame id="06" address="0xA81A9D8B3" pdb="kernelbase.pdb" age="1" guid="5CD0BCC4-1628-5E40-3EB5-4DFE56CBF899" module="kernelbase" rva="0x3D8B3" />
2025-06-07 21:49:20.79 Server      Error: 17300, Severity: 16, State: 1.
2025-06-07 21:49:20.79 Server      SQL Server was unable to run a new system task, either because there is insufficient memory or the number of configured sessions exceeds the maximum allowed in the server. Verify that the server has adequate memory. Use sp_configure with option 'user connections' to check the maximum number of user connections allowed. Use sys.dm_exec_sessions to check the current number of sessions, including user processes.
2025-06-07 21:49:20.79 Server      Error: 17300, Severity: 16, State: 1.
2025-06-07 21:49:20.79 Server      SQL Server was unable to run a new system task, either because there is insufficient memory or the number of configured sessions exceeds the maximum allowed in the server. Verify that the server has adequate memory. Use sp_configure with option 'user connections' to check the maximum number of user connections allowed. Use sys.dm_exec_sessions to check the current number of sessions, including user processes.
2025-06-07 21:49:20.80 Server      Error: 17300, Severity: 16, State: 1.
2025-06-07 21:49:20.80 Server      SQL Server was unable to run a new system task, either because there is insufficient memory or the number of configured sessions exceeds the maximum allowed in the server. Verify that the server has adequate memory. Use sp_configure with option 'user connections' to check the maximum number of user connections allowed. Use sys.dm_exec_sessions to check the current number of sessions, including user processes.
2025-06-07 21:49:20.80 Server      <frame id="07" address="0xA88CF037F" pdb="SqlDK.pdb" age="2" guid="F350BA8B-6AE6-4460-83D9-76CE8B12EC27" module="SqlDK" rva="0x1037F" />
2025-06-07 21:49:20.81 Server      Error: 17300, Severity: 16, State: 1.
2025-06-07 21:49:20.81 Server      SQL Server was unable to run a new system task, either because there is insufficient memory or the number of configured sessions exceeds the maximum allowed in the server. Verify that the server has adequate memory. Use sp_configure with option 'user connections' to check the maximum number of user connections allowed. Use sys.dm_exec_sessions to check the current number of sessions, including user processes.
2025-06-07 21:49:20.86 Server      <frame id="08" address="0xA821810EC" pdb="sqlmin.pdb" age="2" guid="BC8C7A86-66E1-451B-85B5-1AA1AF97324C" module="sqlmin" rva="0x10EC" />
2025-06-07 21:49:20.86 Server      Error: 17300, Severity: 16, State: 1.
2025-06-07 21:49:20.86 Server      SQL Server was unable to run a new system task, either because there is insufficient memory or the number of configured sessions exceeds the maximum allowed in the server. Verify that the server has adequate memory. Use sp_configure with option 'user connections' to check the maximum number of user connections allowed. Use sys.dm_exec_sessions to check the current number of sessions, including user processes.
2025-06-07 21:49:20.86 Logon       Error: 17803, Severity: 20, State: 13.
2025-06-07 21:49:20.86 Logon       There was a memory allocation failure during connection establishment. Reduce nonessential memory load, or increase system memory. The connection has been closed. [CLIENT: 127.0.0.1]
2025-06-07 21:49:20.86 Server      Error: 17312, Severity: 16, State: 1.
2025-06-07 21:49:20.86 Server      SQL Server is terminating a system or background task XE Dispatcher Task due to errors in starting up the task (setup state 1).
2025-06-07 21:49:20.86 Server      <frame id="09" address="0xA834CB00E" pdb="sqlmin.pdb" age="2" guid="BC8C7A86-66E1-451B-85B5-1AA1AF97324C" module="sqlmin" rva="0x134B00E" />
2025-06-07 21:49:20.88 Server      <frame id="10" address="0xA88D879D1" pdb="SqlDK.pdb" age="2" guid="F350BA8B-6AE6-4460-83D9-76CE8B12EC27" module="SqlDK" rva="0xA79D1" />
2025-06-07 21:49:20.89 Server      <frame id="11" address="0xA88CEAF73" pdb="SqlDK.pdb" age="2" guid="F350BA8B-6AE6-4460-83D9-76CE8B12EC27" module="SqlDK" rva="0xAF73" />
2025-06-07 21:49:20.89 Server      <frame id="12" address="0xA88CEAB49" pdb="SqlDK.pdb" age="2" guid="F350BA8B-6AE6-4460-83D9-76CE8B12EC27" module="SqlDK" rva="0xAB49" />
2025-06-07 21:49:20.89 Server      <frame id="13" address="0xA88CEB11A" pdb="SqlDK.pdb" age="2" guid="F350BA8B-6AE6-4460-83D9-76CE8B12EC27" module="SqlDK" rva="0xB11A" />
2025-06-07 21:49:20.89 Server      <frame id="14" address="0xA88CEB746" pdb="SqlDK.pdb" age="2" guid="F350BA8B-6AE6-4460-83D9-76CE8B12EC27" module="SqlDK" rva="0xB746" />
2025-06-07 21:49:20.90 Server      <frame id="15" address="0xA88CEB4A3" pdb="SqlDK.pdb" age="2" guid="F350BA8B-6AE6-4460-83D9-76CE8B12EC27" module="SqlDK" rva="0xB4A3" />
2025-06-07 21:49:20.90 Server      <frame id="16" address="0xA88CE78E6" pdb="SqlDK.pdb" age="2" guid="F350BA8B-6AE6-4460-83D9-76CE8B12EC27" module="SqlDK" rva="0x78E6" />
2025-06-07 21:49:20.91 Server      <frame id="17" address="0xA88CE7F3F" pdb="SqlDK.pdb" age="2" guid="F350BA8B-6AE6-4460-83D9-76CE8B12EC27" module="SqlDK" rva="0x7F3F" />
2025-06-07 21:49:20.91 Server      <frame id="18" address="0xA88CE9C07" pdb="SqlDK.pdb" age="2" guid="F350BA8B-6AE6-4460-83D9-76CE8B12EC27" module="SqlDK" rva="0x9C07" />
2025-06-07 21:49:20.91 Server      <frame id="19" address="0xA88D14405" pdb="SqlDK.pdb" age="2" guid="F350BA8B-6AE6-4460-83D9-76CE8B12EC27" module="SqlDK" rva="0x34405" />
2025-06-07 21:49:20.92 Server      <frame id="20" address="0xA88D14976" pdb="SqlDK.pdb" age="2" guid="F350BA8B-6AE6-4460-83D9-76CE8B12EC27" module="SqlDK" rva="0x34976" />
2025-06-07 21:49:20.92 Server      <frame id="21" address="0xA88D14312" pdb="SqlDK.pdb" age="2" guid="F350BA8B-6AE6-4460-83D9-76CE8B12EC27" module="SqlDK" rva="0x34312" />
2025-06-07 21:49:20.92 Server      <frame id="22" address="0xA88D1531E" pdb="SqlDK.pdb" age="2" guid="F350BA8B-6AE6-4460-83D9-76CE8B12EC27" module="SqlDK" rva="0x3531E" />
2025-06-07 21:49:20.93 Server      <frame id="23" address="0xA88EBB07A" pdb="SqlDK.pdb" age="2" guid="F350BA8B-6AE6-4460-83D9-76CE8B12EC27" module="SqlDK" rva="0x1DB07A" />
2025-06-07 21:49:20.93 Server      <frame id="24" address="0xA859B16F0" pdb="sqllang.pdb" age="2" guid="77A4EE9E-51E3-4460-88B9-36B93670AB76" module="sqllang" rva="0x6016F0" />
2025-06-07 21:49:20.94 Server      <frame id="25" address="0xA88EBAEC4" pdb="SqlDK.pdb" age="2" guid="F350BA8B-6AE6-4460-83D9-76CE8B12EC27" module="SqlDK" rva="0x1DAEC4" />
2025-06-07 21:49:20.94 Server      <frame id="26" address="0xA88EBE0CC" pdb="SqlDK.pdb" age="2" guid="F350BA8B-6AE6-4460-83D9-76CE8B12EC27" module="SqlDK" rva="0x1DE0CC" />
2025-06-07 21:49:20.95 Server      <frame id="27" address="0xA88CE87AB" pdb="SqlDK.pdb" age="2" guid="F350BA8B-6AE6-4460-83D9-76CE8B12EC27" module="SqlDK" rva="0x87AB" />
2025-06-07 21:49:20.95 Server      <frame id="28" address="0xA88CE8DB5" pdb="SqlDK.pdb" age="2" guid="F350BA8B-6AE6-4460-83D9-76CE8B12EC27" module="SqlDK" rva="0x8DB5" />
2025-06-07 21:49:20.95 Server      <frame id="29" address="0xA88CE8914" pdb="SqlDK.pdb" age="2" guid="F350BA8B-6AE6-4460-83D9-76CE8B12EC27" module="SqlDK" rva="0x8914" />
2025-06-07 21:49:20.98 Server      <frame id="30" address="0xA88D08353" pdb="SqlDK.pdb" age="2" guid="F350BA8B-6AE6-4460-83D9-76CE8B12EC27" module="SqlDK" rva="0x28353" />
2025-06-07 21:49:21.00 Server      <frame id="31" address="0xA88D086CC" pdb="SqlDK.pdb" age="2" guid="F350BA8B-6AE6-4460-83D9-76CE8B12EC27" module="SqlDK" rva="0x286CC" />
