Sun Jun 29 21:21:15 UTC 2025 === Kernel Version ===
Linux 6.10.14-linuxkit #1 SMP PREEMPT_DYNAMIC Tue Apr 15 16:05:22 UTC 2025 x86_64 x86_64 x86_64

Sun Jun 29 21:21:15 UTC 2025 === OS release ===
PRETTY_NAME="Ubuntu 22.04.5 LTS"
NAME="Ubuntu"
VERSION_ID="22.04"
VERSION="22.04.5 LTS (Jammy Jellyfish)"
VERSION_CODENAME=jammy
ID=ubuntu
ID_LIKE=debian
HOME_URL="https://www.ubuntu.com/"
SUPPORT_URL="https://help.ubuntu.com/"
BUG_REPORT_URL="https://bugs.launchpad.net/ubuntu/"
PRIVACY_POLICY_URL="https://www.ubuntu.com/legal/terms-and-policies/privacy-policy"
UBUNTU_CODENAME=jammy

Sun Jun 29 21:21:15 UTC 2025 === System memory information ===
MemTotal:        2010552 kB
MemFree:          210188 kB
MemAvailable:     477736 kB
Buffers:            7552 kB
Cached:           380772 kB
SwapCached:         2800 kB
Active:          1004440 kB
Inactive:         589020 kB
Active(anon):     660872 kB
Inactive(anon):   550488 kB
Active(file):     343568 kB
Inactive(file):    38532 kB
Unevictable:          60 kB
Mlocked:               0 kB
SwapTotal:       1048572 kB
SwapFree:           2608 kB
Dirty:               136 kB
Writeback:             0 kB
AnonPages:       1203008 kB
Mapped:           261312 kB
Shmem:              6124 kB
KReclaimable:      34460 kB
Slab:             105360 kB
SReclaimable:      34460 kB
SUnreclaim:        70900 kB
KernelStack:       15680 kB
PageTables:        16556 kB
SecPageTables:         0 kB
NFS_Unstable:          0 kB
Bounce:                0 kB
WritebackTmp:          0 kB
CommitLimit:     2053848 kB
Committed_AS:    5990344 kB
VmallocTotal:   34359738367 kB
VmallocUsed:        6576 kB
VmallocChunk:          0 kB
Percpu:             8448 kB
AnonHugePages:    108544 kB
ShmemHugePages:        0 kB
ShmemPmdMapped:        0 kB
FileHugePages:         0 kB
FilePmdMapped:         0 kB
HugePages_Total:       0
HugePages_Free:        0
HugePages_Rsvd:        0
HugePages_Surp:        0
Hugepagesize:       2048 kB
Hugetlb:               0 kB
DirectMap4k:       42312 kB
DirectMap2M:     2054144 kB
DirectMap1G:           0 kB

Sun Jun 29 21:21:15 UTC 2025 === Control Group memory limit ===
cat: /sys/fs/cgroup/memory/memory.limit_in_bytes: No such file or directory

Sun Jun 29 21:21:15 UTC 2025 === Command line ===
cat: /proc/16/cmdline: No such file or directory

Sun Jun 29 21:21:16 UTC 2025 === Start Time ===
stat: cannot statx '/proc/16': No such file or directory

Sun Jun 29 21:21:16 UTC 2025 === VMA Information ===
VMA Count: 0 VMA Limit: 262144 Percent VMA Used: 0

=== Additional sysctl vm.* settings ===

vm.admin_reserve_kbytes = 8192
vm.compact_unevictable_allowed = 1
vm.compaction_proactiveness = 0
vm.dirty_background_bytes = 0
vm.dirty_background_ratio = 10
vm.dirty_bytes = 0
vm.dirty_expire_centisecs = 3000
vm.dirty_ratio = 20
vm.dirty_writeback_centisecs = 1500
vm.dirtytime_expire_seconds = 43200
vm.extfrag_threshold = 500
vm.hugetlb_optimize_vmemmap = 0
vm.hugetlb_shm_group = 0
vm.laptop_mode = 0
vm.legacy_va_layout = 0
vm.lowmem_reserve_ratio = 256	256	32	0	0
vm.max_map_count = 262144
vm.memfd_noexec = 0
vm.min_free_kbytes = 45056
vm.mmap_min_addr = 65536
vm.nr_hugepages = 0
vm.nr_overcommit_hugepages = 0
vm.oom_dump_tasks = 1
vm.oom_kill_allocating_task = 0
vm.overcommit_kbytes = 0
vm.overcommit_memory = 1
vm.overcommit_ratio = 50
vm.page-cluster = 2
vm.page_lock_unfairness = 5
vm.panic_on_oom = 0
vm.percpu_pagelist_high_fraction = 0
vm.stat_interval = 30
vm.swappiness = 60
vm.user_reserve_kbytes = 62227
vm.vfs_cache_pressure = 100
vm.watermark_boost_factor = 0
vm.watermark_scale_factor = 10

Sun Jun 29 21:21:16 UTC 2025 === Process limits ===
cat: /proc/16/limits: No such file or directory

Sun Jun 29 21:21:16 UTC 2025 === Processor topology ===
processor	: 0
vendor_id	: GenuineIntel
cpu family	: 6
model		: 154
model name	: 12th Gen Intel(R) Core(TM) i7-1255U
stepping	: 4
microcode	: 0xffffffff
cpu MHz		: 1095.000
cache size	: 12288 KB
physical id	: 0
siblings	: 12
core id		: 0
cpu cores	: 6
apicid		: 0
initial apicid	: 0
fpu		: yes
fpu_exception	: yes
cpuid level	: 28
wp		: yes
flags		: fpu vme de pse tsc msr pae mce cx8 apic sep mtrr pge mca cmov pat pse36 clflush mmx fxsr sse sse2 ss ht syscall nx pdpe1gb rdtscp lm constant_tsc rep_good nopl xtopology tsc_reliable nonstop_tsc cpuid aperfmperf tsc_known_freq pni pclmulqdq ssse3 fma cx16 sse4_1 sse4_2 x2apic movbe popcnt tsc_deadline_timer aes xsave avx f16c rdrand hypervisor lahf_lm abm 3dnowprefetch ssbd ibrs ibpb stibp ibrs_enhanced fsgsbase tsc_adjust bmi1 avx2 smep bmi2 erms invpcid rdseed adx smap clflushopt clwb sha_ni xsaveopt xsavec xgetbv1 xsaves avx_vnni umip waitpkg gfni vaes vpclmulqdq rdpid movdiri movdir64b fsrm md_clear serialize flush_l1d arch_capabilities
bugs		: spectre_v1 spectre_v2 spec_store_bypass swapgs retbleed eibrs_pbrsb rfds bhi
bogomips	: 5222.39
clflush size	: 64
cache_alignment	: 64
address sizes	: 39 bits physical, 48 bits virtual
power management:

processor	: 1
vendor_id	: GenuineIntel
cpu family	: 6
model		: 154
model name	: 12th Gen Intel(R) Core(TM) i7-1255U
stepping	: 4
microcode	: 0xffffffff
cpu MHz		: 1197.376
cache size	: 12288 KB
physical id	: 0
siblings	: 12
core id		: 0
cpu cores	: 6
apicid		: 1
initial apicid	: 1
fpu		: yes
fpu_exception	: yes
cpuid level	: 28
wp		: yes
flags		: fpu vme de pse tsc msr pae mce cx8 apic sep mtrr pge mca cmov pat pse36 clflush mmx fxsr sse sse2 ss ht syscall nx pdpe1gb rdtscp lm constant_tsc rep_good nopl xtopology tsc_reliable nonstop_tsc cpuid aperfmperf tsc_known_freq pni pclmulqdq ssse3 fma cx16 sse4_1 sse4_2 x2apic movbe popcnt tsc_deadline_timer aes xsave avx f16c rdrand hypervisor lahf_lm abm 3dnowprefetch ssbd ibrs ibpb stibp ibrs_enhanced fsgsbase tsc_adjust bmi1 avx2 smep bmi2 erms invpcid rdseed adx smap clflushopt clwb sha_ni xsaveopt xsavec xgetbv1 xsaves avx_vnni umip waitpkg gfni vaes vpclmulqdq rdpid movdiri movdir64b fsrm md_clear serialize flush_l1d arch_capabilities
bugs		: spectre_v1 spectre_v2 spec_store_bypass swapgs retbleed eibrs_pbrsb rfds bhi
bogomips	: 5222.39
clflush size	: 64
cache_alignment	: 64
address sizes	: 39 bits physical, 48 bits virtual
power management:

processor	: 2
vendor_id	: GenuineIntel
cpu family	: 6
model		: 154
model name	: 12th Gen Intel(R) Core(TM) i7-1255U
stepping	: 4
microcode	: 0xffffffff
cpu MHz		: 1198.256
cache size	: 12288 KB
physical id	: 0
siblings	: 12
core id		: 1
cpu cores	: 6
apicid		: 2
initial apicid	: 2
fpu		: yes
fpu_exception	: yes
cpuid level	: 28
wp		: yes
flags		: fpu vme de pse tsc msr pae mce cx8 apic sep mtrr pge mca cmov pat pse36 clflush mmx fxsr sse sse2 ss ht syscall nx pdpe1gb rdtscp lm constant_tsc rep_good nopl xtopology tsc_reliable nonstop_tsc cpuid aperfmperf tsc_known_freq pni pclmulqdq ssse3 fma cx16 sse4_1 sse4_2 x2apic movbe popcnt tsc_deadline_timer aes xsave avx f16c rdrand hypervisor lahf_lm abm 3dnowprefetch ssbd ibrs ibpb stibp ibrs_enhanced fsgsbase tsc_adjust bmi1 avx2 smep bmi2 erms invpcid rdseed adx smap clflushopt clwb sha_ni xsaveopt xsavec xgetbv1 xsaves avx_vnni umip waitpkg gfni vaes vpclmulqdq rdpid movdiri movdir64b fsrm md_clear serialize flush_l1d arch_capabilities
bugs		: spectre_v1 spectre_v2 spec_store_bypass swapgs retbleed eibrs_pbrsb rfds bhi
bogomips	: 5222.39
clflush size	: 64
cache_alignment	: 64
address sizes	: 39 bits physical, 48 bits virtual
power management:

processor	: 3
vendor_id	: GenuineIntel
cpu family	: 6
model		: 154
model name	: 12th Gen Intel(R) Core(TM) i7-1255U
stepping	: 4
microcode	: 0xffffffff
cpu MHz		: 1054.360
cache size	: 12288 KB
physical id	: 0
siblings	: 12
core id		: 1
cpu cores	: 6
apicid		: 3
initial apicid	: 3
fpu		: yes
fpu_exception	: yes
cpuid level	: 28
wp		: yes
flags		: fpu vme de pse tsc msr pae mce cx8 apic sep mtrr pge mca cmov pat pse36 clflush mmx fxsr sse sse2 ss ht syscall nx pdpe1gb rdtscp lm constant_tsc rep_good nopl xtopology tsc_reliable nonstop_tsc cpuid aperfmperf tsc_known_freq pni pclmulqdq ssse3 fma cx16 sse4_1 sse4_2 x2apic movbe popcnt tsc_deadline_timer aes xsave avx f16c rdrand hypervisor lahf_lm abm 3dnowprefetch ssbd ibrs ibpb stibp ibrs_enhanced fsgsbase tsc_adjust bmi1 avx2 smep bmi2 erms invpcid rdseed adx smap clflushopt clwb sha_ni xsaveopt xsavec xgetbv1 xsaves avx_vnni umip waitpkg gfni vaes vpclmulqdq rdpid movdiri movdir64b fsrm md_clear serialize flush_l1d arch_capabilities
bugs		: spectre_v1 spectre_v2 spec_store_bypass swapgs retbleed eibrs_pbrsb rfds bhi
bogomips	: 5222.39
clflush size	: 64
cache_alignment	: 64
address sizes	: 39 bits physical, 48 bits virtual
power management:

processor	: 4
vendor_id	: GenuineIntel
cpu family	: 6
model		: 154
model name	: 12th Gen Intel(R) Core(TM) i7-1255U
stepping	: 4
microcode	: 0xffffffff
cpu MHz		: 1258.630
cache size	: 12288 KB
physical id	: 0
siblings	: 12
core id		: 2
cpu cores	: 6
apicid		: 4
initial apicid	: 4
fpu		: yes
fpu_exception	: yes
cpuid level	: 28
wp		: yes
flags		: fpu vme de pse tsc msr pae mce cx8 apic sep mtrr pge mca cmov pat pse36 clflush mmx fxsr sse sse2 ss ht syscall nx pdpe1gb rdtscp lm constant_tsc rep_good nopl xtopology tsc_reliable nonstop_tsc cpuid aperfmperf tsc_known_freq pni pclmulqdq ssse3 fma cx16 sse4_1 sse4_2 x2apic movbe popcnt tsc_deadline_timer aes xsave avx f16c rdrand hypervisor lahf_lm abm 3dnowprefetch ssbd ibrs ibpb stibp ibrs_enhanced fsgsbase tsc_adjust bmi1 avx2 smep bmi2 erms invpcid rdseed adx smap clflushopt clwb sha_ni xsaveopt xsavec xgetbv1 xsaves avx_vnni umip waitpkg gfni vaes vpclmulqdq rdpid movdiri movdir64b fsrm md_clear serialize flush_l1d arch_capabilities
bugs		: spectre_v1 spectre_v2 spec_store_bypass swapgs retbleed eibrs_pbrsb rfds bhi
bogomips	: 5222.39
clflush size	: 64
cache_alignment	: 64
address sizes	: 39 bits physical, 48 bits virtual
power management:

processor	: 5
vendor_id	: GenuineIntel
cpu family	: 6
model		: 154
model name	: 12th Gen Intel(R) Core(TM) i7-1255U
stepping	: 4
microcode	: 0xffffffff
cpu MHz		: 963.192
cache size	: 12288 KB
physical id	: 0
siblings	: 12
core id		: 2
cpu cores	: 6
apicid		: 5
initial apicid	: 5
fpu		: yes
fpu_exception	: yes
cpuid level	: 28
wp		: yes
flags		: fpu vme de pse tsc msr pae mce cx8 apic sep mtrr pge mca cmov pat pse36 clflush mmx fxsr sse sse2 ss ht syscall nx pdpe1gb rdtscp lm constant_tsc rep_good nopl xtopology tsc_reliable nonstop_tsc cpuid aperfmperf tsc_known_freq pni pclmulqdq ssse3 fma cx16 sse4_1 sse4_2 x2apic movbe popcnt tsc_deadline_timer aes xsave avx f16c rdrand hypervisor lahf_lm abm 3dnowprefetch ssbd ibrs ibpb stibp ibrs_enhanced fsgsbase tsc_adjust bmi1 avx2 smep bmi2 erms invpcid rdseed adx smap clflushopt clwb sha_ni xsaveopt xsavec xgetbv1 xsaves avx_vnni umip waitpkg gfni vaes vpclmulqdq rdpid movdiri movdir64b fsrm md_clear serialize flush_l1d arch_capabilities
bugs		: spectre_v1 spectre_v2 spec_store_bypass swapgs retbleed eibrs_pbrsb rfds bhi
bogomips	: 5222.39
clflush size	: 64
cache_alignment	: 64
address sizes	: 39 bits physical, 48 bits virtual
power management:

processor	: 6
vendor_id	: GenuineIntel
cpu family	: 6
model		: 154
model name	: 12th Gen Intel(R) Core(TM) i7-1255U
stepping	: 4
microcode	: 0xffffffff
cpu MHz		: 2611.198
cache size	: 12288 KB
physical id	: 0
siblings	: 12
core id		: 3
cpu cores	: 6
apicid		: 6
initial apicid	: 6
fpu		: yes
fpu_exception	: yes
cpuid level	: 28
wp		: yes
flags		: fpu vme de pse tsc msr pae mce cx8 apic sep mtrr pge mca cmov pat pse36 clflush mmx fxsr sse sse2 ss ht syscall nx pdpe1gb rdtscp lm constant_tsc rep_good nopl xtopology tsc_reliable nonstop_tsc cpuid aperfmperf tsc_known_freq pni pclmulqdq ssse3 fma cx16 sse4_1 sse4_2 x2apic movbe popcnt tsc_deadline_timer aes xsave avx f16c rdrand hypervisor lahf_lm abm 3dnowprefetch ssbd ibrs ibpb stibp ibrs_enhanced fsgsbase tsc_adjust bmi1 avx2 smep bmi2 erms invpcid rdseed adx smap clflushopt clwb sha_ni xsaveopt xsavec xgetbv1 xsaves avx_vnni umip waitpkg gfni vaes vpclmulqdq rdpid movdiri movdir64b fsrm md_clear serialize flush_l1d arch_capabilities
bugs		: spectre_v1 spectre_v2 spec_store_bypass swapgs retbleed eibrs_pbrsb rfds bhi
bogomips	: 5222.39
clflush size	: 64
cache_alignment	: 64
address sizes	: 39 bits physical, 48 bits virtual
power management:

processor	: 7
vendor_id	: GenuineIntel
cpu family	: 6
model		: 154
model name	: 12th Gen Intel(R) Core(TM) i7-1255U
stepping	: 4
microcode	: 0xffffffff
cpu MHz		: 1105.572
cache size	: 12288 KB
physical id	: 0
siblings	: 12
core id		: 3
cpu cores	: 6
apicid		: 7
initial apicid	: 7
fpu		: yes
fpu_exception	: yes
cpuid level	: 28
wp		: yes
flags		: fpu vme de pse tsc msr pae mce cx8 apic sep mtrr pge mca cmov pat pse36 clflush mmx fxsr sse sse2 ss ht syscall nx pdpe1gb rdtscp lm constant_tsc rep_good nopl xtopology tsc_reliable nonstop_tsc cpuid aperfmperf tsc_known_freq pni pclmulqdq ssse3 fma cx16 sse4_1 sse4_2 x2apic movbe popcnt tsc_deadline_timer aes xsave avx f16c rdrand hypervisor lahf_lm abm 3dnowprefetch ssbd ibrs ibpb stibp ibrs_enhanced fsgsbase tsc_adjust bmi1 avx2 smep bmi2 erms invpcid rdseed adx smap clflushopt clwb sha_ni xsaveopt xsavec xgetbv1 xsaves avx_vnni umip waitpkg gfni vaes vpclmulqdq rdpid movdiri movdir64b fsrm md_clear serialize flush_l1d arch_capabilities
bugs		: spectre_v1 spectre_v2 spec_store_bypass swapgs retbleed eibrs_pbrsb rfds bhi
bogomips	: 5222.39
clflush size	: 64
cache_alignment	: 64
address sizes	: 39 bits physical, 48 bits virtual
power management:

processor	: 8
vendor_id	: GenuineIntel
cpu family	: 6
model		: 154
model name	: 12th Gen Intel(R) Core(TM) i7-1255U
stepping	: 4
microcode	: 0xffffffff
cpu MHz		: 1165.271
cache size	: 12288 KB
physical id	: 0
siblings	: 12
core id		: 4
cpu cores	: 6
apicid		: 8
initial apicid	: 8
fpu		: yes
fpu_exception	: yes
cpuid level	: 28
wp		: yes
flags		: fpu vme de pse tsc msr pae mce cx8 apic sep mtrr pge mca cmov pat pse36 clflush mmx fxsr sse sse2 ss ht syscall nx pdpe1gb rdtscp lm constant_tsc rep_good nopl xtopology tsc_reliable nonstop_tsc cpuid aperfmperf tsc_known_freq pni pclmulqdq ssse3 fma cx16 sse4_1 sse4_2 x2apic movbe popcnt tsc_deadline_timer aes xsave avx f16c rdrand hypervisor lahf_lm abm 3dnowprefetch ssbd ibrs ibpb stibp ibrs_enhanced fsgsbase tsc_adjust bmi1 avx2 smep bmi2 erms invpcid rdseed adx smap clflushopt clwb sha_ni xsaveopt xsavec xgetbv1 xsaves avx_vnni umip waitpkg gfni vaes vpclmulqdq rdpid movdiri movdir64b fsrm md_clear serialize flush_l1d arch_capabilities
bugs		: spectre_v1 spectre_v2 spec_store_bypass swapgs retbleed eibrs_pbrsb rfds bhi
bogomips	: 5222.39
clflush size	: 64
cache_alignment	: 64
address sizes	: 39 bits physical, 48 bits virtual
power management:

processor	: 9
vendor_id	: GenuineIntel
cpu family	: 6
model		: 154
model name	: 12th Gen Intel(R) Core(TM) i7-1255U
stepping	: 4
microcode	: 0xffffffff
cpu MHz		: 2611.198
cache size	: 12288 KB
physical id	: 0
siblings	: 12
core id		: 4
cpu cores	: 6
apicid		: 9
initial apicid	: 9
fpu		: yes
fpu_exception	: yes
cpuid level	: 28
wp		: yes
flags		: fpu vme de pse tsc msr pae mce cx8 apic sep mtrr pge mca cmov pat pse36 clflush mmx fxsr sse sse2 ss ht syscall nx pdpe1gb rdtscp lm constant_tsc rep_good nopl xtopology tsc_reliable nonstop_tsc cpuid aperfmperf tsc_known_freq pni pclmulqdq ssse3 fma cx16 sse4_1 sse4_2 x2apic movbe popcnt tsc_deadline_timer aes xsave avx f16c rdrand hypervisor lahf_lm abm 3dnowprefetch ssbd ibrs ibpb stibp ibrs_enhanced fsgsbase tsc_adjust bmi1 avx2 smep bmi2 erms invpcid rdseed adx smap clflushopt clwb sha_ni xsaveopt xsavec xgetbv1 xsaves avx_vnni umip waitpkg gfni vaes vpclmulqdq rdpid movdiri movdir64b fsrm md_clear serialize flush_l1d arch_capabilities
bugs		: spectre_v1 spectre_v2 spec_store_bypass swapgs retbleed eibrs_pbrsb rfds bhi
bogomips	: 5222.39
clflush size	: 64
cache_alignment	: 64
address sizes	: 39 bits physical, 48 bits virtual
power management:

processor	: 10
vendor_id	: GenuineIntel
cpu family	: 6
model		: 154
model name	: 12th Gen Intel(R) Core(TM) i7-1255U
stepping	: 4
microcode	: 0xffffffff
cpu MHz		: 1061.803
cache size	: 12288 KB
physical id	: 0
siblings	: 12
core id		: 5
cpu cores	: 6
apicid		: 10
initial apicid	: 10
fpu		: yes
fpu_exception	: yes
cpuid level	: 28
wp		: yes
flags		: fpu vme de pse tsc msr pae mce cx8 apic sep mtrr pge mca cmov pat pse36 clflush mmx fxsr sse sse2 ss ht syscall nx pdpe1gb rdtscp lm constant_tsc rep_good nopl xtopology tsc_reliable nonstop_tsc cpuid aperfmperf tsc_known_freq pni pclmulqdq ssse3 fma cx16 sse4_1 sse4_2 x2apic movbe popcnt tsc_deadline_timer aes xsave avx f16c rdrand hypervisor lahf_lm abm 3dnowprefetch ssbd ibrs ibpb stibp ibrs_enhanced fsgsbase tsc_adjust bmi1 avx2 smep bmi2 erms invpcid rdseed adx smap clflushopt clwb sha_ni xsaveopt xsavec xgetbv1 xsaves avx_vnni umip waitpkg gfni vaes vpclmulqdq rdpid movdiri movdir64b fsrm md_clear serialize flush_l1d arch_capabilities
bugs		: spectre_v1 spectre_v2 spec_store_bypass swapgs retbleed eibrs_pbrsb rfds bhi
bogomips	: 5222.39
clflush size	: 64
cache_alignment	: 64
address sizes	: 39 bits physical, 48 bits virtual
power management:

processor	: 11
vendor_id	: GenuineIntel
cpu family	: 6
model		: 154
model name	: 12th Gen Intel(R) Core(TM) i7-1255U
stepping	: 4
microcode	: 0xffffffff
cpu MHz		: 2611.198
cache size	: 12288 KB
physical id	: 0
siblings	: 12
core id		: 5
cpu cores	: 6
apicid		: 11
initial apicid	: 11
fpu		: yes
fpu_exception	: yes
cpuid level	: 28
wp		: yes
flags		: fpu vme de pse tsc msr pae mce cx8 apic sep mtrr pge mca cmov pat pse36 clflush mmx fxsr sse sse2 ss ht syscall nx pdpe1gb rdtscp lm constant_tsc rep_good nopl xtopology tsc_reliable nonstop_tsc cpuid aperfmperf tsc_known_freq pni pclmulqdq ssse3 fma cx16 sse4_1 sse4_2 x2apic movbe popcnt tsc_deadline_timer aes xsave avx f16c rdrand hypervisor lahf_lm abm 3dnowprefetch ssbd ibrs ibpb stibp ibrs_enhanced fsgsbase tsc_adjust bmi1 avx2 smep bmi2 erms invpcid rdseed adx smap clflushopt clwb sha_ni xsaveopt xsavec xgetbv1 xsaves avx_vnni umip waitpkg gfni vaes vpclmulqdq rdpid movdiri movdir64b fsrm md_clear serialize flush_l1d arch_capabilities
bugs		: spectre_v1 spectre_v2 spec_store_bypass swapgs retbleed eibrs_pbrsb rfds bhi
bogomips	: 5222.39
clflush size	: 64
cache_alignment	: 64
address sizes	: 39 bits physical, 48 bits virtual
power management:


Sun Jun 29 21:21:16 UTC 2025 === Process mounts ===
cat: /proc/16/mountinfo: No such file or directory

Sun Jun 29 21:21:16 UTC 2025 === Process statistics ===
cat: /proc/16/stat: No such file or directory

Sun Jun 29 21:21:16 UTC 2025 === Process status ===
cat: /proc/16/status: No such file or directory

Sun Jun 29 21:21:16 UTC 2025 === Process memory maps ===
cat: /proc/16/maps: No such file or directory

Sun Jun 29 21:21:16 UTC 2025 === Process memory maps (detailed) ===
cat: /proc/16/smaps: No such file or directory

Sun Jun 29 21:21:16 UTC 2025 === Core Dump filter ===
cat: /proc/16/coredump_filter: No such file or directory

Sun Jun 29 21:21:16 UTC 2025 === Process CGroup information ===
cat: /proc/16/cgroup: No such file or directory

Sun Jun 29 21:21:16 UTC 2025 === Process scheduler information ===
cat: /proc/16/sched: No such file or directory

Sun Jun 29 21:21:16 UTC 2025 === Process list ===
USER       PID %CPU %MEM    VSZ   RSS TTY      STAT START   TIME COMMAND
mssql        1  0.0  0.0   4364   128 ?        Ss   Jun28   0:00 /bin/bash /opt/mssql/bin/launch_sqlservr.sh /opt/mssql/bin/sqlservr
mssql       13  0.0  0.1   4760  3356 ?        S    Jun28   0:24 /bin/bash /opt/mssql/bin/handle-crash.sh /opt/mssql/bin/sqlservr 16 /opt/mssql/bin /var/opt/mssql/log/  d20c4325-0875-4a8f-ab9f-663e29ecb679 b09ee219-62d8-4659-bc41-27c0a8b2bcfd
mssql     3999  0.0  0.1   7064  2900 ?        R    21:21   0:00 ps aux

Sun Jun 29 21:21:16 UTC 2025 === Process handle information ===

Sun Jun 29 21:21:17 UTC 2025 === Process environment variables ===

Sun Jun 29 21:21:17 UTC 2025 === System package list (dpkg) ===
Desired=Unknown/Install/Remove/Purge/Hold
| Status=Not/Inst/Conf-files/Unpacked/halF-conf/Half-inst/trig-aWait/Trig-pend
|/ Err?=(none)/Reinst-required (Status,Err: uppercase=bad)
||/ Name                              Version                                 Architecture Description
+++-=================================-=======================================-============-================================================================================
ii  adduser                           3.118ubuntu5                            all          add and remove users and groups
ii  apt                               2.4.13                                  amd64        commandline package manager
ii  apt-transport-https               2.4.13                                  all          transitional package for https support
ii  base-files                        12ubuntu4.7                             amd64        Debian base system miscellaneous files
ii  base-passwd                       3.5.52build1                            amd64        Debian base system master password and group files
ii  bash                              5.1-6ubuntu1.1                          amd64        GNU Bourne Again SHell
ii  bsdutils                          1:2.37.2-4ubuntu3.4                     amd64        basic utilities from 4.4BSD-Lite
ii  bzip2                             1.0.8-5build1                           amd64        high-quality block-sorting file compressor - utilities
ii  ca-certificates                   20240203~22.04.1                        all          Common CA certificates
ii  coreutils                         8.32-4.1ubuntu1.2                       amd64        GNU core utilities
ii  dash                              0.5.11+git20210903+057cd650a4ed-3build1 amd64        POSIX-compliant shell
ii  debconf                           1.5.79ubuntu1                           all          Debian configuration management system
ii  debianutils                       5.5-1ubuntu2                            amd64        Miscellaneous utilities specific to Debian
ii  diffutils                         1:3.8-0ubuntu2                          amd64        File comparison utilities
ii  distro-info-data                  0.52ubuntu0.8                           all          information about the distributions' releases (data files)
ii  dpkg                              1.21.1ubuntu2.3                         amd64        Debian package management system
ii  e2fsprogs                         1.46.5-2ubuntu1.2                       amd64        ext2/ext3/ext4 file system utilities
ii  findutils                         4.8.0-1ubuntu3                          amd64        utilities for finding files--find, xargs
ii  gawk                              1:5.1.0-1ubuntu0.1                      amd64        GNU awk, a pattern scanning and processing language
ii  gcc-12-base:amd64                 12.3.0-1ubuntu1~22.04                   amd64        GCC, the GNU Compiler Collection (base package)
ii  gdb                               12.1-0ubuntu1~22.04.2                   amd64        GNU Debugger
ii  gpgv                              2.2.27-3ubuntu2.3                       amd64        GNU privacy guard - signature verification tool
ii  grep                              3.7-1build1                             amd64        GNU grep, egrep and fgrep
ii  gzip                              1.10-4ubuntu4.1                         amd64        GNU compression utilities
ii  hostname                          3.23ubuntu2                             amd64        utility to set/show the host name or domain name
ii  init-system-helpers               1.62                                    all          helper tools for all init systems
ii  libacl1:amd64                     2.3.1-1                                 amd64        access control list - shared library
ii  libapt-pkg6.0:amd64               2.4.13                                  amd64        package management runtime library
ii  libarchive13:amd64                3.6.0-1ubuntu1.4                        amd64        Multi-format archive and compression library (shared library)
ii  libatomic1:amd64                  12.3.0-1ubuntu1~22.04                   amd64        support library providing __atomic built-in functions
ii  libattr1:amd64                    1:2.5.1-1build1                         amd64        extended attribute handling - shared library
ii  libaudit-common                   1:3.0.7-1build1                         all          Dynamic library for security auditing - common files
ii  libaudit1:amd64                   1:3.0.7-1build1                         amd64        Dynamic library for security auditing
ii  libbabeltrace1:amd64              1.5.8-2build1                           amd64        Babeltrace conversion libraries
ii  libblkid1:amd64                   2.37.2-4ubuntu3.4                       amd64        block device ID library
ii  libboost-regex1.74.0:amd64        1.74.0-14ubuntu3                        amd64        regular expression library for C++
ii  libbrotli1:amd64                  1.0.9-2build6                           amd64        library implementing brotli encoder and decoder (shared libraries)
ii  libbsd0:amd64                     0.11.5-1                                amd64        utility functions from BSD systems - shared library
ii  libbz2-1.0:amd64                  1.0.8-5build1                           amd64        high-quality block-sorting file compressor library - runtime
ii  libc++1:amd64                     1:14.0-55~exp2                          amd64        LLVM C++ Standard library
ii  libc++1-14:amd64                  1:14.0.0-1ubuntu1.1                     amd64        LLVM C++ Standard library
ii  libc++abi1:amd64                  1:14.0-55~exp2                          amd64        LLVM low level support for a standard C++ library
ii  libc++abi1-14:amd64               1:14.0.0-1ubuntu1.1                     amd64        LLVM low level support for a standard C++ library
ii  libc-bin                          2.35-0ubuntu3.9                         amd64        GNU C Library: Binaries
ii  libc6:amd64                       2.35-0ubuntu3.9                         amd64        GNU C Library: Shared libraries
ii  libc6-dbg:amd64                   2.35-0ubuntu3.9                         amd64        GNU C Library: detached debugging symbols
ii  libcap-ng0:amd64                  0.7.9-2.2build3                         amd64        An alternate POSIX capabilities library
ii  libcap2:amd64                     1:2.44-1ubuntu0.22.04.2                 amd64        POSIX 1003.1e capabilities (library)
ii  libcap2-bin                       1:2.44-1ubuntu0.22.04.2                 amd64        POSIX 1003.1e capabilities (utilities)
ii  libcom-err2:amd64                 1.46.5-2ubuntu1.2                       amd64        common error description library
ii  libcrypt1:amd64                   1:4.4.27-1                              amd64        libcrypt shared library
ii  libcurl3-gnutls:amd64             7.81.0-1ubuntu1.20                      amd64        easy-to-use client-side URL transfer library (GnuTLS flavour)
ii  libdb5.3:amd64                    5.3.28+dfsg1-0.8ubuntu3                 amd64        Berkeley v5.3 Database Libraries [runtime]
ii  libdebconfclient0:amd64           0.261ubuntu1                            amd64        Debian Configuration Management System (C-implementation library)
ii  libdebuginfod-common              0.186-1ubuntu0.1                        all          configuration to enable the Debian debug info server
ii  libdebuginfod1:amd64              0.186-1ubuntu0.1                        amd64        library to interact with debuginfod (development files)
ii  libdw1:amd64                      0.186-1ubuntu0.1                        amd64        library that provides access to the DWARF debug information
ii  libedit2:amd64                    3.1-20210910-1build1                    amd64        BSD editline and history libraries
ii  libelf1:amd64                     0.186-1ubuntu0.1                        amd64        library to read and write ELF files
ii  libexpat1:amd64                   2.4.7-1ubuntu0.6                        amd64        XML parsing C library - runtime library
ii  libext2fs2:amd64                  1.46.5-2ubuntu1.2                       amd64        ext2/ext3/ext4 file system libraries
ii  libffi8:amd64                     3.4.2-4                                 amd64        Foreign Function Interface library runtime
ii  libgcc-s1:amd64                   12.3.0-1ubuntu1~22.04                   amd64        GCC support library
ii  libgcrypt20:amd64                 1.9.4-3ubuntu3                          amd64        LGPL Crypto library - runtime library
ii  libglib2.0-0:amd64                2.72.4-0ubuntu2.4                       amd64        GLib library of C routines
ii  libglib2.0-data                   2.72.4-0ubuntu2.4                       all          Common files for GLib library
ii  libgmp10:amd64                    2:6.2.1+dfsg-3ubuntu1                   amd64        Multiprecision arithmetic library
ii  libgnutls30:amd64                 3.7.3-4ubuntu1.6                        amd64        GNU TLS library - main runtime library
ii  libgpg-error0:amd64               1.43-3                                  amd64        GnuPG development runtime library
ii  libgpm2:amd64                     1.20.7-10build1                         amd64        General Purpose Mouse - shared library
ii  libgssapi-krb5-2:amd64            1.19.2-2ubuntu0.6                       amd64        MIT Kerberos runtime libraries - krb5 GSS-API Mechanism
ii  libhogweed6:amd64                 3.7.3-1build2                           amd64        low level cryptographic library (public-key cryptos)
ii  libicu70:amd64                    70.1-2                                  amd64        International Components for Unicode
ii  libidn2-0:amd64                   2.3.2-2build1                           amd64        Internationalized domain names (IDNA2008/TR46) library
ii  libipt2                           2.0.5-1                                 amd64        Intel Processor Trace Decoder Library
ii  libk5crypto3:amd64                1.19.2-2ubuntu0.6                       amd64        MIT Kerberos runtime libraries - Crypto Library
ii  libkeyutils1:amd64                1.6.1-2ubuntu3                          amd64        Linux Key Management Utilities (library)
ii  libkrb5-3:amd64                   1.19.2-2ubuntu0.6                       amd64        MIT Kerberos runtime libraries
ii  libkrb5support0:amd64             1.19.2-2ubuntu0.6                       amd64        MIT Kerberos runtime libraries - Support library
ii  libldap-2.5-0:amd64               2.5.18+dfsg-0ubuntu0.22.04.3            amd64        OpenLDAP libraries
ii  libldap-common                    2.5.18+dfsg-0ubuntu0.22.04.3            all          OpenLDAP common files for libraries
ii  libltdl7:amd64                    2.4.6-15build2                          amd64        System independent dlopen wrapper for GNU libtool
ii  liblz4-1:amd64                    1.9.3-2build2                           amd64        Fast LZ compression algorithm library - runtime
ii  liblzma5:amd64                    5.2.5-2ubuntu1                          amd64        XZ-format compression library
ii  libmd0:amd64                      1.0.4-1build1                           amd64        message digest functions from BSD systems - shared library
ii  libmount1:amd64                   2.37.2-4ubuntu3.4                       amd64        device mounting library
ii  libmpdec3:amd64                   2.5.1-2build2                           amd64        library for decimal floating point arithmetic (runtime library)
ii  libmpfr6:amd64                    4.1.0-3build3                           amd64        multiple precision floating-point computation
ii  libncurses5:amd64                 6.3-2ubuntu0.1                          amd64        shared libraries for terminal handling (legacy version)
ii  libncurses6:amd64                 6.3-2ubuntu0.1                          amd64        shared libraries for terminal handling
ii  libncursesw6:amd64                6.3-2ubuntu0.1                          amd64        shared libraries for terminal handling (wide character support)
ii  libnettle8:amd64                  3.7.3-1build2                           amd64        low level cryptographic library (symmetric and one-way cryptos)
ii  libnghttp2-14:amd64               1.43.0-1ubuntu0.2                       amd64        library implementing HTTP/2 protocol (shared library)
ii  libnsl2:amd64                     1.3.0-2build2                           amd64        Public client interface for NIS(YP) and NIS+
ii  libnuma1:amd64                    2.0.14-3ubuntu2                         amd64        Libraries for controlling NUMA policy
ii  libodbc2:amd64                    2.3.9-5ubuntu0.1                        amd64        ODBC Driver Manager library for Unix
ii  libodbcinst2:amd64                2.3.9-5ubuntu0.1                        amd64        Support library for accessing ODBC configuration files
ii  libp11-kit0:amd64                 0.24.0-6build1                          amd64        library for loading and coordinating access to PKCS#11 modules - runtime
ii  libpam-cap:amd64                  1:2.44-1ubuntu0.22.04.2                 amd64        POSIX 1003.1e capabilities (PAM module)
ii  libpam-modules:amd64              1.4.0-11ubuntu2.5                       amd64        Pluggable Authentication Modules for PAM
ii  libpam-modules-bin                1.4.0-11ubuntu2.5                       amd64        Pluggable Authentication Modules for PAM - helper binaries
ii  libpam-runtime                    1.4.0-11ubuntu2.5                       all          Runtime support for the PAM library
ii  libpam0g:amd64                    1.4.0-11ubuntu2.5                       amd64        Pluggable Authentication Modules library
ii  libpcre2-8-0:amd64                10.39-3ubuntu0.1                        amd64        New Perl Compatible Regular Expression Library- 8 bit runtime files
ii  libpcre3:amd64                    2:8.39-13ubuntu0.22.04.1                amd64        Old Perl 5 Compatible Regular Expression Library - runtime files
ii  libprocps8:amd64                  2:3.3.17-6ubuntu2.1                     amd64        library for accessing process information from /proc
ii  libpsl5:amd64                     0.21.0-1.2build2                        amd64        Library for Public Suffix List (shared libraries)
ii  libpython3-stdlib:amd64           3.10.6-1~22.04.1                        amd64        interactive high-level object-oriented language (default python3 version)
ii  libpython3.10:amd64               3.10.12-1~22.04.9                       amd64        Shared Python runtime library (version 3.10)
ii  libpython3.10-minimal:amd64       3.10.12-1~22.04.9                       amd64        Minimal subset of the Python language (version 3.10)
ii  libpython3.10-stdlib:amd64        3.10.12-1~22.04.9                       amd64        Interactive high-level object-oriented language (standard library, version 3.10)
ii  libreadline8:amd64                8.1.2-1                                 amd64        GNU readline and history libraries, run-time libraries
ii  librtmp1:amd64                    2.4+20151223.gitfa8646d.1-2build4       amd64        toolkit for RTMP streams (shared library)
ii  libsasl2-2:amd64                  2.1.27+dfsg2-3ubuntu1.2                 amd64        Cyrus SASL - authentication abstraction library
ii  libsasl2-modules:amd64            2.1.27+dfsg2-3ubuntu1.2                 amd64        Cyrus SASL - pluggable authentication modules
ii  libsasl2-modules-db:amd64         2.1.27+dfsg2-3ubuntu1.2                 amd64        Cyrus SASL - pluggable authentication modules (DB)
ii  libsasl2-modules-gssapi-mit:amd64 2.1.27+dfsg2-3ubuntu1.2                 amd64        Cyrus SASL - pluggable authentication modules (GSSAPI)
ii  libseccomp2:amd64                 2.5.3-2ubuntu3~22.04.1                  amd64        high level interface to Linux seccomp filter
ii  libselinux1:amd64                 3.3-1build2                             amd64        SELinux runtime shared libraries
ii  libsemanage-common                3.3-1build2                             all          Common files for SELinux policy management libraries
ii  libsemanage2:amd64                3.3-1build2                             amd64        SELinux policy management library
ii  libsepol2:amd64                   3.3-1build1                             amd64        SELinux library for manipulating binary security policies
ii  libsigsegv2:amd64                 2.13-1ubuntu3                           amd64        Library for handling page faults in a portable way
ii  libsmartcols1:amd64               2.37.2-4ubuntu3.4                       amd64        smart column output alignment library
ii  libsource-highlight-common        3.1.9-4.1build2                         all          architecture-independent files for source highlighting library
ii  libsource-highlight4v5            3.1.9-4.1build2                         amd64        source highlighting library
ii  libsqlite3-0:amd64                3.37.2-2ubuntu0.3                       amd64        SQLite 3 shared library
ii  libss2:amd64                      1.46.5-2ubuntu1.2                       amd64        command-line interface parsing library
ii  libssh-4:amd64                    0.9.6-2ubuntu0.22.04.3                  amd64        tiny C SSH library (OpenSSL flavor)
ii  libssl3:amd64                     3.0.2-0ubuntu1.19                       amd64        Secure Sockets Layer toolkit - shared libraries
ii  libsss-nss-idmap0                 2.6.3-1ubuntu3.5                        amd64        SID based lookups library for SSSD
ii  libstdc++6:amd64                  12.3.0-1ubuntu1~22.04                   amd64        GNU Standard C++ Library v3
ii  libsystemd0:amd64                 249.11-0ubuntu3.15                      amd64        systemd utility library
ii  libtasn1-6:amd64                  4.18.0-4ubuntu0.1                       amd64        Manage ASN.1 structures (runtime)
ii  libtinfo5:amd64                   6.3-2ubuntu0.1                          amd64        shared low-level terminfo library (legacy version)
ii  libtinfo6:amd64                   6.3-2ubuntu0.1                          amd64        shared low-level terminfo library for terminal handling
ii  libtirpc-common                   1.3.2-2ubuntu0.1                        all          transport-independent RPC library - common files
ii  libtirpc3:amd64                   1.3.2-2ubuntu0.1                        amd64        transport-independent RPC library
ii  libudev1:amd64                    249.11-0ubuntu3.15                      amd64        libudev shared library
ii  libunistring2:amd64               1.0-1                                   amd64        Unicode string library for C
ii  libunwind-14:amd64                1:14.0.0-1ubuntu1.1                     amd64        production-quality unwinder
ii  libunwind8:amd64                  1.3.2-2build2.1                         amd64        library to determine the call-chain of a program - runtime
ii  libuuid1:amd64                    2.37.2-4ubuntu3.4                       amd64        Universally Unique ID library
ii  libxml2:amd64                     2.9.13+dfsg-1ubuntu0.6                  amd64        GNOME XML library
ii  libxxhash0:amd64                  0.8.1-1                                 amd64        shared library for xxhash
ii  libzstd1:amd64                    1.4.8+dfsg-3build1                      amd64        fast lossless compression algorithm
ii  locales                           2.35-0ubuntu3.9                         all          GNU C Library: National Language (locale) data [support]
ii  login                             1:4.8.1-2ubuntu2.2                      amd64        system login tools
ii  logsave                           1.46.5-2ubuntu1.2                       amd64        save the output of a command in a log file
ii  lsb-base                          11.1.0ubuntu4                           all          Linux Standard Base init script functionality
ii  lsb-release                       11.1.0ubuntu4                           all          Linux Standard Base version reporting utility
ii  lsof                              4.93.2+dfsg-1.1build2                   amd64        utility to list open files
ii  mawk                              1.3.4.20200120-3                        amd64        Pattern scanning and text processing language
ii  media-types                       7.0.0                                   all          List of standard media types and their usual file extension
ii  mount                             2.37.2-4ubuntu3.4                       amd64        tools for mounting and manipulating filesystems
ii  msodbcsql18                       18.5.1.1-1                              amd64        ODBC Driver for Microsoft(R) SQL Server(R)
ii  mssql-tools18                     18.4.1.1-1                              amd64        Tools for Microsoft(R) SQL Server(R)
ii  ncurses-base                      6.3-2ubuntu0.1                          all          basic terminal type definitions
ii  ncurses-bin                       6.3-2ubuntu0.1                          amd64        terminal-related programs and man pages
ii  odbcinst                          2.3.9-5ubuntu0.1                        amd64        Helper program for accessing ODBC configuration files
ii  openssl                           3.0.2-0ubuntu1.19                       amd64        Secure Sockets Layer toolkit - cryptographic utility
ii  packages-microsoft-prod           1.0-ubuntu22.04.1                       all          Apt configuration for packages.microsoft.com
ii  passwd                            1:4.8.1-2ubuntu2.2                      amd64        change and administer password and group data
ii  pbzip2                            1.1.13-1build1                          amd64        parallel bzip2 implementation
ii  perl-base                         5.34.0-3ubuntu1.4                       amd64        minimal Perl system
ii  procps                            2:3.3.17-6ubuntu2.1                     amd64        /proc file system utilities
ii  publicsuffix                      20211207.1025-1                         all          accurate, machine-readable list of domain name suffixes
ii  python3                           3.10.6-1~22.04.1                        amd64        interactive high-level object-oriented language (default python3 version)
ii  python3-minimal                   3.10.6-1~22.04.1                        amd64        minimal subset of the Python language (default python3 version)
ii  python3.10                        3.10.12-1~22.04.9                       amd64        Interactive high-level object-oriented language (version 3.10)
ii  python3.10-minimal                3.10.12-1~22.04.9                       amd64        Minimal subset of the Python language (version 3.10)
ii  readline-common                   8.1.2-1                                 all          GNU readline and history libraries, common files
ii  sed                               4.8-1ubuntu2                            amd64        GNU stream editor for filtering/transforming text
ii  sensible-utils                    0.0.17                                  all          Utilities for sensible alternative selection
ii  shared-mime-info                  2.1-2                                   amd64        FreeDesktop.org shared MIME database and spec
ii  sysvinit-utils                    3.01-1ubuntu1                           amd64        System-V-like utilities
ii  tar                               1.34+dfsg-1ubuntu0.1.22.04.2            amd64        GNU version of the tar archiving utility
ii  tzdata                            2025b-0ubuntu0.22.04                    all          time zone and daylight-saving time data
ii  ubuntu-keyring                    2021.03.26                              all          GnuPG keys of the Ubuntu archive
ii  ucf                               3.0043                                  all          Update Configuration File(s): preserve user changes to config files
ii  unixodbc                          2.3.9-5ubuntu0.1                        amd64        Basic ODBC tools
ii  unixodbc-common                   2.3.9-5ubuntu0.1                        all          Common ODBC configuration files
ii  usrmerge                          25ubuntu2                               all          Convert the system to the merged /usr directories scheme
ii  util-linux                        2.37.2-4ubuntu3.4                       amd64        miscellaneous system utilities
ii  wget                              1.21.2-2ubuntu1.1                       amd64        retrieves files from the web
ii  xdg-user-dirs                     0.17-2ubuntu4                           amd64        tool to manage well known user directories
ii  zlib1g:amd64                      1:1.2.11.dfsg-2ubuntu9.2                amd64        compression library - runtime

Sun Jun 29 21:21:17 UTC 2025 Copying /var/opt/mssql/log/errorlog* to /var/opt/mssql/log/core.sqlservr.16.temp/log
Sun Jun 29 21:21:20 UTC 2025 Copying /var/opt/mssql/log/sqlagent* to /var/opt/mssql/log/core.sqlservr.16.temp/log
Sun Jun 29 21:21:20 UTC 2025 Copying /var/opt/mssql/log/exception.log to /var/opt/mssql/log/core.sqlservr.16.temp/log
Sun Jun 29 21:21:20 UTC 2025 Copying /var/opt/mssql/log/SQLDu*.txt to /var/opt/mssql/log/core.sqlservr.16.temp/log
Sun Jun 29 21:21:20 UTC 2025 Copying /var/opt/mssql/log/SQLDu*.log to /var/opt/mssql/log/core.sqlservr.16.temp/log
Sun Jun 29 21:21:20 UTC 2025 Copying /var/opt/mssql/log/SQLDu*.mdmp to /var/opt/mssql/log/core.sqlservr.16.temp/log
Sun Jun 29 21:21:24 UTC 2025 Copying /var/opt/mssql/log/SQLDu*.ddf to /var/opt/mssql/log/core.sqlservr.16.temp/log
Sun Jun 29 21:21:24 UTC 2025 Copying /var/opt/mssql/log/SQLDU*.log to /var/opt/mssql/log/core.sqlservr.16.temp/log
Sun Jun 29 21:21:24 UTC 2025 Copying /var/opt/mssql/log/system_health* to /var/opt/mssql/log/core.sqlservr.16.temp/log
Sun Jun 29 21:21:24 UTC 2025 === Historical Crash Information ===
{
    "reason": "0x00000004",
    "processName": "sqlservr",
    "pid": "16",
    "instanceId": "d20c4325-0875-4a8f-ab9f-663e29ecb679",
    "crashId": "b09ee219-62d8-4659-bc41-27c0a8b2bcfd",
    "threadState": "0x00007f1427494630",
    "threadId": "126",
    "libosThreadId": "0x1d0",
    "buildStamp": "2b5a0d22100a0eb90c87a919a7165b5fca54e23ab12d619cb1c815241fb4b556",
    "versions": [
        {
            "name": "",
            "buildId": "2b5a0d22100a0eb90c87a919a7165b5fca54e23ab12d619cb1c815241fb4b556",
            "buildType": "release",
            "src": "5569b29",
            "date": "Thu Apr 24 05:26:05 GMT 2025",
            "buildNum": "169560437"
        },
        {
            "name": "PAL",
            "buildId": "ba9a003199ed6a259ad2d87a1777a533ef1e2fc01cb51f1ca6de8bd0016767bc",
            "buildType": "release",
            "src": "3141487",
            "date": "Thu Apr 24 05:23:37 GMT 2025",
            "buildNum": "169560437"
        }
    ],
    "message": "RETAIL ASSERT: Expression=(!\"A timeout or deadlock was encountered while waiting\" \" for a thread to terminate/suspend/resume.\") File=NtumWaiter.cpp Line=829",
    "stackTrace": [
        "file://package6/windows/system32/sqlpal.dll+0x0000000000209C12",
        "file://package6/windows/system32/sqlpal.dll+0x0000000000208F69",
        "file://package6/windows/system32/sqlpal.dll+0x00000000002185A5",
        "file://package6/windows/system32/sqlpal.dll+0x00000000002777BD",
        "file://package6/windows/system32/sqlpal.dll+0x0000000000253629",
        "file://package6/windows/system32/sqlpal.dll+0x0000000000248C75",
        "file://package6/windows/system32/sqlpal.dll+0x00000000002468B1",
        "file://package6/windows/system32/sqlpal.dll+0x0000000000201F6E",
        "file://package6/windows/system32/sqlpal.dll+0x00000000003A02FB",
        "file:///windows/system32/ntdll.dll+0x00000000000F95BF",
        "file:///Windows/SYSTEM32/KERNELBASE.dll+0x000000000007E130",
        "file:///binn/sqldk.dll+0x00000000000B569E",
        "file:///binn/sqldk.dll+0x00000000000B4B8A",
        "file:///binn/sqlservr.exe+0x000000000000C063",
        "file:///binn/sqlmin.dll+0x00000000018A899E",
        "file:///binn/sqlmin.dll+0x0000000001816B6F",
        "file:///binn/sqlmin.dll+0x0000000001818AA5",
        "file:///binn/sqlmin.dll+0x0000000002018888",
        "file:///binn/sqlservr.exe+0x0000000000012DBF",
        "file:///binn/sqlservr.exe+0x0000000000017FC5",
        "file:///binn/sqlservr.exe+0x000000000000B021",
        "file:///binn/sqlservr.exe+0x0000000000053D24",
        "file:///Windows/SYSTEM32/KERNEL32.DLL+0x0000000000017AF4",
        "file:///windows/system32/ntdll.dll+0x00000000000244A1"
    ],
    "stackModules": [
        "file://package6/windows/system32/sqlpal.dll=74a5b4d552d67f96f48e10df21f990d01,F:\\dbs\\sh\\fz4i\\0423_213409\\LibOS\\Windows\\Kernel\\Init\\regular\\obj\\amd64\\sqlpal.pdb",
        "file:///windows/system32/ntdll.dll=7cf052a32e1e8ed40593cc22973170581,ntdll.pdb",
        "file:///Windows/SYSTEM32/KERNELBASE.dll=5cd0bcc416285e403eb54dfe56cbf8991,kernelbase.pdb",
        "file:///binn/sqldk.dll=f350ba8b6ae6446083d976ce8b12ec272,F:\\dbs\\sh\\5uj5\\0418_131653_0\\cmd\\u\\obj\\x64retail\\sql\\ntdbms\\optimization\\postprofiling\\sqldk\\sqldk.vcxproj\\optimized\\SqlDK.pdb",
        "file:///binn/sqlservr.exe=b4d9b74b1bae43c3bf94f62107fc97162,F:\\dbs\\sh\\5uj5\\0418_131653_0\\cmd\\16\\obj\\x64retail\\sql\\ntdbms\\optimization\\postprofiling\\sqlservr\\sqlservr.vcxproj\\optimized\\sqlservr.pdb",
        "file:///binn/sqlmin.dll=bc8c7a8666e1451b85b51aa1af97324c2,F:\\dbs\\sh\\5uj5\\0418_131653_0\\cmd\\1b\\obj\\x64retail\\sql\\ntdbms\\optimization\\postprofiling\\sqlmin\\sqlmin.vcxproj\\optimized\\sqlmin.pdb",
        "file:///Windows/SYSTEM32/KERNEL32.DLL=e4cc0e21bddf68a68d56d644bb74b1311,kernel32.pdb"
    ],
    "last_errno": "2",
    "last_errno_text": "No such file or directory",
    "distribution": "Ubuntu 22.04.5 LTS",
    "processors": "12",
    "total_memory": "2058805248",
    "timestamp": "Sat Jun 28 08:42:24 2025"
}This program has encountered a fatal error and cannot continue running at Sat Jun 28 08:42:24 2025
The following diagnostic information is available:

         Reason: 0x00000004
        Message: RETAIL ASSERT: Expression=(!"A timeout or deadlock was encountered while waiting" " for a thread to terminate/suspend/resume.") File=NtumWaiter.cpp Line=829
    Stack Trace:
                 file://package6/windows/system32/sqlpal.dll+0x0000000000209C12
                 file://package6/windows/system32/sqlpal.dll+0x0000000000208F69
                 file://package6/windows/system32/sqlpal.dll+0x00000000002185A5
                 file://package6/windows/system32/sqlpal.dll+0x00000000002777BD
                 file://package6/windows/system32/sqlpal.dll+0x0000000000253629
                 file://package6/windows/system32/sqlpal.dll+0x0000000000248C75
                 file://package6/windows/system32/sqlpal.dll+0x00000000002468B1
                 file://package6/windows/system32/sqlpal.dll+0x0000000000201F6E
                 file://package6/windows/system32/sqlpal.dll+0x00000000003A02FB
                 file:///windows/system32/ntdll.dll+0x00000000000F95BF
                 file:///Windows/SYSTEM32/KERNELBASE.dll+0x000000000007E130
                 file:///binn/sqldk.dll+0x00000000000B569E
                 file:///binn/sqldk.dll+0x00000000000B4B8A
                 file:///binn/sqlservr.exe+0x000000000000C063
                 file:///binn/sqlmin.dll+0x00000000018A899E
                 file:///binn/sqlmin.dll+0x0000000001816B6F
                 file:///binn/sqlmin.dll+0x0000000001818AA5
                 file:///binn/sqlmin.dll+0x0000000002018888
                 file:///binn/sqlservr.exe+0x0000000000012DBF
                 file:///binn/sqlservr.exe+0x0000000000017FC5
                 file:///binn/sqlservr.exe+0x000000000000B021
                 file:///binn/sqlservr.exe+0x0000000000053D24
                 file:///Windows/SYSTEM32/KERNEL32.DLL+0x0000000000017AF4
                 file:///windows/system32/ntdll.dll+0x00000000000244A1
        Process: 16 - sqlservr
         Thread: 126 (application thread 0x1d0)
    Instance Id: d20c4325-0875-4a8f-ab9f-663e29ecb679
       Crash Id: b09ee219-62d8-4659-bc41-27c0a8b2bcfd
    Build stamp: 2b5a0d22100a0eb90c87a919a7165b5fca54e23ab12d619cb1c815241fb4b556
   Distribution: Ubuntu 22.04.5 LTS
     Processors: 12
   Total Memory: 2058805248 bytes
      Timestamp: Sat Jun 28 08:42:24 2025
     Last errno: 2
Last errno text: No such file or directory
/usr/bin/tail: cannot open '/var/opt/mssql/log/*core*.json' for reading: No such file or directory
/usr/bin/tail: cannot open '/var/opt/mssql/log/*core*.txt' for reading: No such file or directory
/usr/bin/tail: cannot open '/var/opt/mssql/log/*core*.json' for reading: No such file or directory
/usr/bin/tail: cannot open '/var/opt/mssql/log/*core*.txt' for reading: No such file or directory
Dump control values set to default.  Behavior controlled with /var/opt/mssql/mssql.conf
Sun Jun 29 21:21:25 UTC 2025 Paldumper mini dump type: miniplus
Sun Jun 29 21:21:25 UTC 2025 Capturing mini and full dump: false
