tate: 1. (Params:). The error is printed in terse mode because there was error during formatting. Tracing, ETW, notifications etc are skipped.
2025-06-20 13:12:36.29 Server      Error: 17300, Severity: 16, State: 1. (Params:). The error is printed in terse mode because there was error during formatting. Tracing, ETW, notifications etc are skipped.
2025-06-20 13:12:37.83 Server      <frame id="00" address="0x3FFFA39A069F" pdb="sqlpal.pdb" age="1" guid="74A5B4D5-52D6-7F96-F48E-10DF21F990D0" module="sqlpal" rva="0x3A069F" />
2025-06-20 13:12:38.35 Server      Error: 17300, Severity: 16, State: 1. (Params:). The error is printed in terse mode because there was error during formatting. Tracing, ETW, notifications etc are skipped.
2025-06-20 13:12:41.31 Server      Error: 17300, Severity: 16, State: 1. (Params:). The error is printed in terse mode because there was error during formatting. Tracing, ETW, notifications etc are skipped.
2025-06-20 13:13:05.01 spid37s      Failed allocate pages: FAIL_PAGE_ALLOCATION 1
2025-06-20 13:13:06.51 Server      Error: 17300, Severity: 16, State: 1. (Params:). The error is printed in terse mode because there was error during formatting. Tracing, ETW, notifications etc are skipped.
2025-06-20 13:13:07.09 Server      Error: 17300, Severity: 16, State: 1. (Params:). The error is printed in terse mode because there was error during formatting. Tracing, ETW, notifications etc are skipped.
2025-06-20 13:13:07.91 Server      Error: 17300, Severity: 16, State: 1. (Params:). The error is printed in terse mode because there was error during formatting. Tracing, ETW, notifications etc are skipped.
2025-06-20 13:13:29.23 Server      Error: 17312, Severity: 16, State: 1. (Params:). The error is printed in terse mode because there was error during formatting. Tracing, ETW, notifications etc are skipped.
2025-06-20 13:13:21.84 Server      Error: 17300, Severity: 16, State: 1. (Params:). The error is printed in terse mode because there was error during formatting. Tracing, ETW, notifications etc are skipped.
2025-06-20 13:13:21.84 Server      Error: 17300, Severity: 16, State: 1. (Params:). The error is printed in terse mode because there was error during formatting. Tracing, ETW, notifications etc are skipped.
2025-06-20 13:13:21.84 Server      Error: 17300, Severity: 16, State: 1. (Params:). The error is printed in terse mode because there was error during formatting. Tracing, ETW, notifications etc are skipped.
2025-06-20 13:13:26.63 Server      Error: 17300, Severity: 16, State: 1. (Params:). The error is printed in terse mode because there was error during formatting. Tracing, ETW, notifications etc are skipped.
2025-06-20 13:13:27.04 spid37s      MSR-111
Process/System Counts                         Value
---------------------------------------- ----------
Available Physical Memory                  45203456 43.11 mb
Available Virtual Memory                 70364449144833 64.00 tb
Available Paging File                      45203456 43.11 mb
Working Set                              4294967296 4.00 gb
Percent of Committed Memory in WS               100 
Page Faults                                       0 
System physical memory high                       0 false
System physical memory low                        0 false
Process physical memory low                       1 true
Process virtual memory low                        0 false
2025-06-20 13:13:29.70 spid17s     Error: 802, Severity: 17, State: 2. (Params:). The error is printed in terse mode because there was error during formatting. Tracing, ETW, notifications etc are skipped.
2025-06-20 13:13:30.94 Server      Error: 17300, Severity: 16, State: 1. (Params:). The error is printed in terse mode because there was error during formatting. Tracing, ETW, notifications etc are skipped.
2025-06-20 13:13:31.91 Server      Error: 28709, Severity: 16, State: 19. (Params:). The error is printed in terse mode because there was error during formatting. Tracing, ETW, notifications etc are skipped.
2025-06-20 13:13:19.49 Server      <frame id="01" address="0x3FFFA38536EF" pdb="sqlpal.pdb" age="1" guid="74A5B4D5-52D6-7F96-F48E-10DF21F990D0" module="sqlpal" rva="0x2536EF" />
2025-06-20 13:13:37.12 Server      Error: 17300, Severity: 16, State: 1. (Params:). The error is printed in terse mode because there was error during formatting. Tracing, ETW, notifications etc are skipped.
2025-06-20 13:13:38.47 spid37s      MSR-111
Memory Manager                                   KB
---------------------------------------- ----------
VM Reserved                                 2838760 2.71 gb
VM Committed                                 169968 165.98 mb
Locked Pages Allocated                            0 0.00 bytes
Large Pages Allocated                             0 0.00 bytes
Emergency Memory                               1024 1.00 mb
Emergency Memory In Use                          16 16.00 kb
Target Committed                             169968 165.98 mb
Current Committed                            169968 165.98 mb
Pages Allocated                              114928 112.23 mb
Pages Reserved                                    0 0.00 bytes
Pages Free                                     8240 8.05 mb
Pages In Use                                 161568 157.78 mb
Page Alloc Potential                            -96 -96.00 kb
NUMA Growth Phase                                 2 Steady
Last OOM Factor                                   1 AllocationPotential
Last OS Error                                     0 
2025-06-20 13:13:41.84 Server      Error: 17300, Severity: 16, State: 1. (Params:). The error is printed in terse mode because there was error during formatting. Tracing, ETW, notifications etc are skipped.
2025-06-20 13:13:43.78 Server      Error: 17300, Severity: 16, State: 1. (Params:). The error is printed in terse mode because there was error during formatting. Tracing, ETW, notifications etc are skipped.
2025-06-20 13:13:47.31 Server      Error: 17300, Severity: 16, State: 1. (Params:). The error is printed in terse mode because there was error during formatting. Tracing, ETW, notifications etc are skipped.
2025-06-20 13:13:47.31 Server      Error: 17300, Severity: 16, State: 1. (Params:). The error is printed in terse mode because there was error during formatting. Tracing, ETW, notifications etc are skipped.
2025-06-20 13:13:47.31 Server      Error: 17300, Severity: 16, State: 1. (Params:). The error is printed in terse mode because there was error during formatting. Tracing, ETW, notifications etc are skipped.
2025-06-20 13:13:47.31 Server      Error: 17300, Severity: 16, State: 1. (Params:). The error is printed in terse mode because there was error during formatting. Tracing, ETW, notifications etc are skipped.
2025-06-20 13:13:47.31 Server      Error: 17300, Severity: 16, State: 1. (Params:). The error is printed in terse mode because there was error during formatting. Tracing, ETW, notifications etc are skipped.
2025-06-20 13:13:56.33 Server      Error: 17300, Severity: 16, State: 1. (Params:). The error is printed in terse mode because there was error during formatting. Tracing, ETW, notifications etc are skipped.
2025-06-20 13:26:08.16 spid37s      MSR-111
Memory node Id = 0                               KB
---------------------------------------- ----------
VM Reserved                                 2838632 2.71 gb
VM Committed                                 169932 165.95 mb
Locked Pages Allocated                            0 0.00 bytes
Pages Allocated                              114896 112.20 mb
Pages Free                                     8272 8.08 mb
Target Committed                             169928 165.95 mb
Current Committed                            169936 165.95 mb
Foreign Committed                                 0 0.00 bytes
Away Committed                                    0 0.00 bytes
Taken Away Committed                              0 0.00 bytes
2025-06-20 13:26:08.16 Server      <frame id="02" address="0x3FFFA385317F" pdb="sqlpal.pdb" age="1" guid="74A5B4D5-52D6-7F96-F48E-10DF21F990D0" module="sqlpal" rva="0x25317F" />
2025-06-20 13:13:51.87 spid63s     Error: 701, Severity: 17, State: 123.
2025-06-20 13:13:51.87 spid63s     There is insufficient system memory in resource pool 'internal' to run this query.
2025-06-20 13:26:08.17 spid17s     Error: 701, Severity: 17, State: 123.
2025-06-20 13:26:08.17 spid17s     There is insufficient system memory in resource pool 'internal' to run this query.
2025-06-20 13:26:08.18 spid37s      MSR-111
Memory node Id = 64                              KB
---------------------------------------- ----------
VM Reserved                                       0 0.00 bytes
VM Committed                                     36 36.00 kb
Locked Pages Allocated                            0 0.00 bytes
2025-06-20 13:26:08.19 Server      <frame id="03" address="0x3FFFA3801F6E" pdb="sqlpal.pdb" age="1" guid="74A5B4D5-52D6-7F96-F48E-10DF21F990D0" module="sqlpal" rva="0x201F6E" />
2025-06-20 13:26:08.21 spid81s     sp_server_diangostics encountered a long delay that was 2.5 times more than the repeat interval between two consecutive diagnostics result generations. The repeat interval: 300000000, the elapsed time of this diagnostics result generation: 58785, the elapsed time between the latest two diagnostics result generations: 823095630.
2025-06-20 13:26:08.20 spid37s      MSR-111
MEMORYCLERK_XE_BUFFER (node 0)                   KB
---------------------------------------- ----------
VM Reserved                                   12672 12.38 mb
VM Committed                                  12672 12.38 mb
Locked Pages Allocated                            0 0.00 bytes
SM Reserved                                       0 0.00 bytes
SM Committed                                      0 0.00 bytes
Pages Allocated                                   0 0.00 bytes
2025-06-20 13:26:08.20 spid22s     Error: 701, Severity: 17, State: 123.
2025-06-20 13:26:08.20 spid22s     There is insufficient system memory in resource pool 'internal' to run this query.
2025-06-20 13:26:08.19 Server      Error: 17300, Severity: 16, State: 1.
2025-06-20 13:26:08.19 Server      SQL Server was unable to run a new system task, either because there is insufficient memory or the number of configured sessions exceeds the maximum allowed in the server. Verify that the server has adequate memory. Use sp_configure with option 'user connections' to check the maximum number of user connections allowed. Use sys.dm_exec_sessions to check the current number of sessions, including user processes.
2025-06-20 13:26:08.19 Server      Error: 17300, Severity: 16, State: 1.
2025-06-20 13:26:08.19 Server      SQL Server was unable to run a new system task, either because there is insufficient memory or the number of configured sessions exceeds the maximum allowed in the server. Verify that the server has adequate memory. Use sp_configure with option 'user connections' to check the maximum number of user connections allowed. Use sys.dm_exec_sessions to check the current number of sessions, including user processes.
2025-06-20 13:26:08.21 spid17s     SQL Ledger: Block generation or digest upload failed for this server due to error 701 and state 123.
2025-06-20 13:26:08.21 Server      <frame id="04" address="0x3FFFA39A02FB" pdb="sqlpal.pdb" age="1" guid="74A5B4D5-52D6-7F96-F48E-10DF21F990D0" module="sqlpal" rva="0x3A02FB" />
2025-06-20 13:26:08.23 spid37s      MSR-111
MEMORYCLERK_HOST (node 0)                        KB
---------------------------------------- ----------
VM Reserved                                       0 0.00 bytes
VM Committed                                      0 0.00 bytes
Locked Pages Allocated                            0 0.00 bytes
SM Reserved                                       0 0.00 bytes
SM Committed                                      0 0.00 bytes
Pages Allocated                                  16 16.00 kb
2025-06-20 13:26:08.28 Server      <frame id="05" address="0xA80135FAF" pdb="ntdll.pdb" age="1" guid="7CF052A3-2E1E-8ED4-0593-CC2297317058" module="ntdll" rva="0xF5FAF" />
2025-06-20 13:26:08.29 spid37s      MSR-111
MEMORYCLERK_SOSNODE (node 0)                     KB
---------------------------------------- ----------
VM Reserved                                       0 0.00 bytes
VM Committed                                      0 0.00 bytes
Locked Pages Allocated                            0 0.00 bytes
SM Reserved                                       0 0.00 bytes
SM Committed                                      0 0.00 bytes
Pages Allocated                               53480 52.23 mb
2025-06-20 13:26:08.29 spid47s     Error: 701, Severity: 17, State: 89.
2025-06-20 13:26:08.29 spid47s     There is insufficient system memory in resource pool 'internal' to run this query.
2025-06-20 13:26:08.31 Server      <frame id="06" address="0xA81A9D8B3" pdb="kernelbase.pdb" age="1" guid="5CD0BCC4-1628-5E40-3EB5-4DFE56CBF899" module="kernelbase" rva="0x3D8B3" />
2025-06-20 13:26:08.32 spid37s      MSR-111
MEMORYCLERK_SOSNODE (node 64)                    KB
---------------------------------------- ----------
VM Reserved                                       0 0.00 bytes
VM Committed                                      0 0.00 bytes
Locked Pages Allocated                            0 0.00 bytes
SM Reserved                                       0 0.00 bytes
SM Committed                                      0 0.00 bytes
Pages Allocated                                4848 4.73 mb
2025-06-20 13:26:08.33 Server      <frame id="07" address="0xA88CF037F" pdb="SqlDK.pdb" age="2" guid="F350BA8B-6AE6-4460-83D9-76CE8B12EC27" module="SqlDK" rva="0x1037F" />
2025-06-20 13:26:08.34 spid37s      MSR-111
MEMORYCLERK_SOSNODE (Total)                      KB
---------------------------------------- ----------
VM Reserved                                       0 0.00 bytes
VM Committed                                      0 0.00 bytes
Locked Pages Allocated                            0 0.00 bytes
SM Reserved                                       0 0.00 bytes
SM Committed                                      0 0.00 bytes
Pages Allocated                               58328 56.96 mb
2025-06-20 13:26:08.34 spid47s     Error: 17312, Severity: 16, State: 1.
2025-06-20 13:26:08.34 spid47s     SQL Server is terminating a system or background task Parallel Version Cleanup Task due to errors in starting up the task (setup state 8).
2025-06-20 13:26:08.34 Server      <frame id="08" address="0xA821810EC" pdb="sqlmin.pdb" age="2" guid="BC8C7A86-66E1-451B-85B5-1AA1AF97324C" module="sqlmin" rva="0x10EC" />
2025-06-20 13:26:08.35 spid37s      MSR-111
MEMORYCLERK_SOSOS (node 0)                       KB
---------------------------------------- ----------
VM Reserved                                     256 256.00 kb
VM Committed                                    256 256.00 kb
Locked Pages Allocated                            0 0.00 bytes
SM Reserved                                       0 0.00 bytes
SM Committed                                      0 0.00 bytes
Pages Allocated                                2624 2.56 mb
2025-06-20 13:26:08.35 Server      <frame id="09" address="0xA834CB00E" pdb="sqlmin.pdb" age="2" guid="BC8C7A86-66E1-451B-85B5-1AA1AF97324C" module="sqlmin" rva="0x134B00E" />
2025-06-20 13:26:08.36 spid47s     Error: 28709, Severity: 16, State: 19.
2025-06-20 13:26:08.36 spid47s     Dispatcher was unable to create new thread.
2025-06-20 13:26:08.36 spid37s      MSR-111
MEMORYCLERK_SOSMEMMANAGER (node 0)               KB
---------------------------------------- ----------
VM Reserved                                    2636 2.57 mb
VM Committed                                   2428 2.37 mb
Locked Pages Allocated                            0 0.00 bytes
SM Reserved                                       0 0.00 bytes
SM Committed                                      0 0.00 bytes
Pages Allocated                                   0 0.00 bytes
2025-06-20 13:26:08.37 Server      <frame id="10" address="0xA88D879D1" pdb="SqlDK.pdb" age="2" guid="F350BA8B-6AE6-4460-83D9-76CE8B12EC27" module="SqlDK" rva="0xA79D1" />
2025-06-20 13:26:08.38 spid47s     Error: 28709, Severity: 16, State: 19.
2025-06-20 13:26:08.38 spid47s     Dispatcher was unable to create new thread.
2025-06-20 13:26:08.39 spid37s      MSR-111
MEMORYCLERK_BITMAP (node 0)                      KB
---------------------------------------- ----------
VM Reserved                                 1048576 1.00 gb
VM Committed                                     32 32.00 kb
Locked Pages Allocated                            0 0.00 bytes
SM Reserved                                       0 0.00 bytes
SM Committed                                      0 0.00 bytes
Pages Allocated                                   0 0.00 bytes
2025-06-20 13:26:08.39 Server      <frame id="11" address="0xA88CEAF73" pdb="SqlDK.pdb" age="2" guid="F350BA8B-6AE6-4460-83D9-76CE8B12EC27" module="SqlDK" rva="0xAF73" />
2025-06-20 13:26:08.39 Server      [ParallelVersionCleanupWorkerContext][DbId:3][WorkerLoop] failed for database due to an exception 28709 on workerId: 0. This is not fatal. Cleanup will happen in the next cycle.
2025-06-20 13:26:08.40 spid37s      MSR-111
MEMORYCLERK_SQLGENERAL (node 0)                  KB
---------------------------------------- ----------
VM Reserved                                       0 0.00 bytes
VM Committed                                      0 0.00 bytes
Locked Pages Allocated                            0 0.00 bytes
SM Reserved                                       0 0.00 bytes
SM Committed                                      0 0.00 bytes
Pages Allocated                                8032 7.84 mb
2025-06-20 13:26:08.40 Server      <frame id="12" address="0xA88CEAB49" pdb="SqlDK.pdb" age="2" guid="F350BA8B-6AE6-4460-83D9-76CE8B12EC27" module="SqlDK" rva="0xAB49" />
2025-06-20 13:26:08.42 spid37s      MSR-111
MEMORYCLERK_SQLBUFFERPOOL (node 0)               KB
---------------------------------------- ----------
VM Reserved                                   50180 49.00 mb
VM Committed                                  13264 12.95 mb
Locked Pages Allocated                            0 0.00 bytes
SM Reserved                                       0 0.00 bytes
SM Committed                                      0 0.00 bytes
Pages Allocated                                1936 1.89 mb
2025-06-20 13:26:08.42 Server      <frame id="13" address="0xA88CEB11A" pdb="SqlDK.pdb" age="2" guid="F350BA8B-6AE6-4460-83D9-76CE8B12EC27" module="SqlDK" rva="0xB11A" />
2025-06-20 13:26:08.43 spid37s      MSR-111
MEMORYCLERK_SQLQUERYPLAN (node 0)                KB
---------------------------------------- ----------
VM Reserved                                       0 0.00 bytes
VM Committed                                      0 0.00 bytes
Locked Pages Allocated                            0 0.00 bytes
SM Reserved                                       0 0.00 bytes
SM Committed                                      0 0.00 bytes
Pages Allocated                                7720 7.54 mb
2025-06-20 13:26:08.43 Server      <frame id="14" address="0xA88CEB4A3" pdb="SqlDK.pdb" age="2" guid="F350BA8B-6AE6-4460-83D9-76CE8B12EC27" module="SqlDK" rva="0xB4A3" />
2025-06-20 13:26:08.44 spid37s      MSR-111
MEMORYCLERK_SQLQUERYEXEC (node 0)                KB
---------------------------------------- ----------
VM Reserved                                       0 0.00 bytes
VM Committed                                      0 0.00 bytes
Locked Pages Allocated                            0 0.00 bytes
SM Reserved                                       0 0.00 bytes
SM Committed                                      0 0.00 bytes
Pages Allocated                                 672 672.00 kb
2025-06-20 13:26:08.44 Server      <frame id="15" address="0xA88CE78E6" pdb="SqlDK.pdb" age="2" guid="F350BA8B-6AE6-4460-83D9-76CE8B12EC27" module="SqlDK" rva="0x78E6" />
2025-06-20 13:26:08.45 spid37s      MSR-111
MEMORYCLERK_SQLOPTIMIZER (node 0)                KB
---------------------------------------- ----------
VM Reserved                                       0 0.00 bytes
VM Committed                                      0 0.00 bytes
Locked Pages Allocated                            0 0.00 bytes
SM Reserved                                       0 0.00 bytes
SM Committed                                      0 0.00 bytes
Pages Allocated                                1024 1.00 mb
2025-06-20 13:26:08.45 Server      <frame id="16" address="0xA8666AB9D" pdb="sqllang.pdb" age="2" guid="77A4EE9E-51E3-4460-88B9-36B93670AB76" module="sqllang" rva="0x12BAB9D" />
2025-06-20 13:26:08.46 spid37s      MSR-111
MEMORYCLERK_QUERYDISKSTORE (node 0)              KB
---------------------------------------- ----------
VM Reserved                                       0 0.00 bytes
VM Committed                                      0 0.00 bytes
Locked Pages Allocated                            0 0.00 bytes
SM Reserved                                       0 0.00 bytes
SM Committed                                      0 0.00 bytes
Pages Allocated                                 184 184.00 kb
2025-06-20 13:26:08.46 Server      <frame id="17" address="0xA8419BBF4" pdb="sqlmin.pdb" age="2" guid="BC8C7A86-66E1-451B-85B5-1AA1AF97324C" module="sqlmin" rva="0x201BBF4" />
2025-06-20 13:26:08.47 spid37s      MSR-111
MEMORYCLERK_QUERYDISKSTORE_HASHMAP (node 0)         KB
---------------------------------------- ----------
VM Reserved                                       0 0.00 bytes
VM Committed                                      0 0.00 bytes
Locked Pages Allocated                            0 0.00 bytes
SM Reserved                                       0 0.00 bytes
SM Committed                                      0 0.00 bytes
Pages Allocated                                 232 232.00 kb
2025-06-20 13:26:08.47 Server      <frame id="18" address="0xA82FFA4CA" pdb="sqlmin.pdb" age="2" guid="BC8C7A86-66E1-451B-85B5-1AA1AF97324C" module="sqlmin" rva="0xE7A4CA" />
2025-06-20 13:26:08.48 spid37s      MSR-111
MEMORYCLERK_QUERYDISKSTORE_STATS (node 0)         KB
---------------------------------------- ----------
VM Reserved                                       0 0.00 bytes
VM Committed                                      0 0.00 bytes
Locked Pages Allocated                            0 0.00 bytes
SM Reserved                                       0 0.00 bytes
SM Committed                                      0 0.00 bytes
Pages Allocated                                  96 96.00 kb
2025-06-20 13:26:08.48 Server      <frame id="19" address="0xAFE650D83" pdb="hkengine.pdb" age="1" guid="13AB0161-BF2A-4F56-8B74-73856941E711" module="hkengine" rva="0x220D83" />
2025-06-20 13:26:08.49 spid37s      MSR-111
MEMORYCLERK_QUERYDISKSTORE_FEEDBACK (node 0)         KB
---------------------------------------- ----------
VM Reserved                                       0 0.00 bytes
VM Committed                                      0 0.00 bytes
Locked Pages Allocated                            0 0.00 bytes
SM Reserved                                       0 0.00 bytes
SM Committed                                      0 0.00 bytes
Pages Allocated                                  16 16.00 kb
2025-06-20 13:26:08.49 Server      <frame id="20" address="0xAFE5C1586" pdb="hkengine.pdb" age="1" guid="13AB0161-BF2A-4F56-8B74-73856941E711" module="hkengine" rva="0x191586" />
2025-06-20 13:26:08.50 spid37s      MSR-111
MEMORYCLERK_QUERYDISKSTORE_MESSAGING (node 0)         KB
---------------------------------------- ----------
VM Reserved                                       0 0.00 bytes
VM Committed                                      0 0.00 bytes
Locked Pages Allocated                            0 0.00 bytes
SM Reserved                                       0 0.00 bytes
SM Committed                                      0 0.00 bytes
Pages Allocated                                  16 16.00 kb
2025-06-20 13:26:08.50 Server      <frame id="21" address="0xAFE44F3F8" pdb="hkengine.pdb" age="1" guid="13AB0161-BF2A-4F56-8B74-73856941E711" module="hkengine" rva="0x1F3F8" />
2025-06-20 13:26:08.52 spid37s      MSR-111
MEMORYCLERK_QUERYDISKSTORE_QUERYVARIANT_DISPATCHERLIST (node 0)         KB
---------------------------------------- ----------
VM Reserved                                       0 0.00 bytes
VM Committed                                      0 0.00 bytes
Locked Pages Allocated                            0 0.00 bytes
SM Reserved                                       0 0.00 bytes
SM Committed                                      0 0.00 bytes
Pages Allocated                                  16 16.00 kb
2025-06-20 13:26:08.53 Server      <frame id="22" address="0xA8368A1D3" pdb="sqlmin.pdb" age="2" guid="BC8C7A86-66E1-451B-85B5-1AA1AF97324C" module="sqlmin" rva="0x150A1D3" />
2025-06-20 13:26:08.54 spid37s      MSR-111
MEMORYCLERK_SQLUTILITIES (node 0)                KB
---------------------------------------- ----------
VM Reserved                                       0 0.00 bytes
VM Committed                                      0 0.00 bytes
Locked Pages Allocated                            0 0.00 bytes
SM Reserved                                       0 0.00 bytes
SM Committed                                      0 0.00 bytes
Pages Allocated                                 104 104.00 kb
2025-06-20 13:26:08.54 Server      <frame id="23" address="0xA88D7ECBD" pdb="SqlDK.pdb" age="2" guid="F350BA8B-6AE6-4460-83D9-76CE8B12EC27" module="SqlDK" rva="0x9ECBD" />
2025-06-20 13:26:08.55 spid37s      MSR-111
MEMORYCLERK_SQLSTORENG (node 0)                  KB
---------------------------------------- ----------
VM Reserved                                   12736 12.44 mb
VM Committed                                  12736 12.44 mb
Locked Pages Allocated                            0 0.00 bytes
SM Reserved                                       0 0.00 bytes
SM Committed                                      0 0.00 bytes
Pages Allocated                               11720 11.45 mb
2025-06-20 13:26:08.56 Server      <frame id="24" address="0xA88D7E7CB" pdb="SqlDK.pdb" age="2" guid="F350BA8B-6AE6-4460-83D9-76CE8B12EC27" module="SqlDK" rva="0x9E7CB" />
2025-06-20 13:26:08.56 spid37s      MSR-111
MEMORYCLERK_SQLCONNECTIONPOOL (node 0)           KB
---------------------------------------- ----------
VM Reserved                                       0 0.00 bytes
VM Committed                                      0 0.00 bytes
Locked Pages Allocated                            0 0.00 bytes
SM Reserved                                       0 0.00 bytes
SM Committed                                      0 0.00 bytes
Pages Allocated                                2152 2.10 mb
2025-06-20 13:26:08.57 Server      <frame id="25" address="0xA88CEAB49" pdb="SqlDK.pdb" age="2" guid="F350BA8B-6AE6-4460-83D9-76CE8B12EC27" module="SqlDK" rva="0xAB49" />
2025-06-20 13:26:08.58 spid37s      MSR-111
MEMORYCLERK_SQLCLR (node 0)                      KB
---------------------------------------- ----------
VM Reserved                                  397784 388.46 mb
VM Committed                                   2268 2.21 mb
Locked Pages Allocated                            0 0.00 bytes
SM Reserved                                       0 0.00 bytes
SM Committed                                      0 0.00 bytes
Pages Allocated                                2480 2.42 mb
2025-06-20 13:26:08.58 Server      <frame id="26" address="0xA88CEB11A" pdb="SqlDK.pdb" age="2" guid="F350BA8B-6AE6-4460-83D9-76CE8B12EC27" module="SqlDK" rva="0xB11A" />
2025-06-20 13:26:08.60 spid37s      MSR-111
MEMORYCLERK_SQLSERVICEBROKER (node 0)            KB
---------------------------------------- ----------
VM Reserved                                       0 0.00 bytes
VM Committed                                      0 0.00 bytes
Locked Pages Allocated                            0 0.00 bytes
SM Reserved                                       0 0.00 bytes
SM Committed                                      0 0.00 bytes
Pages Allocated                                 464 464.00 kb
2025-06-20 13:26:08.60 Server      <frame id="27" address="0xA88CEB746" pdb="SqlDK.pdb" age="2" guid="F350BA8B-6AE6-4460-83D9-76CE8B12EC27" module="SqlDK" rva="0xB746" />
2025-06-20 13:26:08.61 spid37s      MSR-111
MEMORYCLERK_SQLHTTP (node 0)                     KB
---------------------------------------- ----------
VM Reserved                                       0 0.00 bytes
VM Committed                                      0 0.00 bytes
Locked Pages Allocated                            0 0.00 bytes
SM Reserved                                       0 0.00 bytes
SM Committed                                      0 0.00 bytes
Pages Allocated                                   8 8.00 kb
2025-06-20 13:26:08.61 Server      <frame id="28" address="0xA88CEB4A3" pdb="SqlDK.pdb" age="2" guid="F350BA8B-6AE6-4460-83D9-76CE8B12EC27" module="SqlDK" rva="0xB4A3" />
2025-06-20 13:26:08.62 spid37s      MSR-111
MEMORYCLERK_SNI (node 0)                         KB
---------------------------------------- ----------
VM Reserved                                       0 0.00 bytes
VM Committed                                      0 0.00 bytes
Locked Pages Allocated                            0 0.00 bytes
SM Reserved                                       0 0.00 bytes
SM Committed                                      0 0.00 bytes
Pages Allocated                                  24 24.00 kb
2025-06-20 13:26:08.63 Server      <frame id="29" address="0xA88CE78E6" pdb="SqlDK.pdb" age="2" guid="F350BA8B-6AE6-4460-83D9-76CE8B12EC27" module="SqlDK" rva="0x78E6" />
2025-06-20 13:26:08.64 spid37s      MSR-111
MEMORYCLERK_SNI (node 64)                        KB
---------------------------------------- ----------
VM Reserved                                       0 0.00 bytes
VM Committed                                      0 0.00 bytes
Locked Pages Allocated                            0 0.00 bytes
SM Reserved                                       0 0.00 bytes
SM Committed                                      0 0.00 bytes
Pages Allocated                                  16 16.00 kb
2025-06-20 13:26:08.64 Server      <frame id="30" address="0xA88CE7F3F" pdb="SqlDK.pdb" age="2" guid="F350BA8B-6AE6-4460-83D9-76CE8B12EC27" module="SqlDK" rva="0x7F3F" />
2025-06-20 13:26:08.65 spid37s      MSR-111
MEMORYCLERK_SNI (Total)                          KB
---------------------------------------- ----------
VM Reserved                                       0 0.00 bytes
VM Committed                                      0 0.00 bytes
Locked Pages Allocated                            0 0.00 bytes
SM Reserved                                       0 0.00 bytes
SM Committed                                      0 0.00 bytes
Pages Allocated                                  40 40.00 kb
2025-06-20 13:26:08.65 Server      <frame id="31" address="0xA88CE9C07" pdb="SqlDK.pdb" age="2" guid="F350BA8B-6AE6-4460-83D9-76CE8B12EC27" module="SqlDK" rva="0x9C07" />
2025-06-20 13:26:08.68 spid37s      MSR-111
MEMORYCLERK_FULLTEXT (node 0)                    KB
---------------------------------------- ----------
VM Reserved                                       0 0.00 bytes
VM Committed                                      0 0.00 bytes
Locked Pages Allocated                            0 0.00 bytes
SM Reserved                                       0 0.00 bytes
SM Committed                                      0 0.00 bytes
Pages Allocated                                 296 296.00 kb
2025-06-20 13:26:08.69 spid37s      MSR-111
MEMORYCLERK_SQLXP (node 0)                       KB
---------------------------------------- ----------
VM Reserved                                       0 0.00 bytes
VM Committed                                      0 0.00 bytes
Locked Pages Allocated                            0 0.00 bytes
SM Reserved                                       0 0.00 bytes
SM Committed                                      0 0.00 bytes
Pages Allocated                                  16 16.00 kb
2025-06-20 13:26:08.69 Server      Dispatcher (0x298) from dispatcher pool 'XE Engine main dispatcher pool' Worker 0x0000000ACFA0E180 appears to be stuck on Node 0. Approx CPU Used: kernel 710 ms, user 2120 ms, Interval: 244878.
2025-06-20 13:26:08.70 spid37s      MSR-111
MEMORYCLERK_SQLTRACE (node 0)                    KB
---------------------------------------- ----------
VM Reserved                                       0 0.00 bytes
VM Committed                                      0 0.00 bytes
Locked Pages Allocated                            0 0.00 bytes
SM Reserved                                       0 0.00 bytes
SM Committed                                      0 0.00 bytes
Pages Allocated                                2256 2.20 mb
2025-06-20 13:26:08.71 spid37s      MSR-111
MEMORYCLERK_XTP (node 0)                         KB
---------------------------------------- ----------
VM Reserved                                       0 0.00 bytes
VM Committed                                      0 0.00 bytes
Locked Pages Allocated                            0 0.00 bytes
SM Reserved                                       0 0.00 bytes
SM Committed                                      0 0.00 bytes
Pages Allocated                                2744 2.68 mb
2025-06-20 13:26:08.72 spid37s      MSR-111
MEMORYCLERK_CSILOBCOMPRESSION (node 0)           KB
---------------------------------------- ----------
VM Reserved                                       0 0.00 bytes
VM Committed                                      0 0.00 bytes
Locked Pages Allocated                            0 0.00 bytes
SM Reserved                                       0 0.00 bytes
SM Committed                                      0 0.00 bytes
Pages Allocated                                  96 96.00 kb
2025-06-20 13:26:08.73 spid37s      MSR-111
MEMORYCLERK_SQLSERVICEBROKERTRANSPORT (node 0)         KB
---------------------------------------- ----------
VM Reserved                                       0 0.00 bytes
VM Committed                                      0 0.00 bytes
Locked Pages Allocated                            0 0.00 bytes
SM Reserved                                       0 0.00 bytes
SM Committed                                      0 0.00 bytes
Pages Allocated                                 392 392.00 kb
2025-06-20 13:26:08.74 spid37s      MSR-111
MEMORYCLERK_FILETABLE (node 0)                   KB
---------------------------------------- ----------
VM Reserved                                       0 0.00 bytes
VM Committed                                      0 0.00 bytes
Locked Pages Allocated                            0 0.00 bytes
SM Reserved                                       0 0.00 bytes
SM Committed                                      0 0.00 bytes
Pages Allocated                                  16 16.00 kb
2025-06-20 13:26:08.75 spid37s      MSR-111
MEMORYCLERK_SPATIAL (node 0)                     KB
---------------------------------------- ----------
VM Reserved                                       0 0.00 bytes
VM Committed                                      0 0.00 bytes
Locked Pages Allocated                            0 0.00 bytes
SM Reserved                                       0 0.00 bytes
SM Committed                                      0 0.00 bytes
Pages Allocated                                 192 192.00 kb
2025-06-20 13:26:08.76 Server      Copied stack
2025-06-20 13:26:08.76 spid37s      MSR-111
MEMORYCLERK_HADR (node 0)                        KB
---------------------------------------- ----------
VM Reserved                                       0 0.00 bytes
VM Committed                                      0 0.00 bytes
Locked Pages Allocated                            0 0.00 bytes
SM Reserved                                       0 0.00 bytes
SM Committed                                      0 0.00 bytes
Pages Allocated                                  40 40.00 kb
2025-06-20 13:26:08.76 Server      <frame id="00" address="0x3FFFA39A069F" pdb="sqlpal.pdb" age="1" guid="74A5B4D5-52D6-7F96-F48E-10DF21F990D0" module="sqlpal" rva="0x3A069F" />
2025-06-20 13:26:08.79 spid37s      MSR-111
MEMORYCLERK_SQLLOGPOOL (node 0)                  KB
---------------------------------------- ----------
VM Reserved                                       0 0.00 bytes
VM Committed                                      0 0.00 bytes
Locked Pages Allocated                            0 0.00 bytes
SM Reserved                                       0 0.00 bytes
SM Committed                                      0 0.00 bytes
Pages Allocated                                 688 688.00 kb
2025-06-20 13:26:08.80 Server      <frame id="01" address="0x3FFFA38536EF" pdb="sqlpal.pdb" age="1" guid="74A5B4D5-52D6-7F96-F48E-10DF21F990D0" module="sqlpal" rva="0x2536EF" />
2025-06-20 13:26:08.82 spid37s      MSR-111
MEMORYCLERK_LWC (node 0)                         KB
---------------------------------------- ----------
VM Reserved                                       0 0.00 bytes
VM Committed                                      0 0.00 bytes
Locked Pages Allocated                            0 0.00 bytes
SM Reserved                                       0 0.00 bytes
SM Committed                                      0 0.00 bytes
Pages Allocated                                  96 96.00 kb
2025-06-20 13:26:08.82 Server      <frame id="02" address="0x3FFFA385317F" pdb="sqlpal.pdb" age="1" guid="74A5B4D5-52D6-7F96-F48E-10DF21F990D0" module="sqlpal" rva="0x25317F" />
2025-06-20 13:26:08.83 spid37s      MSR-111
MEMORYCLERK_FSCHUNKER (node 0)                   KB
---------------------------------------- ----------
VM Reserved                                       0 0.00 bytes
VM Committed                                      0 0.00 bytes
Locked Pages Allocated                            0 0.00 bytes
SM Reserved                                       0 0.00 bytes
SM Committed                                      0 0.00 bytes
Pages Allocated                                  48 48.00 kb
2025-06-20 13:26:08.84 Server      <frame id="03" address="0x3FFFA3801F6E" pdb="sqlpal.pdb" age="1" guid="74A5B4D5-52D6-7F96-F48E-10DF21F990D0" module="sqlpal" rva="0x201F6E" />
2025-06-20 13:26:08.85 spid37s      MSR-111
MEMORYCLERK_SQLEXTENSIBILITY (node 0)            KB
---------------------------------------- ----------
VM Reserved                                       0 0.00 bytes
VM Committed                                      0 0.00 bytes
Locked Pages Allocated                            0 0.00 bytes
SM Reserved                                       0 0.00 bytes
SM Committed                                      0 0.00 bytes
Pages Allocated                                 128 128.00 kb
2025-06-20 13:26:08.86 Server      <frame id="04" address="0x3FFFA39A02FB" pdb="sqlpal.pdb" age="1" guid="74A5B4D5-52D6-7F96-F48E-10DF21F990D0" module="sqlpal" rva="0x3A02FB" />
2025-06-20 13:26:08.87 spid37s      MSR-111
MEMORYCLERK_SVL (node 0)                         KB
---------------------------------------- ----------
VM Reserved                                       0 0.00 bytes
VM Committed                                      0 0.00 bytes
Locked Pages Allocated                            0 0.00 bytes
SM Reserved                                       0 0.00 bytes
SM Committed                                      0 0.00 bytes
Pages Allocated                                   8 8.00 kb
2025-06-20 13:26:08.87 Server      <frame id="05" address="0xA80135FAF" pdb="ntdll.pdb" age="1" guid="7CF052A3-2E1E-8ED4-0593-CC2297317058" module="ntdll" rva="0xF5FAF" />
2025-06-20 13:26:08.88 spid37s      MSR-111
MEMORYCLERK_SLOG (node 0)                        KB
---------------------------------------- ----------
VM Reserved                                       0 0.00 bytes
VM Committed                                      0 0.00 bytes
Locked Pages Allocated                            0 0.00 bytes
SM Reserved                                       0 0.00 bytes
SM Committed                                      0 0.00 bytes
Pages Allocated                                  64 64.00 kb
2025-06-20 13:26:08.88 Server      <frame id="06" address="0xA81A9D8B3" pdb="kernelbase.pdb" age="1" guid="5CD0BCC4-1628-5E40-3EB5-4DFE56CBF899" module="kernelbase" rva="0x3D8B3" />
2025-06-20 13:26:08.89 spid37s      MSR-111
MEMORYCLERK_XDB_PKG_LAUNCHER_MANAGER (node 0)         KB
---------------------------------------- ----------
VM Reserved                                       0 0.00 bytes
VM Committed                                      0 0.00 bytes
Locked Pages Allocated                            0 0.00 bytes
SM Reserved                                       0 0.00 bytes
SM Committed                                      0 0.00 bytes
Pages Allocated                                   8 8.00 kb
2025-06-20 13:26:08.90 Server      <frame id="07" address="0xA88CF037F" pdb="SqlDK.pdb" age="2" guid="F350BA8B-6AE6-4460-83D9-76CE8B12EC27" module="SqlDK" rva="0x1037F" />
2025-06-20 13:26:08.91 spid37s      MSR-111
MEMORYCLERK_QUERYPROFILE (node 0)                KB
---------------------------------------- ----------
VM Reserved                                       0 0.00 bytes
VM Committed                                      0 0.00 bytes
Locked Pages Allocated                            0 0.00 bytes
SM Reserved                                       0 0.00 bytes
SM Committed                                      0 0.00 bytes
Pages Allocated                                 192 192.00 kb
2025-06-20 13:26:08.92 Server      <frame id="08" address="0xA88CE4137" pdb="SqlDK.pdb" age="2" guid="F350BA8B-6AE6-4460-83D9-76CE8B12EC27" module="SqlDK" rva="0x4137" />
2025-06-20 13:26:08.93 spid37s      MSR-111
MEMORYCLERK_DEK (node 0)                         KB
---------------------------------------- ----------
VM Reserved                                       0 0.00 bytes
VM Committed                                      0 0.00 bytes
Locked Pages Allocated                            0 0.00 bytes
SM Reserved                                       0 0.00 bytes
SM Committed                                      0 0.00 bytes
Pages Allocated                                   8 8.00 kb
2025-06-20 13:26:08.93 Server      <frame id="09" address="0xA88CFBAC7" pdb="SqlDK.pdb" age="2" guid="F350BA8B-6AE6-4460-83D9-76CE8B12EC27" module="SqlDK" rva="0x1BAC7" />
2025-06-20 13:26:08.94 spid37s      MSR-111
MEMORYCLERK_DBLEDGER (node 0)                    KB
---------------------------------------- ----------
VM Reserved                                       0 0.00 bytes
VM Committed                                      0 0.00 bytes
Locked Pages Allocated                            0 0.00 bytes
SM Reserved                                       0 0.00 bytes
SM Committed                                      0 0.00 bytes
Pages Allocated                                  16 16.00 kb
2025-06-20 13:26:08.94 Server      <frame id="10" address="0xA88CFBB3F" pdb="SqlDK.pdb" age="2" guid="F350BA8B-6AE6-4460-83D9-76CE8B12EC27" module="SqlDK" rva="0x1BB3F" />
2025-06-20 13:26:08.95 spid37s      MSR-111
MEMORYCLERK_EXTERNAL_GOVERNANCE_AUTHORIZATION_ENGINE (node 0)         KB
---------------------------------------- ----------
VM Reserved                                       0 0.00 bytes
VM Committed                                      0 0.00 bytes
Locked Pages Allocated                            0 0.00 bytes
SM Reserved                                       0 0.00 bytes
SM Committed                                      0 0.00 bytes
Pages Allocated                                  16 16.00 kb
2025-06-20 13:26:08.96 Server      <frame id="11" address="0xA88D14482" pdb="SqlDK.pdb" age="2" guid="F350BA8B-6AE6-4460-83D9-76CE8B12EC27" module="SqlDK" rva="0x34482" />
2025-06-20 13:26:08.96 spid37s      MSR-111
MEMORYCLERK_SECURITY (node 0)                    KB
---------------------------------------- ----------
VM Reserved                                       0 0.00 bytes
VM Committed                                      0 0.00 bytes
Locked Pages Allocated                            0 0.00 bytes
SM Reserved                                       0 0.00 bytes
SM Committed                                      0 0.00 bytes
Pages Allocated                                   8 8.00 kb
2025-06-20 13:26:08.97 Server      <frame id="12" address="0xA88D14834" pdb="SqlDK.pdb" age="2" guid="F350BA8B-6AE6-4460-83D9-76CE8B12EC27" module="SqlDK" rva="0x34834" />
2025-06-20 13:26:08.97 spid37s      MSR-111
MEMORYCLERK_EXT_GOV_MGR (node 0)                 KB
---------------------------------------- ----------
VM Reserved                                       0 0.00 bytes
VM Committed                                      0 0.00 bytes
Locked Pages Allocated                            0 0.00 bytes
SM Reserved                                       0 0.00 bytes
SM Committed                                      0 0.00 bytes
Pages Allocated                                  16 16.00 kb
2025-06-20 13:26:08.98 Server      <frame id="13" address="0xA88D14312" pdb="SqlDK.pdb" age="2" guid="F350BA8B-6AE6-4460-83D9-76CE8B12EC27" module="SqlDK" rva="0x34312" />
2025-06-20 13:26:08.99 spid37s      MSR-111
CACHESTORE_STACKFRAMES (node 0)                  KB
---------------------------------------- ----------
VM Reserved                                       0 0.00 bytes
VM Committed                                      0 0.00 bytes
Locked Pages Allocated                            0 0.00 bytes
SM Reserved                                       0 0.00 bytes
SM Committed                                      0 0.00 bytes
Pages Allocated                                   8 8.00 kb
2025-06-20 13:26:08.99 Server      <frame id="14" address="0xA88D1531E" pdb="SqlDK.pdb" age="2" guid="F350BA8B-6AE6-4460-83D9-76CE8B12EC27" module="SqlDK" rva="0x3531E" />
2025-06-20 13:26:09.00 spid37s      MSR-111
CACHESTORE_STACKFRAMES (node 64)                 KB
---------------------------------------- ----------
VM Reserved                                       0 0.00 bytes
VM Committed                                      0 0.00 bytes
Locked Pages Allocated                            0 0.00 bytes
SM Reserved                                       0 0.00 bytes
SM Committed                                      0 0.00 bytes
Pages Allocated                                   8 8.00 kb
2025-06-20 13:26:09.00 Server      <frame id="15" address="0xA88EBB07A" pdb="SqlDK.pdb" age="2" guid="F350BA8B-6AE6-4460-83D9-76CE8B12EC27" module="SqlDK" rva="0x1DB07A" />
2025-06-20 13:26:09.01 spid37s      MSR-111
CACHESTORE_STACKFRAMES (Total)                   KB
---------------------------------------- ----------
VM Reserved                                       0 0.00 bytes
VM Committed                                      0 0.00 bytes
Locked Pages Allocated                            0 0.00 bytes
SM Reserved                                       0 0.00 bytes
SM Committed                                      0 0.00 bytes
Pages Allocated                                  16 16.00 kb
2025-06-20 13:26:09.01 Server      <frame id="16" address="0xA859B16F0" pdb="sqllang.pdb" age="2" guid="77A4EE9E-51E3-4460-88B9-36B93670AB76" module="sqllang" rva="0x6016F0" />
2025-06-20 13:26:09.02 spid37s      MSR-111
CACHESTORE_OBJCP (node 0)                        KB
---------------------------------------- ----------
VM Reserved                                       0 0.00 bytes
VM Committed                                      0 0.00 bytes
Locked Pages Allocated                            0 0.00 bytes
SM Reserved                                       0 0.00 bytes
SM Committed                                      0 0.00 bytes
Pages Allocated                                   8 8.00 kb
2025-06-20 13:26:09.02 Server      <frame id="17" address="0xA88EBAEC4" pdb="SqlDK.pdb" age="2" guid="F350BA8B-6AE6-4460-83D9-76CE8B12EC27" module="SqlDK" rva="0x1DAEC4" />
2025-06-20 13:26:09.03 spid37s      MSR-111
CACHESTORE_SQLCP (node 0)                        KB
---------------------------------------- ----------
VM Reserved                                       0 0.00 bytes
VM Committed                                      0 0.00 bytes
Locked Pages Allocated                            0 0.00 bytes
SM Reserved                                       0 0.00 bytes
SM Committed                                      0 0.00 bytes
Pages Allocated                                1712 1.67 mb
2025-06-20 13:26:09.03 Server      <frame id="18" address="0xA88EBE0CC" pdb="SqlDK.pdb" age="2" guid="F350BA8B-6AE6-4460-83D9-76CE8B12EC27" module="SqlDK" rva="0x1DE0CC" />
2025-06-20 13:26:09.04 spid37s      MSR-111
CACHESTORE_PHDR (node 0)                         KB
---------------------------------------- ----------
VM Reserved                                       0 0.00 bytes
VM Committed                                      0 0.00 bytes
Locked Pages Allocated                            0 0.00 bytes
SM Reserved                                       0 0.00 bytes
SM Committed                                      0 0.00 bytes
Pages Allocated                                   8 8.00 kb
2025-06-20 13:26:09.04 Server      <frame id="19" address="0xA88CE87AB" pdb="SqlDK.pdb" age="2" guid="F350BA8B-6AE6-4460-83D9-76CE8B12EC27" module="SqlDK" rva="0x87AB" />
2025-06-20 13:26:09.05 spid37s      MSR-111
CACHESTORE_XPROC (node 0)                        KB
---------------------------------------- ----------
VM Reserved                                       0 0.00 bytes
VM Committed                                      0 0.00 bytes
Locked Pages Allocated                            0 0.00 bytes
SM Reserved                                       0 0.00 bytes
SM Committed                                      0 0.00 bytes
Pages Allocated                                  16 16.00 kb
2025-06-20 13:26:09.05 Server      <frame id="20" address="0xA88CE8DB5" pdb="SqlDK.pdb" age="2" guid="F350BA8B-6AE6-4460-83D9-76CE8B12EC27" module="SqlDK" rva="0x8DB5" />
2025-06-20 13:26:09.05 spid37s      MSR-111
CACHESTORE_TEMPTABLES (node 0)                   KB
---------------------------------------- ----------
VM Reserved                                       0 0.00 bytes
VM Committed                                      0 0.00 bytes
Locked Pages Allocated                            0 0.00 bytes
SM Reserved                                       0 0.00 bytes
SM Committed                                      0 0.00 bytes
Pages Allocated                                 104 104.00 kb
2025-06-20 13:26:09.05 Server      <frame id="21" address="0xA88CE8914" pdb="SqlDK.pdb" age="2" guid="F350BA8B-6AE6-4460-83D9-76CE8B12EC27" module="SqlDK" rva="0x8914" />
2025-06-20 13:26:09.06 spid37s      MSR-111
CACHESTORE_NOTIF (node 0)                        KB
---------------------------------------- ----------
VM Reserved                                       0 0.00 bytes
VM Committed                                      0 0.00 bytes
Locked Pages Allocated                            0 0.00 bytes
SM Reserved                                       0 0.00 bytes
SM Committed                                      0 0.00 bytes
Pages Allocated                                  16 16.00 kb
2025-06-20 13:26:09.06 Server      <frame id="22" address="0xA88D08353" pdb="SqlDK.pdb" age="2" guid="F350BA8B-6AE6-4460-83D9-76CE8B12EC27" module="SqlDK" rva="0x28353" />
2025-06-20 13:26:09.07 spid37s      MSR-111
CACHESTORE_VIEWDEFINITIONS (node 0)              KB
---------------------------------------- ----------
VM Reserved                                       0 0.00 bytes
VM Committed                                      0 0.00 bytes
Locked Pages Allocated                            0 0.00 bytes
SM Reserved                                       0 0.00 bytes
SM Committed                                      0 0.00 bytes
Pages Allocated                                  16 16.00 kb
2025-06-20 13:26:09.07 Server      <frame id="23" address="0xA88D086CC" pdb="SqlDK.pdb" age="2" guid="F350BA8B-6AE6-4460-83D9-76CE8B12EC27" module="SqlDK" rva="0x286CC" />
2025-06-20 13:26:09.08 spid37s      MSR-111
CACHESTORE_XMLDBTYPE (node 0)                    KB
---------------------------------------- ----------
VM Reserved                                       0 0.00 bytes
VM Committed                                      0 0.00 bytes
Locked Pages Allocated                            0 0.00 bytes
SM Reserved                                       0 0.00 bytes
SM Committed                                      0 0.00 bytes
Pages Allocated                                   8 8.00 kb
2025-06-20 13:26:09.08 Server      <frame id="24" address="0xA88D08BC2" pdb="SqlDK.pdb" age="2" guid="F350BA8B-6AE6-4460-83D9-76CE8B12EC27" module="SqlDK" rva="0x28BC2" />
2025-06-20 13:26:09.09 spid37s      MSR-111
CACHESTORE_XMLDBELEMENT (node 0)                 KB
---------------------------------------- ----------
VM Reserved                                       0 0.00 bytes
VM Committed                                      0 0.00 bytes
Locked Pages Allocated                            0 0.00 bytes
SM Reserved                                       0 0.00 bytes
SM Committed                                      0 0.00 bytes
Pages Allocated                                   8 8.00 kb
2025-06-20 13:26:09.09 Server      <frame id="25" address="0xA88D08976" pdb="SqlDK.pdb" age="2" guid="F350BA8B-6AE6-4460-83D9-76CE8B12EC27" module="SqlDK" rva="0x28976" />
2025-06-20 13:26:09.10 spid37s      MSR-111
CACHESTORE_XMLDBATTRIBUTE (node 0)               KB
---------------------------------------- ----------
VM Reserved                                       0 0.00 bytes
VM Committed                                      0 0.00 bytes
Locked Pages Allocated                            0 0.00 bytes
SM Reserved                                       0 0.00 bytes
SM Committed                                      0 0.00 bytes
Pages Allocated                                   8 8.00 kb
2025-06-20 13:26:09.11 Server      <frame id="26" address="0xA815E7AF4" pdb="kernel32.pdb" age="1" guid="E4CC0E21-BDDF-68A6-8D56-D644BB74B131" module="kernel32" rva="0x17AF4" />
2025-06-20 13:26:09.11 spid37s      MSR-111
CACHESTORE_BROKERTBLACS (node 0)                 KB
---------------------------------------- ----------
VM Reserved                                       0 0.00 bytes
VM Committed                                      0 0.00 bytes
Locked Pages Allocated                            0 0.00 bytes
SM Reserved                                       0 0.00 bytes
SM Committed                                      0 0.00 bytes
Pages Allocated                                  40 40.00 kb
2025-06-20 13:26:09.12 Server      <frame id="27" address="0xA800644A1" pdb="ntdll.pdb" age="1" guid="7CF052A3-2E1E-8ED4-0593-CC2297317058" module="ntdll" rva="0x244A1" />
2025-06-20 13:26:09.13 spid37s      MSR-111
CACHESTORE_BROKERKEK (node 0)                    KB
---------------------------------------- ----------
VM Reserved                                       0 0.00 bytes
VM Committed                                      0 0.00 bytes
Locked Pages Allocated                            0 0.00 bytes
SM Reserved                                       0 0.00 bytes
SM Committed                                      0 0.00 bytes
Pages Allocated                                   8 8.00 kb
2025-06-20 13:26:09.13 Server      Dispatcher (0xa0) from dispatcher pool 'XE Engine main dispatcher pool' Worker 0x0000000ACF94A180 appears to be stuck on Node 0. Approx CPU Used: kernel 0 ms, user 0 ms, Interval: 1065219.
2025-06-20 13:26:09.13 spid37s      MSR-111
CACHESTORE_BROKERDSH (node 0)                    KB
---------------------------------------- ----------
VM Reserved                                       0 0.00 bytes
VM Committed                                      0 0.00 bytes
Locked Pages Allocated                            0 0.00 bytes
SM Reserved                                       0 0.00 bytes
SM Committed                                      0 0.00 bytes
Pages Allocated                                   8 8.00 kb
2025-06-20 13:26:09.14 Server      Copied stack
2025-06-20 13:26:09.15 spid37s      MSR-111
CACHESTORE_BROKERUSERCERTLOOKUP (node 0)         KB
---------------------------------------- ----------
VM Reserved                                       0 0.00 bytes
VM Committed                                      0 0.00 bytes
Locked Pages Allocated                            0 0.00 bytes
SM Reserved                                       0 0.00 bytes
SM Committed                                      0 0.00 bytes
Pages Allocated                                   8 8.00 kb
2025-06-20 13:26:09.16 Server      <frame id="00" address="0x3FFFA39A069F" pdb="sqlpal.pdb" age="1" guid="74A5B4D5-52D6-7F96-F48E-10DF21F990D0" module="sqlpal" rva="0x3A069F" />
2025-06-20 13:26:09.16 spid37s      MSR-111
CACHESTORE_BROKERRSB (node 0)                    KB
---------------------------------------- ----------
VM Reserved                                       0 0.00 bytes
VM Committed                                      0 0.00 bytes
Locked Pages Allocated                            0 0.00 bytes
SM Reserved                                       0 0.00 bytes
SM Committed                                      0 0.00 bytes
Pages Allocated                                   8 8.00 kb
2025-06-20 13:26:09.17 Server      <frame id="01" address="0x3FFFA38536EF" pdb="sqlpal.pdb" age="1" guid="74A5B4D5-52D6-7F96-F48E-10DF21F990D0" module="sqlpal" rva="0x2536EF" />
2025-06-20 13:26:09.17 spid37s      MSR-111
CACHESTORE_BROKERREADONLY (node 0)               KB
---------------------------------------- ----------
VM Reserved                                       0 0.00 bytes
VM Committed                                      0 0.00 bytes
Locked Pages Allocated                            0 0.00 bytes
SM Reserved                                       0 0.00 bytes
SM Committed                                      0 0.00 bytes
Pages Allocated                                  32 32.00 kb
2025-06-20 13:26:09.17 Server      <frame id="02" address="0x3FFFA385317F" pdb="sqlpal.pdb" age="1" guid="74A5B4D5-52D6-7F96-F48E-10DF21F990D0" module="sqlpal" rva="0x25317F" />
2025-06-20 13:26:09.19 spid37s      MSR-111
CACHESTORE_BROKERTO (node 0)                     KB
---------------------------------------- ----------
VM Reserved                                       0 0.00 bytes
VM Committed                                      0 0.00 bytes
Locked Pages Allocated                            0 0.00 bytes
SM Reserved                                       0 0.00 bytes
SM Committed                                      0 0.00 bytes
Pages Allocated                                   8 8.00 kb
2025-06-20 13:26:09.19 Server      <frame id="03" address="0x3FFFA3801F6E" pdb="sqlpal.pdb" age="1" guid="74A5B4D5-52D6-7F96-F48E-10DF21F990D0" module="sqlpal" rva="0x201F6E" />
2025-06-20 13:26:09.20 spid37s      MSR-111
CACHESTORE_EVENTS (node 0)                       KB
---------------------------------------- ----------
VM Reserved                                       0 0.00 bytes
VM Committed                                      0 0.00 bytes
Locked Pages Allocated                            0 0.00 bytes
SM Reserved                                       0 0.00 bytes
SM Committed                                      0 0.00 bytes
Pages Allocated                                  16 16.00 kb
2025-06-20 13:26:09.21 Server      <frame id="04" address="0x3FFFA39A02FB" pdb="sqlpal.pdb" age="1" guid="74A5B4D5-52D6-7F96-F48E-10DF21F990D0" module="sqlpal" rva="0x3A02FB" />
2025-06-20 13:26:09.21 spid37s      MSR-111
CACHESTORE_SEHOBTCOLUMNATTRIBUTE (node 0)         KB
---------------------------------------- ----------
VM Reserved                                       0 0.00 bytes
VM Committed                                      0 0.00 bytes
Locked Pages Allocated                            0 0.00 bytes
SM Reserved                                       0 0.00 bytes
SM Committed                                      0 0.00 bytes
Pages Allocated                                 176 176.00 kb
2025-06-20 13:26:09.22 Server      <frame id="05" address="0xA80135FAF" pdb="ntdll.pdb" age="1" guid="7CF052A3-2E1E-8ED4-0593-CC2297317058" module="ntdll" rva="0xF5FAF" />
2025-06-20 13:26:09.23 spid37s      MSR-111
CACHESTORE_SYSTEMROWSET (node 0)                 KB
---------------------------------------- ----------
VM Reserved                                       0 0.00 bytes
VM Committed                                      0 0.00 bytes
Locked Pages Allocated                            0 0.00 bytes
SM Reserved                                       0 0.00 bytes
SM Committed                                      0 0.00 bytes
Pages Allocated                                1024 1.00 mb
2025-06-20 13:26:09.23 Server      <frame id="06" address="0xA81A9D8B3" pdb="kernelbase.pdb" age="1" guid="5CD0BCC4-1628-5E40-3EB5-4DFE56CBF899" module="kernelbase" rva="0x3D8B3" />
2025-06-20 13:26:09.25 Server      <frame id="07" address="0xA88CF037F" pdb="SqlDK.pdb" age="2" guid="F350BA8B-6AE6-4460-83D9-76CE8B12EC27" module="SqlDK" rva="0x1037F" />
2025-06-20 13:26:09.24 spid37s      MSR-111
CACHESTORE_CONVPRI (node 0)                      KB
---------------------------------------- ----------
VM Reserved                                       0 0.00 bytes
VM Committed                                      0 0.00 bytes
Locked Pages Allocated                            0 0.00 bytes
SM Reserved                                       0 0.00 bytes
SM Committed                                      0 0.00 bytes
Pages Allocated                                  32 32.00 kb
2025-06-20 13:26:09.25 Server      <frame id="08" address="0xA88CE4137" pdb="SqlDK.pdb" age="2" guid="F350BA8B-6AE6-4460-83D9-76CE8B12EC27" module="SqlDK" rva="0x4137" />
2025-06-20 13:26:09.26 spid37s      MSR-111
CACHESTORE_FULLTEXTSTOPLIST (node 0)             KB
---------------------------------------- ----------
VM Reserved                                       0 0.00 bytes
VM Committed                                      0 0.00 bytes
Locked Pages Allocated                            0 0.00 bytes
SM Reserved                                       0 0.00 bytes
SM Committed                                      0 0.00 bytes
Pages Allocated                                  32 32.00 kb
2025-06-20 13:26:09.26 Server      <frame id="09" address="0xA88CFBAC7" pdb="SqlDK.pdb" age="2" guid="F350BA8B-6AE6-4460-83D9-76CE8B12EC27" module="SqlDK" rva="0x1BAC7" />
2025-06-20 13:26:09.28 Server      <frame id="10" address="0xA88CFBB3F" pdb="SqlDK.pdb" age="2" guid="F350BA8B-6AE6-4460-83D9-76CE8B12EC27" module="SqlDK" rva="0x1BB3F" />
2025-06-20 13:26:09.27 spid37s      MSR-111
CACHESTORE_SEARCHPROPERTYLIST (node 0)           KB
---------------------------------------- ----------
VM Reserved                                       0 0.00 bytes
VM Committed                                      0 0.00 bytes
Locked Pages Allocated                            0 0.00 bytes
SM Reserved                                       0 0.00 bytes
SM Committed                                      0 0.00 bytes
Pages Allocated                                  16 16.00 kb
2025-06-20 13:26:09.29 Server      <frame id="11" address="0xA88D14482" pdb="SqlDK.pdb" age="2" guid="F350BA8B-6AE6-4460-83D9-76CE8B12EC27" module="SqlDK" rva="0x34482" />
2025-06-20 13:26:09.29 spid37s      MSR-111
CACHESTORE_COLUMNSTOREOBJECTPOOL (node 0)         KB
---------------------------------------- ----------
VM Reserved                                       0 0.00 bytes
VM Committed                                      0 0.00 bytes
Locked Pages Allocated                            0 0.00 bytes
SM Reserved                                       0 0.00 bytes
SM Committed                                      0 0.00 bytes
Pages Allocated                                  96 96.00 kb
2025-06-20 13:26:09.30 Server      <frame id="12" address="0xA88D14834" pdb="SqlDK.pdb" age="2" guid="F350BA8B-6AE6-4460-83D9-76CE8B12EC27" module="SqlDK" rva="0x34834" />
